2023-04-11 10:52:35.455 +05:30 [INF] Application Running...
2023-04-11 10:52:49.599 +05:30 [VRB] Fetching all Reports from Database.
2023-04-11 10:52:53.226 +05:30 [INF] Reports Fetched.

2023-04-11 11:03:44.474 +05:30 [INF] Application Running...
2023-04-11 11:05:29.826 +05:30 [INF] Application Running...
2023-04-11 11:07:33.023 +05:30 [INF] Application Running...
2023-04-11 11:08:01.908 +05:30 [INF] Updating Report status...
2023-04-11 11:08:05.184 +05:30 [INF] Report updated into Database.

2023-04-11 11:46:45.323 +05:30 [INF] Application Running...
2023-04-11 11:47:43.345 +05:30 [INF] Application Running...
2023-04-11 11:50:19.369 +05:30 [INF] Application Running...
2023-04-11 11:50:27.186 +05:30 [INF] ---Automation Started---
Initiating Word Application
2023-04-11 11:50:28.111 +05:30 [INF] Initiating Rule Engine Executor...
2023-04-11 11:50:28.210 +05:30 [VRB] Initiating Rule Engine...
2023-04-11 11:50:28.372 +05:30 [INF] RuleExecutor returned the values.

2023-04-11 11:50:28.423 +05:30 [INF] Author : Vishnuraj generating Detailed Report...
2023-04-11 11:50:29.585 +05:30 [VRB] Template opened.
2023-04-11 11:50:32.374 +05:30 [INF] Binding the data in Word template...
2023-04-11 11:50:32.606 +05:30 [INF] Data binded in Content Control.
2023-04-11 11:50:33.627 +05:30 [DBG] Saving the document under directory D:\PRB.Services\PRB.Services\wwwroot\Report\ACN.docx...
2023-04-11 11:50:33.922 +05:30 [VRB] Exporting the document as PDF format...
2023-04-11 11:50:36.421 +05:30 [INF] Detailed Report generated.
2023-04-11 11:50:36.421 +05:30 [INF] Closing Word document.

2023-04-11 11:50:36.462 +05:30 [INF] Author : Vishnuraj generating Summary Report...
2023-04-11 11:50:36.622 +05:30 [VRB] Template opened.
2023-04-11 11:50:36.730 +05:30 [VRB] Fetching data for binding contents...
2023-04-11 11:50:38.612 +05:30 [INF] Binding data in Word template...
2023-04-11 11:50:38.633 +05:30 [INF] Data binded in Content Control.
2023-04-11 11:50:40.028 +05:30 [WRN] Summary Commentary is null here.
2023-04-11 11:50:40.109 +05:30 [DBG] Saving the document under directory D:\PRB.Services\PRB.Services\wwwroot\Report\Summary.docx...
2023-04-11 11:50:40.214 +05:30 [VRB] Exporting the document as PDF format...
2023-04-11 11:50:41.538 +05:30 [INF] Summary Report generated.
2023-04-11 11:50:41.538 +05:30 [INF] Closing Word document.

2023-04-11 11:51:46.929 +05:30 [INF] Application Running...
2023-04-11 11:51:54.271 +05:30 [INF] ---Automation Started---
Initiating Word Application
2023-04-11 11:51:54.690 +05:30 [INF] Initiating Rule Engine Executor...
2023-04-11 11:51:54.799 +05:30 [VRB] Initiating Rule Engine...
2023-04-11 11:51:54.964 +05:30 [INF] RuleExecutor returned the values.

2023-04-11 11:51:55.025 +05:30 [INF] Author : Vishnuraj generating Detailed Report...
2023-04-11 11:51:55.249 +05:30 [VRB] Template opened.
2023-04-11 11:51:57.463 +05:30 [INF] Binding the data in Word template...
2023-04-11 11:51:57.652 +05:30 [INF] Data binded in Content Control.
2023-04-11 11:51:58.693 +05:30 [DBG] Saving the document under directory D:\PRB.Services\PRB.Services\wwwroot\Report\ACN.docx...
2023-04-11 11:51:58.818 +05:30 [VRB] Exporting the document as PDF format...
2023-04-11 11:52:00.474 +05:30 [INF] Detailed Report generated.
2023-04-11 11:52:00.474 +05:30 [INF] Closing Word document.

2023-04-11 11:52:00.490 +05:30 [INF] Author : Vishnuraj generating Summary Report...
2023-04-11 11:52:00.601 +05:30 [VRB] Template opened.
2023-04-11 11:52:00.719 +05:30 [VRB] Fetching data for binding contents...
2023-04-11 11:52:02.698 +05:30 [INF] Binding data in Word template...
2023-04-11 11:52:02.709 +05:30 [INF] Data binded in Content Control.
2023-04-11 11:52:04.143 +05:30 [WRN] Summary Commentary is null here.
2023-04-11 11:52:04.213 +05:30 [DBG] Saving the document under directory D:\PRB.Services\PRB.Services\wwwroot\Report\Summary.docx...
2023-04-11 11:52:04.301 +05:30 [VRB] Exporting the document as PDF format...
2023-04-11 11:52:05.397 +05:30 [INF] Summary Report generated.
2023-04-11 11:52:05.397 +05:30 [INF] Closing Word document.

2023-04-11 11:52:40.198 +05:30 [INF] Application Running...
2023-04-11 11:52:47.371 +05:30 [INF] ---Automation Started---
Initiating Word Application
2023-04-11 11:52:47.746 +05:30 [INF] Initiating Rule Engine Executor...
2023-04-11 11:52:47.837 +05:30 [VRB] Initiating Rule Engine...
2023-04-11 11:52:48.001 +05:30 [INF] RuleExecutor returned the values.

2023-04-11 11:52:48.041 +05:30 [INF] Author : Vishnuraj generating Detailed Report...
2023-04-11 11:52:48.245 +05:30 [VRB] Template opened.
2023-04-11 11:52:50.588 +05:30 [INF] Binding the data in Word template...
2023-04-11 11:52:50.650 +05:30 [INF] Data binded in Content Control.
2023-04-11 11:52:51.650 +05:30 [DBG] Saving the document under directory D:\PRB.Services\PRB.Services\wwwroot\Report\ACN.docx...
2023-04-11 11:52:51.770 +05:30 [VRB] Exporting the document as PDF format...
2023-04-11 11:52:53.354 +05:30 [INF] Detailed Report generated.
2023-04-11 11:52:53.354 +05:30 [INF] Closing Word document.

2023-04-11 11:52:53.371 +05:30 [INF] Author : Vishnuraj generating Summary Report...
2023-04-11 11:52:53.486 +05:30 [VRB] Template opened.
2023-04-11 11:52:53.564 +05:30 [VRB] Fetching data for binding contents...
2023-04-11 11:52:55.465 +05:30 [INF] Binding data in Word template...
2023-04-11 11:52:55.472 +05:30 [INF] Data binded in Content Control.
2023-04-11 11:52:57.013 +05:30 [WRN] Summary Commentary is null here.
2023-04-11 11:52:57.084 +05:30 [DBG] Saving the document under directory D:\PRB.Services\PRB.Services\wwwroot\Report\Summary.docx...
2023-04-11 11:52:57.199 +05:30 [VRB] Exporting the document as PDF format...
2023-04-11 11:52:58.395 +05:30 [INF] Summary Report generated.
2023-04-11 11:52:58.395 +05:30 [INF] Closing Word document.

2023-04-11 11:53:17.800 +05:30 [INF] Application Running...
2023-04-11 11:53:24.907 +05:30 [INF] ---Automation Started---
Initiating Word Application
2023-04-11 11:53:25.276 +05:30 [INF] Initiating Rule Engine Executor...
2023-04-11 11:53:25.367 +05:30 [VRB] Initiating Rule Engine...
2023-04-11 11:53:25.513 +05:30 [INF] RuleExecutor returned the values.

2023-04-11 11:53:25.550 +05:30 [INF] Author : Vishnuraj generating Detailed Report...
2023-04-11 11:53:29.213 +05:30 [VRB] Template opened.
2023-04-11 11:53:30.132 +05:30 [ERR] Something went wrong !
2023-04-11 11:53:30.154 +05:30 [ERR] Something went wrong !
2023-04-11 11:53:30.154 +05:30 [VRB] Closing Word document.
2023-04-11 11:54:09.118 +05:30 [INF] Application Running...
2023-04-11 11:54:25.864 +05:30 [INF] ---Automation Started---
Initiating Word Application
2023-04-11 11:54:26.211 +05:30 [INF] Initiating Rule Engine Executor...
2023-04-11 11:54:26.312 +05:30 [VRB] Initiating Rule Engine...
2023-04-11 11:54:26.481 +05:30 [INF] RuleExecutor returned the values.

2023-04-11 11:54:26.517 +05:30 [INF] Author : Vishnuraj generating Detailed Report...
2023-04-11 11:54:26.719 +05:30 [VRB] Template opened.
2023-04-11 11:54:27.618 +05:30 [ERR] Something went wrong !
2023-04-11 11:54:27.640 +05:30 [ERR] Something went wrong !
2023-04-11 11:54:27.640 +05:30 [VRB] Closing Word document.
2023-04-11 11:55:09.126 +05:30 [INF] Application Running...
2023-04-11 11:55:16.757 +05:30 [INF] ---Automation Started---
Initiating Word Application
2023-04-11 11:55:44.555 +05:30 [INF] Application Running...
2023-04-11 11:55:52.175 +05:30 [INF] ---Automation Started---
Initiating Word Application
2023-04-11 11:55:52.526 +05:30 [INF] Initiating Rule Engine Executor...
2023-04-11 11:55:52.629 +05:30 [VRB] Initiating Rule Engine...
2023-04-11 11:55:52.781 +05:30 [INF] RuleExecutor returned the values.

2023-04-11 11:55:52.824 +05:30 [INF] Author : Vishnuraj generating Detailed Report...
2023-04-11 11:55:55.340 +05:30 [VRB] Template opened.
2023-04-11 11:55:56.232 +05:30 [ERR] Something went wrong !
2023-04-11 11:55:56.254 +05:30 [ERR] Something went wrong !
2023-04-11 11:55:56.254 +05:30 [VRB] Closing Word document.
2023-04-11 11:56:31.527 +05:30 [INF] Application Running...
2023-04-11 11:56:39.757 +05:30 [INF] ---Automation Started---
Initiating Word Application
2023-04-11 11:56:40.273 +05:30 [INF] Initiating Rule Engine Executor...
2023-04-11 11:56:40.359 +05:30 [VRB] Initiating Rule Engine...
2023-04-11 11:56:40.509 +05:30 [INF] RuleExecutor returned the values.

2023-04-11 11:56:40.544 +05:30 [INF] Author : Vishnuraj generating Detailed Report...
2023-04-11 11:56:44.992 +05:30 [VRB] Template opened.
2023-04-11 11:59:46.619 +05:30 [INF] Application Running...
2023-04-11 12:00:06.326 +05:30 [INF] ---Automation Started---
Initiating Word Application
2023-04-11 12:00:06.772 +05:30 [INF] Initiating Rule Engine Executor...
2023-04-11 12:00:06.877 +05:30 [VRB] Initiating Rule Engine...
2023-04-11 12:00:07.050 +05:30 [INF] RuleExecutor returned the values.

2023-04-11 12:00:07.097 +05:30 [INF] Author : Vishnuraj generating Detailed Report...
2023-04-11 12:00:20.741 +05:30 [VRB] Template opened.
2023-04-11 12:00:27.396 +05:30 [VRB] Fetching all TICKERS from Database for Mar 2023.
2023-04-11 12:00:33.433 +05:30 [INF] Fetched all TICKERS from Database for Mar 2023.

2023-04-11 12:00:35.156 +05:30 [INF] Binding the data in Word template...
2023-04-11 12:00:35.585 +05:30 [INF] Data binded in Content Control.
2023-04-11 12:00:36.553 +05:30 [DBG] Saving the document under directory D:\PRB.Services\PRB.Services\wwwroot\Report\ABBOTINDIA.docx...
2023-04-11 12:00:36.791 +05:30 [VRB] Exporting the document as PDF format...
2023-04-11 12:00:39.738 +05:30 [INF] Binding the data in Word template...
2023-04-11 12:00:39.804 +05:30 [INF] Data binded in Content Control.
2023-04-11 12:00:40.848 +05:30 [DBG] Saving the document under directory D:\PRB.Services\PRB.Services\wwwroot\Report\ACN.docx...
2023-04-11 12:00:40.932 +05:30 [VRB] Exporting the document as PDF format...
2023-04-11 12:00:43.326 +05:30 [INF] Binding the data in Word template...
2023-04-11 12:00:43.397 +05:30 [INF] Data binded in Content Control.
2023-04-11 12:00:44.438 +05:30 [DBG] Saving the document under directory D:\PRB.Services\PRB.Services\wwwroot\Report\ADANITRANS.docx...
2023-04-11 12:00:44.531 +05:30 [VRB] Exporting the document as PDF format...
2023-04-11 12:00:47.328 +05:30 [INF] Binding the data in Word template...
2023-04-11 12:00:47.396 +05:30 [INF] Data binded in Content Control.
2023-04-11 12:00:48.488 +05:30 [DBG] Saving the document under directory D:\PRB.Services\PRB.Services\wwwroot\Report\HDFCBANK.docx...
2023-04-11 12:00:48.581 +05:30 [VRB] Exporting the document as PDF format...
2023-04-11 12:00:51.001 +05:30 [INF] Binding the data in Word template...
2023-04-11 12:00:51.069 +05:30 [INF] Data binded in Content Control.
2023-04-11 12:00:52.102 +05:30 [DBG] Saving the document under directory D:\PRB.Services\PRB.Services\wwwroot\Report\TATAMOTORS.docx...
2023-04-11 12:00:52.191 +05:30 [VRB] Exporting the document as PDF format...
2023-04-11 12:00:54.627 +05:30 [INF] Binding the data in Word template...
2023-04-11 12:00:54.686 +05:30 [INF] Data binded in Content Control.
2023-04-11 12:00:55.729 +05:30 [DBG] Saving the document under directory D:\PRB.Services\PRB.Services\wwwroot\Report\WIPRO.docx...
2023-04-11 12:00:55.829 +05:30 [VRB] Exporting the document as PDF format...
2023-04-11 12:00:57.644 +05:30 [INF] Detailed Report generated.
2023-04-11 12:00:57.644 +05:30 [INF] Closing Word document.

2023-04-11 12:00:57.683 +05:30 [INF] Author : Vishnuraj generating Summary Report...
2023-04-11 12:00:57.835 +05:30 [VRB] Template opened.
2023-04-11 12:00:57.934 +05:30 [VRB] Fetching data for binding contents...
2023-04-11 12:00:59.706 +05:30 [INF] Binding data in Word template...
2023-04-11 12:00:59.714 +05:30 [INF] Data binded in Content Control.
2023-04-11 12:01:01.022 +05:30 [WRN] Summary Commentary is null here.
2023-04-11 12:01:01.085 +05:30 [DBG] Saving the document under directory D:\PRB.Services\PRB.Services\wwwroot\Report\Summary.docx...
2023-04-11 12:01:01.184 +05:30 [VRB] Exporting the document as PDF format...
2023-04-11 12:01:02.313 +05:30 [INF] Summary Report generated.
2023-04-11 12:01:02.313 +05:30 [INF] Closing Word document.

2023-04-11 12:01:02.330 +05:30 [INF] Author : Vishnuraj generating Disclaimer Report...
2023-04-11 12:01:02.423 +05:30 [VRB] Template opened.
2023-04-11 12:01:02.439 +05:30 [VRB] Fetching commentary from database...
2023-04-11 12:01:02.681 +05:30 [INF] Binding data in Word template...
2023-04-11 12:01:02.685 +05:30 [INF] Data binded in Content Control
2023-04-11 12:01:02.685 +05:30 [DBG] Saving the document under directory D:\PRB.Services\PRB.Services\wwwroot\Report\Disclaimer.docx...
2023-04-11 12:01:03.079 +05:30 [VRB] Exporting the document as PDF format...
2023-04-11 12:01:03.190 +05:30 [INF] Disclaimer Report generated.
2023-04-11 12:01:03.190 +05:30 [INF] Closing Word document.

2023-04-11 12:01:22.253 +05:30 [INF] Author : Vishnuraj Merging all docx...
2023-04-11 12:01:22.256 +05:30 [VRB] Fetching all DOCX file paths...
2023-04-11 12:01:22.426 +05:30 [INF] Merging all DOCX file ...
2023-04-11 12:01:22.520 +05:30 [DBG] Summary.docx is merged into Document.
2023-04-11 12:01:22.565 +05:30 [DBG] ABBOTINDIA.docx is merged into Document.
2023-04-11 12:01:22.617 +05:30 [DBG] ACN.docx is merged into Document.
2023-04-11 12:01:22.693 +05:30 [DBG] ADANITRANS.docx is merged into Document.
2023-04-11 12:01:22.791 +05:30 [DBG] HDFCBANK.docx is merged into Document.
2023-04-11 12:01:22.918 +05:30 [DBG] TATAMOTORS.docx is merged into Document.
2023-04-11 12:01:23.040 +05:30 [DBG] WIPRO.docx is merged into Document.
2023-04-11 12:01:23.189 +05:30 [INF] Merged document is Protected with password
2023-04-11 12:01:23.189 +05:30 [DBG] Saving the document under directory D:\PRB.Services\PRB.Services\wwwroot\Report\.docx...
2023-04-11 12:01:23.801 +05:30 [DBG] Exporting the document as PDF format...
2023-04-11 12:01:24.616 +05:30 [INF] Closing the Word Appliction
2023-04-11 12:01:24.620 +05:30 [INF] ---Automation Terminated---

2023-04-11 12:04:01.698 +05:30 [INF] Updating Report status...
2023-04-11 12:04:03.193 +05:30 [ERR] Something went wrong !
2023-04-11 12:04:52.111 +05:30 [INF] Application Running...
2023-04-11 12:06:00.711 +05:30 [INF] Updating Report status...
2023-04-11 12:06:44.454 +05:30 [INF] Application Running...
2023-04-11 12:07:54.172 +05:30 [INF] Updating Report status...
2023-04-11 12:08:17.384 +05:30 [INF] Report updated into Database.

2023-04-11 12:22:17.005 +05:30 [INF] Application Running...
2023-04-11 12:22:37.890 +05:30 [INF] Application Running...
2023-04-11 12:24:13.852 +05:30 [INF] Application Running...
2023-04-11 12:24:37.771 +05:30 [INF] Application Running...
2023-04-11 12:30:30.533 +05:30 [INF] Application Running...
2023-04-11 12:30:49.647 +05:30 [INF] ---Automation Started---
Initiating Word Application
2023-04-11 12:30:50.353 +05:30 [INF] Initiating Rule Engine Executor...
2023-04-11 12:30:50.451 +05:30 [VRB] Initiating Rule Engine...
2023-04-11 12:30:50.611 +05:30 [INF] RuleExecutor returned the values.

2023-04-11 12:30:50.657 +05:30 [INF] Author : Vishnuraj generating Detailed Report...
2023-04-11 12:30:51.540 +05:30 [VRB] Template opened.
2023-04-11 12:30:51.983 +05:30 [VRB] Fetching all TICKERS from Database for Mar 2023.
2023-04-11 12:30:52.315 +05:30 [INF] Fetched all TICKERS from Database for Mar 2023.

2023-04-11 12:30:54.381 +05:30 [INF] Binding the data in Word template...
2023-04-11 12:30:54.602 +05:30 [INF] Data binded in Content Control.
2023-04-11 12:30:55.535 +05:30 [DBG] Saving the document under directory D:\PRB.Services\PRB.Services\wwwroot\Report\ABBOTINDIA.docx...
2023-04-11 12:30:55.755 +05:30 [VRB] Exporting the document as PDF format...
2023-04-11 12:30:59.323 +05:30 [INF] Binding the data in Word template...
2023-04-11 12:30:59.896 +05:30 [INF] Data binded in Content Control.
2023-04-11 12:31:01.148 +05:30 [DBG] Saving the document under directory D:\PRB.Services\PRB.Services\wwwroot\Report\ACN.docx...
2023-04-11 12:31:01.235 +05:30 [VRB] Exporting the document as PDF format...
2023-04-11 12:31:03.947 +05:30 [INF] Binding the data in Word template...
2023-04-11 12:31:04.024 +05:30 [INF] Data binded in Content Control.
2023-04-11 12:31:05.483 +05:30 [DBG] Saving the document under directory D:\PRB.Services\PRB.Services\wwwroot\Report\ADANITRANS.docx...
2023-04-11 12:31:05.604 +05:30 [VRB] Exporting the document as PDF format...
2023-04-11 12:31:09.316 +05:30 [INF] Binding the data in Word template...
2023-04-11 12:31:09.380 +05:30 [INF] Data binded in Content Control.
2023-04-11 12:31:10.369 +05:30 [DBG] Saving the document under directory D:\PRB.Services\PRB.Services\wwwroot\Report\HDFCBANK.docx...
2023-04-11 12:31:10.460 +05:30 [VRB] Exporting the document as PDF format...
2023-04-11 12:31:13.324 +05:30 [INF] Binding the data in Word template...
2023-04-11 12:31:13.381 +05:30 [INF] Data binded in Content Control.
2023-04-11 12:31:14.461 +05:30 [DBG] Saving the document under directory D:\PRB.Services\PRB.Services\wwwroot\Report\TATAMOTORS.docx...
2023-04-11 12:31:14.557 +05:30 [VRB] Exporting the document as PDF format...
2023-04-11 12:31:16.962 +05:30 [INF] Binding the data in Word template...
2023-04-11 12:31:17.018 +05:30 [INF] Data binded in Content Control.
2023-04-11 12:31:18.259 +05:30 [DBG] Saving the document under directory D:\PRB.Services\PRB.Services\wwwroot\Report\WIPRO.docx...
2023-04-11 12:31:18.357 +05:30 [VRB] Exporting the document as PDF format...
2023-04-11 12:31:19.427 +05:30 [INF] Detailed Report generated.
2023-04-11 12:31:19.427 +05:30 [INF] Closing Word document.

2023-04-11 12:31:19.472 +05:30 [INF] Author : Vishnuraj generating Summary Report...
2023-04-11 12:31:19.616 +05:30 [VRB] Template opened.
2023-04-11 12:31:19.701 +05:30 [VRB] Fetching data for binding contents...
2023-04-11 12:31:21.526 +05:30 [INF] Binding data in Word template...
2023-04-11 12:31:21.536 +05:30 [INF] Data binded in Content Control.
2023-04-11 12:31:22.862 +05:30 [WRN] Summary Commentary is null here.
2023-04-11 12:31:22.938 +05:30 [DBG] Saving the document under directory D:\PRB.Services\PRB.Services\wwwroot\Report\Summary.docx...
2023-04-11 12:31:23.048 +05:30 [VRB] Exporting the document as PDF format...
2023-04-11 12:31:24.281 +05:30 [INF] Summary Report generated.
2023-04-11 12:31:24.281 +05:30 [INF] Closing Word document.

2023-04-11 12:31:24.312 +05:30 [INF] Author : Vishnuraj generating Disclaimer Report...
2023-04-11 12:31:24.417 +05:30 [VRB] Template opened.
2023-04-11 12:31:24.439 +05:30 [VRB] Fetching commentary from database...
2023-04-11 12:31:24.668 +05:30 [INF] Binding data in Word template...
2023-04-11 12:31:24.672 +05:30 [INF] Data binded in Content Control
2023-04-11 12:31:24.672 +05:30 [DBG] Saving the document under directory D:\PRB.Services\PRB.Services\wwwroot\Report\Disclaimer.docx...
2023-04-11 12:31:24.753 +05:30 [VRB] Exporting the document as PDF format...
2023-04-11 12:31:24.839 +05:30 [INF] Disclaimer Report generated.
2023-04-11 12:31:24.839 +05:30 [INF] Closing Word document.

2023-04-11 12:31:47.073 +05:30 [ERR] Something went wrong while encryption. !
2023-04-11 12:32:48.540 +05:30 [INF] Application Running...
2023-04-11 12:32:57.258 +05:30 [INF] ---Automation Started---
Initiating Word Application
2023-04-11 12:32:57.661 +05:30 [INF] Initiating Rule Engine Executor...
2023-04-11 12:32:57.837 +05:30 [VRB] Initiating Rule Engine...
2023-04-11 12:32:58.041 +05:30 [INF] RuleExecutor returned the values.

2023-04-11 12:32:58.084 +05:30 [INF] Author : Vishnuraj generating Detailed Report...
2023-04-11 12:32:58.301 +05:30 [VRB] Template opened.
2023-04-11 12:32:58.686 +05:30 [VRB] Fetching all TICKERS from Database for Mar 2023.
2023-04-11 12:32:58.993 +05:30 [INF] Fetched all TICKERS from Database for Mar 2023.

2023-04-11 12:33:00.719 +05:30 [INF] Binding the data in Word template...
2023-04-11 12:33:00.773 +05:30 [INF] Data binded in Content Control.
2023-04-11 12:33:01.665 +05:30 [DBG] Saving the document under directory D:\PRB.Services\PRB.Services\wwwroot\Report\ABBOTINDIA.docx...
2023-04-11 12:33:01.796 +05:30 [VRB] Exporting the document as PDF format...
2023-04-11 12:33:04.648 +05:30 [INF] Binding the data in Word template...
2023-04-11 12:33:04.684 +05:30 [INF] Data binded in Content Control.
2023-04-11 12:33:05.634 +05:30 [DBG] Saving the document under directory D:\PRB.Services\PRB.Services\wwwroot\Report\ACN.docx...
2023-04-11 12:33:05.734 +05:30 [VRB] Exporting the document as PDF format...
2023-04-11 12:33:08.035 +05:30 [INF] Binding the data in Word template...
2023-04-11 12:33:08.078 +05:30 [INF] Data binded in Content Control.
2023-04-11 12:33:09.068 +05:30 [DBG] Saving the document under directory D:\PRB.Services\PRB.Services\wwwroot\Report\ADANITRANS.docx...
2023-04-11 12:33:09.154 +05:30 [VRB] Exporting the document as PDF format...
2023-04-11 12:33:11.440 +05:30 [INF] Binding the data in Word template...
2023-04-11 12:33:11.481 +05:30 [INF] Data binded in Content Control.
2023-04-11 12:33:12.479 +05:30 [DBG] Saving the document under directory D:\PRB.Services\PRB.Services\wwwroot\Report\HDFCBANK.docx...
2023-04-11 12:33:12.561 +05:30 [VRB] Exporting the document as PDF format...
2023-04-11 12:33:14.802 +05:30 [INF] Binding the data in Word template...
2023-04-11 12:33:14.849 +05:30 [INF] Data binded in Content Control.
2023-04-11 12:33:15.829 +05:30 [DBG] Saving the document under directory D:\PRB.Services\PRB.Services\wwwroot\Report\TATAMOTORS.docx...
2023-04-11 12:33:15.917 +05:30 [VRB] Exporting the document as PDF format...
2023-04-11 12:33:18.162 +05:30 [INF] Binding the data in Word template...
2023-04-11 12:33:18.240 +05:30 [INF] Data binded in Content Control.
2023-04-11 12:33:19.235 +05:30 [DBG] Saving the document under directory D:\PRB.Services\PRB.Services\wwwroot\Report\WIPRO.docx...
2023-04-11 12:33:19.333 +05:30 [VRB] Exporting the document as PDF format...
2023-04-11 12:33:20.342 +05:30 [INF] Detailed Report generated.
2023-04-11 12:33:20.342 +05:30 [INF] Closing Word document.

2023-04-11 12:33:20.361 +05:30 [INF] Author : Vishnuraj generating Summary Report...
2023-04-11 12:33:20.469 +05:30 [VRB] Template opened.
2023-04-11 12:33:20.561 +05:30 [VRB] Fetching data for binding contents...
2023-04-11 12:33:22.481 +05:30 [INF] Binding data in Word template...
2023-04-11 12:33:22.488 +05:30 [INF] Data binded in Content Control.
2023-04-11 12:33:23.865 +05:30 [WRN] Summary Commentary is null here.
2023-04-11 12:33:23.936 +05:30 [DBG] Saving the document under directory D:\PRB.Services\PRB.Services\wwwroot\Report\Summary.docx...
2023-04-11 12:33:24.029 +05:30 [VRB] Exporting the document as PDF format...
2023-04-11 12:33:25.107 +05:30 [INF] Summary Report generated.
2023-04-11 12:33:25.107 +05:30 [INF] Closing Word document.

2023-04-11 12:33:25.121 +05:30 [INF] Author : Vishnuraj generating Disclaimer Report...
2023-04-11 12:33:25.200 +05:30 [VRB] Template opened.
2023-04-11 12:33:25.226 +05:30 [VRB] Fetching commentary from database...
2023-04-11 12:33:25.502 +05:30 [INF] Binding data in Word template...
2023-04-11 12:33:25.506 +05:30 [INF] Data binded in Content Control
2023-04-11 12:33:25.506 +05:30 [DBG] Saving the document under directory D:\PRB.Services\PRB.Services\wwwroot\Report\Disclaimer.docx...
2023-04-11 12:33:25.557 +05:30 [VRB] Exporting the document as PDF format...
2023-04-11 12:33:25.644 +05:30 [INF] Disclaimer Report generated.
2023-04-11 12:33:25.644 +05:30 [INF] Closing Word document.

2023-04-11 12:34:20.109 +05:30 [INF] Application Running...
2023-04-11 12:34:27.755 +05:30 [INF] ---Automation Started---
Initiating Word Application
2023-04-11 12:34:28.147 +05:30 [INF] Initiating Rule Engine Executor...
2023-04-11 12:34:28.242 +05:30 [VRB] Initiating Rule Engine...
2023-04-11 12:34:28.394 +05:30 [INF] RuleExecutor returned the values.

2023-04-11 12:34:28.430 +05:30 [INF] Author : Vishnuraj generating Detailed Report...
2023-04-11 12:34:28.643 +05:30 [VRB] Template opened.
2023-04-11 12:34:29.003 +05:30 [VRB] Fetching all TICKERS from Database for Mar 2023.
2023-04-11 12:34:29.327 +05:30 [INF] Fetched all TICKERS from Database for Mar 2023.

2023-04-11 12:34:30.898 +05:30 [INF] Binding the data in Word template...
2023-04-11 12:34:30.970 +05:30 [INF] Data binded in Content Control.
2023-04-11 12:34:31.899 +05:30 [DBG] Saving the document under directory D:\PRB.Services\PRB.Services\wwwroot\Report\ABBOTINDIA.docx...
2023-04-11 12:34:32.018 +05:30 [VRB] Exporting the document as PDF format...
2023-04-11 12:34:34.960 +05:30 [INF] Binding the data in Word template...
2023-04-11 12:34:35.000 +05:30 [INF] Data binded in Content Control.
2023-04-11 12:34:35.967 +05:30 [DBG] Saving the document under directory D:\PRB.Services\PRB.Services\wwwroot\Report\ACN.docx...
2023-04-11 12:34:36.048 +05:30 [VRB] Exporting the document as PDF format...
2023-04-11 12:34:38.307 +05:30 [INF] Binding the data in Word template...
2023-04-11 12:34:38.353 +05:30 [INF] Data binded in Content Control.
2023-04-11 12:34:39.343 +05:30 [DBG] Saving the document under directory D:\PRB.Services\PRB.Services\wwwroot\Report\ADANITRANS.docx...
2023-04-11 12:34:39.423 +05:30 [VRB] Exporting the document as PDF format...
2023-04-11 12:34:42.000 +05:30 [INF] Binding the data in Word template...
2023-04-11 12:34:42.042 +05:30 [INF] Data binded in Content Control.
2023-04-11 12:34:43.053 +05:30 [DBG] Saving the document under directory D:\PRB.Services\PRB.Services\wwwroot\Report\HDFCBANK.docx...
2023-04-11 12:34:43.137 +05:30 [VRB] Exporting the document as PDF format...
2023-04-11 12:34:45.392 +05:30 [INF] Binding the data in Word template...
2023-04-11 12:34:45.440 +05:30 [INF] Data binded in Content Control.
2023-04-11 12:34:46.422 +05:30 [DBG] Saving the document under directory D:\PRB.Services\PRB.Services\wwwroot\Report\TATAMOTORS.docx...
2023-04-11 12:34:46.608 +05:30 [VRB] Exporting the document as PDF format...
2023-04-11 12:34:48.851 +05:30 [INF] Binding the data in Word template...
2023-04-11 12:34:48.902 +05:30 [INF] Data binded in Content Control.
2023-04-11 12:34:49.893 +05:30 [DBG] Saving the document under directory D:\PRB.Services\PRB.Services\wwwroot\Report\WIPRO.docx...
2023-04-11 12:34:49.982 +05:30 [VRB] Exporting the document as PDF format...
2023-04-11 12:34:51.014 +05:30 [INF] Detailed Report generated.
2023-04-11 12:34:51.014 +05:30 [INF] Closing Word document.

2023-04-11 12:34:51.036 +05:30 [INF] Author : Vishnuraj generating Summary Report...
2023-04-11 12:34:51.161 +05:30 [VRB] Template opened.
2023-04-11 12:34:51.243 +05:30 [VRB] Fetching data for binding contents...
2023-04-11 12:34:53.004 +05:30 [INF] Binding data in Word template...
2023-04-11 12:34:53.011 +05:30 [INF] Data binded in Content Control.
2023-04-11 12:34:54.321 +05:30 [WRN] Summary Commentary is null here.
2023-04-11 12:34:54.397 +05:30 [DBG] Saving the document under directory D:\PRB.Services\PRB.Services\wwwroot\Report\Summary.docx...
2023-04-11 12:34:54.496 +05:30 [VRB] Exporting the document as PDF format...
2023-04-11 12:34:55.512 +05:30 [INF] Summary Report generated.
2023-04-11 12:34:55.513 +05:30 [INF] Closing Word document.

2023-04-11 12:34:55.538 +05:30 [INF] Author : Vishnuraj generating Disclaimer Report...
2023-04-11 12:34:55.622 +05:30 [VRB] Template opened.
2023-04-11 12:34:55.656 +05:30 [VRB] Fetching commentary from database...
2023-04-11 12:34:55.891 +05:30 [INF] Binding data in Word template...
2023-04-11 12:34:55.896 +05:30 [INF] Data binded in Content Control
2023-04-11 12:34:55.897 +05:30 [DBG] Saving the document under directory D:\PRB.Services\PRB.Services\wwwroot\Report\Disclaimer.docx...
2023-04-11 12:34:55.961 +05:30 [VRB] Exporting the document as PDF format...
2023-04-11 12:34:56.053 +05:30 [INF] Disclaimer Report generated.
2023-04-11 12:34:56.053 +05:30 [INF] Closing Word document.

2023-04-11 12:37:15.583 +05:30 [INF] Application Running...
2023-04-11 12:37:26.075 +05:30 [INF] ---Automation Started---
Initiating Word Application
2023-04-11 12:37:26.455 +05:30 [INF] Initiating Rule Engine Executor...
2023-04-11 12:37:26.555 +05:30 [VRB] Initiating Rule Engine...
2023-04-11 12:37:26.702 +05:30 [INF] RuleExecutor returned the values.

2023-04-11 12:37:26.738 +05:30 [INF] Author : Vishnuraj generating Detailed Report...
2023-04-11 12:37:26.945 +05:30 [VRB] Template opened.
2023-04-11 12:37:27.309 +05:30 [VRB] Fetching all TICKERS from Database for Mar 2023.
2023-04-11 12:37:27.601 +05:30 [INF] Fetched all TICKERS from Database for Mar 2023.

2023-04-11 12:37:29.200 +05:30 [INF] Binding the data in Word template...
2023-04-11 12:37:29.272 +05:30 [INF] Data binded in Content Control.
2023-04-11 12:37:30.163 +05:30 [DBG] Saving the document under directory D:\PRB.Services\PRB.Services\wwwroot\Report\ABBOTINDIA.docx...
2023-04-11 12:37:30.262 +05:30 [VRB] Exporting the document as PDF format...
2023-04-11 12:37:33.336 +05:30 [INF] Binding the data in Word template...
2023-04-11 12:37:33.391 +05:30 [INF] Data binded in Content Control.
2023-04-11 12:37:34.464 +05:30 [DBG] Saving the document under directory D:\PRB.Services\PRB.Services\wwwroot\Report\ACN.docx...
2023-04-11 12:37:34.547 +05:30 [VRB] Exporting the document as PDF format...
2023-04-11 12:37:37.628 +05:30 [INF] Binding the data in Word template...
2023-04-11 12:37:37.668 +05:30 [INF] Data binded in Content Control.
2023-04-11 12:37:38.671 +05:30 [DBG] Saving the document under directory D:\PRB.Services\PRB.Services\wwwroot\Report\ADANITRANS.docx...
2023-04-11 12:37:38.753 +05:30 [VRB] Exporting the document as PDF format...
2023-04-11 12:37:40.991 +05:30 [INF] Binding the data in Word template...
2023-04-11 12:37:41.034 +05:30 [INF] Data binded in Content Control.
2023-04-11 12:37:42.027 +05:30 [DBG] Saving the document under directory D:\PRB.Services\PRB.Services\wwwroot\Report\HDFCBANK.docx...
2023-04-11 12:37:42.114 +05:30 [VRB] Exporting the document as PDF format...
2023-04-11 12:37:44.386 +05:30 [INF] Binding the data in Word template...
2023-04-11 12:37:44.430 +05:30 [INF] Data binded in Content Control.
2023-04-11 12:37:45.421 +05:30 [DBG] Saving the document under directory D:\PRB.Services\PRB.Services\wwwroot\Report\TATAMOTORS.docx...
2023-04-11 12:37:45.508 +05:30 [VRB] Exporting the document as PDF format...
2023-04-11 12:37:47.734 +05:30 [INF] Binding the data in Word template...
2023-04-11 12:37:47.782 +05:30 [INF] Data binded in Content Control.
2023-04-11 12:37:48.765 +05:30 [DBG] Saving the document under directory D:\PRB.Services\PRB.Services\wwwroot\Report\WIPRO.docx...
2023-04-11 12:37:48.848 +05:30 [VRB] Exporting the document as PDF format...
2023-04-11 12:37:49.865 +05:30 [INF] Detailed Report generated.
2023-04-11 12:37:49.865 +05:30 [INF] Closing Word document.

2023-04-11 12:37:49.887 +05:30 [INF] Author : Vishnuraj generating Summary Report...
2023-04-11 12:37:50.018 +05:30 [VRB] Template opened.
2023-04-11 12:37:50.110 +05:30 [VRB] Fetching data for binding contents...
2023-04-11 12:37:51.952 +05:30 [INF] Binding data in Word template...
2023-04-11 12:37:51.959 +05:30 [INF] Data binded in Content Control.
2023-04-11 12:37:53.150 +05:30 [WRN] Summary Commentary is null here.
2023-04-11 12:37:53.208 +05:30 [DBG] Saving the document under directory D:\PRB.Services\PRB.Services\wwwroot\Report\Summary.docx...
2023-04-11 12:37:53.316 +05:30 [VRB] Exporting the document as PDF format...
2023-04-11 12:37:54.325 +05:30 [INF] Summary Report generated.
2023-04-11 12:37:54.325 +05:30 [INF] Closing Word document.

2023-04-11 12:37:54.347 +05:30 [INF] Author : Vishnuraj generating Disclaimer Report...
2023-04-11 12:37:54.441 +05:30 [VRB] Template opened.
2023-04-11 12:37:54.476 +05:30 [VRB] Fetching commentary from database...
2023-04-11 12:37:54.707 +05:30 [INF] Binding data in Word template...
2023-04-11 12:37:54.711 +05:30 [INF] Data binded in Content Control
2023-04-11 12:37:54.711 +05:30 [DBG] Saving the document under directory D:\PRB.Services\PRB.Services\wwwroot\Report\Disclaimer.docx...
2023-04-11 12:37:54.780 +05:30 [VRB] Exporting the document as PDF format...
2023-04-11 12:37:54.880 +05:30 [INF] Disclaimer Report generated.
2023-04-11 12:37:54.880 +05:30 [INF] Closing Word document.

2023-04-11 12:38:47.685 +05:30 [INF] Author : Vishnuraj Merging all docx...
2023-04-11 12:38:47.687 +05:30 [VRB] Fetching all DOCX file paths...
2023-04-11 12:38:47.874 +05:30 [INF] Merging all DOCX file ...
2023-04-11 12:38:47.974 +05:30 [DBG] Summary.docx is merged into Document.
2023-04-11 12:38:48.059 +05:30 [DBG] ABBOTINDIA.docx is merged into Document.
2023-04-11 12:38:48.108 +05:30 [DBG] ACN.docx is merged into Document.
2023-04-11 12:38:48.187 +05:30 [DBG] ADANITRANS.docx is merged into Document.
2023-04-11 12:38:48.276 +05:30 [DBG] HDFCBANK.docx is merged into Document.
2023-04-11 12:38:48.394 +05:30 [DBG] TATAMOTORS.docx is merged into Document.
2023-04-11 12:38:48.517 +05:30 [DBG] WIPRO.docx is merged into Document.
2023-04-11 12:38:48.663 +05:30 [INF] Merged document is Protected with password
2023-04-11 12:38:48.663 +05:30 [DBG] Saving the document under directory D:\PRB.Services\PRB.Services\wwwroot\Report\.docx...
2023-04-11 12:38:49.246 +05:30 [DBG] Exporting the document as PDF format...
2023-04-11 12:38:49.928 +05:30 [INF] Closing the Word Appliction
2023-04-11 12:38:49.931 +05:30 [INF] ---Automation Terminated---

2023-04-11 12:39:16.805 +05:30 [INF] Application Running...
2023-04-11 12:39:24.509 +05:30 [INF] ---Automation Started---
Initiating Word Application
2023-04-11 12:39:24.920 +05:30 [INF] Initiating Rule Engine Executor...
2023-04-11 12:39:25.040 +05:30 [VRB] Initiating Rule Engine...
2023-04-11 12:39:25.202 +05:30 [INF] RuleExecutor returned the values.

2023-04-11 12:41:00.987 +05:30 [INF] Application Running...
2023-04-11 12:41:11.855 +05:30 [INF] ---Automation Started---
Initiating Word Application
2023-04-11 12:41:12.292 +05:30 [INF] Initiating Rule Engine Executor...
2023-04-11 12:41:12.389 +05:30 [VRB] Initiating Rule Engine...
2023-04-11 12:41:12.544 +05:30 [INF] RuleExecutor returned the values.

2023-04-11 12:41:39.879 +05:30 [INF] Author : Vishnuraj generating Detailed Report...
2023-04-11 12:41:40.368 +05:30 [VRB] Template opened.
2023-04-11 12:41:42.597 +05:30 [INF] Binding the data in Word template...
2023-04-11 12:41:42.789 +05:30 [INF] Data binded in Content Control.
2023-04-11 12:41:43.765 +05:30 [DBG] Saving the document under directory D:\PRB.Services\PRB.Services\wwwroot\Report\ACN.docx...
2023-04-11 12:41:43.890 +05:30 [VRB] Exporting the document as PDF format...
2023-04-11 12:41:45.463 +05:30 [INF] Detailed Report generated.
2023-04-11 12:41:45.463 +05:30 [INF] Closing Word document.

2023-04-11 12:41:45.485 +05:30 [INF] Author : Vishnuraj generating Summary Report...
2023-04-11 12:41:45.606 +05:30 [VRB] Template opened.
2023-04-11 12:41:45.694 +05:30 [VRB] Fetching data for binding contents...
2023-04-11 12:41:47.569 +05:30 [INF] Binding data in Word template...
2023-04-11 12:41:47.581 +05:30 [INF] Data binded in Content Control.
2023-04-11 12:41:48.787 +05:30 [WRN] Summary Commentary is null here.
2023-04-11 12:41:48.859 +05:30 [DBG] Saving the document under directory D:\PRB.Services\PRB.Services\wwwroot\Report\Summary.docx...
2023-04-11 12:41:48.957 +05:30 [VRB] Exporting the document as PDF format...
2023-04-11 12:41:49.989 +05:30 [INF] Summary Report generated.
2023-04-11 12:41:49.989 +05:30 [INF] Closing Word document.

2023-04-11 12:41:50.011 +05:30 [INF] Author : Vishnuraj Merging all docx...
2023-04-11 12:41:50.013 +05:30 [VRB] Fetching all DOCX file paths...
2023-04-11 12:41:50.197 +05:30 [INF] Merging all DOCX file ...
2023-04-11 12:41:50.300 +05:30 [DBG] Summary.docx is merged into Document.
2023-04-11 12:41:50.349 +05:30 [DBG] ABBOTINDIA.docx is merged into Document.
2023-04-11 12:41:50.410 +05:30 [DBG] ACN.docx is merged into Document.
2023-04-11 12:41:50.507 +05:30 [DBG] ADANITRANS.docx is merged into Document.
2023-04-11 12:41:50.626 +05:30 [DBG] HDFCBANK.docx is merged into Document.
2023-04-11 12:41:50.743 +05:30 [DBG] TATAMOTORS.docx is merged into Document.
2023-04-11 12:41:50.893 +05:30 [DBG] WIPRO.docx is merged into Document.
2023-04-11 12:41:51.036 +05:30 [INF] Merged document is Protected with password
2023-04-11 12:41:51.036 +05:30 [DBG] Saving the document under directory D:\PRB.Services\PRB.Services\wwwroot\Report\.docx...
2023-04-11 12:41:51.631 +05:30 [DBG] Exporting the document as PDF format...
2023-04-11 12:41:52.331 +05:30 [INF] Closing the Word Appliction
2023-04-11 12:41:52.335 +05:30 [INF] ---Automation Terminated---

2023-04-11 12:43:09.177 +05:30 [INF] Application Running...
2023-04-11 12:43:21.781 +05:30 [INF] ---Automation Started---
Initiating Word Application
2023-04-11 12:43:22.239 +05:30 [INF] Initiating Rule Engine Executor...
2023-04-11 12:43:22.339 +05:30 [VRB] Initiating Rule Engine...
2023-04-11 12:43:22.486 +05:30 [INF] RuleExecutor returned the values.

2023-04-11 12:43:25.382 +05:30 [INF] Author : Vishnuraj generating Summary Report...
2023-04-11 12:43:25.619 +05:30 [VRB] Template opened.
2023-04-11 12:43:25.872 +05:30 [VRB] Fetching data for binding contents...
2023-04-11 12:43:27.810 +05:30 [INF] Binding data in Word template...
2023-04-11 12:43:27.916 +05:30 [INF] Data binded in Content Control.
2023-04-11 12:43:29.323 +05:30 [WRN] Summary Commentary is null here.
2023-04-11 12:43:29.417 +05:30 [DBG] Saving the document under directory D:\PRB.Services\PRB.Services\wwwroot\Report\Summary.docx...
2023-04-11 12:43:29.563 +05:30 [VRB] Exporting the document as PDF format...
2023-04-11 12:43:31.096 +05:30 [INF] Summary Report generated.
2023-04-11 12:43:31.096 +05:30 [INF] Closing Word document.

2023-04-11 12:43:31.125 +05:30 [INF] Author : Vishnuraj Merging all docx...
2023-04-11 12:43:31.127 +05:30 [VRB] Fetching all DOCX file paths...
2023-04-11 12:43:31.399 +05:30 [INF] Merging all DOCX file ...
2023-04-11 12:43:31.512 +05:30 [DBG] Summary.docx is merged into Document.
2023-04-11 12:43:31.574 +05:30 [DBG] ABBOTINDIA.docx is merged into Document.
2023-04-11 12:43:31.626 +05:30 [DBG] ACN.docx is merged into Document.
2023-04-11 12:43:31.728 +05:30 [DBG] ADANITRANS.docx is merged into Document.
2023-04-11 12:43:31.824 +05:30 [DBG] HDFCBANK.docx is merged into Document.
2023-04-11 12:43:31.951 +05:30 [DBG] TATAMOTORS.docx is merged into Document.
2023-04-11 12:43:32.134 +05:30 [DBG] WIPRO.docx is merged into Document.
2023-04-11 12:43:32.261 +05:30 [INF] Merged document is Protected with password
2023-04-11 12:43:32.261 +05:30 [DBG] Saving the document under directory D:\PRB.Services\PRB.Services\wwwroot\Report\.docx...
2023-04-11 12:43:32.858 +05:30 [DBG] Exporting the document as PDF format...
2023-04-11 12:43:33.599 +05:30 [INF] Closing the Word Appliction
2023-04-11 12:43:33.601 +05:30 [INF] ---Automation Terminated---

2023-04-11 12:43:48.622 +05:30 [INF] Application Running...
2023-04-11 12:43:57.092 +05:30 [INF] ---Automation Started---
Initiating Word Application
2023-04-11 12:43:57.426 +05:30 [INF] Initiating Rule Engine Executor...
2023-04-11 12:43:57.522 +05:30 [VRB] Initiating Rule Engine...
2023-04-11 12:43:57.678 +05:30 [INF] RuleExecutor returned the values.

2023-04-11 12:43:57.963 +05:30 [INF] Author : Vishnuraj generating Disclaimer Report...
2023-04-11 12:43:58.116 +05:30 [VRB] Template opened.
2023-04-11 12:43:58.263 +05:30 [VRB] Fetching commentary from database...
2023-04-11 12:43:58.506 +05:30 [INF] Binding data in Word template...
2023-04-11 12:43:58.511 +05:30 [INF] Data binded in Content Control
2023-04-11 12:43:58.512 +05:30 [DBG] Saving the document under directory D:\PRB.Services\PRB.Services\wwwroot\Report\Disclaimer.docx...
2023-04-11 12:43:58.624 +05:30 [VRB] Exporting the document as PDF format...
2023-04-11 12:43:58.831 +05:30 [INF] Disclaimer Report generated.
2023-04-11 12:43:58.831 +05:30 [INF] Closing Word document.

2023-04-11 12:43:58.846 +05:30 [INF] Author : Vishnuraj Merging all docx...
2023-04-11 12:43:58.848 +05:30 [VRB] Fetching all DOCX file paths...
2023-04-11 12:43:58.957 +05:30 [INF] Merging all DOCX file ...
2023-04-11 12:43:59.051 +05:30 [DBG] Summary.docx is merged into Document.
2023-04-11 12:43:59.098 +05:30 [DBG] ABBOTINDIA.docx is merged into Document.
2023-04-11 12:43:59.146 +05:30 [DBG] ACN.docx is merged into Document.
2023-04-11 12:43:59.192 +05:30 [DBG] ADANITRANS.docx is merged into Document.
2023-04-11 12:43:59.233 +05:30 [DBG] HDFCBANK.docx is merged into Document.
2023-04-11 12:43:59.347 +05:30 [DBG] TATAMOTORS.docx is merged into Document.
2023-04-11 12:43:59.464 +05:30 [DBG] WIPRO.docx is merged into Document.
2023-04-11 12:43:59.579 +05:30 [INF] Merged document is Protected with password
2023-04-11 12:43:59.579 +05:30 [DBG] Saving the document under directory D:\PRB.Services\PRB.Services\wwwroot\Report\.docx...
2023-04-11 12:44:00.138 +05:30 [DBG] Exporting the document as PDF format...
2023-04-11 12:44:00.910 +05:30 [INF] Closing the Word Appliction
2023-04-11 12:44:00.913 +05:30 [INF] ---Automation Terminated---

2023-04-11 12:44:09.212 +05:30 [INF] ---Automation Started---
Initiating Word Application
2023-04-11 12:44:09.581 +05:30 [INF] Initiating Rule Engine Executor...
2023-04-11 12:44:09.582 +05:30 [VRB] Initiating Rule Engine...
2023-04-11 12:44:09.582 +05:30 [INF] RuleExecutor returned the values.

2023-04-11 12:44:12.051 +05:30 [INF] Author : Vishnuraj generating Disclaimer Report...
2023-04-11 12:44:12.205 +05:30 [VRB] Template opened.
2023-04-11 12:44:12.355 +05:30 [VRB] Fetching commentary from database...
2023-04-11 12:44:12.585 +05:30 [INF] Binding data in Word template...
2023-04-11 12:44:12.589 +05:30 [INF] Data binded in Content Control
2023-04-11 12:44:12.589 +05:30 [DBG] Saving the document under directory D:\PRB.Services\PRB.Services\wwwroot\Report\Disclaimer.docx...
2023-04-11 12:44:12.683 +05:30 [VRB] Exporting the document as PDF format...
2023-04-11 12:44:12.825 +05:30 [INF] Disclaimer Report generated.
2023-04-11 12:44:12.826 +05:30 [INF] Closing Word document.

2023-04-11 12:44:12.845 +05:30 [INF] Author : Vishnuraj Merging all docx...
2023-04-11 12:44:12.845 +05:30 [VRB] Fetching all DOCX file paths...
2023-04-11 12:44:12.955 +05:30 [INF] Merging all DOCX file ...
2023-04-11 12:44:13.002 +05:30 [DBG] Summary.docx is merged into Document.
2023-04-11 12:44:13.068 +05:30 [DBG] ABBOTINDIA.docx is merged into Document.
2023-04-11 12:44:13.140 +05:30 [DBG] ACN.docx is merged into Document.
2023-04-11 12:44:13.281 +05:30 [DBG] ADANITRANS.docx is merged into Document.
2023-04-11 12:44:13.334 +05:30 [DBG] HDFCBANK.docx is merged into Document.
2023-04-11 12:44:13.444 +05:30 [DBG] TATAMOTORS.docx is merged into Document.
2023-04-11 12:44:13.557 +05:30 [DBG] WIPRO.docx is merged into Document.
2023-04-11 12:44:13.667 +05:30 [INF] Merged document is Protected with password
2023-04-11 12:44:13.668 +05:30 [DBG] Saving the document under directory D:\PRB.Services\PRB.Services\wwwroot\Report\.docx...
2023-04-11 12:44:14.237 +05:30 [DBG] Exporting the document as PDF format...
2023-04-11 12:44:15.010 +05:30 [INF] Closing the Word Appliction
2023-04-11 12:44:15.014 +05:30 [INF] ---Automation Terminated---

2023-04-11 12:53:49.922 +05:30 [INF] Application Running...
2023-04-11 12:53:57.144 +05:30 [ERR] Something went wrong in Database.
2023-04-11 12:55:14.085 +05:30 [INF] Application Running...
2023-04-11 12:55:22.028 +05:30 [ERR] Something went wrong in Database.
2023-04-11 12:59:02.127 +05:30 [INF] Application Running...
2023-04-11 12:59:12.192 +05:30 [INF] ---Automation Started---
Initiating Word Application
2023-04-11 12:59:13.083 +05:30 [INF] Initiating Rule Engine Executor...
2023-04-11 12:59:13.176 +05:30 [VRB] Initiating Rule Engine...
2023-04-11 12:59:13.335 +05:30 [INF] RuleExecutor returned the values.

2023-04-11 12:59:13.386 +05:30 [INF] Author : Vishnuraj generating Detailed Report...
2023-04-11 12:59:14.335 +05:30 [VRB] Template opened.
2023-04-11 12:59:14.836 +05:30 [VRB] Fetching all TICKERS from Database for Mar 2023.
2023-04-11 12:59:15.146 +05:30 [INF] Fetched all TICKERS from Database for Mar 2023.

2023-04-11 12:59:17.096 +05:30 [INF] Binding the data in Word template...
2023-04-11 12:59:17.359 +05:30 [INF] Data binded in Content Control.
2023-04-11 12:59:18.296 +05:30 [DBG] Saving the document under directory D:\PRB.Services\PRB.Services\wwwroot\Report\ABBOTINDIA.docx...
2023-04-11 12:59:18.553 +05:30 [VRB] Exporting the document as PDF format...
2023-04-11 12:59:22.269 +05:30 [INF] Binding the data in Word template...
2023-04-11 12:59:22.350 +05:30 [INF] Data binded in Content Control.
2023-04-11 12:59:23.452 +05:30 [DBG] Saving the document under directory D:\PRB.Services\PRB.Services\wwwroot\Report\ACN.docx...
2023-04-11 12:59:23.547 +05:30 [VRB] Exporting the document as PDF format...
2023-04-11 12:59:25.926 +05:30 [INF] Binding the data in Word template...
2023-04-11 12:59:26.001 +05:30 [INF] Data binded in Content Control.
2023-04-11 12:59:27.049 +05:30 [DBG] Saving the document under directory D:\PRB.Services\PRB.Services\wwwroot\Report\ADANITRANS.docx...
2023-04-11 12:59:27.238 +05:30 [VRB] Exporting the document as PDF format...
2023-04-11 12:59:29.329 +05:30 [INF] Binding the data in Word template...
2023-04-11 12:59:29.392 +05:30 [INF] Data binded in Content Control.
2023-04-11 12:59:30.486 +05:30 [DBG] Saving the document under directory D:\PRB.Services\PRB.Services\wwwroot\Report\HDFCBANK.docx...
2023-04-11 12:59:30.562 +05:30 [VRB] Exporting the document as PDF format...
2023-04-11 12:59:33.115 +05:30 [INF] Binding the data in Word template...
2023-04-11 12:59:33.186 +05:30 [INF] Data binded in Content Control.
2023-04-11 12:59:34.209 +05:30 [DBG] Saving the document under directory D:\PRB.Services\PRB.Services\wwwroot\Report\TATAMOTORS.docx...
2023-04-11 12:59:34.315 +05:30 [VRB] Exporting the document as PDF format...
2023-04-11 12:59:36.581 +05:30 [INF] Binding the data in Word template...
2023-04-11 12:59:36.848 +05:30 [INF] Data binded in Content Control.
2023-04-11 12:59:37.894 +05:30 [DBG] Saving the document under directory D:\PRB.Services\PRB.Services\wwwroot\Report\WIPRO.docx...
2023-04-11 12:59:37.974 +05:30 [VRB] Exporting the document as PDF format...
2023-04-11 12:59:38.852 +05:30 [INF] Detailed Report generated.
2023-04-11 12:59:38.852 +05:30 [INF] Closing Word document.

2023-04-11 12:59:38.889 +05:30 [INF] Author : Vishnuraj generating Summary Report...
2023-04-11 12:59:39.017 +05:30 [VRB] Template opened.
2023-04-11 12:59:39.463 +05:30 [VRB] Fetching data for binding contents...
2023-04-11 12:59:41.191 +05:30 [INF] Binding data in Word template...
2023-04-11 12:59:41.198 +05:30 [INF] Data binded in Content Control.
2023-04-11 12:59:42.527 +05:30 [WRN] Summary Commentary is null here.
2023-04-11 12:59:42.588 +05:30 [DBG] Saving the document under directory D:\PRB.Services\PRB.Services\wwwroot\Report\Summary.docx...
2023-04-11 12:59:42.678 +05:30 [VRB] Exporting the document as PDF format...
2023-04-11 12:59:43.597 +05:30 [INF] Summary Report generated.
2023-04-11 12:59:43.597 +05:30 [INF] Closing Word document.

2023-04-11 12:59:43.613 +05:30 [INF] Author : Vishnuraj generating Disclaimer Report...
2023-04-11 12:59:43.698 +05:30 [VRB] Template opened.
2023-04-11 12:59:44.060 +05:30 [VRB] Fetching commentary from database...
2023-04-11 12:59:44.290 +05:30 [INF] Binding data in Word template...
2023-04-11 12:59:44.293 +05:30 [INF] Data binded in Content Control
2023-04-11 12:59:44.293 +05:30 [DBG] Saving the document under directory D:\PRB.Services\PRB.Services\wwwroot\Report\Disclaimer.docx...
2023-04-11 12:59:44.347 +05:30 [VRB] Exporting the document as PDF format...
2023-04-11 12:59:44.432 +05:30 [INF] Disclaimer Report generated.
2023-04-11 12:59:44.432 +05:30 [INF] Closing Word document.

2023-04-11 12:59:45.339 +05:30 [INF] Author : Vishnuraj Merging all docx...
2023-04-11 12:59:45.342 +05:30 [VRB] Fetching all DOCX file paths...
2023-04-11 12:59:45.590 +05:30 [INF] Merging all DOCX file ...
2023-04-11 12:59:45.673 +05:30 [DBG] Summary.docx is merged into Document.
2023-04-11 12:59:45.717 +05:30 [DBG] ABBOTINDIA.docx is merged into Document.
2023-04-11 12:59:45.782 +05:30 [DBG] ACN.docx is merged into Document.
2023-04-11 12:59:45.853 +05:30 [DBG] ADANITRANS.docx is merged into Document.
2023-04-11 12:59:45.938 +05:30 [DBG] HDFCBANK.docx is merged into Document.
2023-04-11 12:59:46.039 +05:30 [DBG] TATAMOTORS.docx is merged into Document.
2023-04-11 12:59:46.148 +05:30 [DBG] WIPRO.docx is merged into Document.
2023-04-11 12:59:46.305 +05:30 [INF] Merged document is Protected with password
2023-04-11 12:59:46.305 +05:30 [DBG] Saving the document under directory D:\PRB.Services\PRB.Services\wwwroot\Report\.docx...
2023-04-11 12:59:46.887 +05:30 [DBG] Exporting the document as PDF format...
2023-04-11 12:59:47.640 +05:30 [INF] Closing the Word Appliction
2023-04-11 12:59:47.643 +05:30 [INF] ---Automation Terminated---

2023-04-11 13:08:37.877 +05:30 [INF] Application Running...
2023-04-11 13:11:05.202 +05:30 [INF] Application Running...
2023-04-11 13:20:23.117 +05:30 [INF] Application Running...
2023-04-11 13:50:38.555 +05:30 [INF] Application Running...
2023-04-11 15:14:17.419 +05:30 [INF] Application Running...
2023-04-11 15:15:05.106 +05:30 [INF] Application Running...
2023-04-11 15:18:28.343 +05:30 [INF] Application Running...
2023-04-11 15:19:21.316 +05:30 [INF] Application Running...
2023-04-11 15:20:38.490 +05:30 [INF] Application Running...
2023-04-11 15:21:32.402 +05:30 [INF] Application Running...
2023-04-11 15:22:34.918 +05:30 [INF] Application Running...
2023-04-11 15:23:22.634 +05:30 [INF] Moving files from D:\PRB.Services\PRB.Services\wwwroot\Report\ to D:\PRB.Services\PRB.Services\wwwroot\Records\...
2023-04-11 15:23:22.769 +05:30 [INF] Files deleted from D:\PRB.Services\PRB.Services\wwwroot\Report\.
2023-04-11 15:23:40.059 +05:30 [INF] ---Automation Started---
Initiating Word Application
2023-04-11 15:23:40.839 +05:30 [INF] Initiating Rule Engine Executor...
2023-04-11 15:23:40.943 +05:30 [VRB] Initiating Rule Engine...
2023-04-11 15:23:41.108 +05:30 [INF] RuleExecutor returned the values.

2023-04-11 15:23:41.417 +05:30 [INF] Author : Vishnuraj generating Summary Report...
2023-04-11 15:23:42.064 +05:30 [VRB] Template opened.
2023-04-11 15:23:42.709 +05:30 [VRB] Fetching data for binding contents...
2023-04-11 15:23:44.899 +05:30 [INF] Binding data in Word template...
2023-04-11 15:23:44.928 +05:30 [INF] Data binded in Content Control.
2023-04-11 15:23:46.529 +05:30 [DBG] Saving the document under directory D:\PRB.Services\PRB.Services\wwwroot\Report\Summary.docx...
2023-04-11 15:23:46.760 +05:30 [VRB] Exporting the document as PDF format...
2023-04-11 15:23:48.197 +05:30 [INF] Summary Report generated.
2023-04-11 15:23:48.198 +05:30 [INF] Closing Word document.

2023-04-11 15:23:48.231 +05:30 [INF] Author : Vishnuraj Merging all docx...
2023-04-11 15:23:48.233 +05:30 [VRB] Fetching all DOCX file paths...
2023-04-11 15:23:48.295 +05:30 [ERR] Something went wrong.
2023-04-11 15:23:48.295 +05:30 [INF] Closing the Word Application
2023-04-11 15:24:27.466 +05:30 [INF] Application Running...
2023-04-11 15:24:34.829 +05:30 [INF] ---Automation Started---
Initiating Word Application
2023-04-11 15:24:40.199 +05:30 [INF] Initiating Rule Engine Executor...
2023-04-11 15:24:40.278 +05:30 [VRB] Initiating Rule Engine...
2023-04-11 15:24:40.420 +05:30 [INF] RuleExecutor returned the values.

2023-04-11 15:25:16.987 +05:30 [INF] Application Running...
2023-04-11 15:25:23.419 +05:30 [INF] ---Automation Started---
Initiating Word Application
2023-04-11 15:25:25.607 +05:30 [INF] Initiating Rule Engine Executor...
2023-04-11 15:25:25.695 +05:30 [VRB] Initiating Rule Engine...
2023-04-11 15:25:25.839 +05:30 [INF] RuleExecutor returned the values.

2023-04-11 15:25:27.854 +05:30 [INF] Author : Vishnuraj generating Detailed Report...
2023-04-11 15:25:29.250 +05:30 [VRB] Template opened.
2023-04-11 15:25:29.594 +05:30 [VRB] Fetching all TICKERS from Database for Jan 2023.
2023-04-11 15:25:29.877 +05:30 [INF] Fetched all TICKERS from Database for Jan 2023.

2023-04-11 15:25:31.349 +05:30 [INF] Binding the data in Word template...
2023-04-11 15:25:31.439 +05:30 [INF] Data binded in Content Control.
2023-04-11 15:25:32.286 +05:30 [DBG] Saving the document under directory D:\PRB.Services\PRB.Services\wwwroot\Report\ABBOTINDIA.docx...
2023-04-11 15:25:32.383 +05:30 [VRB] Exporting the document as PDF format...
2023-04-11 15:25:34.575 +05:30 [INF] Binding the data in Word template...
2023-04-11 15:25:34.638 +05:30 [INF] Data binded in Content Control.
2023-04-11 15:25:35.688 +05:30 [DBG] Saving the document under directory D:\PRB.Services\PRB.Services\wwwroot\Report\ACN.docx...
2023-04-11 15:25:35.766 +05:30 [VRB] Exporting the document as PDF format...
2023-04-11 15:25:37.825 +05:30 [INF] Binding the data in Word template...
2023-04-11 15:25:37.879 +05:30 [INF] Data binded in Content Control.
2023-04-11 15:25:38.939 +05:30 [DBG] Saving the document under directory D:\PRB.Services\PRB.Services\wwwroot\Report\ADANITRANS.docx...
2023-04-11 15:25:39.011 +05:30 [VRB] Exporting the document as PDF format...
2023-04-11 15:25:41.049 +05:30 [INF] Binding the data in Word template...
2023-04-11 15:25:41.102 +05:30 [INF] Data binded in Content Control.
2023-04-11 15:25:42.174 +05:30 [DBG] Saving the document under directory D:\PRB.Services\PRB.Services\wwwroot\Report\HDFCBANK.docx...
2023-04-11 15:25:42.245 +05:30 [VRB] Exporting the document as PDF format...
2023-04-11 15:25:44.365 +05:30 [INF] Binding the data in Word template...
2023-04-11 15:25:44.414 +05:30 [INF] Data binded in Content Control.
2023-04-11 15:25:45.515 +05:30 [DBG] Saving the document under directory D:\PRB.Services\PRB.Services\wwwroot\Report\TATAMOTORS.docx...
2023-04-11 15:25:45.592 +05:30 [VRB] Exporting the document as PDF format...
2023-04-11 15:25:47.731 +05:30 [INF] Binding the data in Word template...
2023-04-11 15:25:47.779 +05:30 [INF] Data binded in Content Control.
2023-04-11 15:25:48.855 +05:30 [DBG] Saving the document under directory D:\PRB.Services\PRB.Services\wwwroot\Report\WIPRO.docx...
2023-04-11 15:25:49.196 +05:30 [VRB] Exporting the document as PDF format...
2023-04-11 15:25:49.926 +05:30 [INF] Detailed Report generated.
2023-04-11 15:25:49.926 +05:30 [INF] Closing Word document.

2023-04-11 15:25:58.200 +05:30 [INF] Author : Vishnuraj generating Summary Report...
2023-04-11 15:25:58.300 +05:30 [VRB] Template opened.
2023-04-11 15:25:58.710 +05:30 [VRB] Fetching data for binding contents...
2023-04-11 15:26:00.438 +05:30 [INF] Binding data in Word template...
2023-04-11 15:26:00.444 +05:30 [INF] Data binded in Content Control.
2023-04-11 15:26:02.081 +05:30 [DBG] Saving the document under directory D:\PRB.Services\PRB.Services\wwwroot\Report\Summary.docx...
2023-04-11 15:26:02.165 +05:30 [VRB] Exporting the document as PDF format...
2023-04-11 15:26:03.068 +05:30 [INF] Summary Report generated.
2023-04-11 15:26:03.068 +05:30 [INF] Closing Word document.

2023-04-11 15:26:03.085 +05:30 [INF] Author : Vishnuraj generating Disclaimer Report...
2023-04-11 15:26:03.187 +05:30 [VRB] Template opened.
2023-04-11 15:26:03.529 +05:30 [VRB] Fetching commentary from database...
2023-04-11 15:26:03.759 +05:30 [INF] Binding data in Word template...
2023-04-11 15:26:03.763 +05:30 [INF] Data binded in Content Control
2023-04-11 15:26:03.763 +05:30 [DBG] Saving the document under directory D:\PRB.Services\PRB.Services\wwwroot\Report\Disclaimer.docx...
2023-04-11 15:26:03.811 +05:30 [VRB] Exporting the document as PDF format...
2023-04-11 15:26:03.896 +05:30 [INF] Disclaimer Report generated.
2023-04-11 15:26:03.896 +05:30 [INF] Closing Word document.

2023-04-11 15:26:04.908 +05:30 [ERR] Something went wrong while encryption. !
2023-04-11 15:27:23.606 +05:30 [INF] Application Running...
2023-04-11 15:30:36.702 +05:30 [INF] Application Running...
2023-04-11 15:31:09.964 +05:30 [INF] Moving files from D:\PRB.Services\PRB.Services\wwwroot\Report\ to D:\PRB.Services\PRB.Services\wwwroot\Records\...
2023-04-11 15:31:09.991 +05:30 [ERR] File not found !
2023-04-11 15:31:10.052 +05:30 [INF] Files deleted from D:\PRB.Services\PRB.Services\wwwroot\Report\.
2023-04-11 15:31:30.906 +05:30 [INF] Application Running...
2023-04-11 15:32:26.776 +05:30 [INF] Application Running...
2023-04-11 15:34:42.080 +05:30 [INF] Application Running...
2023-04-11 15:34:52.791 +05:30 [INF] Moving files from D:\PRB.Services\PRB.Services\wwwroot\Report\ to D:\PRB.Services\PRB.Services\wwwroot\Records\...
2023-04-11 15:34:52.813 +05:30 [ERR] File not found !
2023-04-11 15:34:52.908 +05:30 [INF] Files deleted from D:\PRB.Services\PRB.Services\wwwroot\Report\.
2023-04-11 15:39:23.256 +05:30 [INF] Application Running...
2023-04-11 15:39:56.469 +05:30 [INF] Application Running...
2023-04-11 15:40:03.991 +05:30 [INF] ---Automation Started---
Initiating Word Application
2023-04-11 15:40:14.283 +05:30 [INF] Initiating Rule Engine Executor...
2023-04-11 15:40:14.383 +05:30 [VRB] Initiating Rule Engine...
2023-04-11 15:40:14.541 +05:30 [INF] RuleExecutor returned the values.

2023-04-11 15:40:16.953 +05:30 [INF] Author : Vishnuraj generating Detailed Report...
2023-04-11 15:40:17.576 +05:30 [VRB] Template opened.
2023-04-11 15:40:17.917 +05:30 [VRB] Fetching all TICKERS from Database for Jan 2023.
2023-04-11 15:40:18.205 +05:30 [INF] Fetched all TICKERS from Database for Jan 2023.

2023-04-11 15:40:19.808 +05:30 [INF] Binding the data in Word template...
2023-04-11 15:40:19.871 +05:30 [INF] Data binded in Content Control.
2023-04-11 15:40:20.709 +05:30 [DBG] Saving the document under directory D:\PRB.Services\PRB.Services\wwwroot\Report\ABBOTINDIA.docx...
2023-04-11 15:40:20.810 +05:30 [VRB] Exporting the document as PDF format...
2023-04-11 15:40:23.581 +05:30 [INF] Binding the data in Word template...
2023-04-11 15:40:23.616 +05:30 [INF] Data binded in Content Control.
2023-04-11 15:40:24.598 +05:30 [DBG] Saving the document under directory D:\PRB.Services\PRB.Services\wwwroot\Report\ACN.docx...
2023-04-11 15:40:24.676 +05:30 [VRB] Exporting the document as PDF format...
2023-04-11 15:40:26.972 +05:30 [INF] Binding the data in Word template...
2023-04-11 15:40:27.012 +05:30 [INF] Data binded in Content Control.
2023-04-11 15:41:22.589 +05:30 [INF] Application Running...
2023-04-11 15:41:41.049 +05:30 [INF] Moving files from D:\PRB.Services\PRB.Services\wwwroot\Report\ to D:\PRB.Services\PRB.Services\wwwroot\Records\...
2023-04-11 15:41:41.075 +05:30 [ERR] File not found !
2023-04-11 15:41:41.168 +05:30 [INF] Files deleted from D:\PRB.Services\PRB.Services\wwwroot\Report\.
2023-04-11 15:42:39.081 +05:30 [INF] Application Running...
2023-04-11 15:42:56.527 +05:30 [INF] ---Automation Started---
Initiating Word Application
2023-04-11 15:42:59.672 +05:30 [INF] Initiating Rule Engine Executor...
2023-04-11 15:42:59.775 +05:30 [VRB] Initiating Rule Engine...
2023-04-11 15:42:59.940 +05:30 [INF] RuleExecutor returned the values.

2023-04-11 15:42:59.991 +05:30 [INF] Author : Vishnuraj generating Detailed Report...
2023-04-11 15:43:00.615 +05:30 [VRB] Template opened.
2023-04-11 15:43:00.997 +05:30 [VRB] Fetching all TICKERS from Database for Mar 2023.
2023-04-11 15:43:01.297 +05:30 [INF] Fetched all TICKERS from Database for Mar 2023.

2023-04-11 15:43:02.927 +05:30 [INF] Binding the data in Word template...
2023-04-11 15:43:03.184 +05:30 [INF] Data binded in Content Control.
2023-04-11 15:43:04.124 +05:30 [DBG] Saving the document under directory D:\PRB.Services\PRB.Services\wwwroot\Report\ABBOTINDIA.docx...
2023-04-11 15:43:04.286 +05:30 [VRB] Exporting the document as PDF format...
2023-04-11 15:43:07.123 +05:30 [INF] Binding the data in Word template...
2023-04-11 15:43:07.233 +05:30 [INF] Data binded in Content Control.
2023-04-11 15:43:08.248 +05:30 [DBG] Saving the document under directory D:\PRB.Services\PRB.Services\wwwroot\Report\ACN.docx...
2023-04-11 15:43:08.319 +05:30 [VRB] Exporting the document as PDF format...
2023-04-11 15:43:10.508 +05:30 [INF] Binding the data in Word template...
2023-04-11 15:43:10.570 +05:30 [INF] Data binded in Content Control.
2023-04-11 15:43:11.599 +05:30 [DBG] Saving the document under directory D:\PRB.Services\PRB.Services\wwwroot\Report\ADANITRANS.docx...
2023-04-11 15:43:11.670 +05:30 [VRB] Exporting the document as PDF format...
2023-04-11 15:43:13.750 +05:30 [INF] Binding the data in Word template...
2023-04-11 15:43:13.803 +05:30 [INF] Data binded in Content Control.
2023-04-11 15:43:15.401 +05:30 [DBG] Saving the document under directory D:\PRB.Services\PRB.Services\wwwroot\Report\HDFCBANK.docx...
2023-04-11 15:43:15.475 +05:30 [VRB] Exporting the document as PDF format...
2023-04-11 15:43:17.580 +05:30 [INF] Binding the data in Word template...
2023-04-11 15:43:17.654 +05:30 [INF] Data binded in Content Control.
2023-04-11 15:43:18.682 +05:30 [DBG] Saving the document under directory D:\PRB.Services\PRB.Services\wwwroot\Report\TATAMOTORS.docx...
2023-04-11 15:43:18.762 +05:30 [VRB] Exporting the document as PDF format...
2023-04-11 15:43:20.909 +05:30 [INF] Binding the data in Word template...
2023-04-11 15:43:20.967 +05:30 [INF] Data binded in Content Control.
2023-04-11 15:43:21.995 +05:30 [DBG] Saving the document under directory D:\PRB.Services\PRB.Services\wwwroot\Report\WIPRO.docx...
2023-04-11 15:43:22.070 +05:30 [VRB] Exporting the document as PDF format...
2023-04-11 15:43:22.994 +05:30 [INF] Detailed Report generated.
2023-04-11 15:43:22.994 +05:30 [INF] Closing Word document.

2023-04-11 15:43:23.033 +05:30 [INF] Author : Vishnuraj generating Summary Report...
2023-04-11 15:43:23.179 +05:30 [VRB] Template opened.
2023-04-11 15:43:23.616 +05:30 [VRB] Fetching data for binding contents...
2023-04-11 15:43:25.548 +05:30 [INF] Binding data in Word template...
2023-04-11 15:43:25.554 +05:30 [INF] Data binded in Content Control.
2023-04-11 15:43:26.906 +05:30 [DBG] Saving the document under directory D:\PRB.Services\PRB.Services\wwwroot\Report\Summary.docx...
2023-04-11 15:43:26.989 +05:30 [VRB] Exporting the document as PDF format...
2023-04-11 15:43:27.910 +05:30 [INF] Summary Report generated.
2023-04-11 15:43:27.910 +05:30 [INF] Closing Word document.

2023-04-11 15:43:27.927 +05:30 [INF] Author : Vishnuraj generating Disclaimer Report...
2023-04-11 15:43:28.031 +05:30 [VRB] Template opened.
2023-04-11 15:43:28.394 +05:30 [VRB] Fetching commentary from database...
2023-04-11 15:43:28.617 +05:30 [INF] Binding data in Word template...
2023-04-11 15:43:28.621 +05:30 [INF] Data binded in Content Control
2023-04-11 15:43:28.621 +05:30 [DBG] Saving the document under directory D:\PRB.Services\PRB.Services\wwwroot\Report\Disclaimer.docx...
2023-04-11 15:43:28.669 +05:30 [VRB] Exporting the document as PDF format...
2023-04-11 15:43:28.751 +05:30 [INF] Disclaimer Report generated.
2023-04-11 15:43:28.752 +05:30 [INF] Closing Word document.

2023-04-11 15:43:29.806 +05:30 [ERR] Something went wrong while encryption. !
2023-04-11 15:44:19.679 +05:30 [INF] Application Running...
2023-04-11 15:44:28.318 +05:30 [INF] ---Automation Started---
Initiating Word Application
2023-04-11 15:44:35.348 +05:30 [INF] Initiating Rule Engine Executor...
2023-04-11 15:44:35.434 +05:30 [VRB] Initiating Rule Engine...
2023-04-11 15:44:35.581 +05:30 [INF] RuleExecutor returned the values.

2023-04-11 15:44:35.618 +05:30 [INF] Author : Vishnuraj generating Detailed Report...
2023-04-11 15:44:35.842 +05:30 [VRB] Template opened.
2023-04-11 15:44:36.194 +05:30 [VRB] Fetching all TICKERS from Database for Mar 2023.
2023-04-11 15:44:36.477 +05:30 [INF] Fetched all TICKERS from Database for Mar 2023.

2023-04-11 15:44:38.015 +05:30 [INF] Binding the data in Word template...
2023-04-11 15:44:38.074 +05:30 [INF] Data binded in Content Control.
2023-04-11 15:44:38.933 +05:30 [DBG] Saving the document under directory D:\PRB.Services\PRB.Services\wwwroot\Report\ABBOTINDIA.docx...
2023-04-11 15:44:39.051 +05:30 [VRB] Exporting the document as PDF format...
2023-04-11 15:44:41.734 +05:30 [INF] Binding the data in Word template...
2023-04-11 15:44:41.773 +05:30 [INF] Data binded in Content Control.
2023-04-11 15:44:42.721 +05:30 [DBG] Saving the document under directory D:\PRB.Services\PRB.Services\wwwroot\Report\ACN.docx...
2023-04-11 15:44:42.812 +05:30 [VRB] Exporting the document as PDF format...
2023-04-11 15:44:44.901 +05:30 [INF] Binding the data in Word template...
2023-04-11 15:44:44.941 +05:30 [INF] Data binded in Content Control.
2023-04-11 15:44:45.921 +05:30 [DBG] Saving the document under directory D:\PRB.Services\PRB.Services\wwwroot\Report\ADANITRANS.docx...
2023-04-11 15:44:46.006 +05:30 [VRB] Exporting the document as PDF format...
2023-04-11 15:44:48.094 +05:30 [INF] Binding the data in Word template...
2023-04-11 15:44:48.138 +05:30 [INF] Data binded in Content Control.
2023-04-11 15:44:49.141 +05:30 [DBG] Saving the document under directory D:\PRB.Services\PRB.Services\wwwroot\Report\HDFCBANK.docx...
2023-04-11 15:44:49.233 +05:30 [VRB] Exporting the document as PDF format...
2023-04-11 15:44:51.323 +05:30 [INF] Binding the data in Word template...
2023-04-11 15:44:51.364 +05:30 [INF] Data binded in Content Control.
2023-04-11 15:44:52.384 +05:30 [DBG] Saving the document under directory D:\PRB.Services\PRB.Services\wwwroot\Report\TATAMOTORS.docx...
2023-04-11 15:44:52.468 +05:30 [VRB] Exporting the document as PDF format...
2023-04-11 15:44:54.547 +05:30 [INF] Binding the data in Word template...
2023-04-11 15:44:54.594 +05:30 [INF] Data binded in Content Control.
2023-04-11 15:44:55.572 +05:30 [DBG] Saving the document under directory D:\PRB.Services\PRB.Services\wwwroot\Report\WIPRO.docx...
2023-04-11 15:44:55.680 +05:30 [VRB] Exporting the document as PDF format...
2023-04-11 15:44:56.568 +05:30 [INF] Detailed Report generated.
2023-04-11 15:44:56.568 +05:30 [INF] Closing Word document.

2023-04-11 15:45:01.851 +05:30 [INF] Author : Vishnuraj generating Summary Report...
2023-04-11 15:45:08.808 +05:30 [VRB] Template opened.
2023-04-11 15:45:22.643 +05:30 [VRB] Fetching data for binding contents...
2023-04-11 15:47:36.324 +05:30 [INF] Binding data in Word template...
2023-04-11 15:47:38.224 +05:30 [INF] Data binded in Content Control.
2023-04-11 15:48:48.833 +05:30 [DBG] Saving the document under directory D:\PRB.Services\PRB.Services\wwwroot\Report\Summary.docx...
2023-04-11 15:48:51.083 +05:30 [VRB] Exporting the document as PDF format...
2023-04-11 15:49:06.203 +05:30 [INF] Summary Report generated.
2023-04-11 15:49:09.217 +05:30 [INF] Closing Word document.

2023-04-11 15:49:23.900 +05:30 [INF] Author : Vishnuraj generating Disclaimer Report...
2023-04-11 15:49:26.859 +05:30 [VRB] Template opened.
2023-04-11 15:49:34.763 +05:30 [VRB] Fetching commentary from database...
2023-04-11 15:49:37.607 +05:30 [INF] Binding data in Word template...
2023-04-11 15:49:38.512 +05:30 [INF] Data binded in Content Control
2023-04-11 15:49:40.138 +05:30 [DBG] Saving the document under directory D:\PRB.Services\PRB.Services\wwwroot\Report\Disclaimer.docx...
2023-04-11 15:49:40.590 +05:30 [VRB] Exporting the document as PDF format...
2023-04-11 15:49:46.977 +05:30 [INF] Disclaimer Report generated.
2023-04-11 15:49:50.161 +05:30 [INF] Closing Word document.

2023-04-11 15:59:50.703 +05:30 [ERR] Something went wrong while encryption. !
2023-04-11 16:00:35.571 +05:30 [INF] Application Running...
2023-04-11 16:02:30.638 +05:30 [INF] Application Running...
2023-04-11 16:04:32.647 +05:30 [INF] Application Running...
2023-04-11 16:04:39.766 +05:30 [INF] ---Automation Started---
Initiating Word Application
2023-04-11 16:04:43.289 +05:30 [INF] Initiating Rule Engine Executor...
2023-04-11 16:04:43.372 +05:30 [VRB] Initiating Rule Engine...
2023-04-11 16:04:43.523 +05:30 [INF] RuleExecutor returned the values.

2023-04-11 16:04:43.561 +05:30 [INF] Author : Vishnuraj generating Detailed Report...
2023-04-11 16:04:43.947 +05:30 [VRB] Template opened.
2023-04-11 16:04:44.322 +05:30 [VRB] Fetching all TICKERS from Database for Mar 2023.
2023-04-11 16:04:44.615 +05:30 [INF] Fetched all TICKERS from Database for Mar 2023.

2023-04-11 16:04:46.202 +05:30 [INF] Binding the data in Word template...
2023-04-11 16:04:46.269 +05:30 [INF] Data binded in Content Control.
2023-04-11 16:04:47.104 +05:30 [DBG] Saving the document under directory D:\PRB.Services\PRB.Services\wwwroot\Report\ABBOTINDIA.docx...
2023-04-11 16:04:47.223 +05:30 [VRB] Exporting the document as PDF format...
2023-04-11 16:04:50.070 +05:30 [INF] Binding the data in Word template...
2023-04-11 16:04:50.107 +05:30 [INF] Data binded in Content Control.
2023-04-11 16:04:51.087 +05:30 [DBG] Saving the document under directory D:\PRB.Services\PRB.Services\wwwroot\Report\ACN.docx...
2023-04-11 16:04:51.171 +05:30 [VRB] Exporting the document as PDF format...
2023-04-11 16:04:53.305 +05:30 [INF] Binding the data in Word template...
2023-04-11 16:04:53.349 +05:30 [INF] Data binded in Content Control.
2023-04-11 16:04:54.353 +05:30 [DBG] Saving the document under directory D:\PRB.Services\PRB.Services\wwwroot\Report\ADANITRANS.docx...
2023-04-11 16:04:54.451 +05:30 [VRB] Exporting the document as PDF format...
2023-04-11 16:04:56.772 +05:30 [INF] Binding the data in Word template...
2023-04-11 16:04:56.819 +05:30 [INF] Data binded in Content Control.
2023-04-11 16:04:57.837 +05:30 [DBG] Saving the document under directory D:\PRB.Services\PRB.Services\wwwroot\Report\HDFCBANK.docx...
2023-04-11 16:04:57.941 +05:30 [VRB] Exporting the document as PDF format...
2023-04-11 16:05:00.116 +05:30 [INF] Binding the data in Word template...
2023-04-11 16:05:00.168 +05:30 [INF] Data binded in Content Control.
2023-04-11 16:05:01.184 +05:30 [DBG] Saving the document under directory D:\PRB.Services\PRB.Services\wwwroot\Report\TATAMOTORS.docx...
2023-04-11 16:05:01.556 +05:30 [VRB] Exporting the document as PDF format...
2023-04-11 16:05:03.923 +05:30 [INF] Binding the data in Word template...
2023-04-11 16:05:03.988 +05:30 [INF] Data binded in Content Control.
2023-04-11 16:05:05.059 +05:30 [DBG] Saving the document under directory D:\PRB.Services\PRB.Services\wwwroot\Report\WIPRO.docx...
2023-04-11 16:05:05.164 +05:30 [VRB] Exporting the document as PDF format...
2023-04-11 16:05:06.138 +05:30 [INF] Detailed Report generated.
2023-04-11 16:05:06.138 +05:30 [INF] Closing Word document.

2023-04-11 16:05:06.161 +05:30 [INF] Author : Vishnuraj generating Summary Report...
2023-04-11 16:05:06.288 +05:30 [VRB] Template opened.
2023-04-11 16:05:06.738 +05:30 [VRB] Fetching data for binding contents...
2023-04-11 16:05:08.612 +05:30 [INF] Binding data in Word template...
2023-04-11 16:05:08.618 +05:30 [INF] Data binded in Content Control.
2023-04-11 16:05:09.959 +05:30 [DBG] Saving the document under directory D:\PRB.Services\PRB.Services\wwwroot\Report\Summary.docx...
2023-04-11 16:05:10.060 +05:30 [VRB] Exporting the document as PDF format...
2023-04-11 16:05:10.994 +05:30 [INF] Summary Report generated.
2023-04-11 16:05:10.994 +05:30 [INF] Closing Word document.

2023-04-11 16:05:11.009 +05:30 [INF] Author : Vishnuraj generating Disclaimer Report...
2023-04-11 16:05:11.089 +05:30 [VRB] Template opened.
2023-04-11 16:05:11.445 +05:30 [VRB] Fetching commentary from database...
2023-04-11 16:05:11.670 +05:30 [INF] Binding data in Word template...
2023-04-11 16:05:11.674 +05:30 [INF] Data binded in Content Control
2023-04-11 16:05:11.674 +05:30 [DBG] Saving the document under directory D:\PRB.Services\PRB.Services\wwwroot\Report\Disclaimer.docx...
2023-04-11 16:05:11.726 +05:30 [VRB] Exporting the document as PDF format...
2023-04-11 16:05:11.823 +05:30 [INF] Disclaimer Report generated.
2023-04-11 16:05:11.823 +05:30 [INF] Closing Word document.

2023-04-11 16:05:12.724 +05:30 [INF] Author : Vishnuraj Merging all docx...
2023-04-11 16:05:12.725 +05:30 [VRB] Fetching all DOCX file paths...
2023-04-11 16:05:12.908 +05:30 [INF] Merging all DOCX file ...
2023-04-11 16:05:12.996 +05:30 [DBG] Summary.docx is merged into Document.
2023-04-11 16:05:13.050 +05:30 [DBG] ABBOTINDIA.docx is merged into Document.
2023-04-11 16:05:13.126 +05:30 [DBG] ACN.docx is merged into Document.
2023-04-11 16:05:13.210 +05:30 [DBG] ADANITRANS.docx is merged into Document.
2023-04-11 16:05:13.294 +05:30 [DBG] HDFCBANK.docx is merged into Document.
2023-04-11 16:05:13.383 +05:30 [DBG] TATAMOTORS.docx is merged into Document.
2023-04-11 16:05:13.507 +05:30 [DBG] WIPRO.docx is merged into Document.
2023-04-11 16:05:13.640 +05:30 [INF] Merged document is Protected with password
2023-04-11 16:05:13.640 +05:30 [DBG] Saving the document under directory D:\PRB.Services\PRB.Services\wwwroot\Report\.docx...
2023-04-11 16:05:14.278 +05:30 [DBG] Exporting the document as PDF format...
2023-04-11 16:05:14.932 +05:30 [INF] Closing the Word Appliction
2023-04-11 16:05:14.935 +05:30 [INF] ---Automation Terminated---

2023-04-11 16:05:48.823 +05:30 [INF] Application Running...
2023-04-11 16:07:25.597 +05:30 [INF] Application Running...
2023-04-11 16:11:37.953 +05:30 [INF] Application Running...
