2023-04-26 13:35:35.208 +05:30 [INF] Application Running...
2023-04-26 13:36:12.525 +05:30 [INF] Application Running...
2023-04-26 13:36:22.514 +05:30 [INF] ---Automation Started---
Initiating Word Application
2023-04-26 13:36:23.085 +05:30 [INF] Initiating Rule Engine Executor...
2023-04-26 13:36:23.179 +05:30 [VRB] Initiating Rule Engine...
2023-04-26 13:36:23.341 +05:30 [INF] RuleExecutor returned the values.

2023-04-26 13:36:23.656 +05:30 [INF] Author : Vishnuraj generating Detailed Report...
2023-04-26 13:36:23.932 +05:30 [VRB] Template opened.
2023-04-26 13:36:24.871 +05:30 [INF] Getting holding Details.

2023-04-26 13:36:25.165 +05:30 [VRB] Fetching Opening and closing...
2023-04-26 13:36:25.166 +05:30 [INF] Getting holding Details.

2023-04-26 13:36:25.402 +05:30 [INF] Opening and closing balance fetched.

2023-04-26 13:36:26.653 +05:30 [INF] Binding the data in Word template...
2023-04-26 13:36:26.894 +05:30 [INF] Data binded in Content Control.
2023-04-26 13:36:27.893 +05:30 [DBG] Saving the document under directory D:\PRB.Services\PRB.Services\wwwroot\Report\ACN.docx...
2023-04-26 13:36:28.059 +05:30 [VRB] Exporting the document as PDF format...
2023-04-26 13:36:29.827 +05:30 [INF] Getting holding Details.

2023-04-26 13:36:30.062 +05:30 [VRB] Fetching Opening and closing...
2023-04-26 13:36:30.062 +05:30 [INF] Getting holding Details.

2023-04-26 13:36:30.298 +05:30 [INF] Opening and closing balance fetched.

2023-04-26 13:36:31.039 +05:30 [INF] Binding the data in Word template...
2023-04-26 13:36:31.101 +05:30 [INF] Data binded in Content Control.
2023-04-26 13:36:32.166 +05:30 [DBG] Saving the document under directory D:\PRB.Services\PRB.Services\wwwroot\Report\ACN.docx...
2023-04-26 13:36:32.239 +05:30 [VRB] Exporting the document as PDF format...
2023-04-26 13:36:33.272 +05:30 [INF] Detailed Report generated.
2023-04-26 13:36:33.272 +05:30 [INF] Closing Word document.

2023-04-26 13:36:33.300 +05:30 [INF] Author : Vishnuraj generating Summary Report...
2023-04-26 13:36:33.409 +05:30 [VRB] Template opened.
2023-04-26 13:36:33.889 +05:30 [VRB] Fetching data for binding contents...
2023-04-26 13:36:35.567 +05:30 [INF] Binding data in Word template...
2023-04-26 13:36:35.573 +05:30 [INF] Data binded in Content Control.
2023-04-26 13:36:36.707 +05:30 [DBG] Saving the document under directory D:\PRB.Services\PRB.Services\wwwroot\Report\Summary.docx...
2023-04-26 13:36:36.803 +05:30 [VRB] Exporting the document as PDF format...
2023-04-26 13:36:37.783 +05:30 [ERR] Something went wrong !
2023-04-26 13:36:37.783 +05:30 [VRB] Closing Word document.
2023-04-26 13:36:37.807 +05:30 [INF] Closing the Word Application
2023-04-26 13:37:27.598 +05:30 [INF] Application Running...
2023-04-26 13:37:34.779 +05:30 [INF] ---Automation Started---
Initiating Word Application
2023-04-26 13:37:35.087 +05:30 [INF] Initiating Rule Engine Executor...
2023-04-26 13:37:35.173 +05:30 [VRB] Initiating Rule Engine...
2023-04-26 13:37:35.318 +05:30 [INF] RuleExecutor returned the values.

2023-04-26 13:37:35.610 +05:30 [INF] Author : Vishnuraj generating Detailed Report...
2023-04-26 13:37:35.788 +05:30 [VRB] Template opened.
2023-04-26 13:37:36.657 +05:30 [INF] Getting holding Details.

2023-04-26 13:37:36.940 +05:30 [VRB] Fetching Opening and closing...
2023-04-26 13:37:36.940 +05:30 [INF] Getting holding Details.

2023-04-26 13:37:37.176 +05:30 [INF] Opening and closing balance fetched.

2023-04-26 13:37:37.975 +05:30 [INF] Binding the data in Word template...
2023-04-26 13:37:38.038 +05:30 [INF] Data binded in Content Control.
2023-04-26 13:37:39.014 +05:30 [DBG] Saving the document under directory D:\PRB.Services\PRB.Services\wwwroot\Report\ACN.docx...
2023-04-26 13:37:39.139 +05:30 [VRB] Exporting the document as PDF format...
2023-04-26 13:37:40.634 +05:30 [INF] Getting holding Details.

2023-04-26 13:37:40.873 +05:30 [VRB] Fetching Opening and closing...
2023-04-26 13:37:40.874 +05:30 [INF] Getting holding Details.

2023-04-26 13:37:41.112 +05:30 [INF] Opening and closing balance fetched.

2023-04-26 13:37:41.828 +05:30 [INF] Binding the data in Word template...
2023-04-26 13:37:41.869 +05:30 [INF] Data binded in Content Control.
2023-04-26 13:37:42.865 +05:30 [DBG] Saving the document under directory D:\PRB.Services\PRB.Services\wwwroot\Report\ACN.docx...
2023-04-26 13:37:42.934 +05:30 [VRB] Exporting the document as PDF format...
2023-04-26 13:37:43.792 +05:30 [INF] Detailed Report generated.
2023-04-26 13:37:43.792 +05:30 [INF] Closing Word document.

2023-04-26 13:37:43.812 +05:30 [INF] Author : Vishnuraj generating Summary Report...
2023-04-26 13:37:43.925 +05:30 [VRB] Template opened.
2023-04-26 13:37:44.380 +05:30 [VRB] Fetching data for binding contents...
2023-04-26 13:37:46.022 +05:30 [INF] Binding data in Word template...
2023-04-26 13:37:46.028 +05:30 [INF] Data binded in Content Control.
2023-04-26 13:37:47.396 +05:30 [DBG] Saving the document under directory D:\PRB.Services\PRB.Services\wwwroot\Report\Summary.docx...
2023-04-26 13:37:47.525 +05:30 [VRB] Exporting the document as PDF format...
2023-04-26 13:37:48.491 +05:30 [INF] Summary Report generated.
2023-04-26 13:37:48.491 +05:30 [INF] Closing Word document.

2023-04-26 13:37:48.513 +05:30 [INF] Author : Vishnuraj Merging all docx...
2023-04-26 13:37:48.514 +05:30 [VRB] Fetching all DOCX file paths...
2023-04-26 13:37:48.595 +05:30 [ERR] Something went wrong.
2023-04-26 13:37:48.595 +05:30 [INF] Closing the Word Application
2023-04-26 13:38:02.308 +05:30 [INF] Closing the Word Appliction
2023-04-26 13:39:22.499 +05:30 [INF] Application Running...
2023-04-26 13:39:30.177 +05:30 [INF] ---Automation Started---
Initiating Word Application
2023-04-26 13:39:30.479 +05:30 [INF] Initiating Rule Engine Executor...
2023-04-26 13:39:30.563 +05:30 [VRB] Initiating Rule Engine...
2023-04-26 13:39:30.704 +05:30 [INF] RuleExecutor returned the values.

2023-04-26 13:39:31.009 +05:30 [INF] Author : Vishnuraj generating Detailed Report...
2023-04-26 13:39:31.183 +05:30 [VRB] Template opened.
2023-04-26 13:39:32.349 +05:30 [ERR] Couldn't find the specified File Path D:\PRB.Services\PRB.Services\wwwroot\Template\DetailedReportTemplate.docx
2023-04-26 13:39:32.370 +05:30 [ERR] Something went wrong !
2023-04-26 13:39:32.370 +05:30 [VRB] Closing Word document.
2023-04-26 13:39:32.377 +05:30 [INF] Closing the Word Application
2023-04-26 13:40:48.820 +05:30 [INF] Application Running...
2023-04-26 13:41:18.182 +05:30 [INF] Application Running...
2023-04-26 13:41:26.425 +05:30 [INF] ---Automation Started---
Initiating Word Application
2023-04-26 13:41:26.739 +05:30 [INF] Initiating Rule Engine Executor...
2023-04-26 13:41:26.825 +05:30 [VRB] Initiating Rule Engine...
2023-04-26 13:41:26.970 +05:30 [INF] RuleExecutor returned the values.

2023-04-26 13:41:27.275 +05:30 [INF] Author : Vishnuraj generating Detailed Report...
2023-04-26 13:41:27.454 +05:30 [VRB] Template opened.
2023-04-26 15:03:59.454 +05:30 [INF] Application Running...
2023-04-26 15:04:14.151 +05:30 [INF] ---Automation Started---
Initiating Word Application
2023-04-26 15:04:15.396 +05:30 [INF] Initiating Rule Engine Executor...
2023-04-26 15:04:15.578 +05:30 [VRB] Initiating Rule Engine...
2023-04-26 15:04:15.743 +05:30 [INF] RuleExecutor returned the values.

2023-04-26 15:05:22.914 +05:30 [INF] Application Running...
2023-04-26 15:05:30.800 +05:30 [INF] ---Automation Started---
Initiating Word Application
2023-04-26 15:05:31.192 +05:30 [INF] Initiating Rule Engine Executor...
2023-04-26 15:05:31.279 +05:30 [VRB] Initiating Rule Engine...
2023-04-26 15:05:31.424 +05:30 [INF] RuleExecutor returned the values.

2023-04-26 15:05:31.462 +05:30 [INF] Author : Vishnuraj generating Detailed Report...
2023-04-26 15:05:32.113 +05:30 [VRB] Template opened.
2023-04-26 15:05:32.511 +05:30 [VRB] Fetching all TICKERS from Database for Mar 2023.
2023-04-26 15:05:32.818 +05:30 [INF] Fetched all TICKERS from Database for Mar 2023.

2023-04-26 15:05:33.270 +05:30 [INF] Getting holding Details.

2023-04-26 15:05:33.575 +05:30 [VRB] Fetching Opening and closing...
2023-04-26 15:05:33.575 +05:30 [INF] Getting holding Details.

2023-04-26 15:05:33.816 +05:30 [INF] Opening and closing balance fetched.

2023-04-26 15:05:35.074 +05:30 [INF] Binding the data in Word template...
2023-04-26 15:05:35.389 +05:30 [INF] Data binded in Content Control.
2023-04-26 15:05:36.276 +05:30 [DBG] Saving the document under directory D:\PRB.Services\PRB.Services\wwwroot\Report\ABBOTINDIA.docx...
2023-04-26 15:05:36.466 +05:30 [VRB] Exporting the document as PDF format...
2023-04-26 15:05:38.155 +05:30 [INF] Getting holding Details.

2023-04-26 15:05:38.394 +05:30 [VRB] Fetching Opening and closing...
2023-04-26 15:05:38.394 +05:30 [INF] Getting holding Details.

2023-04-26 15:05:38.634 +05:30 [INF] Opening and closing balance fetched.

2023-04-26 15:05:39.349 +05:30 [INF] Binding the data in Word template...
2023-04-26 15:05:39.439 +05:30 [INF] Data binded in Content Control.
2023-04-26 15:05:40.353 +05:30 [DBG] Saving the document under directory D:\PRB.Services\PRB.Services\wwwroot\Report\ABBOTINDIA.docx...
2023-04-26 15:05:40.418 +05:30 [VRB] Exporting the document as PDF format...
2023-04-26 15:05:41.551 +05:30 [INF] Getting holding Details.

2023-04-26 15:05:41.790 +05:30 [VRB] Fetching Opening and closing...
2023-04-26 15:05:41.790 +05:30 [INF] Getting holding Details.

2023-04-26 15:05:42.029 +05:30 [INF] Opening and closing balance fetched.

2023-04-26 15:05:42.741 +05:30 [INF] Binding the data in Word template...
2023-04-26 15:05:42.840 +05:30 [INF] Data binded in Content Control.
2023-04-26 15:05:43.858 +05:30 [DBG] Saving the document under directory D:\PRB.Services\PRB.Services\wwwroot\Report\ACN.docx...
2023-04-26 15:05:43.934 +05:30 [VRB] Exporting the document as PDF format...
2023-04-26 15:05:45.088 +05:30 [INF] Getting holding Details.

2023-04-26 15:05:45.327 +05:30 [VRB] Fetching Opening and closing...
2023-04-26 15:05:45.327 +05:30 [INF] Getting holding Details.

2023-04-26 15:05:45.567 +05:30 [INF] Opening and closing balance fetched.

2023-04-26 15:05:46.284 +05:30 [INF] Binding the data in Word template...
2023-04-26 15:05:46.366 +05:30 [INF] Data binded in Content Control.
2023-04-26 15:05:47.487 +05:30 [DBG] Saving the document under directory D:\PRB.Services\PRB.Services\wwwroot\Report\ADANITRANS.docx...
2023-04-26 15:05:47.570 +05:30 [VRB] Exporting the document as PDF format...
2023-04-26 15:05:48.882 +05:30 [INF] Getting holding Details.

2023-04-26 15:05:49.121 +05:30 [VRB] Fetching Opening and closing...
2023-04-26 15:05:49.121 +05:30 [INF] Getting holding Details.

2023-04-26 15:05:49.366 +05:30 [INF] Opening and closing balance fetched.

2023-04-26 15:05:50.089 +05:30 [INF] Binding the data in Word template...
2023-04-26 15:05:50.183 +05:30 [INF] Data binded in Content Control.
2023-04-26 15:05:51.269 +05:30 [DBG] Saving the document under directory D:\PRB.Services\PRB.Services\wwwroot\Report\HDFCBANK.docx...
2023-04-26 15:05:51.360 +05:30 [VRB] Exporting the document as PDF format...
2023-04-26 15:05:52.546 +05:30 [INF] Getting holding Details.

2023-04-26 15:05:52.785 +05:30 [VRB] Fetching Opening and closing...
2023-04-26 15:05:52.785 +05:30 [INF] Getting holding Details.

2023-04-26 15:05:53.024 +05:30 [INF] Opening and closing balance fetched.

2023-04-26 15:05:53.750 +05:30 [INF] Binding the data in Word template...
2023-04-26 15:05:53.821 +05:30 [INF] Data binded in Content Control.
2023-04-26 15:05:54.913 +05:30 [DBG] Saving the document under directory D:\PRB.Services\PRB.Services\wwwroot\Report\TATAMOTORS.docx...
2023-04-26 15:05:55.035 +05:30 [VRB] Exporting the document as PDF format...
2023-04-26 15:05:56.454 +05:30 [INF] Getting holding Details.

2023-04-26 15:05:56.719 +05:30 [VRB] Fetching Opening and closing...
2023-04-26 15:05:56.719 +05:30 [INF] Getting holding Details.

2023-04-26 15:05:56.959 +05:30 [INF] Opening and closing balance fetched.

2023-04-26 15:05:58.064 +05:30 [INF] Binding the data in Word template...
2023-04-26 15:05:58.126 +05:30 [INF] Data binded in Content Control.
2023-04-26 15:05:59.122 +05:30 [DBG] Saving the document under directory D:\PRB.Services\PRB.Services\wwwroot\Report\WIPRO.docx...
2023-04-26 15:05:59.258 +05:30 [VRB] Exporting the document as PDF format...
2023-04-26 15:06:00.169 +05:30 [INF] Detailed Report generated.
2023-04-26 15:06:00.169 +05:30 [INF] Closing Word document.

2023-04-26 15:06:00.212 +05:30 [INF] Author : Vishnuraj generating Summary Report...
2023-04-26 15:06:00.375 +05:30 [VRB] Template opened.
2023-04-26 15:06:00.846 +05:30 [VRB] Fetching data for binding contents...
2023-04-26 15:06:02.585 +05:30 [INF] Binding data in Word template...
2023-04-26 15:06:02.591 +05:30 [INF] Data binded in Content Control.
2023-04-26 15:06:04.085 +05:30 [DBG] Saving the document under directory D:\PRB.Services\PRB.Services\wwwroot\Report\Summary.docx...
2023-04-26 15:06:04.655 +05:30 [VRB] Exporting the document as PDF format...
2023-04-26 15:06:06.437 +05:30 [INF] Summary Report generated.
2023-04-26 15:06:06.437 +05:30 [INF] Closing Word document.

2023-04-26 15:06:06.457 +05:30 [INF] Author : Vishnuraj generating Disclaimer Report...
2023-04-26 15:06:06.537 +05:30 [VRB] Template opened.
2023-04-26 15:06:06.897 +05:30 [VRB] Fetching commentary from database...
2023-04-26 15:06:07.141 +05:30 [INF] Binding data in Word template...
2023-04-26 15:06:07.141 +05:30 [INF] Data binded in Content Control
2023-04-26 15:06:07.141 +05:30 [DBG] Saving the document under directory D:\PRB.Services\PRB.Services\wwwroot\Report\Disclaimer.docx...
2023-04-26 15:06:07.196 +05:30 [VRB] Exporting the document as PDF format...
2023-04-26 15:06:07.287 +05:30 [INF] Disclaimer Report generated.
2023-04-26 15:06:07.287 +05:30 [INF] Closing Word document.

2023-04-26 15:06:08.219 +05:30 [INF] Author : Vishnuraj Merging all docx...
2023-04-26 15:06:08.220 +05:30 [VRB] Fetching all DOCX file paths...
2023-04-26 15:06:08.414 +05:30 [INF] Merging all DOCX file ...
2023-04-26 15:06:08.497 +05:30 [DBG] Summary.docx is merged into Document.
2023-04-26 15:06:08.548 +05:30 [DBG] ABBOTINDIA.docx is merged into Document.
2023-04-26 15:06:08.616 +05:30 [DBG] ACN.docx is merged into Document.
2023-04-26 15:06:08.705 +05:30 [DBG] ADANITRANS.docx is merged into Document.
2023-04-26 15:06:08.800 +05:30 [DBG] HDFCBANK.docx is merged into Document.
2023-04-26 15:06:08.916 +05:30 [DBG] TATAMOTORS.docx is merged into Document.
2023-04-26 15:06:09.044 +05:30 [DBG] WIPRO.docx is merged into Document.
2023-04-26 15:06:09.183 +05:30 [INF] Merged document is Protected with password
2023-04-26 15:06:09.183 +05:30 [DBG] Saving the document under directory D:\PRB.Services\PRB.Services\wwwroot\Report\.docx...
2023-04-26 15:06:09.922 +05:30 [DBG] Exporting the document as PDF format...
2023-04-26 15:06:10.567 +05:30 [INF] Closing the Word Appliction
2023-04-26 15:06:10.569 +05:30 [INF] ---Automation Terminated---

2023-04-26 15:39:52.283 +05:30 [INF] Application Running...
2023-04-26 15:40:00.306 +05:30 [INF] ---Automation Started---
Initiating Word Application
2023-04-26 15:40:01.226 +05:30 [INF] Initiating Rule Engine Executor...
2023-04-26 15:40:01.326 +05:30 [VRB] Initiating Rule Engine...
2023-04-26 15:40:01.498 +05:30 [INF] RuleExecutor returned the values.

2023-04-26 15:40:01.553 +05:30 [INF] Author : Vishnuraj generating Detailed Report...
2023-04-26 15:40:02.227 +05:30 [VRB] Template opened.
2023-04-26 15:40:02.634 +05:30 [VRB] Fetching all TICKERS from Database for Mar 2023.
2023-04-26 15:40:02.925 +05:30 [INF] Fetched all TICKERS from Database for Mar 2023.

2023-04-26 15:40:03.355 +05:30 [INF] Getting holding Details.

2023-04-26 15:40:03.648 +05:30 [VRB] Fetching Opening and closing...
2023-04-26 15:40:03.648 +05:30 [INF] Getting holding Details.

2023-04-26 15:40:03.880 +05:30 [INF] Opening and closing balance fetched.

2023-04-26 15:40:05.030 +05:30 [INF] Binding the data in Word template...
2023-04-26 15:40:16.911 +05:30 [INF] Data binded in Content Control.
2023-04-26 15:40:17.814 +05:30 [DBG] Saving the document under directory D:\PRB.Services\PRB.Services\wwwroot\Report\ABBOTINDIA.docx...
2023-04-26 15:40:18.030 +05:30 [VRB] Exporting the document as PDF format...
2023-04-26 15:40:19.810 +05:30 [INF] Getting holding Details.

2023-04-26 15:40:20.043 +05:30 [VRB] Fetching Opening and closing...
2023-04-26 15:40:20.043 +05:30 [INF] Getting holding Details.

2023-04-26 15:40:20.274 +05:30 [INF] Opening and closing balance fetched.

2023-04-26 15:40:21.176 +05:30 [INF] Binding the data in Word template...
2023-04-26 15:40:21.392 +05:30 [INF] Data binded in Content Control.
2023-04-26 15:40:22.286 +05:30 [DBG] Saving the document under directory D:\PRB.Services\PRB.Services\wwwroot\Report\ABBOTINDIA.docx...
2023-04-26 15:40:22.350 +05:30 [VRB] Exporting the document as PDF format...
2023-04-26 15:40:23.468 +05:30 [INF] Getting holding Details.

2023-04-26 15:40:23.700 +05:30 [VRB] Fetching Opening and closing...
2023-04-26 15:40:23.700 +05:30 [INF] Getting holding Details.

2023-04-26 15:40:23.932 +05:30 [INF] Opening and closing balance fetched.

2023-04-26 15:40:24.627 +05:30 [INF] Binding the data in Word template...
2023-04-26 15:40:24.688 +05:30 [INF] Data binded in Content Control.
2023-04-26 15:40:25.717 +05:30 [DBG] Saving the document under directory D:\PRB.Services\PRB.Services\wwwroot\Report\ACN.docx...
2023-04-26 15:40:25.808 +05:30 [VRB] Exporting the document as PDF format...
2023-04-26 15:40:27.037 +05:30 [INF] Getting holding Details.

2023-04-26 15:40:27.268 +05:30 [VRB] Fetching Opening and closing...
2023-04-26 15:40:27.268 +05:30 [INF] Getting holding Details.

2023-04-26 15:40:27.499 +05:30 [INF] Opening and closing balance fetched.

2023-04-26 15:40:28.225 +05:30 [INF] Binding the data in Word template...
2023-04-26 15:40:28.291 +05:30 [INF] Data binded in Content Control.
2023-04-26 15:40:29.407 +05:30 [DBG] Saving the document under directory D:\PRB.Services\PRB.Services\wwwroot\Report\ADANITRANS.docx...
2023-04-26 15:40:29.545 +05:30 [VRB] Exporting the document as PDF format...
2023-04-26 15:40:30.783 +05:30 [INF] Getting holding Details.

2023-04-26 15:40:31.015 +05:30 [VRB] Fetching Opening and closing...
2023-04-26 15:40:31.015 +05:30 [INF] Getting holding Details.

2023-04-26 15:40:31.247 +05:30 [INF] Opening and closing balance fetched.

2023-04-26 15:40:32.070 +05:30 [INF] Binding the data in Word template...
2023-04-26 15:40:32.144 +05:30 [INF] Data binded in Content Control.
2023-04-26 15:40:33.216 +05:30 [DBG] Saving the document under directory D:\PRB.Services\PRB.Services\wwwroot\Report\HDFCBANK.docx...
2023-04-26 15:40:33.312 +05:30 [VRB] Exporting the document as PDF format...
2023-04-26 15:40:34.683 +05:30 [INF] Getting holding Details.

2023-04-26 15:40:34.919 +05:30 [VRB] Fetching Opening and closing...
2023-04-26 15:40:34.919 +05:30 [INF] Getting holding Details.

2023-04-26 15:40:35.153 +05:30 [INF] Opening and closing balance fetched.

2023-04-26 15:40:35.922 +05:30 [INF] Binding the data in Word template...
2023-04-26 15:40:36.002 +05:30 [INF] Data binded in Content Control.
2023-04-26 15:40:37.084 +05:30 [DBG] Saving the document under directory D:\PRB.Services\PRB.Services\wwwroot\Report\TATAMOTORS.docx...
2023-04-26 15:40:37.173 +05:30 [VRB] Exporting the document as PDF format...
2023-04-26 15:40:38.317 +05:30 [INF] Getting holding Details.

2023-04-26 15:40:38.549 +05:30 [VRB] Fetching Opening and closing...
2023-04-26 15:40:38.549 +05:30 [INF] Getting holding Details.

2023-04-26 15:40:38.780 +05:30 [INF] Opening and closing balance fetched.

2023-04-26 15:40:39.478 +05:30 [INF] Binding the data in Word template...
2023-04-26 15:40:39.541 +05:30 [INF] Data binded in Content Control.
2023-04-26 15:40:40.643 +05:30 [DBG] Saving the document under directory D:\PRB.Services\PRB.Services\wwwroot\Report\WIPRO.docx...
2023-04-26 15:40:40.739 +05:30 [VRB] Exporting the document as PDF format...
2023-04-26 15:40:41.646 +05:30 [INF] Detailed Report generated.
2023-04-26 15:40:41.646 +05:30 [INF] Closing Word document.

2023-04-26 15:40:41.686 +05:30 [INF] Author : Vishnuraj generating Summary Report...
2023-04-26 15:40:41.819 +05:30 [VRB] Template opened.
2023-04-26 15:40:42.274 +05:30 [VRB] Fetching data for binding contents...
2023-04-26 15:40:43.952 +05:30 [INF] Binding data in Word template...
2023-04-26 15:40:43.960 +05:30 [INF] Data binded in Content Control.
2023-04-26 15:40:45.354 +05:30 [DBG] Saving the document under directory D:\PRB.Services\PRB.Services\wwwroot\Report\Summary.docx...
2023-04-26 15:40:45.514 +05:30 [VRB] Exporting the document as PDF format...
2023-04-26 15:40:46.491 +05:30 [INF] Summary Report generated.
2023-04-26 15:40:46.491 +05:30 [INF] Closing Word document.

2023-04-26 15:40:46.511 +05:30 [INF] Author : Vishnuraj generating Disclaimer Report...
2023-04-26 15:40:46.605 +05:30 [VRB] Template opened.
2023-04-26 15:40:46.959 +05:30 [VRB] Fetching commentary from database...
2023-04-26 15:40:47.194 +05:30 [INF] Binding data in Word template...
2023-04-26 15:40:47.194 +05:30 [INF] Data binded in Content Control
2023-04-26 15:40:47.194 +05:30 [DBG] Saving the document under directory D:\PRB.Services\PRB.Services\wwwroot\Report\Disclaimer.docx...
2023-04-26 15:40:47.256 +05:30 [VRB] Exporting the document as PDF format...
2023-04-26 15:40:47.375 +05:30 [INF] Disclaimer Report generated.
2023-04-26 15:40:47.375 +05:30 [INF] Closing Word document.

2023-04-26 15:40:48.424 +05:30 [INF] Author : Vishnuraj Merging all docx...
2023-04-26 15:40:48.425 +05:30 [VRB] Fetching all DOCX file paths...
2023-04-26 15:40:48.608 +05:30 [INF] Merging all DOCX file ...
2023-04-26 15:40:48.693 +05:30 [DBG] Summary.docx is merged into Document.
2023-04-26 15:40:48.794 +05:30 [DBG] ABBOTINDIA.docx is merged into Document.
2023-04-26 15:40:48.844 +05:30 [DBG] ACN.docx is merged into Document.
2023-04-26 15:40:48.932 +05:30 [DBG] ADANITRANS.docx is merged into Document.
2023-04-26 15:40:49.030 +05:30 [DBG] HDFCBANK.docx is merged into Document.
2023-04-26 15:40:49.154 +05:30 [DBG] TATAMOTORS.docx is merged into Document.
2023-04-26 15:40:49.274 +05:30 [DBG] WIPRO.docx is merged into Document.
2023-04-26 15:40:49.417 +05:30 [INF] Merged document is Protected with password
2023-04-26 15:40:49.417 +05:30 [DBG] Saving the document under directory D:\PRB.Services\PRB.Services\wwwroot\Report\.docx...
2023-04-26 15:40:50.000 +05:30 [DBG] Exporting the document as PDF format...
2023-04-26 15:40:50.671 +05:30 [INF] Closing the Word Appliction
2023-04-26 15:40:50.673 +05:30 [INF] ---Automation Terminated---

2023-04-26 15:46:20.435 +05:30 [INF] Application Running...
2023-04-26 15:46:38.689 +05:30 [INF] ---Automation Started---
Initiating Word Application
2023-04-26 15:46:39.024 +05:30 [INF] Initiating Rule Engine Executor...
2023-04-26 15:46:39.115 +05:30 [VRB] Initiating Rule Engine...
2023-04-26 15:46:39.270 +05:30 [INF] RuleExecutor returned the values.

2023-04-26 15:46:39.308 +05:30 [INF] Author : Vishnuraj generating Detailed Report...
2023-04-26 15:46:39.503 +05:30 [VRB] Template opened.
2023-04-26 15:46:39.874 +05:30 [VRB] Fetching all TICKERS from Database for Mar 2023.
2023-04-26 15:46:40.164 +05:30 [INF] Fetched all TICKERS from Database for Mar 2023.

2023-04-26 15:46:40.587 +05:30 [INF] Getting holding Details.

2023-04-26 15:46:40.872 +05:30 [VRB] Fetching Opening and closing...
2023-04-26 15:46:40.872 +05:30 [INF] Getting holding Details.

2023-04-26 15:46:41.104 +05:30 [INF] Opening and closing balance fetched.

2023-04-26 15:46:41.890 +05:30 [INF] Binding the data in Word template...
2023-04-26 15:47:00.339 +05:30 [INF] Application Running...
2023-04-26 15:47:20.503 +05:30 [INF] ---Automation Started---
Initiating Word Application
2023-04-26 15:47:20.817 +05:30 [INF] Initiating Rule Engine Executor...
2023-04-26 15:47:20.914 +05:30 [VRB] Initiating Rule Engine...
2023-04-26 15:47:21.077 +05:30 [INF] RuleExecutor returned the values.

2023-04-26 15:47:21.114 +05:30 [INF] Author : Vishnuraj generating Detailed Report...
2023-04-26 15:47:21.291 +05:30 [VRB] Template opened.
2023-04-26 15:47:21.641 +05:30 [VRB] Fetching all TICKERS from Database for Mar 2023.
2023-04-26 15:47:21.933 +05:30 [INF] Fetched all TICKERS from Database for Mar 2023.

2023-04-26 15:47:22.340 +05:30 [INF] Getting holding Details.

2023-04-26 15:47:22.619 +05:30 [VRB] Fetching Opening and closing...
2023-04-26 15:47:22.619 +05:30 [INF] Getting holding Details.

2023-04-26 15:47:22.852 +05:30 [INF] Opening and closing balance fetched.

2023-04-26 15:47:23.648 +05:30 [INF] Binding the data in Word template...
2023-04-26 15:49:16.257 +05:30 [INF] Data binded in Content Control.
2023-04-26 15:49:17.080 +05:30 [DBG] Saving the document under directory D:\PRB.Services\PRB.Services\wwwroot\Report\ABBOTINDIA.docx...
2023-04-26 15:49:17.241 +05:30 [VRB] Exporting the document as PDF format...
2023-04-26 15:49:18.486 +05:30 [INF] Getting holding Details.

2023-04-26 15:49:18.726 +05:30 [VRB] Fetching Opening and closing...
2023-04-26 15:49:18.726 +05:30 [INF] Getting holding Details.

2023-04-26 15:49:18.965 +05:30 [INF] Opening and closing balance fetched.

2023-04-26 15:49:19.699 +05:30 [INF] Binding the data in Word template...
2023-04-26 15:50:38.406 +05:30 [INF] Data binded in Content Control.
2023-04-26 15:50:39.286 +05:30 [DBG] Saving the document under directory D:\PRB.Services\PRB.Services\wwwroot\Report\ABBOTINDIA.docx...
2023-04-26 15:50:39.363 +05:30 [VRB] Exporting the document as PDF format...
2023-04-26 15:50:40.667 +05:30 [INF] Getting holding Details.

2023-04-26 15:50:40.909 +05:30 [VRB] Fetching Opening and closing...
2023-04-26 15:50:40.909 +05:30 [INF] Getting holding Details.

2023-04-26 15:50:41.150 +05:30 [INF] Opening and closing balance fetched.

2023-04-26 15:50:42.347 +05:30 [INF] Binding the data in Word template...
2023-04-26 15:50:42.400 +05:30 [INF] Data binded in Content Control.
2023-04-26 15:50:43.484 +05:30 [DBG] Saving the document under directory D:\PRB.Services\PRB.Services\wwwroot\Report\ACN.docx...
2023-04-26 15:50:43.569 +05:30 [VRB] Exporting the document as PDF format...
2023-04-26 15:50:44.725 +05:30 [INF] Getting holding Details.

2023-04-26 15:50:45.221 +05:30 [VRB] Fetching Opening and closing...
2023-04-26 15:50:45.221 +05:30 [INF] Getting holding Details.

2023-04-26 15:50:45.459 +05:30 [INF] Opening and closing balance fetched.

2023-04-26 15:50:46.168 +05:30 [INF] Binding the data in Word template...
2023-04-26 15:50:46.224 +05:30 [INF] Data binded in Content Control.
2023-04-26 15:50:47.255 +05:30 [DBG] Saving the document under directory D:\PRB.Services\PRB.Services\wwwroot\Report\ADANITRANS.docx...
2023-04-26 15:50:47.340 +05:30 [VRB] Exporting the document as PDF format...
2023-04-26 15:50:48.626 +05:30 [INF] Getting holding Details.

2023-04-26 15:50:48.865 +05:30 [VRB] Fetching Opening and closing...
2023-04-26 15:50:48.865 +05:30 [INF] Getting holding Details.

2023-04-26 15:50:49.113 +05:30 [INF] Opening and closing balance fetched.

2023-04-26 15:50:49.864 +05:30 [INF] Binding the data in Word template...
2023-04-26 15:50:49.922 +05:30 [INF] Data binded in Content Control.
2023-04-26 15:50:50.961 +05:30 [DBG] Saving the document under directory D:\PRB.Services\PRB.Services\wwwroot\Report\HDFCBANK.docx...
2023-04-26 15:50:51.048 +05:30 [VRB] Exporting the document as PDF format...
2023-04-26 15:50:52.195 +05:30 [INF] Getting holding Details.

2023-04-26 15:50:52.456 +05:30 [VRB] Fetching Opening and closing...
2023-04-26 15:50:52.456 +05:30 [INF] Getting holding Details.

2023-04-26 15:50:52.709 +05:30 [INF] Opening and closing balance fetched.

2023-04-26 15:50:53.888 +05:30 [INF] Binding the data in Word template...
2023-04-26 15:50:53.962 +05:30 [INF] Data binded in Content Control.
2023-04-26 15:50:55.059 +05:30 [DBG] Saving the document under directory D:\PRB.Services\PRB.Services\wwwroot\Report\TATAMOTORS.docx...
2023-04-26 15:50:55.165 +05:30 [VRB] Exporting the document as PDF format...
2023-04-26 15:50:56.283 +05:30 [INF] Getting holding Details.

2023-04-26 15:50:56.521 +05:30 [VRB] Fetching Opening and closing...
2023-04-26 15:50:56.521 +05:30 [INF] Getting holding Details.

2023-04-26 15:50:56.759 +05:30 [INF] Opening and closing balance fetched.

2023-04-26 15:50:58.573 +05:30 [INF] Binding the data in Word template...
2023-04-26 15:50:58.638 +05:30 [INF] Data binded in Content Control.
2023-04-26 15:50:59.735 +05:30 [DBG] Saving the document under directory D:\PRB.Services\PRB.Services\wwwroot\Report\WIPRO.docx...
2023-04-26 15:50:59.824 +05:30 [VRB] Exporting the document as PDF format...
2023-04-26 15:51:00.727 +05:30 [INF] Detailed Report generated.
2023-04-26 15:51:00.727 +05:30 [INF] Closing Word document.

2023-04-26 15:51:00.755 +05:30 [INF] Author : Vishnuraj generating Summary Report...
2023-04-26 15:51:00.862 +05:30 [VRB] Template opened.
2023-04-26 15:51:01.300 +05:30 [VRB] Fetching data for binding contents...
2023-04-26 15:51:03.063 +05:30 [INF] Binding data in Word template...
2023-04-26 15:51:03.068 +05:30 [INF] Data binded in Content Control.
2023-04-26 15:51:04.416 +05:30 [DBG] Saving the document under directory D:\PRB.Services\PRB.Services\wwwroot\Report\Summary.docx...
2023-04-26 15:51:04.553 +05:30 [VRB] Exporting the document as PDF format...
2023-04-26 15:51:05.525 +05:30 [INF] Summary Report generated.
2023-04-26 15:51:05.526 +05:30 [INF] Closing Word document.

2023-04-26 15:51:05.544 +05:30 [INF] Author : Vishnuraj generating Disclaimer Report...
2023-04-26 15:51:05.632 +05:30 [VRB] Template opened.
2023-04-26 15:51:06.039 +05:30 [VRB] Fetching commentary from database...
2023-04-26 15:51:06.281 +05:30 [INF] Binding data in Word template...
2023-04-26 15:51:06.281 +05:30 [INF] Data binded in Content Control
2023-04-26 15:51:06.281 +05:30 [DBG] Saving the document under directory D:\PRB.Services\PRB.Services\wwwroot\Report\Disclaimer.docx...
2023-04-26 15:51:06.340 +05:30 [VRB] Exporting the document as PDF format...
2023-04-26 15:51:06.441 +05:30 [INF] Disclaimer Report generated.
2023-04-26 15:51:06.442 +05:30 [INF] Closing Word document.

2023-04-26 15:51:07.351 +05:30 [INF] Author : Vishnuraj Merging all docx...
2023-04-26 15:51:07.352 +05:30 [VRB] Fetching all DOCX file paths...
2023-04-26 15:51:07.458 +05:30 [INF] Merging all DOCX file ...
2023-04-26 15:51:07.543 +05:30 [DBG] Summary.docx is merged into Document.
2023-04-26 15:51:07.586 +05:30 [DBG] ABBOTINDIA.docx is merged into Document.
2023-04-26 15:51:07.664 +05:30 [DBG] ACN.docx is merged into Document.
2023-04-26 15:51:07.756 +05:30 [DBG] ADANITRANS.docx is merged into Document.
2023-04-26 15:51:07.845 +05:30 [DBG] HDFCBANK.docx is merged into Document.
2023-04-26 15:51:07.950 +05:30 [DBG] TATAMOTORS.docx is merged into Document.
2023-04-26 15:51:08.069 +05:30 [DBG] WIPRO.docx is merged into Document.
2023-04-26 15:51:08.190 +05:30 [INF] Merged document is Protected with password
2023-04-26 15:51:08.190 +05:30 [DBG] Saving the document under directory D:\PRB.Services\PRB.Services\wwwroot\Report\.docx...
2023-04-26 15:51:08.774 +05:30 [DBG] Exporting the document as PDF format...
2023-04-26 15:51:09.466 +05:30 [INF] Closing the Word Appliction
2023-04-26 15:51:09.468 +05:30 [INF] ---Automation Terminated---

2023-04-26 15:56:42.905 +05:30 [INF] Application Running...
2023-04-26 15:56:55.653 +05:30 [INF] ---Automation Started---
Initiating Word Application
2023-04-26 15:56:56.018 +05:30 [INF] Initiating Rule Engine Executor...
2023-04-26 15:56:56.104 +05:30 [VRB] Initiating Rule Engine...
2023-04-26 15:56:56.253 +05:30 [INF] RuleExecutor returned the values.

2023-04-26 15:56:56.290 +05:30 [INF] Author : Vishnuraj generating Detailed Report...
2023-04-26 15:56:56.476 +05:30 [VRB] Template opened.
2023-04-26 15:56:56.867 +05:30 [VRB] Fetching all TICKERS from Database for Mar 2023.
2023-04-26 15:56:57.163 +05:30 [INF] Fetched all TICKERS from Database for Mar 2023.

2023-04-26 15:56:57.575 +05:30 [INF] Getting holding Details.

2023-04-26 15:56:57.863 +05:30 [VRB] Fetching Opening and closing...
2023-04-26 15:56:57.864 +05:30 [INF] Getting holding Details.

2023-04-26 15:56:58.102 +05:30 [INF] Opening and closing balance fetched.

2023-04-26 15:56:58.942 +05:30 [INF] Binding the data in Word template...
2023-04-26 15:57:15.881 +05:30 [INF] Data binded in Content Control.
2023-04-26 15:57:16.725 +05:30 [DBG] Saving the document under directory D:\PRB.Services\PRB.Services\wwwroot\Report\ABBOTINDIA.docx...
2023-04-26 15:57:16.884 +05:30 [VRB] Exporting the document as PDF format...
2023-04-26 15:57:18.527 +05:30 [INF] Getting holding Details.

2023-04-26 15:57:18.766 +05:30 [VRB] Fetching Opening and closing...
2023-04-26 15:57:18.766 +05:30 [INF] Getting holding Details.

2023-04-26 15:57:19.004 +05:30 [INF] Opening and closing balance fetched.

2023-04-26 15:57:19.910 +05:30 [INF] Binding the data in Word template...
2023-04-26 15:57:19.992 +05:30 [INF] Data binded in Content Control.
2023-04-26 15:57:20.913 +05:30 [DBG] Saving the document under directory D:\PRB.Services\PRB.Services\wwwroot\Report\ABBOTINDIA.docx...
2023-04-26 15:57:20.985 +05:30 [VRB] Exporting the document as PDF format...
2023-04-26 15:57:22.603 +05:30 [INF] Getting holding Details.

2023-04-26 15:57:22.841 +05:30 [VRB] Fetching Opening and closing...
2023-04-26 15:57:22.842 +05:30 [INF] Getting holding Details.

2023-04-26 15:57:23.081 +05:30 [INF] Opening and closing balance fetched.

2023-04-26 15:57:24.047 +05:30 [INF] Binding the data in Word template...
2023-04-26 15:57:24.137 +05:30 [INF] Data binded in Content Control.
2023-04-26 15:57:25.161 +05:30 [DBG] Saving the document under directory D:\PRB.Services\PRB.Services\wwwroot\Report\ACN.docx...
2023-04-26 15:57:25.240 +05:30 [VRB] Exporting the document as PDF format...
2023-04-26 15:57:26.388 +05:30 [INF] Getting holding Details.

2023-04-26 15:57:26.626 +05:30 [VRB] Fetching Opening and closing...
2023-04-26 15:57:26.626 +05:30 [INF] Getting holding Details.

2023-04-26 15:57:26.864 +05:30 [INF] Opening and closing balance fetched.

2023-04-26 15:57:27.581 +05:30 [INF] Binding the data in Word template...
2023-04-26 15:57:27.674 +05:30 [INF] Data binded in Content Control.
2023-04-26 15:57:28.872 +05:30 [DBG] Saving the document under directory D:\PRB.Services\PRB.Services\wwwroot\Report\ADANITRANS.docx...
2023-04-26 15:57:28.985 +05:30 [VRB] Exporting the document as PDF format...
2023-04-26 15:57:30.223 +05:30 [INF] Getting holding Details.

2023-04-26 15:57:30.462 +05:30 [VRB] Fetching Opening and closing...
2023-04-26 15:57:30.462 +05:30 [INF] Getting holding Details.

2023-04-26 15:57:30.699 +05:30 [INF] Opening and closing balance fetched.

2023-04-26 15:57:31.450 +05:30 [INF] Binding the data in Word template...
2023-04-26 15:57:31.549 +05:30 [INF] Data binded in Content Control.
2023-04-26 15:57:32.611 +05:30 [DBG] Saving the document under directory D:\PRB.Services\PRB.Services\wwwroot\Report\HDFCBANK.docx...
2023-04-26 15:57:32.700 +05:30 [VRB] Exporting the document as PDF format...
2023-04-26 15:57:33.873 +05:30 [INF] Getting holding Details.

2023-04-26 15:57:34.111 +05:30 [VRB] Fetching Opening and closing...
2023-04-26 15:57:34.111 +05:30 [INF] Getting holding Details.

2023-04-26 15:57:34.348 +05:30 [INF] Opening and closing balance fetched.

2023-04-26 15:57:35.096 +05:30 [INF] Binding the data in Word template...
2023-04-26 15:57:35.186 +05:30 [INF] Data binded in Content Control.
2023-04-26 15:57:36.330 +05:30 [DBG] Saving the document under directory D:\PRB.Services\PRB.Services\wwwroot\Report\TATAMOTORS.docx...
2023-04-26 15:57:36.414 +05:30 [VRB] Exporting the document as PDF format...
2023-04-26 15:57:37.570 +05:30 [INF] Getting holding Details.

2023-04-26 15:57:37.868 +05:30 [VRB] Fetching Opening and closing...
2023-04-26 15:57:37.868 +05:30 [INF] Getting holding Details.

2023-04-26 15:57:38.106 +05:30 [INF] Opening and closing balance fetched.

2023-04-26 15:57:39.054 +05:30 [INF] Binding the data in Word template...
2023-04-26 15:57:39.201 +05:30 [INF] Data binded in Content Control.
2023-04-26 15:57:40.423 +05:30 [DBG] Saving the document under directory D:\PRB.Services\PRB.Services\wwwroot\Report\WIPRO.docx...
2023-04-26 15:57:40.591 +05:30 [VRB] Exporting the document as PDF format...
2023-04-26 15:57:41.638 +05:30 [INF] Detailed Report generated.
2023-04-26 15:57:41.638 +05:30 [INF] Closing Word document.

2023-04-26 15:57:41.681 +05:30 [INF] Author : Vishnuraj generating Summary Report...
2023-04-26 15:57:41.835 +05:30 [VRB] Template opened.
2023-04-26 15:57:42.313 +05:30 [VRB] Fetching data for binding contents...
2023-04-26 15:57:44.064 +05:30 [INF] Binding data in Word template...
2023-04-26 15:57:44.071 +05:30 [INF] Data binded in Content Control.
2023-04-26 15:57:45.963 +05:30 [DBG] Saving the document under directory D:\PRB.Services\PRB.Services\wwwroot\Report\Summary.docx...
2023-04-26 15:57:46.183 +05:30 [VRB] Exporting the document as PDF format...
2023-04-26 15:57:47.242 +05:30 [INF] Summary Report generated.
2023-04-26 15:57:47.242 +05:30 [INF] Closing Word document.

2023-04-26 15:57:47.268 +05:30 [INF] Author : Vishnuraj generating Disclaimer Report...
2023-04-26 15:57:47.367 +05:30 [VRB] Template opened.
2023-04-26 15:57:47.736 +05:30 [VRB] Fetching commentary from database...
2023-04-26 15:57:47.978 +05:30 [INF] Binding data in Word template...
2023-04-26 15:57:47.978 +05:30 [INF] Data binded in Content Control
2023-04-26 15:57:47.978 +05:30 [DBG] Saving the document under directory D:\PRB.Services\PRB.Services\wwwroot\Report\Disclaimer.docx...
2023-04-26 15:57:48.063 +05:30 [VRB] Exporting the document as PDF format...
2023-04-26 15:57:48.154 +05:30 [INF] Disclaimer Report generated.
2023-04-26 15:57:48.154 +05:30 [INF] Closing Word document.

2023-04-26 15:57:49.282 +05:30 [ERR] Something went wrong while encryption. !
2023-04-26 16:05:17.579 +05:30 [INF] Application Running...
2023-04-26 16:05:34.377 +05:30 [INF] ---Automation Started---
Initiating Word Application
2023-04-26 16:05:34.866 +05:30 [INF] Initiating Rule Engine Executor...
2023-04-26 16:05:34.970 +05:30 [VRB] Initiating Rule Engine...
2023-04-26 16:05:35.128 +05:30 [INF] RuleExecutor returned the values.

2023-04-26 16:05:35.178 +05:30 [INF] Author : Vishnuraj generating Detailed Report...
2023-04-26 16:05:35.368 +05:30 [VRB] Template opened.
2023-04-26 16:05:35.767 +05:30 [VRB] Fetching all TICKERS from Database for Mar 2023.
2023-04-26 16:05:36.068 +05:30 [INF] Fetched all TICKERS from Database for Mar 2023.

2023-04-26 16:05:36.380 +05:30 [INF] Getting holding Details.

2023-04-26 16:05:36.682 +05:30 [VRB] Fetching Opening and closing...
2023-04-26 16:05:36.683 +05:30 [INF] Getting holding Details.

2023-04-26 16:05:36.920 +05:30 [INF] Opening and closing balance fetched.

2023-04-26 16:05:38.236 +05:30 [INF] Binding the data in Word template...
2023-04-26 16:05:47.926 +05:30 [INF] Data binded in Content Control.
2023-04-26 16:05:48.784 +05:30 [DBG] Saving the document under directory D:\PRB.Services\PRB.Services\wwwroot\Report\ABBOTINDIA.docx...
2023-04-26 16:05:48.957 +05:30 [VRB] Exporting the document as PDF format...
2023-04-26 16:05:50.775 +05:30 [INF] Getting holding Details.

2023-04-26 16:05:51.013 +05:30 [VRB] Fetching Opening and closing...
2023-04-26 16:05:51.013 +05:30 [INF] Getting holding Details.

2023-04-26 16:05:51.251 +05:30 [INF] Opening and closing balance fetched.

2023-04-26 16:05:51.984 +05:30 [INF] Binding the data in Word template...
2023-04-26 16:05:52.083 +05:30 [INF] Data binded in Content Control.
2023-04-26 16:05:53.018 +05:30 [DBG] Saving the document under directory D:\PRB.Services\PRB.Services\wwwroot\Report\ABBOTINDIA.docx...
2023-04-26 16:05:53.094 +05:30 [VRB] Exporting the document as PDF format...
2023-04-26 16:05:54.298 +05:30 [INF] Getting holding Details.

2023-04-26 16:05:54.535 +05:30 [VRB] Fetching Opening and closing...
2023-04-26 16:05:54.535 +05:30 [INF] Getting holding Details.

2023-04-26 16:05:54.773 +05:30 [INF] Opening and closing balance fetched.

2023-04-26 16:05:55.507 +05:30 [INF] Binding the data in Word template...
2023-04-26 16:05:55.651 +05:30 [INF] Data binded in Content Control.
2023-04-26 16:05:56.638 +05:30 [DBG] Saving the document under directory D:\PRB.Services\PRB.Services\wwwroot\Report\ACN.docx...
2023-04-26 16:05:56.720 +05:30 [VRB] Exporting the document as PDF format...
2023-04-26 16:05:57.900 +05:30 [INF] Getting holding Details.

2023-04-26 16:05:58.138 +05:30 [VRB] Fetching Opening and closing...
2023-04-26 16:05:58.138 +05:30 [INF] Getting holding Details.

2023-04-26 16:05:58.376 +05:30 [INF] Opening and closing balance fetched.

2023-04-26 16:05:59.086 +05:30 [INF] Binding the data in Word template...
2023-04-26 16:05:59.171 +05:30 [INF] Data binded in Content Control.
2023-04-26 16:06:00.463 +05:30 [DBG] Saving the document under directory D:\PRB.Services\PRB.Services\wwwroot\Report\ADANITRANS.docx...
2023-04-26 16:06:00.587 +05:30 [VRB] Exporting the document as PDF format...
2023-04-26 16:06:03.084 +05:30 [INF] Getting holding Details.

2023-04-26 16:06:03.323 +05:30 [VRB] Fetching Opening and closing...
2023-04-26 16:06:03.323 +05:30 [INF] Getting holding Details.

2023-04-26 16:06:03.561 +05:30 [INF] Opening and closing balance fetched.

2023-04-26 16:06:05.317 +05:30 [INF] Binding the data in Word template...
2023-04-26 16:06:05.420 +05:30 [INF] Data binded in Content Control.
2023-04-26 16:06:06.441 +05:30 [DBG] Saving the document under directory D:\PRB.Services\PRB.Services\wwwroot\Report\HDFCBANK.docx...
2023-04-26 16:06:06.527 +05:30 [VRB] Exporting the document as PDF format...
2023-04-26 16:06:07.703 +05:30 [INF] Getting holding Details.

2023-04-26 16:06:07.941 +05:30 [VRB] Fetching Opening and closing...
2023-04-26 16:06:07.941 +05:30 [INF] Getting holding Details.

2023-04-26 16:06:08.178 +05:30 [INF] Opening and closing balance fetched.

2023-04-26 16:06:08.896 +05:30 [INF] Binding the data in Word template...
2023-04-26 16:06:08.973 +05:30 [INF] Data binded in Content Control.
2023-04-26 16:06:10.004 +05:30 [DBG] Saving the document under directory D:\PRB.Services\PRB.Services\wwwroot\Report\TATAMOTORS.docx...
2023-04-26 16:06:10.110 +05:30 [VRB] Exporting the document as PDF format...
2023-04-26 16:06:11.276 +05:30 [INF] Getting holding Details.

2023-04-26 16:06:11.515 +05:30 [VRB] Fetching Opening and closing...
2023-04-26 16:06:11.515 +05:30 [INF] Getting holding Details.

2023-04-26 16:06:11.753 +05:30 [INF] Opening and closing balance fetched.

2023-04-26 16:06:12.459 +05:30 [INF] Binding the data in Word template...
2023-04-26 16:06:12.522 +05:30 [INF] Data binded in Content Control.
2023-04-26 16:06:13.538 +05:30 [DBG] Saving the document under directory D:\PRB.Services\PRB.Services\wwwroot\Report\WIPRO.docx...
2023-04-26 16:06:13.628 +05:30 [VRB] Exporting the document as PDF format...
2023-04-26 16:06:14.556 +05:30 [INF] Detailed Report generated.
2023-04-26 16:06:14.557 +05:30 [INF] Closing Word document.

2023-04-26 16:06:14.604 +05:30 [INF] Author : Vishnuraj generating Summary Report...
2023-04-26 16:06:14.742 +05:30 [VRB] Template opened.
2023-04-26 16:06:15.164 +05:30 [VRB] Fetching data for binding contents...
2023-04-26 16:06:16.964 +05:30 [INF] Binding data in Word template...
2023-04-26 16:06:16.973 +05:30 [INF] Data binded in Content Control.
2023-04-26 16:06:18.525 +05:30 [DBG] Saving the document under directory D:\PRB.Services\PRB.Services\wwwroot\Report\Summary.docx...
2023-04-26 16:06:18.683 +05:30 [VRB] Exporting the document as PDF format...
2023-04-26 16:06:19.765 +05:30 [INF] Summary Report generated.
2023-04-26 16:06:19.765 +05:30 [INF] Closing Word document.

2023-04-26 16:06:19.790 +05:30 [INF] Author : Vishnuraj generating Disclaimer Report...
2023-04-26 16:06:19.879 +05:30 [VRB] Template opened.
2023-04-26 16:10:24.505 +05:30 [INF] Application Running...
2023-04-26 16:10:33.036 +05:30 [INF] ---Automation Started---
Initiating Word Application
2023-04-26 16:10:33.420 +05:30 [INF] Initiating Rule Engine Executor...
2023-04-26 16:10:33.520 +05:30 [VRB] Initiating Rule Engine...
2023-04-26 16:10:33.679 +05:30 [INF] RuleExecutor returned the values.

2023-04-26 16:10:33.729 +05:30 [INF] Author : Vishnuraj generating Detailed Report...
2023-04-26 16:10:33.911 +05:30 [VRB] Template opened.
2023-04-26 16:10:34.261 +05:30 [VRB] Fetching all TICKERS from Database for Mar 2023.
2023-04-26 16:10:34.566 +05:30 [INF] Fetched all TICKERS from Database for Mar 2023.

2023-04-26 16:10:34.879 +05:30 [INF] Getting holding Details.

2023-04-26 16:10:35.175 +05:30 [VRB] Fetching Opening and closing...
2023-04-26 16:10:35.175 +05:30 [INF] Getting holding Details.

2023-04-26 16:10:35.413 +05:30 [INF] Opening and closing balance fetched.

2023-04-26 16:10:36.411 +05:30 [INF] Binding the data in Word template...
2023-04-26 16:10:36.758 +05:30 [INF] Data binded in Content Control.
2023-04-26 16:10:37.712 +05:30 [DBG] Saving the document under directory D:\PRB.Services\PRB.Services\wwwroot\Report\ABBOTINDIA.docx...
2023-04-26 16:10:37.861 +05:30 [VRB] Exporting the document as PDF format...
2023-04-26 16:10:39.630 +05:30 [INF] Getting holding Details.

2023-04-26 16:10:39.869 +05:30 [VRB] Fetching Opening and closing...
2023-04-26 16:10:39.869 +05:30 [INF] Getting holding Details.

2023-04-26 16:10:40.107 +05:30 [INF] Opening and closing balance fetched.

2023-04-26 16:10:40.997 +05:30 [INF] Binding the data in Word template...
2023-04-26 16:10:41.110 +05:30 [INF] Data binded in Content Control.
2023-04-26 16:10:42.001 +05:30 [DBG] Saving the document under directory D:\PRB.Services\PRB.Services\wwwroot\Report\ABBOTINDIA.docx...
2023-04-26 16:10:42.064 +05:30 [VRB] Exporting the document as PDF format...
2023-04-26 16:10:43.196 +05:30 [INF] Getting holding Details.

2023-04-26 16:10:43.433 +05:30 [VRB] Fetching Opening and closing...
2023-04-26 16:10:43.434 +05:30 [INF] Getting holding Details.

2023-04-26 16:10:43.671 +05:30 [INF] Opening and closing balance fetched.

2023-04-26 16:10:44.387 +05:30 [INF] Binding the data in Word template...
2023-04-26 16:10:44.499 +05:30 [INF] Data binded in Content Control.
2023-04-26 16:10:45.558 +05:30 [DBG] Saving the document under directory D:\PRB.Services\PRB.Services\wwwroot\Report\ACN.docx...
2023-04-26 16:10:45.831 +05:30 [VRB] Exporting the document as PDF format...
2023-04-26 16:10:46.947 +05:30 [INF] Getting holding Details.

2023-04-26 16:10:47.185 +05:30 [VRB] Fetching Opening and closing...
2023-04-26 16:10:47.185 +05:30 [INF] Getting holding Details.

2023-04-26 16:10:47.423 +05:30 [INF] Opening and closing balance fetched.

2023-04-26 16:10:48.317 +05:30 [INF] Binding the data in Word template...
2023-04-26 16:10:48.426 +05:30 [INF] Data binded in Content Control.
2023-04-26 16:10:49.434 +05:30 [DBG] Saving the document under directory D:\PRB.Services\PRB.Services\wwwroot\Report\ADANITRANS.docx...
2023-04-26 16:10:49.517 +05:30 [VRB] Exporting the document as PDF format...
2023-04-26 16:10:50.679 +05:30 [INF] Getting holding Details.

2023-04-26 16:10:50.934 +05:30 [VRB] Fetching Opening and closing...
2023-04-26 16:10:50.934 +05:30 [INF] Getting holding Details.

2023-04-26 16:10:51.622 +05:30 [INF] Opening and closing balance fetched.

2023-04-26 16:10:52.363 +05:30 [INF] Binding the data in Word template...
2023-04-26 16:10:52.480 +05:30 [INF] Data binded in Content Control.
2023-04-26 16:10:53.553 +05:30 [DBG] Saving the document under directory D:\PRB.Services\PRB.Services\wwwroot\Report\HDFCBANK.docx...
2023-04-26 16:10:53.637 +05:30 [VRB] Exporting the document as PDF format...
2023-04-26 16:10:54.843 +05:30 [INF] Getting holding Details.

2023-04-26 16:10:55.083 +05:30 [VRB] Fetching Opening and closing...
2023-04-26 16:10:55.083 +05:30 [INF] Getting holding Details.

2023-04-26 16:10:55.690 +05:30 [INF] Opening and closing balance fetched.

2023-04-26 16:10:56.589 +05:30 [INF] Binding the data in Word template...
2023-04-26 16:10:56.709 +05:30 [INF] Data binded in Content Control.
2023-04-26 16:10:57.734 +05:30 [DBG] Saving the document under directory D:\PRB.Services\PRB.Services\wwwroot\Report\TATAMOTORS.docx...
2023-04-26 16:10:57.814 +05:30 [VRB] Exporting the document as PDF format...
2023-04-26 16:10:59.030 +05:30 [INF] Getting holding Details.

2023-04-26 16:10:59.776 +05:30 [VRB] Fetching Opening and closing...
2023-04-26 16:10:59.776 +05:30 [INF] Getting holding Details.

2023-04-26 16:11:00.016 +05:30 [INF] Opening and closing balance fetched.

2023-04-26 16:11:00.762 +05:30 [INF] Binding the data in Word template...
2023-04-26 16:11:00.885 +05:30 [INF] Data binded in Content Control.
2023-04-26 16:11:02.021 +05:30 [DBG] Saving the document under directory D:\PRB.Services\PRB.Services\wwwroot\Report\WIPRO.docx...
2023-04-26 16:11:02.149 +05:30 [VRB] Exporting the document as PDF format...
2023-04-26 16:11:03.407 +05:30 [INF] Detailed Report generated.
2023-04-26 16:11:03.407 +05:30 [INF] Closing Word document.

2023-04-26 16:11:03.436 +05:30 [INF] Author : Vishnuraj generating Summary Report...
2023-04-26 16:11:03.566 +05:30 [VRB] Template opened.
2023-04-26 16:11:04.039 +05:30 [VRB] Fetching data for binding contents...
2023-04-26 16:11:07.628 +05:30 [INF] Binding data in Word template...
2023-04-26 16:11:07.634 +05:30 [INF] Data binded in Content Control.
2023-04-26 16:11:09.269 +05:30 [DBG] Saving the document under directory D:\PRB.Services\PRB.Services\wwwroot\Report\Summary.docx...
2023-04-26 16:11:09.408 +05:30 [VRB] Exporting the document as PDF format...
2023-04-26 16:11:10.395 +05:30 [INF] Summary Report generated.
2023-04-26 16:11:10.395 +05:30 [INF] Closing Word document.

2023-04-26 16:11:10.416 +05:30 [INF] Author : Vishnuraj generating Disclaimer Report...
2023-04-26 16:11:10.507 +05:30 [VRB] Template opened.
2023-04-26 16:11:10.878 +05:30 [VRB] Fetching commentary from database...
2023-04-26 16:11:11.832 +05:30 [INF] Binding data in Word template...
2023-04-26 16:11:11.832 +05:30 [INF] Data binded in Content Control
2023-04-26 16:11:11.832 +05:30 [DBG] Saving the document under directory D:\PRB.Services\PRB.Services\wwwroot\Report\Disclaimer.docx...
2023-04-26 16:11:11.885 +05:30 [VRB] Exporting the document as PDF format...
2023-04-26 16:11:11.988 +05:30 [INF] Disclaimer Report generated.
2023-04-26 16:11:11.988 +05:30 [INF] Closing Word document.

2023-04-26 16:11:13.599 +05:30 [INF] Author : Vishnuraj Merging all docx...
2023-04-26 16:11:13.601 +05:30 [VRB] Fetching all DOCX file paths...
2023-04-26 16:11:13.886 +05:30 [INF] Merging all DOCX file ...
2023-04-26 16:11:13.969 +05:30 [DBG] Summary.docx is merged into Document.
2023-04-26 16:11:14.005 +05:30 [DBG] ABBOTINDIA.docx is merged into Document.
2023-04-26 16:11:14.082 +05:30 [DBG] ACN.docx is merged into Document.
2023-04-26 16:11:14.167 +05:30 [DBG] ADANITRANS.docx is merged into Document.
2023-04-26 16:11:14.260 +05:30 [DBG] HDFCBANK.docx is merged into Document.
2023-04-26 16:11:14.369 +05:30 [DBG] TATAMOTORS.docx is merged into Document.
2023-04-26 16:11:14.487 +05:30 [DBG] WIPRO.docx is merged into Document.
2023-04-26 16:11:14.613 +05:30 [INF] Merged document is Protected with password
2023-04-26 16:11:14.613 +05:30 [DBG] Saving the document under directory D:\PRB.Services\PRB.Services\wwwroot\Report\.docx...
2023-04-26 16:11:15.171 +05:30 [DBG] Exporting the document as PDF format...
2023-04-26 16:11:15.836 +05:30 [INF] Closing the Word Appliction
2023-04-26 16:11:15.840 +05:30 [INF] ---Automation Terminated---

2023-04-26 18:08:12.500 +05:30 [INF] Application Running...
2023-04-26 18:08:27.531 +05:30 [INF] ---Automation Started---
Initiating Word Application
2023-04-26 18:08:27.960 +05:30 [INF] Initiating Rule Engine Executor...
2023-04-26 18:08:28.055 +05:30 [VRB] Initiating Rule Engine...
2023-04-26 18:08:28.238 +05:30 [INF] RuleExecutor returned the values.

2023-04-26 18:08:28.285 +05:30 [INF] Author : Vishnuraj generating Detailed Report...
2023-04-26 18:08:28.530 +05:30 [VRB] Template opened.
2023-04-26 18:08:28.740 +05:30 [ERR] Couldn't find the specified File Path D:\PRB.Services\PRB.Services\wwwroot\Template\DetailedReportTemplate.docx
2023-04-26 18:08:28.763 +05:30 [ERR] Something went wrong !
2023-04-26 18:08:28.763 +05:30 [VRB] Closing Word document.
2023-04-26 18:08:28.840 +05:30 [INF] Closing the Word Application
2023-04-26 18:09:50.310 +05:30 [INF] Application Running...
2023-04-26 18:09:58.605 +05:30 [INF] ---Automation Started---
Initiating Word Application
2023-04-26 18:09:58.916 +05:30 [INF] Initiating Rule Engine Executor...
2023-04-26 18:09:58.999 +05:30 [VRB] Initiating Rule Engine...
2023-04-26 18:09:59.149 +05:30 [INF] RuleExecutor returned the values.

2023-04-26 18:09:59.186 +05:30 [INF] Author : Vishnuraj generating Detailed Report...
2023-04-26 18:09:59.383 +05:30 [VRB] Template opened.
2023-04-26 18:09:59.751 +05:30 [VRB] Fetching all TICKERS from Database for Mar 2023.
2023-04-26 18:10:00.061 +05:30 [INF] Fetched all TICKERS from Database for Mar 2023.

2023-04-26 18:10:00.192 +05:30 [ERR] Something went wrong !
2023-04-26 18:10:00.192 +05:30 [VRB] Closing Word document.
2023-04-26 18:10:12.775 +05:30 [INF] Closing Word document.

2023-04-26 18:10:43.120 +05:30 [INF] Application Running...
2023-04-26 18:11:01.656 +05:30 [INF] ---Automation Started---
Initiating Word Application
2023-04-26 18:11:01.969 +05:30 [INF] Initiating Rule Engine Executor...
2023-04-26 18:11:02.052 +05:30 [VRB] Initiating Rule Engine...
2023-04-26 18:11:02.199 +05:30 [INF] RuleExecutor returned the values.

2023-04-26 18:11:02.237 +05:30 [INF] Author : Vishnuraj generating Detailed Report...
2023-04-26 18:11:02.433 +05:30 [VRB] Template opened.
2023-04-26 18:11:02.779 +05:30 [VRB] Fetching all TICKERS from Database for Mar 2023.
2023-04-26 18:11:03.125 +05:30 [INF] Fetched all TICKERS from Database for Mar 2023.

2023-04-26 18:11:03.207 +05:30 [ERR] Something went wrong !
2023-04-26 18:11:03.207 +05:30 [VRB] Closing Word document.
2023-04-26 18:11:40.951 +05:30 [INF] Application Running...
2023-04-26 18:11:55.896 +05:30 [INF] ---Automation Started---
Initiating Word Application
2023-04-26 18:11:56.208 +05:30 [INF] Initiating Rule Engine Executor...
2023-04-26 18:11:56.290 +05:30 [VRB] Initiating Rule Engine...
2023-04-26 18:11:56.434 +05:30 [INF] RuleExecutor returned the values.

2023-04-26 18:11:56.470 +05:30 [INF] Author : Vishnuraj generating Detailed Report...
2023-04-26 18:12:00.485 +05:30 [VRB] Template opened.
2023-04-26 18:12:13.904 +05:30 [VRB] Fetching all TICKERS from Database for Mar 2023.
2023-04-26 18:12:14.214 +05:30 [INF] Fetched all TICKERS from Database for Mar 2023.

2023-04-26 19:07:01.387 +05:30 [INF] Application Running...
2023-04-26 19:07:09.566 +05:30 [INF] ---Automation Started---
Initiating Word Application
2023-04-26 19:07:09.976 +05:30 [INF] Initiating Rule Engine Executor...
2023-04-26 19:07:10.078 +05:30 [VRB] Initiating Rule Engine...
2023-04-26 19:07:10.240 +05:30 [INF] RuleExecutor returned the values.

2023-04-26 19:07:10.297 +05:30 [INF] Author : Vishnuraj generating Detailed Report...
2023-04-26 19:07:13.458 +05:30 [VRB] Template opened.
2023-04-26 19:07:13.875 +05:30 [VRB] Fetching all TICKERS from Database for Mar 2023.
2023-04-26 19:07:14.194 +05:30 [INF] Fetched all TICKERS from Database for Mar 2023.

2023-04-26 19:07:14.261 +05:30 [ERR] Something went wrong !
2023-04-26 19:07:14.261 +05:30 [VRB] Closing Word document.
2023-04-26 19:07:19.899 +05:30 [INF] Closing Word document.

2023-04-26 19:07:44.779 +05:30 [INF] ---Automation Started---
Initiating Word Application
2023-04-26 19:07:45.088 +05:30 [INF] Initiating Rule Engine Executor...
2023-04-26 19:07:45.089 +05:30 [VRB] Initiating Rule Engine...
2023-04-26 19:07:45.089 +05:30 [INF] RuleExecutor returned the values.

2023-04-26 19:07:45.089 +05:30 [INF] Author : Vishnuraj generating Detailed Report...
2023-04-26 19:07:58.600 +05:30 [VRB] Template opened.
2023-04-26 19:08:22.704 +05:30 [VRB] Fetching all TICKERS from Database for Mar 2023.
2023-04-26 19:08:22.953 +05:30 [INF] Fetched all TICKERS from Database for Mar 2023.

2023-04-26 19:13:23.842 +05:30 [INF] Application Running...
2023-04-26 19:13:32.343 +05:30 [INF] ---Automation Started---
Initiating Word Application
2023-04-26 19:13:32.736 +05:30 [INF] Initiating Rule Engine Executor...
2023-04-26 19:13:32.834 +05:30 [VRB] Initiating Rule Engine...
2023-04-26 19:13:32.995 +05:30 [INF] RuleExecutor returned the values.

2023-04-26 19:13:33.042 +05:30 [INF] Author : Vishnuraj generating Detailed Report...
2023-04-26 19:13:37.590 +05:30 [VRB] Template opened.
2023-04-26 19:13:37.978 +05:30 [VRB] Fetching all TICKERS from Database for Mar 2023.
2023-04-26 19:13:38.305 +05:30 [INF] Fetched all TICKERS from Database for Mar 2023.

2023-04-26 19:13:53.978 +05:30 [INF] Getting holding Details.

2023-04-26 19:13:54.292 +05:30 [VRB] Fetching Opening and closing...
2023-04-26 19:13:54.292 +05:30 [INF] Getting holding Details.

2023-04-26 19:13:54.540 +05:30 [INF] Opening and closing balance fetched.

2023-04-26 19:14:04.057 +05:30 [INF] Binding the data in Word template...
2023-04-26 19:14:15.279 +05:30 [INF] Data binded in Content Control.
2023-04-26 19:15:10.304 +05:30 [DBG] Saving the document under directory D:\PRB.Services\PRB.Services\wwwroot\Report\ABBOTINDIA.docx...
2023-04-26 19:15:11.163 +05:30 [VRB] Exporting the document as PDF format...
2023-04-26 19:15:19.855 +05:30 [INF] Getting holding Details.

2023-04-26 19:15:20.099 +05:30 [VRB] Fetching Opening and closing...
2023-04-26 19:15:20.099 +05:30 [INF] Getting holding Details.

2023-04-26 19:15:20.356 +05:30 [INF] Opening and closing balance fetched.

2023-04-26 19:15:21.121 +05:30 [INF] Binding the data in Word template...
2023-04-26 19:15:21.249 +05:30 [INF] Data binded in Content Control.
2023-04-26 19:15:25.520 +05:30 [DBG] Saving the document under directory D:\PRB.Services\PRB.Services\wwwroot\Report\ABBOTINDIA.docx...
2023-04-26 19:15:25.617 +05:30 [VRB] Exporting the document as PDF format...
2023-04-26 19:15:26.796 +05:30 [INF] Getting holding Details.

2023-04-26 19:15:27.053 +05:30 [VRB] Fetching Opening and closing...
2023-04-26 19:15:27.053 +05:30 [INF] Getting holding Details.

2023-04-26 19:15:27.300 +05:30 [INF] Opening and closing balance fetched.

2023-04-26 19:15:28.024 +05:30 [INF] Binding the data in Word template...
2023-04-26 19:15:28.194 +05:30 [INF] Data binded in Content Control.
2023-04-26 19:15:29.434 +05:30 [DBG] Saving the document under directory D:\PRB.Services\PRB.Services\wwwroot\Report\ACN.docx...
2023-04-26 19:15:29.542 +05:30 [VRB] Exporting the document as PDF format...
2023-04-26 19:15:30.689 +05:30 [INF] Getting holding Details.

2023-04-26 19:15:30.931 +05:30 [VRB] Fetching Opening and closing...
2023-04-26 19:15:30.931 +05:30 [INF] Getting holding Details.

2023-04-26 19:15:31.170 +05:30 [INF] Opening and closing balance fetched.

2023-04-26 19:15:31.896 +05:30 [INF] Binding the data in Word template...
2023-04-26 19:15:32.034 +05:30 [INF] Data binded in Content Control.
2023-04-26 19:15:33.283 +05:30 [DBG] Saving the document under directory D:\PRB.Services\PRB.Services\wwwroot\Report\ADANITRANS.docx...
2023-04-26 19:15:33.392 +05:30 [VRB] Exporting the document as PDF format...
2023-04-26 19:15:34.774 +05:30 [INF] Getting holding Details.

2023-04-26 19:15:35.023 +05:30 [VRB] Fetching Opening and closing...
2023-04-26 19:15:35.023 +05:30 [INF] Getting holding Details.

2023-04-26 19:15:35.270 +05:30 [INF] Opening and closing balance fetched.

2023-04-26 19:15:36.025 +05:30 [INF] Binding the data in Word template...
2023-04-26 19:15:36.176 +05:30 [INF] Data binded in Content Control.
2023-04-26 19:15:37.370 +05:30 [DBG] Saving the document under directory D:\PRB.Services\PRB.Services\wwwroot\Report\HDFCBANK.docx...
2023-04-26 19:15:37.482 +05:30 [VRB] Exporting the document as PDF format...
2023-04-26 19:15:38.676 +05:30 [INF] Getting holding Details.

2023-04-26 19:15:38.928 +05:30 [VRB] Fetching Opening and closing...
2023-04-26 19:15:38.928 +05:30 [INF] Getting holding Details.

2023-04-26 19:15:39.183 +05:30 [INF] Opening and closing balance fetched.

2023-04-26 19:15:39.927 +05:30 [INF] Binding the data in Word template...
2023-04-26 19:15:40.072 +05:30 [INF] Data binded in Content Control.
2023-04-26 19:15:41.401 +05:30 [DBG] Saving the document under directory D:\PRB.Services\PRB.Services\wwwroot\Report\TATAMOTORS.docx...
2023-04-26 19:15:41.784 +05:30 [VRB] Exporting the document as PDF format...
2023-04-26 19:15:43.025 +05:30 [INF] Getting holding Details.

2023-04-26 19:15:43.268 +05:30 [VRB] Fetching Opening and closing...
2023-04-26 19:15:43.268 +05:30 [INF] Getting holding Details.

2023-04-26 19:15:43.508 +05:30 [INF] Opening and closing balance fetched.

2023-04-26 19:15:44.246 +05:30 [INF] Binding the data in Word template...
2023-04-26 19:15:44.370 +05:30 [INF] Data binded in Content Control.
2023-04-26 19:15:45.559 +05:30 [DBG] Saving the document under directory D:\PRB.Services\PRB.Services\wwwroot\Report\WIPRO.docx...
2023-04-26 19:15:45.666 +05:30 [VRB] Exporting the document as PDF format...
2023-04-26 19:15:46.555 +05:30 [INF] Detailed Report generated.
2023-04-26 19:15:46.555 +05:30 [INF] Closing Word document.

2023-04-26 19:15:46.604 +05:30 [INF] Author : Vishnuraj generating Summary Report...
2023-04-26 19:15:46.727 +05:30 [VRB] Template opened.
2023-04-26 19:15:47.325 +05:30 [VRB] Fetching data for binding contents...
2023-04-26 19:15:49.116 +05:30 [INF] Binding data in Word template...
2023-04-26 19:15:49.122 +05:30 [INF] Data binded in Content Control.
2023-04-26 19:15:50.526 +05:30 [DBG] Saving the document under directory D:\PRB.Services\PRB.Services\wwwroot\Report\Summary.docx...
2023-04-26 19:15:50.669 +05:30 [VRB] Exporting the document as PDF format...
2023-04-26 19:15:51.659 +05:30 [INF] Summary Report generated.
2023-04-26 19:15:51.659 +05:30 [INF] Closing Word document.

2023-04-26 19:15:51.698 +05:30 [INF] Author : Vishnuraj generating Disclaimer Report...
2023-04-26 19:15:51.797 +05:30 [VRB] Template opened.
2023-04-26 19:15:52.169 +05:30 [VRB] Fetching commentary from database...
2023-04-26 19:15:52.423 +05:30 [INF] Binding data in Word template...
2023-04-26 19:15:52.423 +05:30 [INF] Data binded in Content Control
2023-04-26 19:15:52.423 +05:30 [DBG] Saving the document under directory D:\PRB.Services\PRB.Services\wwwroot\Report\Disclaimer.docx...
2023-04-26 19:15:52.489 +05:30 [VRB] Exporting the document as PDF format...
2023-04-26 19:15:52.588 +05:30 [INF] Disclaimer Report generated.
2023-04-26 19:15:52.588 +05:30 [INF] Closing Word document.

2023-04-26 19:15:53.702 +05:30 [INF] Author : Vishnuraj Merging all docx...
2023-04-26 19:15:53.703 +05:30 [VRB] Fetching all DOCX file paths...
2023-04-26 19:15:53.869 +05:30 [INF] Merging all DOCX file ...
2023-04-26 19:15:53.965 +05:30 [DBG] Summary.docx is merged into Document.
2023-04-26 19:15:54.034 +05:30 [DBG] ABBOTINDIA.docx is merged into Document.
2023-04-26 19:15:54.133 +05:30 [DBG] ACN.docx is merged into Document.
2023-04-26 19:15:54.261 +05:30 [DBG] ADANITRANS.docx is merged into Document.
2023-04-26 19:15:54.405 +05:30 [DBG] HDFCBANK.docx is merged into Document.
2023-04-26 19:15:54.580 +05:30 [DBG] TATAMOTORS.docx is merged into Document.
2023-04-26 19:15:54.767 +05:30 [DBG] WIPRO.docx is merged into Document.
2023-04-26 19:15:54.959 +05:30 [INF] Merged document is Protected with password
2023-04-26 19:15:54.960 +05:30 [DBG] Saving the document under directory D:\PRB.Services\PRB.Services\wwwroot\Report\.docx...
2023-04-26 19:15:55.617 +05:30 [DBG] Exporting the document as PDF format...
2023-04-26 19:15:56.764 +05:30 [INF] Closing the Word Appliction
2023-04-26 19:15:56.768 +05:30 [INF] ---Automation Terminated---

2023-04-26 19:18:18.350 +05:30 [INF] ---Automation Started---
Initiating Word Application
2023-04-26 19:18:18.674 +05:30 [INF] Initiating Rule Engine Executor...
2023-04-26 19:18:18.674 +05:30 [VRB] Initiating Rule Engine...
2023-04-26 19:18:18.675 +05:30 [INF] RuleExecutor returned the values.

2023-04-26 19:18:18.675 +05:30 [INF] Author : Vishnuraj generating Detailed Report...
2023-04-26 19:18:28.861 +05:30 [VRB] Template opened.
2023-04-26 19:18:29.197 +05:30 [VRB] Fetching all TICKERS from Database for Mar 2023.
2023-04-26 19:18:29.448 +05:30 [INF] Fetched all TICKERS from Database for Mar 2023.

2023-04-26 19:18:29.745 +05:30 [INF] Getting holding Details.

2023-04-26 19:18:30.000 +05:30 [VRB] Fetching Opening and closing...
2023-04-26 19:18:30.000 +05:30 [INF] Getting holding Details.

2023-04-26 19:18:30.251 +05:30 [INF] Opening and closing balance fetched.

2023-04-26 19:18:30.993 +05:30 [INF] Binding the data in Word template...
2023-04-26 19:18:31.110 +05:30 [INF] Data binded in Content Control.
2023-04-26 19:18:31.918 +05:30 [DBG] Saving the document under directory D:\PRB.Services\PRB.Services\wwwroot\Report\ABBOTINDIA.docx...
2023-04-26 19:18:32.079 +05:30 [VRB] Exporting the document as PDF format...
2023-04-26 19:18:33.687 +05:30 [INF] Getting holding Details.

2023-04-26 19:18:33.947 +05:30 [VRB] Fetching Opening and closing...
2023-04-26 19:18:33.947 +05:30 [INF] Getting holding Details.

2023-04-26 19:18:34.193 +05:30 [INF] Opening and closing balance fetched.

2023-04-26 19:18:34.961 +05:30 [INF] Binding the data in Word template...
2023-04-26 19:18:35.075 +05:30 [INF] Data binded in Content Control.
2023-04-26 19:18:36.163 +05:30 [DBG] Saving the document under directory D:\PRB.Services\PRB.Services\wwwroot\Report\ABBOTINDIA.docx...
2023-04-26 19:18:36.238 +05:30 [VRB] Exporting the document as PDF format...
2023-04-26 19:18:37.395 +05:30 [INF] Getting holding Details.

2023-04-26 19:18:37.650 +05:30 [VRB] Fetching Opening and closing...
2023-04-26 19:18:37.650 +05:30 [INF] Getting holding Details.

2023-04-26 19:18:37.909 +05:30 [INF] Opening and closing balance fetched.

2023-04-26 19:18:38.651 +05:30 [INF] Binding the data in Word template...
2023-04-26 19:18:38.765 +05:30 [INF] Data binded in Content Control.
2023-04-26 19:18:39.900 +05:30 [DBG] Saving the document under directory D:\PRB.Services\PRB.Services\wwwroot\Report\ACN.docx...
2023-04-26 19:18:40.165 +05:30 [VRB] Exporting the document as PDF format...
2023-04-26 19:18:41.714 +05:30 [INF] Getting holding Details.

2023-04-26 19:18:41.985 +05:30 [VRB] Fetching Opening and closing...
2023-04-26 19:18:41.985 +05:30 [INF] Getting holding Details.

2023-04-26 19:18:42.232 +05:30 [INF] Opening and closing balance fetched.

2023-04-26 19:18:43.018 +05:30 [INF] Binding the data in Word template...
2023-04-26 19:18:43.133 +05:30 [INF] Data binded in Content Control.
2023-04-26 19:18:44.595 +05:30 [DBG] Saving the document under directory D:\PRB.Services\PRB.Services\wwwroot\Report\ADANITRANS.docx...
2023-04-26 19:18:44.700 +05:30 [VRB] Exporting the document as PDF format...
2023-04-26 19:18:45.913 +05:30 [INF] Getting holding Details.

2023-04-26 19:18:46.156 +05:30 [VRB] Fetching Opening and closing...
2023-04-26 19:18:46.157 +05:30 [INF] Getting holding Details.

2023-04-26 19:18:46.403 +05:30 [INF] Opening and closing balance fetched.

2023-04-26 19:18:47.104 +05:30 [INF] Binding the data in Word template...
2023-04-26 19:18:47.242 +05:30 [INF] Data binded in Content Control.
2023-04-26 19:18:48.416 +05:30 [DBG] Saving the document under directory D:\PRB.Services\PRB.Services\wwwroot\Report\HDFCBANK.docx...
2023-04-26 19:18:48.519 +05:30 [VRB] Exporting the document as PDF format...
2023-04-26 19:18:49.696 +05:30 [INF] Getting holding Details.

2023-04-26 19:18:49.955 +05:30 [VRB] Fetching Opening and closing...
2023-04-26 19:18:49.955 +05:30 [INF] Getting holding Details.

2023-04-26 19:18:50.218 +05:30 [INF] Opening and closing balance fetched.

2023-04-26 19:18:51.124 +05:30 [INF] Binding the data in Word template...
2023-04-26 19:18:51.257 +05:30 [INF] Data binded in Content Control.
2023-04-26 19:18:52.471 +05:30 [DBG] Saving the document under directory D:\PRB.Services\PRB.Services\wwwroot\Report\TATAMOTORS.docx...
2023-04-26 19:18:52.576 +05:30 [VRB] Exporting the document as PDF format...
2023-04-26 19:18:53.826 +05:30 [INF] Getting holding Details.

2023-04-26 19:18:54.073 +05:30 [VRB] Fetching Opening and closing...
2023-04-26 19:18:54.073 +05:30 [INF] Getting holding Details.

2023-04-26 19:18:54.317 +05:30 [INF] Opening and closing balance fetched.

2023-04-26 19:18:55.054 +05:30 [INF] Binding the data in Word template...
2023-04-26 19:18:55.202 +05:30 [INF] Data binded in Content Control.
2023-04-26 19:18:56.378 +05:30 [DBG] Saving the document under directory D:\PRB.Services\PRB.Services\wwwroot\Report\WIPRO.docx...
2023-04-26 19:18:56.574 +05:30 [VRB] Exporting the document as PDF format...
2023-04-26 19:18:57.523 +05:30 [INF] Detailed Report generated.
2023-04-26 19:18:57.523 +05:30 [INF] Closing Word document.

2023-04-26 19:18:57.562 +05:30 [INF] Author : Vishnuraj generating Summary Report...
2023-04-26 19:18:57.674 +05:30 [VRB] Template opened.
2023-04-26 19:18:58.093 +05:30 [VRB] Fetching data for binding contents...
2023-04-26 19:18:59.853 +05:30 [INF] Binding data in Word template...
2023-04-26 19:18:59.859 +05:30 [INF] Data binded in Content Control.
2023-04-26 19:19:01.361 +05:30 [DBG] Saving the document under directory D:\PRB.Services\PRB.Services\wwwroot\Report\Summary.docx...
2023-04-26 19:19:01.671 +05:30 [VRB] Exporting the document as PDF format...
2023-04-26 19:19:02.622 +05:30 [INF] Summary Report generated.
2023-04-26 19:19:02.622 +05:30 [INF] Closing Word document.

2023-04-26 19:19:02.651 +05:30 [INF] Author : Vishnuraj generating Disclaimer Report...
2023-04-26 19:19:02.757 +05:30 [VRB] Template opened.
2023-04-26 19:19:03.161 +05:30 [VRB] Fetching commentary from database...
2023-04-26 19:19:03.411 +05:30 [INF] Binding data in Word template...
2023-04-26 19:19:03.411 +05:30 [INF] Data binded in Content Control
2023-04-26 19:19:03.411 +05:30 [DBG] Saving the document under directory D:\PRB.Services\PRB.Services\wwwroot\Report\Disclaimer.docx...
2023-04-26 19:19:03.473 +05:30 [VRB] Exporting the document as PDF format...
2023-04-26 19:19:03.582 +05:30 [INF] Disclaimer Report generated.
2023-04-26 19:19:03.582 +05:30 [INF] Closing Word document.

2023-04-26 19:19:04.383 +05:30 [INF] Author : Vishnuraj Merging all docx...
2023-04-26 19:19:04.383 +05:30 [VRB] Fetching all DOCX file paths...
2023-04-26 19:19:04.564 +05:30 [INF] Merging all DOCX file ...
2023-04-26 19:19:04.648 +05:30 [DBG] Summary.docx is merged into Document.
2023-04-26 19:19:04.706 +05:30 [DBG] ABBOTINDIA.docx is merged into Document.
2023-04-26 19:19:04.808 +05:30 [DBG] ACN.docx is merged into Document.
2023-04-26 19:19:04.924 +05:30 [DBG] ADANITRANS.docx is merged into Document.
2023-04-26 19:19:05.061 +05:30 [DBG] HDFCBANK.docx is merged into Document.
2023-04-26 19:19:05.217 +05:30 [DBG] TATAMOTORS.docx is merged into Document.
2023-04-26 19:19:05.400 +05:30 [DBG] WIPRO.docx is merged into Document.
2023-04-26 19:19:05.584 +05:30 [INF] Merged document is Protected with password
2023-04-26 19:19:05.584 +05:30 [DBG] Saving the document under directory D:\PRB.Services\PRB.Services\wwwroot\Report\.docx...
2023-04-26 19:19:06.206 +05:30 [DBG] Exporting the document as PDF format...
2023-04-26 19:19:07.411 +05:30 [INF] Closing the Word Appliction
2023-04-26 19:19:07.415 +05:30 [INF] ---Automation Terminated---

2023-04-26 19:23:07.747 +05:30 [INF] Application Running...
2023-04-26 19:23:31.581 +05:30 [INF] ---Automation Started---
Initiating Word Application
2023-04-26 19:23:31.929 +05:30 [INF] Initiating Rule Engine Executor...
2023-04-26 19:23:32.032 +05:30 [VRB] Initiating Rule Engine...
2023-04-26 19:23:32.197 +05:30 [INF] RuleExecutor returned the values.

2023-04-26 19:23:32.246 +05:30 [INF] Author : Vishnuraj generating Detailed Report...
2023-04-26 19:23:35.227 +05:30 [VRB] Template opened.
2023-04-26 19:23:35.591 +05:30 [VRB] Fetching all TICKERS from Database for Mar 2023.
2023-04-26 19:23:35.911 +05:30 [INF] Fetched all TICKERS from Database for Mar 2023.

2023-04-26 19:23:43.987 +05:30 [INF] Getting holding Details.

2023-04-26 19:23:44.301 +05:30 [VRB] Fetching Opening and closing...
2023-04-26 19:23:44.301 +05:30 [INF] Getting holding Details.

2023-04-26 19:23:44.551 +05:30 [INF] Opening and closing balance fetched.

2023-04-26 19:24:22.029 +05:30 [INF] Application Running...
2023-04-26 19:24:34.248 +05:30 [INF] Application Running...
2023-04-26 19:24:41.647 +05:30 [INF] ---Automation Started---
Initiating Word Application
2023-04-26 19:24:42.042 +05:30 [INF] Initiating Rule Engine Executor...
2023-04-26 19:24:42.143 +05:30 [VRB] Initiating Rule Engine...
2023-04-26 19:24:42.318 +05:30 [INF] RuleExecutor returned the values.

2023-04-26 19:24:42.355 +05:30 [INF] Author : Vishnuraj generating Detailed Report...
2023-04-26 19:24:44.325 +05:30 [VRB] Template opened.
2023-04-26 19:24:44.676 +05:30 [VRB] Fetching all TICKERS from Database for Mar 2023.
2023-04-26 19:24:44.983 +05:30 [INF] Fetched all TICKERS from Database for Mar 2023.

2023-04-26 19:25:00.397 +05:30 [INF] Getting holding Details.

2023-04-26 19:25:00.695 +05:30 [VRB] Fetching Opening and closing...
2023-04-26 19:25:00.695 +05:30 [INF] Getting holding Details.

2023-04-26 19:25:00.940 +05:30 [INF] Opening and closing balance fetched.

2023-04-26 19:26:17.797 +05:30 [INF] Application Running...
2023-04-26 19:26:26.935 +05:30 [INF] ---Automation Started---
Initiating Word Application
2023-04-26 19:26:27.235 +05:30 [INF] Initiating Rule Engine Executor...
2023-04-26 19:26:27.317 +05:30 [VRB] Initiating Rule Engine...
2023-04-26 19:26:27.463 +05:30 [INF] RuleExecutor returned the values.

2023-04-26 19:26:27.499 +05:30 [INF] Author : Vishnuraj generating Detailed Report...
2023-04-26 19:26:28.922 +05:30 [VRB] Template opened.
2023-04-26 19:26:29.295 +05:30 [VRB] Fetching all TICKERS from Database for Mar 2023.
2023-04-26 19:26:29.628 +05:30 [INF] Fetched all TICKERS from Database for Mar 2023.

2023-04-26 19:26:29.942 +05:30 [INF] Getting holding Details.

2023-04-26 19:26:30.262 +05:30 [VRB] Fetching Opening and closing...
2023-04-26 19:26:30.263 +05:30 [INF] Getting holding Details.

2023-04-26 19:26:30.510 +05:30 [INF] Opening and closing balance fetched.

2023-04-26 19:26:36.084 +05:30 [INF] Binding the data in Word template...
2023-04-26 19:26:36.531 +05:30 [INF] Data binded in Content Control.
2023-04-26 19:26:37.408 +05:30 [DBG] Saving the document under directory D:\PRB.Services\PRB.Services\wwwroot\Report\ABBOTINDIA.docx...
2023-04-26 19:26:37.552 +05:30 [VRB] Exporting the document as PDF format...
2023-04-26 19:26:39.335 +05:30 [INF] Getting holding Details.

2023-04-26 19:26:39.587 +05:30 [VRB] Fetching Opening and closing...
2023-04-26 19:26:39.587 +05:30 [INF] Getting holding Details.

2023-04-26 19:26:39.834 +05:30 [INF] Opening and closing balance fetched.

2023-04-26 19:26:40.556 +05:30 [INF] Binding the data in Word template...
2023-04-26 19:26:40.680 +05:30 [INF] Data binded in Content Control.
2023-04-26 19:26:41.545 +05:30 [DBG] Saving the document under directory D:\PRB.Services\PRB.Services\wwwroot\Report\ABBOTINDIA.docx...
2023-04-26 19:26:41.614 +05:30 [VRB] Exporting the document as PDF format...
2023-04-26 19:26:42.782 +05:30 [INF] Getting holding Details.

2023-04-26 19:26:43.031 +05:30 [VRB] Fetching Opening and closing...
2023-04-26 19:26:43.031 +05:30 [INF] Getting holding Details.

2023-04-26 19:26:43.282 +05:30 [INF] Opening and closing balance fetched.

2023-04-26 19:26:44.012 +05:30 [INF] Binding the data in Word template...
2023-04-26 19:26:44.135 +05:30 [INF] Data binded in Content Control.
2023-04-26 19:26:45.143 +05:30 [DBG] Saving the document under directory D:\PRB.Services\PRB.Services\wwwroot\Report\ACN.docx...
2023-04-26 19:26:45.234 +05:30 [VRB] Exporting the document as PDF format...
2023-04-26 19:26:46.670 +05:30 [INF] Getting holding Details.

2023-04-26 19:26:46.921 +05:30 [VRB] Fetching Opening and closing...
2023-04-26 19:26:46.921 +05:30 [INF] Getting holding Details.

2023-04-26 19:26:47.161 +05:30 [INF] Opening and closing balance fetched.

2023-04-26 19:26:47.866 +05:30 [INF] Binding the data in Word template...
2023-04-26 19:26:47.991 +05:30 [INF] Data binded in Content Control.
2023-04-26 19:26:49.108 +05:30 [DBG] Saving the document under directory D:\PRB.Services\PRB.Services\wwwroot\Report\ADANITRANS.docx...
2023-04-26 19:26:49.223 +05:30 [VRB] Exporting the document as PDF format...
2023-04-26 19:26:50.427 +05:30 [INF] Getting holding Details.

2023-04-26 19:26:50.684 +05:30 [VRB] Fetching Opening and closing...
2023-04-26 19:26:50.684 +05:30 [INF] Getting holding Details.

2023-04-26 19:26:50.940 +05:30 [INF] Opening and closing balance fetched.

2023-04-26 19:26:51.665 +05:30 [INF] Binding the data in Word template...
2023-04-26 19:26:51.819 +05:30 [INF] Data binded in Content Control.
2023-04-26 19:26:52.930 +05:30 [DBG] Saving the document under directory D:\PRB.Services\PRB.Services\wwwroot\Report\HDFCBANK.docx...
2023-04-26 19:26:53.027 +05:30 [VRB] Exporting the document as PDF format...
2023-04-26 19:26:54.188 +05:30 [INF] Getting holding Details.

2023-04-26 19:26:54.428 +05:30 [VRB] Fetching Opening and closing...
2023-04-26 19:26:54.429 +05:30 [INF] Getting holding Details.

2023-04-26 19:26:54.675 +05:30 [INF] Opening and closing balance fetched.

2023-04-26 19:26:55.426 +05:30 [INF] Binding the data in Word template...
2023-04-26 19:26:55.576 +05:30 [INF] Data binded in Content Control.
2023-04-26 19:26:56.664 +05:30 [DBG] Saving the document under directory D:\PRB.Services\PRB.Services\wwwroot\Report\TATAMOTORS.docx...
2023-04-26 19:26:56.846 +05:30 [VRB] Exporting the document as PDF format...
2023-04-26 19:26:58.203 +05:30 [INF] Getting holding Details.

2023-04-26 19:26:58.455 +05:30 [VRB] Fetching Opening and closing...
2023-04-26 19:26:58.455 +05:30 [INF] Getting holding Details.

2023-04-26 19:26:58.693 +05:30 [INF] Opening and closing balance fetched.

2023-04-26 19:26:59.477 +05:30 [INF] Binding the data in Word template...
2023-04-26 19:26:59.637 +05:30 [INF] Data binded in Content Control.
2023-04-26 19:27:00.791 +05:30 [DBG] Saving the document under directory D:\PRB.Services\PRB.Services\wwwroot\Report\WIPRO.docx...
2023-04-26 19:27:00.885 +05:30 [VRB] Exporting the document as PDF format...
2023-04-26 19:27:01.799 +05:30 [INF] Detailed Report generated.
2023-04-26 19:27:01.799 +05:30 [INF] Closing Word document.

2023-04-26 19:27:01.835 +05:30 [INF] Author : Vishnuraj generating Summary Report...
2023-04-26 19:27:01.956 +05:30 [VRB] Template opened.
2023-04-26 19:27:02.381 +05:30 [VRB] Fetching data for binding contents...
2023-04-26 19:27:04.232 +05:30 [INF] Binding data in Word template...
2023-04-26 19:27:04.239 +05:30 [INF] Data binded in Content Control.
2023-04-26 19:27:05.680 +05:30 [DBG] Saving the document under directory D:\PRB.Services\PRB.Services\wwwroot\Report\Summary.docx...
2023-04-26 19:27:05.831 +05:30 [VRB] Exporting the document as PDF format...
2023-04-26 19:27:06.860 +05:30 [INF] Summary Report generated.
2023-04-26 19:27:06.860 +05:30 [INF] Closing Word document.

2023-04-26 19:27:06.881 +05:30 [INF] Author : Vishnuraj generating Disclaimer Report...
2023-04-26 19:27:06.978 +05:30 [VRB] Template opened.
2023-04-26 19:27:07.359 +05:30 [VRB] Fetching commentary from database...
2023-04-26 19:27:07.610 +05:30 [INF] Binding data in Word template...
2023-04-26 19:27:07.611 +05:30 [INF] Data binded in Content Control
2023-04-26 19:27:07.611 +05:30 [DBG] Saving the document under directory D:\PRB.Services\PRB.Services\wwwroot\Report\Disclaimer.docx...
2023-04-26 19:27:07.675 +05:30 [VRB] Exporting the document as PDF format...
2023-04-26 19:27:07.782 +05:30 [INF] Disclaimer Report generated.
2023-04-26 19:27:07.782 +05:30 [INF] Closing Word document.

2023-04-26 19:27:09.231 +05:30 [INF] Author : Vishnuraj Merging all docx...
2023-04-26 19:27:09.232 +05:30 [VRB] Fetching all DOCX file paths...
2023-04-26 19:27:09.410 +05:30 [INF] Merging all DOCX file ...
2023-04-26 19:27:09.491 +05:30 [DBG] Summary.docx is merged into Document.
2023-04-26 19:27:09.531 +05:30 [DBG] ABBOTINDIA.docx is merged into Document.
2023-04-26 19:27:09.603 +05:30 [DBG] ACN.docx is merged into Document.
2023-04-26 19:27:09.687 +05:30 [DBG] ADANITRANS.docx is merged into Document.
2023-04-26 19:27:09.783 +05:30 [DBG] HDFCBANK.docx is merged into Document.
2023-04-26 19:27:09.895 +05:30 [DBG] TATAMOTORS.docx is merged into Document.
2023-04-26 19:27:10.011 +05:30 [DBG] WIPRO.docx is merged into Document.
2023-04-26 19:27:10.134 +05:30 [INF] Merged document is Protected with password
2023-04-26 19:27:10.134 +05:30 [DBG] Saving the document under directory D:\PRB.Services\PRB.Services\wwwroot\Report\.docx...
2023-04-26 19:27:10.712 +05:30 [DBG] Exporting the document as PDF format...
2023-04-26 19:27:11.369 +05:30 [INF] Closing the Word Appliction
2023-04-26 19:27:11.372 +05:30 [INF] ---Automation Terminated---

2023-04-26 19:28:40.367 +05:30 [INF] Application Running...
2023-04-26 19:28:54.465 +05:30 [INF] ---Automation Started---
Initiating Word Application
2023-04-26 19:28:54.760 +05:30 [INF] Initiating Rule Engine Executor...
2023-04-26 19:28:54.845 +05:30 [VRB] Initiating Rule Engine...
2023-04-26 19:28:54.992 +05:30 [INF] RuleExecutor returned the values.

2023-04-26 19:28:55.029 +05:30 [INF] Author : Vishnuraj generating Detailed Report...
2023-04-26 19:28:57.563 +05:30 [VRB] Template opened.
2023-04-26 19:28:57.907 +05:30 [VRB] Fetching all TICKERS from Database for Mar 2023.
2023-04-26 19:28:58.208 +05:30 [INF] Fetched all TICKERS from Database for Mar 2023.

2023-04-26 19:29:22.405 +05:30 [INF] Getting holding Details.

2023-04-26 19:29:22.742 +05:30 [VRB] Fetching Opening and closing...
2023-04-26 19:29:22.742 +05:30 [INF] Getting holding Details.

2023-04-26 19:29:23.002 +05:30 [INF] Opening and closing balance fetched.

2023-04-26 19:29:23.819 +05:30 [INF] Binding the data in Word template...
2023-04-26 19:29:23.947 +05:30 [INF] Data binded in Content Control.
2023-04-26 19:29:24.791 +05:30 [DBG] Saving the document under directory D:\PRB.Services\PRB.Services\wwwroot\Report\ABBOTINDIA.docx...
2023-04-26 19:29:24.950 +05:30 [VRB] Exporting the document as PDF format...
2023-04-26 19:29:26.457 +05:30 [INF] Getting holding Details.

2023-04-26 19:29:26.731 +05:30 [VRB] Fetching Opening and closing...
2023-04-26 19:29:26.732 +05:30 [INF] Getting holding Details.

2023-04-26 19:29:27.027 +05:30 [INF] Opening and closing balance fetched.

2023-04-26 19:29:27.757 +05:30 [INF] Binding the data in Word template...
2023-04-26 19:29:27.866 +05:30 [INF] Data binded in Content Control.
2023-04-26 19:29:28.831 +05:30 [DBG] Saving the document under directory D:\PRB.Services\PRB.Services\wwwroot\Report\ABBOTINDIA.docx...
2023-04-26 19:29:28.912 +05:30 [VRB] Exporting the document as PDF format...
2023-04-26 19:29:30.061 +05:30 [INF] Getting holding Details.

2023-04-26 19:29:30.314 +05:30 [VRB] Fetching Opening and closing...
2023-04-26 19:29:30.314 +05:30 [INF] Getting holding Details.

2023-04-26 19:29:30.561 +05:30 [INF] Opening and closing balance fetched.

2023-04-26 19:29:31.289 +05:30 [INF] Binding the data in Word template...
2023-04-26 19:29:31.403 +05:30 [INF] Data binded in Content Control.
2023-04-26 19:29:32.494 +05:30 [DBG] Saving the document under directory D:\PRB.Services\PRB.Services\wwwroot\Report\ACN.docx...
2023-04-26 19:29:32.598 +05:30 [VRB] Exporting the document as PDF format...
2023-04-26 19:29:33.759 +05:30 [INF] Getting holding Details.

2023-04-26 19:29:34.010 +05:30 [VRB] Fetching Opening and closing...
2023-04-26 19:29:34.011 +05:30 [INF] Getting holding Details.

2023-04-26 19:29:34.257 +05:30 [INF] Opening and closing balance fetched.

2023-04-26 19:29:34.986 +05:30 [INF] Binding the data in Word template...
2023-04-26 19:29:35.088 +05:30 [INF] Data binded in Content Control.
2023-04-26 19:29:36.175 +05:30 [DBG] Saving the document under directory D:\PRB.Services\PRB.Services\wwwroot\Report\ADANITRANS.docx...
2023-04-26 19:29:36.279 +05:30 [VRB] Exporting the document as PDF format...
2023-04-26 19:29:37.417 +05:30 [INF] Getting holding Details.

2023-04-26 19:29:37.679 +05:30 [VRB] Fetching Opening and closing...
2023-04-26 19:29:37.680 +05:30 [INF] Getting holding Details.

2023-04-26 19:29:37.931 +05:30 [INF] Opening and closing balance fetched.

2023-04-26 19:29:38.655 +05:30 [INF] Binding the data in Word template...
2023-04-26 19:29:38.771 +05:30 [INF] Data binded in Content Control.
2023-04-26 19:29:39.870 +05:30 [DBG] Saving the document under directory D:\PRB.Services\PRB.Services\wwwroot\Report\HDFCBANK.docx...
2023-04-26 19:29:39.975 +05:30 [VRB] Exporting the document as PDF format...
2023-04-26 19:29:41.138 +05:30 [INF] Getting holding Details.

2023-04-26 19:29:41.378 +05:30 [VRB] Fetching Opening and closing...
2023-04-26 19:29:41.378 +05:30 [INF] Getting holding Details.

2023-04-26 19:29:41.626 +05:30 [INF] Opening and closing balance fetched.

2023-04-26 19:29:42.353 +05:30 [INF] Binding the data in Word template...
2023-04-26 19:29:42.475 +05:30 [INF] Data binded in Content Control.
2023-04-26 19:29:43.584 +05:30 [DBG] Saving the document under directory D:\PRB.Services\PRB.Services\wwwroot\Report\TATAMOTORS.docx...
2023-04-26 19:29:43.706 +05:30 [VRB] Exporting the document as PDF format...
2023-04-26 19:29:44.825 +05:30 [INF] Getting holding Details.

2023-04-26 19:29:45.087 +05:30 [VRB] Fetching Opening and closing...
2023-04-26 19:29:45.087 +05:30 [INF] Getting holding Details.

2023-04-26 19:29:45.339 +05:30 [INF] Opening and closing balance fetched.

2023-04-26 19:29:46.065 +05:30 [INF] Binding the data in Word template...
2023-04-26 19:29:46.186 +05:30 [INF] Data binded in Content Control.
2023-04-26 19:29:47.301 +05:30 [DBG] Saving the document under directory D:\PRB.Services\PRB.Services\wwwroot\Report\WIPRO.docx...
2023-04-26 19:29:47.405 +05:30 [VRB] Exporting the document as PDF format...
2023-04-26 19:29:48.500 +05:30 [INF] Detailed Report generated.
2023-04-26 19:29:48.501 +05:30 [INF] Closing Word document.

2023-04-26 19:29:48.533 +05:30 [INF] Author : Vishnuraj generating Summary Report...
2023-04-26 19:29:48.635 +05:30 [VRB] Template opened.
2023-04-26 19:29:49.057 +05:30 [VRB] Fetching data for binding contents...
2023-04-26 19:29:50.765 +05:30 [INF] Binding data in Word template...
2023-04-26 19:29:50.771 +05:30 [INF] Data binded in Content Control.
2023-04-26 19:29:52.103 +05:30 [DBG] Saving the document under directory D:\PRB.Services\PRB.Services\wwwroot\Report\Summary.docx...
2023-04-26 19:29:52.251 +05:30 [VRB] Exporting the document as PDF format...
2023-04-26 19:29:53.245 +05:30 [INF] Summary Report generated.
2023-04-26 19:29:53.245 +05:30 [INF] Closing Word document.

2023-04-26 19:29:53.265 +05:30 [INF] Author : Vishnuraj generating Disclaimer Report...
2023-04-26 19:29:53.341 +05:30 [VRB] Template opened.
2023-04-26 19:29:53.699 +05:30 [VRB] Fetching commentary from database...
2023-04-26 19:29:53.943 +05:30 [INF] Binding data in Word template...
2023-04-26 19:29:53.944 +05:30 [INF] Data binded in Content Control
2023-04-26 19:29:53.944 +05:30 [DBG] Saving the document under directory D:\PRB.Services\PRB.Services\wwwroot\Report\Disclaimer.docx...
2023-04-26 19:29:53.996 +05:30 [VRB] Exporting the document as PDF format...
2023-04-26 19:29:54.096 +05:30 [INF] Disclaimer Report generated.
2023-04-26 19:29:54.096 +05:30 [INF] Closing Word document.

2023-04-26 19:29:55.191 +05:30 [ERR] Something went wrong while encryption. !
