2023-04-06 18:14:41.374 +05:30 [INF] Application Running...
2023-04-06 18:14:41.902 +05:30 [FTL] The Application Failed to start correctly. 
2023-04-06 18:15:29.802 +05:30 [INF] Application Running...
2023-04-06 18:15:41.066 +05:30 [INF] ---Automation Started---
Initiating Word Application
2023-04-06 18:15:41.915 +05:30 [INF] Author : Vishnuraj generating Detailed Report...
2023-04-06 18:15:42.197 +05:30 [VRB] Template opened.
2023-04-06 18:15:42.648 +05:30 [VRB] Fetching all TICKERS from Database for Feb 2023.
2023-04-06 18:15:42.962 +05:30 [INF] Fetched all TICKERS from Database for Feb 2023.

2023-04-06 18:15:44.888 +05:30 [INF] Binding the data in Word template...
2023-04-06 18:15:45.137 +05:30 [INF] Data binded in Content Control.
2023-04-06 18:15:46.226 +05:30 [DBG] Saving the document under directory D:\PRB.Services\PRB.Services\wwwroot\Report\ACN.docx...
2023-04-06 18:15:46.485 +05:30 [VRB] Exporting the document as PDF format...
2023-04-06 18:15:49.295 +05:30 [INF] Binding the data in Word template...
2023-04-06 18:15:49.375 +05:30 [INF] Data binded in Content Control.
2023-04-06 18:15:50.359 +05:30 [DBG] Saving the document under directory D:\PRB.Services\PRB.Services\wwwroot\Report\ADANITRANS.docx...
2023-04-06 18:15:50.440 +05:30 [VRB] Exporting the document as PDF format...
2023-04-06 18:15:52.768 +05:30 [INF] Binding the data in Word template...
2023-04-06 18:15:52.850 +05:30 [INF] Data binded in Content Control.
2023-04-06 18:15:53.919 +05:30 [DBG] Saving the document under directory D:\PRB.Services\PRB.Services\wwwroot\Report\HDFCBANK.docx...
2023-04-06 18:15:54.012 +05:30 [VRB] Exporting the document as PDF format...
2023-04-06 18:15:56.804 +05:30 [INF] Binding the data in Word template...
2023-04-06 18:15:56.858 +05:30 [INF] Data binded in Content Control.
2023-04-06 18:15:57.762 +05:30 [DBG] Saving the document under directory D:\PRB.Services\PRB.Services\wwwroot\Report\TATAMOTORS.docx...
2023-04-06 18:15:58.262 +05:30 [VRB] Exporting the document as PDF format...
2023-04-06 18:16:00.414 +05:30 [INF] Binding the data in Word template...
2023-04-06 18:16:00.465 +05:30 [INF] Data binded in Content Control.
2023-04-06 18:16:01.505 +05:30 [DBG] Saving the document under directory D:\PRB.Services\PRB.Services\wwwroot\Report\WIPRO.docx...
2023-04-06 18:16:01.596 +05:30 [VRB] Exporting the document as PDF format...
2023-04-06 18:16:02.543 +05:30 [INF] Detailed Report generated.
2023-04-06 18:16:02.543 +05:30 [INF] Closing Word document.

2023-04-06 18:16:02.581 +05:30 [INF] Author : Vishnuraj generating Summary Report...
2023-04-06 18:16:02.727 +05:30 [VRB] Template opened.
2023-04-06 18:16:02.822 +05:30 [VRB] Fetching data for binding contents...
2023-04-06 18:16:04.569 +05:30 [INF] Binding data in Word template...
2023-04-06 18:16:04.580 +05:30 [INF] Data binded in Content Control.
2023-04-06 18:16:05.937 +05:30 [DBG] Saving the document under directory D:\PRB.Services\PRB.Services\wwwroot\Report\Summary.docx...
2023-04-06 18:16:06.032 +05:30 [VRB] Exporting the document as PDF format...
2023-04-06 18:16:06.944 +05:30 [INF] Summary Report generated.
2023-04-06 18:16:06.944 +05:30 [INF] Closing Word document.

2023-04-06 18:16:06.958 +05:30 [INF] Author : Vishnuraj generating Disclaimer Report...
2023-04-06 18:16:07.052 +05:30 [VRB] Template opened.
2023-04-06 18:16:07.072 +05:30 [VRB] Fetching commentary from database...
2023-04-06 18:16:07.306 +05:30 [INF] Binding data in Word template...
2023-04-06 18:16:07.311 +05:30 [INF] Data binded in Content Control
2023-04-06 18:16:07.311 +05:30 [DBG] Saving the document under directory D:\PRB.Services\PRB.Services\wwwroot\Report\Disclaimer.docx...
2023-04-06 18:16:07.375 +05:30 [VRB] Exporting the document as PDF format...
2023-04-06 18:16:07.469 +05:30 [INF] Disclaimer Report generated.
2023-04-06 18:16:07.469 +05:30 [INF] Closing Word document.

2023-04-06 18:16:07.483 +05:30 [INF] Author : Vishnuraj Merging all docx...
2023-04-06 18:16:07.484 +05:30 [VRB] Fetching all DOCX file paths...
2023-04-06 18:16:07.639 +05:30 [INF] Merging all DOCX file ...
2023-04-06 18:16:07.746 +05:30 [DBG] Summary.docx is merged into Document.
2023-04-06 18:16:07.789 +05:30 [DBG] ACN.docx is merged into Document.
2023-04-06 18:16:07.867 +05:30 [DBG] ADANITRANS.docx is merged into Document.
2023-04-06 18:16:07.950 +05:30 [DBG] HDFCBANK.docx is merged into Document.
2023-04-06 18:16:08.069 +05:30 [DBG] TATAMOTORS.docx is merged into Document.
2023-04-06 18:16:08.198 +05:30 [DBG] WIPRO.docx is merged into Document.
2023-04-06 18:16:08.198 +05:30 [INF] Merged document is Protected with password
2023-04-06 18:16:08.198 +05:30 [DBG] Saving the document under directory D:\PRB.Services\PRB.Services\wwwroot\Report\.docx...
2023-04-06 18:16:08.505 +05:30 [DBG] Exporting the document as PDF format...
2023-04-06 18:16:09.285 +05:30 [INF] Closing the Word Appliction
2023-04-06 18:16:09.292 +05:30 [INF] ---Automation Terminated---

2023-04-06 18:16:30.564 +05:30 [INF] ---Automation Started---
Initiating Word Application
2023-04-06 18:16:30.983 +05:30 [INF] Author : Vishnuraj generating Detailed Report...
2023-04-06 18:16:31.208 +05:30 [VRB] Template opened.
2023-04-06 18:16:31.549 +05:30 [VRB] Fetching all TICKERS from Database for Feb 2023.
2023-04-06 18:16:31.781 +05:30 [INF] Fetched all TICKERS from Database for Feb 2023.

2023-04-06 18:16:33.216 +05:30 [INF] Binding the data in Word template...
2023-04-06 18:16:33.269 +05:30 [INF] Data binded in Content Control.
2023-04-06 18:16:34.150 +05:30 [DBG] Saving the document under directory D:\PRB.Services\PRB.Services\wwwroot\Report\ACN.docx...
2023-04-06 18:16:34.298 +05:30 [VRB] Exporting the document as PDF format...
2023-04-06 18:16:36.397 +05:30 [INF] Binding the data in Word template...
2023-04-06 18:16:36.439 +05:30 [INF] Data binded in Content Control.
2023-04-06 18:16:37.476 +05:30 [DBG] Saving the document under directory D:\PRB.Services\PRB.Services\wwwroot\Report\ADANITRANS.docx...
2023-04-06 18:16:37.560 +05:30 [VRB] Exporting the document as PDF format...
2023-04-06 18:16:39.711 +05:30 [INF] Binding the data in Word template...
2023-04-06 18:16:39.752 +05:30 [INF] Data binded in Content Control.
2023-04-06 18:16:40.865 +05:30 [DBG] Saving the document under directory D:\PRB.Services\PRB.Services\wwwroot\Report\HDFCBANK.docx...
2023-04-06 18:16:40.969 +05:30 [VRB] Exporting the document as PDF format...
2023-04-06 18:16:43.104 +05:30 [INF] Binding the data in Word template...
2023-04-06 18:16:43.146 +05:30 [INF] Data binded in Content Control.
2023-04-06 18:16:44.074 +05:30 [DBG] Saving the document under directory D:\PRB.Services\PRB.Services\wwwroot\Report\TATAMOTORS.docx...
2023-04-06 18:16:44.183 +05:30 [VRB] Exporting the document as PDF format...
2023-04-06 18:16:46.461 +05:30 [INF] Binding the data in Word template...
2023-04-06 18:16:46.504 +05:30 [INF] Data binded in Content Control.
2023-04-06 18:16:47.511 +05:30 [DBG] Saving the document under directory D:\PRB.Services\PRB.Services\wwwroot\Report\WIPRO.docx...
2023-04-06 18:16:47.595 +05:30 [VRB] Exporting the document as PDF format...
2023-04-06 18:16:48.519 +05:30 [INF] Detailed Report generated.
2023-04-06 18:16:48.519 +05:30 [INF] Closing Word document.

2023-04-06 18:16:48.541 +05:30 [INF] Author : Vishnuraj generating Summary Report...
2023-04-06 18:16:48.662 +05:30 [VRB] Template opened.
2023-04-06 18:16:48.761 +05:30 [VRB] Fetching data for binding contents...
2023-04-06 18:16:50.404 +05:30 [INF] Binding data in Word template...
2023-04-06 18:16:50.411 +05:30 [INF] Data binded in Content Control.
2023-04-06 18:16:51.736 +05:30 [DBG] Saving the document under directory D:\PRB.Services\PRB.Services\wwwroot\Report\Summary.docx...
2023-04-06 18:16:52.067 +05:30 [VRB] Exporting the document as PDF format...
2023-04-06 18:16:53.122 +05:30 [INF] Summary Report generated.
2023-04-06 18:16:53.122 +05:30 [INF] Closing Word document.

2023-04-06 18:16:53.139 +05:30 [INF] Author : Vishnuraj generating Disclaimer Report...
2023-04-06 18:16:53.223 +05:30 [VRB] Template opened.
2023-04-06 18:16:53.247 +05:30 [VRB] Fetching commentary from database...
2023-04-06 18:16:53.478 +05:30 [INF] Binding data in Word template...
2023-04-06 18:16:53.485 +05:30 [INF] Data binded in Content Control
2023-04-06 18:16:53.486 +05:30 [DBG] Saving the document under directory D:\PRB.Services\PRB.Services\wwwroot\Report\Disclaimer.docx...
2023-04-06 18:16:53.574 +05:30 [VRB] Exporting the document as PDF format...
2023-04-06 18:16:53.743 +05:30 [INF] Disclaimer Report generated.
2023-04-06 18:16:53.743 +05:30 [INF] Closing Word document.

2023-04-06 18:16:53.778 +05:30 [INF] Author : Vishnuraj Merging all docx...
2023-04-06 18:16:53.779 +05:30 [VRB] Fetching all DOCX file paths...
2023-04-06 18:16:54.005 +05:30 [INF] Merging all DOCX file ...
2023-04-06 18:16:54.061 +05:30 [DBG] Summary.docx is merged into Document.
2023-04-06 18:16:54.097 +05:30 [DBG] ACN.docx is merged into Document.
2023-04-06 18:16:54.202 +05:30 [DBG] ADANITRANS.docx is merged into Document.
2023-04-06 18:16:54.326 +05:30 [DBG] HDFCBANK.docx is merged into Document.
2023-04-06 18:16:54.463 +05:30 [DBG] TATAMOTORS.docx is merged into Document.
2023-04-06 18:16:54.613 +05:30 [DBG] WIPRO.docx is merged into Document.
2023-04-06 18:16:54.613 +05:30 [INF] Merged document is Protected with password
2023-04-06 18:16:54.613 +05:30 [DBG] Saving the document under directory D:\PRB.Services\PRB.Services\wwwroot\Report\.docx...
2023-04-06 18:16:54.929 +05:30 [DBG] Exporting the document as PDF format...
2023-04-06 18:16:55.590 +05:30 [INF] Closing the Word Appliction
2023-04-06 18:16:55.590 +05:30 [INF] ---Automation Terminated---

2023-04-06 18:17:00.467 +05:30 [VRB] Fetching all Reports from Database.
2023-04-06 18:17:00.756 +05:30 [INF] Reports Fetched.

2023-04-06 18:17:10.050 +05:30 [VRB] Fetching all TICKERS from Database for Mar 2023.
2023-04-06 18:17:10.288 +05:30 [INF] Fetched all TICKERS from Database for Mar 2023.

2023-04-06 18:17:23.151 +05:30 [INF] Getting holding Details.

2023-04-06 18:18:18.585 +05:30 [INF] Application Running...
2023-04-06 18:31:16.647 +05:30 [INF] Application Running...
2023-04-06 18:32:32.265 +05:30 [INF] Application Running...
2023-04-06 18:34:35.653 +05:30 [INF] Application Running...
2023-04-06 18:38:17.814 +05:30 [INF] Application Running...
2023-04-06 18:40:49.596 +05:30 [INF] Application Running...
2023-04-06 18:42:07.961 +05:30 [INF] Application Running...
2023-04-06 18:43:23.333 +05:30 [INF] Application Running...
2023-04-06 18:48:36.490 +05:30 [INF] Application Running...
2023-04-06 18:51:20.215 +05:30 [INF] Application Running...
2023-04-06 18:55:49.702 +05:30 [INF] Application Running...
2023-04-06 18:58:03.893 +05:30 [INF] Application Running...
2023-04-06 18:58:43.522 +05:30 [INF] Application Running...
2023-04-06 19:02:17.875 +05:30 [INF] Application Running...
2023-04-06 19:02:48.417 +05:30 [INF] Application Running...
2023-04-06 19:03:46.681 +05:30 [INF] Application Running...
2023-04-06 19:04:46.422 +05:30 [INF] Application Running...
2023-04-06 19:05:26.542 +05:30 [INF] Application Running...
2023-04-06 19:05:48.046 +05:30 [INF] Application Running...
2023-04-06 19:08:38.910 +05:30 [INF] Application Running...
2023-04-06 19:09:37.975 +05:30 [INF] Application Running...
2023-04-06 19:10:35.999 +05:30 [INF] Application Running...
2023-04-06 19:12:43.580 +05:30 [INF] Application Running...
2023-04-06 19:14:35.600 +05:30 [INF] Application Running...
2023-04-06 19:18:05.504 +05:30 [INF] Application Running...
2023-04-06 19:19:43.355 +05:30 [INF] Application Running...
2023-04-06 19:21:16.027 +05:30 [INF] Application Running...
2023-04-06 19:23:56.314 +05:30 [INF] Application Running...
2023-04-06 19:25:28.819 +05:30 [INF] Application Running...
2023-04-06 19:26:22.246 +05:30 [INF] Application Running...
2023-04-06 19:26:57.343 +05:30 [INF] Application Running...
2023-04-06 19:28:18.001 +05:30 [INF] Application Running...
2023-04-06 19:29:47.505 +05:30 [INF] Application Running...
2023-04-06 19:29:52.762 +05:30 [INF] Application Running...
2023-04-06 19:31:23.632 +05:30 [INF] Application Running...
2023-04-06 19:31:41.346 +05:30 [INF] Application Running...
2023-04-06 19:32:13.987 +05:30 [INF] Application Running...
