2023-04-28 00:15:29.116 +05:30 [INF] Application Running...
2023-04-28 00:15:41.543 +05:30 [INF] ---Automation Started---
Initiating Word Application
2023-04-28 00:15:42.796 +05:30 [INF] Initiating Rule Engine Executor...
2023-04-28 00:15:45.362 +05:30 [VRB] Initiating Rule Engine...
2023-04-28 00:15:45.546 +05:30 [INF] RuleExecutor returned the values.

2023-04-28 00:15:45.601 +05:30 [INF] Author : Vishnuraj generating Detailed Report...
2023-04-28 00:15:46.554 +05:30 [VRB] Template opened.
2023-04-28 00:15:46.969 +05:30 [VRB] Fetching all TICKERS from Database for Mar 2023.
2023-04-28 00:15:47.279 +05:30 [INF] Fetched all TICKERS from Database for Mar 2023.

2023-04-28 00:15:47.617 +05:30 [INF] Getting holding Details.

2023-04-28 00:15:47.967 +05:30 [VRB] Fetching Opening and closing...
2023-04-28 00:15:47.967 +05:30 [INF] Getting holding Details.

2023-04-28 00:15:48.199 +05:30 [INF] Opening and closing balance fetched.

2023-04-28 00:15:48.491 +05:30 [INF] Binding the data in Word template...
2023-04-28 00:15:58.770 +05:30 [INF] Data binded in Content Control.
2023-04-28 00:16:09.363 +05:30 [DBG] Saving the document under directory D:\PRB.Services\PRB.Services\wwwroot\Report\ABBOTINDIA.docx...
2023-04-28 00:16:09.651 +05:30 [VRB] Exporting the document as PDF format...
2023-04-28 00:16:10.483 +05:30 [INF] Getting holding Details.

2023-04-28 00:16:10.713 +05:30 [VRB] Fetching Opening and closing...
2023-04-28 00:16:10.713 +05:30 [INF] Getting holding Details.

2023-04-28 00:16:10.943 +05:30 [INF] Opening and closing balance fetched.

2023-04-28 00:16:11.176 +05:30 [INF] Binding the data in Word template...
2023-04-28 00:16:11.308 +05:30 [INF] Data binded in Content Control.
2023-04-28 00:16:15.143 +05:30 [DBG] Saving the document under directory D:\PRB.Services\PRB.Services\wwwroot\Report\ABBOTINDIA.docx...
2023-04-28 00:16:15.236 +05:30 [VRB] Exporting the document as PDF format...
2023-04-28 00:16:15.783 +05:30 [INF] Getting holding Details.

2023-04-28 00:16:16.013 +05:30 [VRB] Fetching Opening and closing...
2023-04-28 00:16:16.013 +05:30 [INF] Getting holding Details.

2023-04-28 00:16:16.242 +05:30 [INF] Opening and closing balance fetched.

2023-04-28 00:16:16.479 +05:30 [INF] Binding the data in Word template...
2023-04-28 00:16:16.674 +05:30 [INF] Data binded in Content Control.
2023-04-28 00:16:20.785 +05:30 [DBG] Saving the document under directory D:\PRB.Services\PRB.Services\wwwroot\Report\ACN.docx...
2023-04-28 00:16:20.901 +05:30 [VRB] Exporting the document as PDF format...
2023-04-28 00:16:21.456 +05:30 [INF] Getting holding Details.

2023-04-28 00:16:21.685 +05:30 [VRB] Fetching Opening and closing...
2023-04-28 00:16:21.685 +05:30 [INF] Getting holding Details.

2023-04-28 00:16:21.929 +05:30 [INF] Opening and closing balance fetched.

2023-04-28 00:16:22.162 +05:30 [INF] Binding the data in Word template...
2023-04-28 00:16:22.320 +05:30 [INF] Data binded in Content Control.
2023-04-28 00:16:26.604 +05:30 [DBG] Saving the document under directory D:\PRB.Services\PRB.Services\wwwroot\Report\ADANITRANS.docx...
2023-04-28 00:16:26.728 +05:30 [VRB] Exporting the document as PDF format...
2023-04-28 00:16:27.314 +05:30 [INF] Getting holding Details.

2023-04-28 00:16:27.544 +05:30 [VRB] Fetching Opening and closing...
2023-04-28 00:16:27.544 +05:30 [INF] Getting holding Details.

2023-04-28 00:16:27.774 +05:30 [INF] Opening and closing balance fetched.

2023-04-28 00:16:28.006 +05:30 [INF] Binding the data in Word template...
2023-04-28 00:16:28.642 +05:30 [INF] Data binded in Content Control.
2023-04-28 00:16:33.709 +05:30 [DBG] Saving the document under directory D:\PRB.Services\PRB.Services\wwwroot\Report\HDFCBANK.docx...
2023-04-28 00:16:33.850 +05:30 [VRB] Exporting the document as PDF format...
2023-04-28 00:16:34.415 +05:30 [INF] Getting holding Details.

2023-04-28 00:16:34.645 +05:30 [VRB] Fetching Opening and closing...
2023-04-28 00:16:34.645 +05:30 [INF] Getting holding Details.

2023-04-28 00:16:34.874 +05:30 [INF] Opening and closing balance fetched.

2023-04-28 00:16:35.108 +05:30 [INF] Binding the data in Word template...
2023-04-28 00:16:35.276 +05:30 [INF] Data binded in Content Control.
2023-04-28 00:16:39.464 +05:30 [DBG] Saving the document under directory D:\PRB.Services\PRB.Services\wwwroot\Report\TATAMOTORS.docx...
2023-04-28 00:16:39.582 +05:30 [VRB] Exporting the document as PDF format...
2023-04-28 00:16:40.135 +05:30 [INF] Getting holding Details.

2023-04-28 00:16:40.368 +05:30 [VRB] Fetching Opening and closing...
2023-04-28 00:16:40.368 +05:30 [INF] Getting holding Details.

2023-04-28 00:16:40.601 +05:30 [INF] Opening and closing balance fetched.

2023-04-28 00:16:40.835 +05:30 [INF] Binding the data in Word template...
2023-04-28 00:16:40.990 +05:30 [INF] Data binded in Content Control.
2023-04-28 00:16:45.314 +05:30 [DBG] Saving the document under directory D:\PRB.Services\PRB.Services\wwwroot\Report\WIPRO.docx...
2023-04-28 00:16:45.440 +05:30 [VRB] Exporting the document as PDF format...
2023-04-28 00:16:45.773 +05:30 [INF] Detailed Report generated.
2023-04-28 00:16:45.773 +05:30 [INF] Closing Word document.

2023-04-28 00:16:45.827 +05:30 [INF] Author : Vishnuraj generating Summary Report...
2023-04-28 00:16:45.976 +05:30 [VRB] Template opened.
2023-04-28 00:16:46.451 +05:30 [VRB] Fetching data for binding contents...
2023-04-28 00:16:48.290 +05:30 [INF] Binding data in Word template...
2023-04-28 00:16:48.297 +05:30 [INF] Data binded in Content Control.
2023-04-28 00:16:49.876 +05:30 [DBG] Saving the document under directory D:\PRB.Services\PRB.Services\wwwroot\Report\Summary.docx...
2023-04-28 00:16:50.050 +05:30 [VRB] Exporting the document as PDF format...
2023-04-28 00:16:51.200 +05:30 [INF] Summary Report generated.
2023-04-28 00:16:51.200 +05:30 [INF] Closing Word document.

2023-04-28 00:16:51.225 +05:30 [INF] Author : Vishnuraj generating Disclaimer Report...
2023-04-28 00:16:51.321 +05:30 [VRB] Template opened.
2023-04-28 00:16:51.677 +05:30 [VRB] Fetching commentary from database...
2023-04-28 00:16:51.911 +05:30 [INF] Binding data in Word template...
2023-04-28 00:16:51.911 +05:30 [INF] Data binded in Content Control
2023-04-28 00:16:51.911 +05:30 [DBG] Saving the document under directory D:\PRB.Services\PRB.Services\wwwroot\Report\Disclaimer.docx...
2023-04-28 00:16:51.972 +05:30 [VRB] Exporting the document as PDF format...
2023-04-28 00:16:52.073 +05:30 [INF] Disclaimer Report generated.
2023-04-28 00:16:52.073 +05:30 [INF] Closing Word document.

2023-04-28 00:16:52.973 +05:30 [INF] Author : Vishnuraj Merging all docx...
2023-04-28 00:16:52.974 +05:30 [VRB] Fetching all DOCX file paths...
2023-04-28 00:16:53.150 +05:30 [INF] Merging all DOCX file ...
2023-04-28 00:16:53.237 +05:30 [DBG] Summary.docx is merged into Document.
2023-04-28 00:16:53.312 +05:30 [DBG] ABBOTINDIA.docx is merged into Document.
2023-04-28 00:16:53.426 +05:30 [DBG] ACN.docx is merged into Document.
2023-04-28 00:16:53.560 +05:30 [DBG] ADANITRANS.docx is merged into Document.
2023-04-28 00:16:53.712 +05:30 [DBG] HDFCBANK.docx is merged into Document.
2023-04-28 00:16:53.891 +05:30 [DBG] TATAMOTORS.docx is merged into Document.
2023-04-28 00:16:54.109 +05:30 [DBG] WIPRO.docx is merged into Document.
2023-04-28 00:16:54.317 +05:30 [INF] Merged document is Protected with password
2023-04-28 00:16:54.317 +05:30 [DBG] Saving the document under directory D:\PRB.Services\PRB.Services\wwwroot\Report\.docx...
2023-04-28 00:16:55.040 +05:30 [DBG] Exporting the document as PDF format...
2023-04-28 00:16:56.526 +05:30 [INF] Closing the Word Appliction
2023-04-28 00:16:56.530 +05:30 [INF] ---Automation Terminated---

2023-04-28 00:31:12.203 +05:30 [INF] Application Running...
2023-04-28 00:31:23.380 +05:30 [INF] ---Automation Started---
Initiating Word Application
2023-04-28 00:31:24.104 +05:30 [INF] Initiating Rule Engine Executor...
2023-04-28 00:31:24.212 +05:30 [VRB] Initiating Rule Engine...
2023-04-28 00:31:24.669 +05:30 [INF] RuleExecutor returned the values.

2023-04-28 00:31:25.004 +05:30 [INF] Author : Vishnuraj generating Detailed Report...
2023-04-28 00:31:25.683 +05:30 [VRB] Template opened.
2023-04-28 00:31:26.122 +05:30 [VRB] Fetching all TICKERS from Database for Mar 2023.
2023-04-28 00:31:26.465 +05:30 [INF] Fetched all TICKERS from Database for Mar 2023.

2023-04-28 00:31:26.756 +05:30 [INF] Getting holding Details.

2023-04-28 00:31:27.051 +05:30 [VRB] Fetching Opening and closing...
2023-04-28 00:31:27.051 +05:30 [INF] Getting holding Details.

2023-04-28 00:31:27.281 +05:30 [INF] Opening and closing balance fetched.

2023-04-28 00:31:27.568 +05:30 [INF] Binding the data in Word template...
2023-04-28 00:31:28.128 +05:30 [INF] Data binded in Content Control.
2023-04-28 00:31:33.692 +05:30 [DBG] Saving the document under directory D:\PRB.Services\PRB.Services\wwwroot\Report\ABBOTINDIA.docx...
2023-04-28 00:31:33.976 +05:30 [VRB] Exporting the document as PDF format...
2023-04-28 00:31:34.828 +05:30 [INF] Getting holding Details.

2023-04-28 00:31:35.057 +05:30 [VRB] Fetching Opening and closing...
2023-04-28 00:31:35.058 +05:30 [INF] Getting holding Details.

2023-04-28 00:31:35.287 +05:30 [INF] Opening and closing balance fetched.

2023-04-28 00:31:35.521 +05:30 [INF] Binding the data in Word template...
2023-04-28 00:31:35.665 +05:30 [INF] Data binded in Content Control.
2023-04-28 00:31:39.503 +05:30 [DBG] Saving the document under directory D:\PRB.Services\PRB.Services\wwwroot\Report\ABBOTINDIA.docx...
2023-04-28 00:31:39.585 +05:30 [VRB] Exporting the document as PDF format...
2023-04-28 00:31:40.131 +05:30 [INF] Getting holding Details.

2023-04-28 00:31:40.360 +05:30 [VRB] Fetching Opening and closing...
2023-04-28 00:31:40.360 +05:30 [INF] Getting holding Details.

2023-04-28 00:31:40.589 +05:30 [INF] Opening and closing balance fetched.

2023-04-28 00:31:40.821 +05:30 [INF] Binding the data in Word template...
2023-04-28 00:31:41.029 +05:30 [INF] Data binded in Content Control.
2023-04-28 00:31:45.132 +05:30 [DBG] Saving the document under directory D:\PRB.Services\PRB.Services\wwwroot\Report\ACN.docx...
2023-04-28 00:31:45.241 +05:30 [VRB] Exporting the document as PDF format...
2023-04-28 00:31:45.821 +05:30 [INF] Getting holding Details.

2023-04-28 00:31:46.050 +05:30 [VRB] Fetching Opening and closing...
2023-04-28 00:31:46.050 +05:30 [INF] Getting holding Details.

2023-04-28 00:31:46.279 +05:30 [INF] Opening and closing balance fetched.

2023-04-28 00:31:46.512 +05:30 [INF] Binding the data in Word template...
2023-04-28 00:31:46.683 +05:30 [INF] Data binded in Content Control.
2023-04-28 00:31:52.033 +05:30 [DBG] Saving the document under directory D:\PRB.Services\PRB.Services\wwwroot\Report\ADANITRANS.docx...
2023-04-28 00:31:52.178 +05:30 [VRB] Exporting the document as PDF format...
2023-04-28 00:31:52.775 +05:30 [INF] Getting holding Details.

2023-04-28 00:31:53.005 +05:30 [VRB] Fetching Opening and closing...
2023-04-28 00:31:53.005 +05:30 [INF] Getting holding Details.

2023-04-28 00:31:53.234 +05:30 [INF] Opening and closing balance fetched.

2023-04-28 00:31:53.467 +05:30 [INF] Binding the data in Word template...
2023-04-28 00:31:53.653 +05:30 [INF] Data binded in Content Control.
2023-04-28 00:31:59.396 +05:30 [DBG] Saving the document under directory D:\PRB.Services\PRB.Services\wwwroot\Report\HDFCBANK.docx...
2023-04-28 00:31:59.521 +05:30 [VRB] Exporting the document as PDF format...
2023-04-28 00:32:00.090 +05:30 [INF] Getting holding Details.

2023-04-28 00:32:00.320 +05:30 [VRB] Fetching Opening and closing...
2023-04-28 00:32:00.320 +05:30 [INF] Getting holding Details.

2023-04-28 00:32:00.549 +05:30 [INF] Opening and closing balance fetched.

2023-04-28 00:32:00.783 +05:30 [INF] Binding the data in Word template...
2023-04-28 00:32:01.097 +05:30 [INF] Data binded in Content Control.
2023-04-28 00:32:05.319 +05:30 [DBG] Saving the document under directory D:\PRB.Services\PRB.Services\wwwroot\Report\TATAMOTORS.docx...
2023-04-28 00:32:05.438 +05:30 [VRB] Exporting the document as PDF format...
2023-04-28 00:32:05.990 +05:30 [INF] Getting holding Details.

2023-04-28 00:32:06.219 +05:30 [VRB] Fetching Opening and closing...
2023-04-28 00:32:06.219 +05:30 [INF] Getting holding Details.

2023-04-28 00:32:06.448 +05:30 [INF] Opening and closing balance fetched.

2023-04-28 00:32:06.686 +05:30 [INF] Binding the data in Word template...
2023-04-28 00:32:06.848 +05:30 [INF] Data binded in Content Control.
2023-04-28 00:32:10.818 +05:30 [DBG] Saving the document under directory D:\PRB.Services\PRB.Services\wwwroot\Report\WIPRO.docx...
2023-04-28 00:32:10.963 +05:30 [VRB] Exporting the document as PDF format...
2023-04-28 00:32:11.299 +05:30 [INF] Detailed Report generated.
2023-04-28 00:32:11.299 +05:30 [INF] Closing Word document.

2023-04-28 00:32:11.349 +05:30 [INF] Author : Vishnuraj generating Summary Report...
2023-04-28 00:32:11.706 +05:30 [VRB] Template opened.
2023-04-28 00:32:12.180 +05:30 [VRB] Fetching data for binding contents...
2023-04-28 00:32:13.942 +05:30 [INF] Binding data in Word template...
2023-04-28 00:32:13.949 +05:30 [INF] Data binded in Content Control.
2023-04-28 00:32:15.409 +05:30 [DBG] Saving the document under directory D:\PRB.Services\PRB.Services\wwwroot\Report\Summary.docx...
2023-04-28 00:32:15.588 +05:30 [VRB] Exporting the document as PDF format...
2023-04-28 00:32:16.709 +05:30 [INF] Summary Report generated.
2023-04-28 00:32:16.709 +05:30 [INF] Closing Word document.

2023-04-28 00:32:16.739 +05:30 [INF] Author : Vishnuraj generating Disclaimer Report...
2023-04-28 00:32:16.857 +05:30 [VRB] Template opened.
2023-04-28 00:32:17.214 +05:30 [VRB] Fetching commentary from database...
2023-04-28 00:32:17.450 +05:30 [INF] Binding data in Word template...
2023-04-28 00:32:17.450 +05:30 [INF] Data binded in Content Control
2023-04-28 00:32:17.450 +05:30 [DBG] Saving the document under directory D:\PRB.Services\PRB.Services\wwwroot\Report\Disclaimer.docx...
2023-04-28 00:32:17.559 +05:30 [VRB] Exporting the document as PDF format...
2023-04-28 00:32:17.679 +05:30 [INF] Disclaimer Report generated.
2023-04-28 00:32:17.679 +05:30 [INF] Closing Word document.

2023-04-28 00:32:18.571 +05:30 [INF] Author : Vishnuraj Merging all docx...
2023-04-28 00:32:18.573 +05:30 [VRB] Fetching all DOCX file paths...
2023-04-28 00:32:18.875 +05:30 [INF] Merging all DOCX file ...
2023-04-28 00:32:18.952 +05:30 [DBG] Summary.docx is merged into Document.
2023-04-28 00:32:19.046 +05:30 [DBG] ABBOTINDIA.docx is merged into Document.
2023-04-28 00:32:19.146 +05:30 [DBG] ACN.docx is merged into Document.
2023-04-28 00:32:19.270 +05:30 [DBG] ADANITRANS.docx is merged into Document.
2023-04-28 00:32:19.414 +05:30 [DBG] HDFCBANK.docx is merged into Document.
2023-04-28 00:32:19.591 +05:30 [DBG] TATAMOTORS.docx is merged into Document.
2023-04-28 00:32:19.788 +05:30 [DBG] WIPRO.docx is merged into Document.
2023-04-28 00:32:19.995 +05:30 [INF] Merged document is Protected with password
2023-04-28 00:32:19.995 +05:30 [DBG] Saving the document under directory D:\PRB.Services\PRB.Services\wwwroot\Report\.docx...
2023-04-28 00:32:20.687 +05:30 [DBG] Exporting the document as PDF format...
2023-04-28 00:32:22.299 +05:30 [INF] Closing the Word Appliction
2023-04-28 00:32:22.301 +05:30 [INF] ---Automation Terminated---

2023-04-28 00:33:45.896 +05:30 [INF] ---Automation Started---
Initiating Word Application
2023-04-28 00:33:46.331 +05:30 [INF] Initiating Rule Engine Executor...
2023-04-28 00:33:46.333 +05:30 [VRB] Initiating Rule Engine...
2023-04-28 00:33:46.334 +05:30 [INF] RuleExecutor returned the values.

2023-04-28 00:33:46.335 +05:30 [INF] Author : Vishnuraj generating Detailed Report...
2023-04-28 00:33:46.738 +05:30 [VRB] Template opened.
2023-04-28 00:33:47.078 +05:30 [VRB] Fetching all TICKERS from Database for Mar 2023.
2023-04-28 00:33:47.310 +05:30 [INF] Fetched all TICKERS from Database for Mar 2023.

2023-04-28 00:33:47.559 +05:30 [INF] Getting holding Details.

2023-04-28 00:33:47.790 +05:30 [VRB] Fetching Opening and closing...
2023-04-28 00:33:47.791 +05:30 [INF] Getting holding Details.

2023-04-28 00:33:48.020 +05:30 [INF] Opening and closing balance fetched.

2023-04-28 00:33:48.254 +05:30 [INF] Binding the data in Word template...
2023-04-28 00:33:48.400 +05:30 [INF] Data binded in Content Control.
2023-04-28 00:33:52.302 +05:30 [DBG] Saving the document under directory D:\PRB.Services\PRB.Services\wwwroot\Report\ABBOTINDIA.docx...
2023-04-28 00:33:52.489 +05:30 [VRB] Exporting the document as PDF format...
2023-04-28 00:33:53.171 +05:30 [INF] Getting holding Details.

2023-04-28 00:33:53.402 +05:30 [VRB] Fetching Opening and closing...
2023-04-28 00:33:53.403 +05:30 [INF] Getting holding Details.

2023-04-28 00:33:53.632 +05:30 [INF] Opening and closing balance fetched.

2023-04-28 00:33:53.876 +05:30 [INF] Binding the data in Word template...
2023-04-28 00:33:54.023 +05:30 [INF] Data binded in Content Control.
2023-04-28 00:33:57.693 +05:30 [DBG] Saving the document under directory D:\PRB.Services\PRB.Services\wwwroot\Report\ABBOTINDIA.docx...
2023-04-28 00:33:57.797 +05:30 [VRB] Exporting the document as PDF format...
2023-04-28 00:33:58.358 +05:30 [INF] Getting holding Details.

2023-04-28 00:33:58.588 +05:30 [VRB] Fetching Opening and closing...
2023-04-28 00:33:58.588 +05:30 [INF] Getting holding Details.

2023-04-28 00:33:58.817 +05:30 [INF] Opening and closing balance fetched.

2023-04-28 00:33:59.051 +05:30 [INF] Binding the data in Word template...
2023-04-28 00:33:59.200 +05:30 [INF] Data binded in Content Control.
2023-04-28 00:34:03.161 +05:30 [DBG] Saving the document under directory D:\PRB.Services\PRB.Services\wwwroot\Report\ACN.docx...
2023-04-28 00:34:03.279 +05:30 [VRB] Exporting the document as PDF format...
2023-04-28 00:34:03.827 +05:30 [INF] Getting holding Details.

2023-04-28 00:34:04.057 +05:30 [VRB] Fetching Opening and closing...
2023-04-28 00:34:04.057 +05:30 [INF] Getting holding Details.

2023-04-28 00:34:04.298 +05:30 [INF] Opening and closing balance fetched.

2023-04-28 00:34:04.531 +05:30 [INF] Binding the data in Word template...
2023-04-28 00:34:04.684 +05:30 [INF] Data binded in Content Control.
2023-04-28 00:34:08.940 +05:30 [DBG] Saving the document under directory D:\PRB.Services\PRB.Services\wwwroot\Report\ADANITRANS.docx...
2023-04-28 00:34:09.062 +05:30 [VRB] Exporting the document as PDF format...
2023-04-28 00:34:09.625 +05:30 [INF] Getting holding Details.

2023-04-28 00:34:09.855 +05:30 [VRB] Fetching Opening and closing...
2023-04-28 00:34:09.855 +05:30 [INF] Getting holding Details.

2023-04-28 00:34:10.087 +05:30 [INF] Opening and closing balance fetched.

2023-04-28 00:34:10.320 +05:30 [INF] Binding the data in Word template...
2023-04-28 00:34:10.474 +05:30 [INF] Data binded in Content Control.
2023-04-28 00:34:14.822 +05:30 [DBG] Saving the document under directory D:\PRB.Services\PRB.Services\wwwroot\Report\HDFCBANK.docx...
2023-04-28 00:34:14.941 +05:30 [VRB] Exporting the document as PDF format...
2023-04-28 00:34:15.493 +05:30 [INF] Getting holding Details.

2023-04-28 00:34:15.722 +05:30 [VRB] Fetching Opening and closing...
2023-04-28 00:34:15.722 +05:30 [INF] Getting holding Details.

2023-04-28 00:34:15.952 +05:30 [INF] Opening and closing balance fetched.

2023-04-28 00:34:16.190 +05:30 [INF] Binding the data in Word template...
2023-04-28 00:34:16.348 +05:30 [INF] Data binded in Content Control.
2023-04-28 00:34:20.379 +05:30 [DBG] Saving the document under directory D:\PRB.Services\PRB.Services\wwwroot\Report\TATAMOTORS.docx...
2023-04-28 00:34:20.497 +05:30 [VRB] Exporting the document as PDF format...
2023-04-28 00:34:21.069 +05:30 [INF] Getting holding Details.

2023-04-28 00:34:21.298 +05:30 [VRB] Fetching Opening and closing...
2023-04-28 00:34:21.298 +05:30 [INF] Getting holding Details.

2023-04-28 00:34:21.527 +05:30 [INF] Opening and closing balance fetched.

2023-04-28 00:34:21.761 +05:30 [INF] Binding the data in Word template...
2023-04-28 00:34:21.944 +05:30 [INF] Data binded in Content Control.
2023-04-28 00:34:26.276 +05:30 [DBG] Saving the document under directory D:\PRB.Services\PRB.Services\wwwroot\Report\WIPRO.docx...
2023-04-28 00:34:26.577 +05:30 [VRB] Exporting the document as PDF format...
2023-04-28 00:34:26.930 +05:30 [INF] Detailed Report generated.
2023-04-28 00:34:26.930 +05:30 [INF] Closing Word document.

2023-04-28 00:34:26.972 +05:30 [INF] Author : Vishnuraj generating Summary Report...
2023-04-28 00:34:27.129 +05:30 [VRB] Template opened.
2023-04-28 00:34:27.599 +05:30 [VRB] Fetching data for binding contents...
2023-04-28 00:34:29.414 +05:30 [INF] Binding data in Word template...
2023-04-28 00:34:29.422 +05:30 [INF] Data binded in Content Control.
2023-04-28 00:34:30.837 +05:30 [DBG] Saving the document under directory D:\PRB.Services\PRB.Services\wwwroot\Report\Summary.docx...
2023-04-28 00:34:30.994 +05:30 [VRB] Exporting the document as PDF format...
2023-04-28 00:34:32.117 +05:30 [INF] Summary Report generated.
2023-04-28 00:34:32.117 +05:30 [INF] Closing Word document.

2023-04-28 00:34:32.161 +05:30 [INF] Author : Vishnuraj generating Disclaimer Report...
2023-04-28 00:34:32.252 +05:30 [VRB] Template opened.
2023-04-28 00:34:32.615 +05:30 [VRB] Fetching commentary from database...
2023-04-28 00:34:32.847 +05:30 [INF] Binding data in Word template...
2023-04-28 00:34:32.847 +05:30 [INF] Data binded in Content Control
2023-04-28 00:34:32.847 +05:30 [DBG] Saving the document under directory D:\PRB.Services\PRB.Services\wwwroot\Report\Disclaimer.docx...
2023-04-28 00:34:32.915 +05:30 [VRB] Exporting the document as PDF format...
2023-04-28 00:34:33.010 +05:30 [INF] Disclaimer Report generated.
2023-04-28 00:34:33.011 +05:30 [INF] Closing Word document.

2023-04-28 00:34:34.085 +05:30 [ERR] Something went wrong while encryption. !
2023-04-28 00:35:40.434 +05:30 [INF] Application Running...
2023-04-28 00:35:50.848 +05:30 [INF] ---Automation Started---
Initiating Word Application
2023-04-28 00:35:51.224 +05:30 [INF] Initiating Rule Engine Executor...
2023-04-28 00:35:51.325 +05:30 [VRB] Initiating Rule Engine...
2023-04-28 00:35:51.493 +05:30 [INF] RuleExecutor returned the values.

2023-04-28 00:35:51.531 +05:30 [INF] Author : Vishnuraj generating Detailed Report...
2023-04-28 00:35:51.751 +05:30 [VRB] Template opened.
2023-04-28 00:35:52.102 +05:30 [VRB] Fetching all TICKERS from Database for Mar 2023.
2023-04-28 00:35:52.394 +05:30 [INF] Fetched all TICKERS from Database for Mar 2023.

2023-04-28 00:35:52.660 +05:30 [INF] Getting holding Details.

2023-04-28 00:35:52.939 +05:30 [VRB] Fetching Opening and closing...
2023-04-28 00:35:52.939 +05:30 [INF] Getting holding Details.

2023-04-28 00:35:53.169 +05:30 [INF] Opening and closing balance fetched.

2023-04-28 00:35:53.482 +05:30 [INF] Binding the data in Word template...
2023-04-28 00:35:53.671 +05:30 [INF] Data binded in Content Control.
2023-04-28 00:35:57.281 +05:30 [DBG] Saving the document under directory D:\PRB.Services\PRB.Services\wwwroot\Report\ABBOTINDIA.docx...
2023-04-28 00:35:57.448 +05:30 [VRB] Exporting the document as PDF format...
2023-04-28 00:35:58.100 +05:30 [INF] Getting holding Details.

2023-04-28 00:35:58.330 +05:30 [VRB] Fetching Opening and closing...
2023-04-28 00:35:58.330 +05:30 [INF] Getting holding Details.

2023-04-28 00:35:58.560 +05:30 [INF] Opening and closing balance fetched.

2023-04-28 00:35:58.792 +05:30 [INF] Binding the data in Word template...
2023-04-28 00:35:58.955 +05:30 [INF] Data binded in Content Control.
2023-04-28 00:36:02.612 +05:30 [DBG] Saving the document under directory D:\PRB.Services\PRB.Services\wwwroot\Report\ABBOTINDIA.docx...
2023-04-28 00:36:02.696 +05:30 [VRB] Exporting the document as PDF format...
2023-04-28 00:36:03.271 +05:30 [INF] Getting holding Details.

2023-04-28 00:36:03.503 +05:30 [VRB] Fetching Opening and closing...
2023-04-28 00:36:03.503 +05:30 [INF] Getting holding Details.

2023-04-28 00:36:03.733 +05:30 [INF] Opening and closing balance fetched.

2023-04-28 00:36:03.965 +05:30 [INF] Binding the data in Word template...
2023-04-28 00:36:04.142 +05:30 [INF] Data binded in Content Control.
2023-04-28 00:36:08.037 +05:30 [DBG] Saving the document under directory D:\PRB.Services\PRB.Services\wwwroot\Report\ACN.docx...
2023-04-28 00:36:08.155 +05:30 [VRB] Exporting the document as PDF format...
2023-04-28 00:36:08.737 +05:30 [INF] Getting holding Details.

2023-04-28 00:36:08.968 +05:30 [VRB] Fetching Opening and closing...
2023-04-28 00:36:08.968 +05:30 [INF] Getting holding Details.

2023-04-28 00:36:09.199 +05:30 [INF] Opening and closing balance fetched.

2023-04-28 00:36:09.430 +05:30 [INF] Binding the data in Word template...
2023-04-28 00:36:09.602 +05:30 [INF] Data binded in Content Control.
2023-04-28 00:36:14.310 +05:30 [DBG] Saving the document under directory D:\PRB.Services\PRB.Services\wwwroot\Report\ADANITRANS.docx...
2023-04-28 00:36:14.426 +05:30 [VRB] Exporting the document as PDF format...
2023-04-28 00:36:15.006 +05:30 [INF] Getting holding Details.

2023-04-28 00:36:15.242 +05:30 [VRB] Fetching Opening and closing...
2023-04-28 00:36:15.242 +05:30 [INF] Getting holding Details.

2023-04-28 00:36:15.471 +05:30 [INF] Opening and closing balance fetched.

2023-04-28 00:36:15.704 +05:30 [INF] Binding the data in Word template...
2023-04-28 00:36:15.915 +05:30 [INF] Data binded in Content Control.
2023-04-28 00:36:19.945 +05:30 [DBG] Saving the document under directory D:\PRB.Services\PRB.Services\wwwroot\Report\HDFCBANK.docx...
2023-04-28 00:36:20.061 +05:30 [VRB] Exporting the document as PDF format...
2023-04-28 00:36:20.614 +05:30 [INF] Getting holding Details.

2023-04-28 00:36:20.843 +05:30 [VRB] Fetching Opening and closing...
2023-04-28 00:36:20.843 +05:30 [INF] Getting holding Details.

2023-04-28 00:36:21.072 +05:30 [INF] Opening and closing balance fetched.

2023-04-28 00:36:21.310 +05:30 [INF] Binding the data in Word template...
2023-04-28 00:36:21.518 +05:30 [INF] Data binded in Content Control.
2023-04-28 00:36:25.513 +05:30 [DBG] Saving the document under directory D:\PRB.Services\PRB.Services\wwwroot\Report\TATAMOTORS.docx...
2023-04-28 00:36:25.634 +05:30 [VRB] Exporting the document as PDF format...
2023-04-28 00:36:26.187 +05:30 [INF] Getting holding Details.

2023-04-28 00:36:26.417 +05:30 [VRB] Fetching Opening and closing...
2023-04-28 00:36:26.417 +05:30 [INF] Getting holding Details.

2023-04-28 00:36:26.646 +05:30 [INF] Opening and closing balance fetched.

2023-04-28 00:36:26.879 +05:30 [INF] Binding the data in Word template...
2023-04-28 00:36:27.073 +05:30 [INF] Data binded in Content Control.
2023-04-28 00:36:31.250 +05:30 [DBG] Saving the document under directory D:\PRB.Services\PRB.Services\wwwroot\Report\WIPRO.docx...
2023-04-28 00:36:31.383 +05:30 [VRB] Exporting the document as PDF format...
2023-04-28 00:36:31.726 +05:30 [INF] Detailed Report generated.
2023-04-28 00:36:31.726 +05:30 [INF] Closing Word document.

2023-04-28 00:36:31.773 +05:30 [INF] Author : Vishnuraj generating Summary Report...
2023-04-28 00:36:31.970 +05:30 [VRB] Template opened.
2023-04-28 00:36:32.462 +05:30 [VRB] Fetching data for binding contents...
2023-04-28 00:36:34.271 +05:30 [INF] Binding data in Word template...
2023-04-28 00:36:34.278 +05:30 [INF] Data binded in Content Control.
2023-04-28 00:36:36.062 +05:30 [DBG] Saving the document under directory D:\PRB.Services\PRB.Services\wwwroot\Report\Summary.docx...
2023-04-28 00:36:36.208 +05:30 [VRB] Exporting the document as PDF format...
2023-04-28 00:36:37.588 +05:30 [INF] Summary Report generated.
2023-04-28 00:36:37.588 +05:30 [INF] Closing Word document.

2023-04-28 00:36:37.618 +05:30 [INF] Author : Vishnuraj generating Disclaimer Report...
2023-04-28 00:36:37.725 +05:30 [VRB] Template opened.
2023-04-28 00:36:38.108 +05:30 [VRB] Fetching commentary from database...
2023-04-28 00:36:38.347 +05:30 [INF] Binding data in Word template...
2023-04-28 00:36:38.347 +05:30 [INF] Data binded in Content Control
2023-04-28 00:36:38.347 +05:30 [DBG] Saving the document under directory D:\PRB.Services\PRB.Services\wwwroot\Report\Disclaimer.docx...
2023-04-28 00:36:38.523 +05:30 [VRB] Exporting the document as PDF format...
2023-04-28 00:36:38.632 +05:30 [INF] Disclaimer Report generated.
2023-04-28 00:36:38.632 +05:30 [INF] Closing Word document.

2023-04-28 00:36:39.852 +05:30 [ERR] Something went wrong while encryption. !
2023-04-28 00:41:06.602 +05:30 [INF] Application Running...
2023-04-28 00:41:18.958 +05:30 [INF] ---Automation Started---
Initiating Word Application
2023-04-28 00:41:19.476 +05:30 [INF] Initiating Rule Engine Executor...
2023-04-28 00:41:19.594 +05:30 [VRB] Initiating Rule Engine...
2023-04-28 00:41:19.764 +05:30 [INF] RuleExecutor returned the values.

2023-04-28 00:41:19.825 +05:30 [INF] Author : Vishnuraj generating Detailed Report...
2023-04-28 00:41:20.099 +05:30 [VRB] Template opened.
2023-04-28 00:41:20.461 +05:30 [VRB] Fetching all TICKERS from Database for Mar 2023.
2023-04-28 00:41:20.751 +05:30 [INF] Fetched all TICKERS from Database for Mar 2023.

2023-04-28 00:41:21.019 +05:30 [INF] Getting holding Details.

2023-04-28 00:41:21.336 +05:30 [VRB] Fetching Opening and closing...
2023-04-28 00:41:21.336 +05:30 [INF] Getting holding Details.

2023-04-28 00:41:21.571 +05:30 [INF] Opening and closing balance fetched.

2023-04-28 00:41:21.859 +05:30 [INF] Binding the data in Word template...
2023-04-28 00:41:22.203 +05:30 [INF] Data binded in Content Control.
2023-04-28 00:41:26.908 +05:30 [DBG] Saving the document under directory D:\PRB.Services\PRB.Services\wwwroot\Report\ABBOTINDIA.docx...
2023-04-28 00:41:27.109 +05:30 [VRB] Exporting the document as PDF format...
2023-04-28 00:41:27.783 +05:30 [INF] Getting holding Details.

2023-04-28 00:41:28.013 +05:30 [VRB] Fetching Opening and closing...
2023-04-28 00:41:28.013 +05:30 [INF] Getting holding Details.

2023-04-28 00:41:28.242 +05:30 [INF] Opening and closing balance fetched.

2023-04-28 00:41:28.474 +05:30 [INF] Binding the data in Word template...
2023-04-28 00:41:28.722 +05:30 [INF] Data binded in Content Control.
2023-04-28 00:41:33.346 +05:30 [DBG] Saving the document under directory D:\PRB.Services\PRB.Services\wwwroot\Report\ABBOTINDIA.docx...
2023-04-28 00:41:33.432 +05:30 [VRB] Exporting the document as PDF format...
2023-04-28 00:41:33.989 +05:30 [INF] Getting holding Details.

2023-04-28 00:41:34.218 +05:30 [VRB] Fetching Opening and closing...
2023-04-28 00:41:34.218 +05:30 [INF] Getting holding Details.

2023-04-28 00:41:34.448 +05:30 [INF] Opening and closing balance fetched.

2023-04-28 00:41:34.681 +05:30 [INF] Binding the data in Word template...
2023-04-28 00:41:34.934 +05:30 [INF] Data binded in Content Control.
2023-04-28 00:41:38.945 +05:30 [DBG] Saving the document under directory D:\PRB.Services\PRB.Services\wwwroot\Report\ACN.docx...
2023-04-28 00:41:39.062 +05:30 [VRB] Exporting the document as PDF format...
2023-04-28 00:41:39.616 +05:30 [INF] Getting holding Details.

2023-04-28 00:41:39.844 +05:30 [VRB] Fetching Opening and closing...
2023-04-28 00:41:39.844 +05:30 [INF] Getting holding Details.

2023-04-28 00:41:40.074 +05:30 [INF] Opening and closing balance fetched.

2023-04-28 00:41:40.306 +05:30 [INF] Binding the data in Word template...
2023-04-28 00:41:40.551 +05:30 [INF] Data binded in Content Control.
2023-04-28 00:41:46.414 +05:30 [DBG] Saving the document under directory D:\PRB.Services\PRB.Services\wwwroot\Report\ADANITRANS.docx...
2023-04-28 00:41:46.523 +05:30 [VRB] Exporting the document as PDF format...
2023-04-28 00:41:47.095 +05:30 [INF] Getting holding Details.

2023-04-28 00:41:47.324 +05:30 [VRB] Fetching Opening and closing...
2023-04-28 00:41:47.324 +05:30 [INF] Getting holding Details.

2023-04-28 00:41:47.552 +05:30 [INF] Opening and closing balance fetched.

2023-04-28 00:41:47.794 +05:30 [INF] Binding the data in Word template...
2023-04-28 00:41:48.054 +05:30 [INF] Data binded in Content Control.
2023-04-28 00:41:52.117 +05:30 [DBG] Saving the document under directory D:\PRB.Services\PRB.Services\wwwroot\Report\HDFCBANK.docx...
2023-04-28 00:41:52.242 +05:30 [VRB] Exporting the document as PDF format...
2023-04-28 00:41:52.897 +05:30 [INF] Getting holding Details.

2023-04-28 00:41:53.126 +05:30 [VRB] Fetching Opening and closing...
2023-04-28 00:41:53.126 +05:30 [INF] Getting holding Details.

2023-04-28 00:41:53.354 +05:30 [INF] Opening and closing balance fetched.

2023-04-28 00:41:53.586 +05:30 [INF] Binding the data in Word template...
2023-04-28 00:41:53.840 +05:30 [INF] Data binded in Content Control.
2023-04-28 00:41:57.857 +05:30 [DBG] Saving the document under directory D:\PRB.Services\PRB.Services\wwwroot\Report\TATAMOTORS.docx...
2023-04-28 00:41:57.964 +05:30 [VRB] Exporting the document as PDF format...
2023-04-28 00:41:58.518 +05:30 [INF] Getting holding Details.

2023-04-28 00:41:58.753 +05:30 [VRB] Fetching Opening and closing...
2023-04-28 00:41:58.753 +05:30 [INF] Getting holding Details.

2023-04-28 00:41:58.982 +05:30 [INF] Opening and closing balance fetched.

2023-04-28 00:41:59.214 +05:30 [INF] Binding the data in Word template...
2023-04-28 00:41:59.573 +05:30 [INF] Data binded in Content Control.
2023-04-28 00:42:03.679 +05:30 [DBG] Saving the document under directory D:\PRB.Services\PRB.Services\wwwroot\Report\WIPRO.docx...
2023-04-28 00:42:03.783 +05:30 [VRB] Exporting the document as PDF format...
2023-04-28 00:42:04.101 +05:30 [INF] Detailed Report generated.
2023-04-28 00:42:04.101 +05:30 [INF] Closing Word document.

2023-04-28 00:42:04.157 +05:30 [INF] Author : Vishnuraj generating Summary Report...
2023-04-28 00:42:04.299 +05:30 [VRB] Template opened.
2023-04-28 00:42:04.742 +05:30 [VRB] Fetching data for binding contents...
2023-04-28 00:42:06.505 +05:30 [INF] Binding data in Word template...
2023-04-28 00:42:06.512 +05:30 [INF] Data binded in Content Control.
2023-04-28 00:42:08.103 +05:30 [DBG] Saving the document under directory D:\PRB.Services\PRB.Services\wwwroot\Report\Summary.docx...
2023-04-28 00:42:08.304 +05:30 [VRB] Exporting the document as PDF format...
2023-04-28 00:42:09.433 +05:30 [INF] Summary Report generated.
2023-04-28 00:42:09.433 +05:30 [INF] Closing Word document.

2023-04-28 00:42:09.456 +05:30 [INF] Author : Vishnuraj generating Disclaimer Report...
2023-04-28 00:42:09.627 +05:30 [VRB] Template opened.
2023-04-28 00:42:10.149 +05:30 [VRB] Fetching commentary from database...
2023-04-28 00:42:10.389 +05:30 [INF] Binding data in Word template...
2023-04-28 00:42:10.389 +05:30 [INF] Data binded in Content Control
2023-04-28 00:42:10.389 +05:30 [DBG] Saving the document under directory D:\PRB.Services\PRB.Services\wwwroot\Report\Disclaimer.docx...
2023-04-28 00:42:10.458 +05:30 [VRB] Exporting the document as PDF format...
2023-04-28 00:42:10.569 +05:30 [INF] Disclaimer Report generated.
2023-04-28 00:42:10.569 +05:30 [INF] Closing Word document.

2023-04-28 00:42:11.465 +05:30 [INF] Author : Vishnuraj Merging all docx...
2023-04-28 00:42:11.466 +05:30 [VRB] Fetching all DOCX file paths...
2023-04-28 00:42:11.661 +05:30 [INF] Merging all DOCX file ...
2023-04-28 00:42:11.746 +05:30 [DBG] Summary.docx is merged into Document.
2023-04-28 00:42:11.821 +05:30 [DBG] ABBOTINDIA.docx is merged into Document.
2023-04-28 00:42:11.929 +05:30 [DBG] ACN.docx is merged into Document.
2023-04-28 00:42:12.061 +05:30 [DBG] ADANITRANS.docx is merged into Document.
2023-04-28 00:42:12.211 +05:30 [DBG] HDFCBANK.docx is merged into Document.
2023-04-28 00:42:12.383 +05:30 [DBG] TATAMOTORS.docx is merged into Document.
2023-04-28 00:42:12.594 +05:30 [DBG] WIPRO.docx is merged into Document.
2023-04-28 00:42:12.812 +05:30 [INF] Merged document is Protected with password
2023-04-28 00:42:12.812 +05:30 [DBG] Saving the document under directory D:\PRB.Services\PRB.Services\wwwroot\Report\.docx...
2023-04-28 00:42:13.552 +05:30 [DBG] Exporting the document as PDF format...
2023-04-28 00:42:15.099 +05:30 [INF] Closing the Word Appliction
2023-04-28 00:42:15.102 +05:30 [INF] ---Automation Terminated---

2023-04-28 00:44:27.509 +05:30 [INF] Application Running...
2023-04-28 00:44:42.048 +05:30 [INF] ---Automation Started---
Initiating Word Application
2023-04-28 00:44:42.389 +05:30 [INF] Initiating Rule Engine Executor...
2023-04-28 00:44:42.483 +05:30 [VRB] Initiating Rule Engine...
2023-04-28 00:44:42.635 +05:30 [INF] RuleExecutor returned the values.

2023-04-28 00:44:42.672 +05:30 [INF] Author : Vishnuraj generating Detailed Report...
2023-04-28 00:44:42.886 +05:30 [VRB] Template opened.
2023-04-28 00:44:43.244 +05:30 [VRB] Fetching all TICKERS from Database for Mar 2023.
2023-04-28 00:44:43.530 +05:30 [INF] Fetched all TICKERS from Database for Mar 2023.

2023-04-28 00:44:43.810 +05:30 [INF] Getting holding Details.

2023-04-28 00:44:44.093 +05:30 [VRB] Fetching Opening and closing...
2023-04-28 00:44:44.094 +05:30 [INF] Getting holding Details.

2023-04-28 00:44:44.323 +05:30 [INF] Opening and closing balance fetched.

2023-04-28 00:44:44.600 +05:30 [INF] Binding the data in Word template...
2023-04-28 00:44:44.823 +05:30 [INF] Data binded in Content Control.
2023-04-28 00:44:49.504 +05:30 [DBG] Saving the document under directory D:\PRB.Services\PRB.Services\wwwroot\Report\ABBOTINDIA.docx...
2023-04-28 00:44:49.674 +05:30 [VRB] Exporting the document as PDF format...
2023-04-28 00:44:50.437 +05:30 [INF] Getting holding Details.

2023-04-28 00:44:50.667 +05:30 [VRB] Fetching Opening and closing...
2023-04-28 00:44:50.667 +05:30 [INF] Getting holding Details.

2023-04-28 00:44:50.896 +05:30 [INF] Opening and closing balance fetched.

2023-04-28 00:44:51.128 +05:30 [INF] Binding the data in Word template...
2023-04-28 00:44:51.364 +05:30 [INF] Data binded in Content Control.
2023-04-28 00:44:54.888 +05:30 [DBG] Saving the document under directory D:\PRB.Services\PRB.Services\wwwroot\Report\ABBOTINDIA.docx...
2023-04-28 00:44:54.974 +05:30 [VRB] Exporting the document as PDF format...
2023-04-28 00:44:55.519 +05:30 [INF] Getting holding Details.

2023-04-28 00:44:55.750 +05:30 [VRB] Fetching Opening and closing...
2023-04-28 00:44:55.750 +05:30 [INF] Getting holding Details.

2023-04-28 00:44:55.987 +05:30 [INF] Opening and closing balance fetched.

2023-04-28 00:44:56.219 +05:30 [INF] Binding the data in Word template...
2023-04-28 00:44:56.477 +05:30 [INF] Data binded in Content Control.
2023-04-28 00:45:00.253 +05:30 [DBG] Saving the document under directory D:\PRB.Services\PRB.Services\wwwroot\Report\ACN.docx...
2023-04-28 00:45:00.369 +05:30 [VRB] Exporting the document as PDF format...
2023-04-28 00:45:00.912 +05:30 [INF] Getting holding Details.

2023-04-28 00:45:01.143 +05:30 [VRB] Fetching Opening and closing...
2023-04-28 00:45:01.143 +05:30 [INF] Getting holding Details.

2023-04-28 00:45:01.371 +05:30 [INF] Opening and closing balance fetched.

2023-04-28 00:45:01.604 +05:30 [INF] Binding the data in Word template...
2023-04-28 00:45:01.851 +05:30 [INF] Data binded in Content Control.
2023-04-28 00:45:05.782 +05:30 [DBG] Saving the document under directory D:\PRB.Services\PRB.Services\wwwroot\Report\ADANITRANS.docx...
2023-04-28 00:45:05.914 +05:30 [VRB] Exporting the document as PDF format...
2023-04-28 00:45:06.514 +05:30 [INF] Getting holding Details.

2023-04-28 00:45:06.744 +05:30 [VRB] Fetching Opening and closing...
2023-04-28 00:45:06.744 +05:30 [INF] Getting holding Details.

2023-04-28 00:45:06.977 +05:30 [INF] Opening and closing balance fetched.

2023-04-28 00:45:07.209 +05:30 [INF] Binding the data in Word template...
2023-04-28 00:45:07.473 +05:30 [INF] Data binded in Content Control.
2023-04-28 00:45:11.405 +05:30 [DBG] Saving the document under directory D:\PRB.Services\PRB.Services\wwwroot\Report\HDFCBANK.docx...
2023-04-28 00:45:11.526 +05:30 [VRB] Exporting the document as PDF format...
2023-04-28 00:45:12.095 +05:30 [INF] Getting holding Details.

2023-04-28 00:45:12.325 +05:30 [VRB] Fetching Opening and closing...
2023-04-28 00:45:12.325 +05:30 [INF] Getting holding Details.

2023-04-28 00:45:12.553 +05:30 [INF] Opening and closing balance fetched.

2023-04-28 00:45:12.786 +05:30 [INF] Binding the data in Word template...
2023-04-28 00:45:13.094 +05:30 [INF] Data binded in Content Control.
2023-04-28 00:45:17.313 +05:30 [DBG] Saving the document under directory D:\PRB.Services\PRB.Services\wwwroot\Report\TATAMOTORS.docx...
2023-04-28 00:45:17.430 +05:30 [VRB] Exporting the document as PDF format...
2023-04-28 00:45:17.987 +05:30 [INF] Getting holding Details.

2023-04-28 00:45:18.216 +05:30 [VRB] Fetching Opening and closing...
2023-04-28 00:45:18.216 +05:30 [INF] Getting holding Details.

2023-04-28 00:45:18.445 +05:30 [INF] Opening and closing balance fetched.

2023-04-28 00:45:18.681 +05:30 [INF] Binding the data in Word template...
2023-04-28 00:45:18.923 +05:30 [INF] Data binded in Content Control.
2023-04-28 00:45:23.035 +05:30 [DBG] Saving the document under directory D:\PRB.Services\PRB.Services\wwwroot\Report\WIPRO.docx...
2023-04-28 00:45:23.138 +05:30 [VRB] Exporting the document as PDF format...
2023-04-28 00:45:23.456 +05:30 [INF] Detailed Report generated.
2023-04-28 00:45:23.456 +05:30 [INF] Closing Word document.

2023-04-28 00:45:23.503 +05:30 [INF] Author : Vishnuraj generating Summary Report...
2023-04-28 00:45:23.654 +05:30 [VRB] Template opened.
2023-04-28 00:45:24.115 +05:30 [VRB] Fetching data for binding contents...
2023-04-28 00:45:25.954 +05:30 [INF] Binding data in Word template...
2023-04-28 00:45:25.960 +05:30 [INF] Data binded in Content Control.
2023-04-28 00:45:27.427 +05:30 [DBG] Saving the document under directory D:\PRB.Services\PRB.Services\wwwroot\Report\Summary.docx...
2023-04-28 00:45:27.588 +05:30 [VRB] Exporting the document as PDF format...
2023-04-28 00:45:28.666 +05:30 [INF] Summary Report generated.
2023-04-28 00:45:28.667 +05:30 [INF] Closing Word document.

2023-04-28 00:45:28.690 +05:30 [INF] Author : Vishnuraj generating Disclaimer Report...
2023-04-28 00:45:28.803 +05:30 [VRB] Template opened.
2023-04-28 00:45:29.189 +05:30 [VRB] Fetching commentary from database...
2023-04-28 00:45:29.424 +05:30 [INF] Binding data in Word template...
2023-04-28 00:45:29.424 +05:30 [INF] Data binded in Content Control
2023-04-28 00:45:29.424 +05:30 [DBG] Saving the document under directory D:\PRB.Services\PRB.Services\wwwroot\Report\Disclaimer.docx...
2023-04-28 00:45:29.507 +05:30 [VRB] Exporting the document as PDF format...
2023-04-28 00:45:29.607 +05:30 [INF] Disclaimer Report generated.
2023-04-28 00:45:29.607 +05:30 [INF] Closing Word document.

2023-04-28 00:45:30.508 +05:30 [INF] Author : Vishnuraj Merging all docx...
2023-04-28 00:45:30.510 +05:30 [VRB] Fetching all DOCX file paths...
2023-04-28 00:45:30.684 +05:30 [INF] Merging all DOCX file ...
2023-04-28 00:45:30.771 +05:30 [DBG] Summary.docx is merged into Document.
2023-04-28 00:45:30.834 +05:30 [DBG] ABBOTINDIA.docx is merged into Document.
2023-04-28 00:45:30.935 +05:30 [DBG] ACN.docx is merged into Document.
2023-04-28 00:45:31.070 +05:30 [DBG] ADANITRANS.docx is merged into Document.
2023-04-28 00:45:31.216 +05:30 [DBG] HDFCBANK.docx is merged into Document.
2023-04-28 00:45:31.396 +05:30 [DBG] TATAMOTORS.docx is merged into Document.
2023-04-28 00:45:31.595 +05:30 [DBG] WIPRO.docx is merged into Document.
2023-04-28 00:45:31.807 +05:30 [INF] Merged document is Protected with password
2023-04-28 00:45:31.807 +05:30 [DBG] Saving the document under directory D:\PRB.Services\PRB.Services\wwwroot\Report\.docx...
2023-04-28 00:45:32.473 +05:30 [DBG] Exporting the document as PDF format...
2023-04-28 00:45:34.014 +05:30 [INF] Closing the Word Appliction
2023-04-28 00:45:34.016 +05:30 [INF] ---Automation Terminated---

2023-04-28 10:47:44.436 +05:30 [INF] Application Running...
2023-04-28 11:53:55.784 +05:30 [INF] Application Running...
2023-04-28 11:54:39.122 +05:30 [INF] ---Automation Started---
Initiating Word Application
2023-04-28 11:54:40.006 +05:30 [INF] Initiating Rule Engine Executor...
2023-04-28 11:54:40.107 +05:30 [VRB] Initiating Rule Engine...
2023-04-28 11:54:40.276 +05:30 [INF] RuleExecutor returned the values.

2023-04-28 11:54:40.618 +05:30 [INF] Author : Vishnuraj generating Detailed Report...
2023-04-28 11:54:41.004 +05:30 [VRB] Template opened.
2023-04-28 11:54:42.070 +05:30 [INF] Getting holding Details.

2023-04-28 11:54:42.389 +05:30 [VRB] Fetching Opening and closing...
2023-04-28 11:54:42.389 +05:30 [INF] Getting holding Details.

2023-04-28 11:54:42.642 +05:30 [INF] Opening and closing balance fetched.

2023-04-28 11:54:42.995 +05:30 [INF] Binding the data in Word template...
2023-04-28 11:54:43.695 +05:30 [INF] Data binded in Content Control.
2023-04-28 11:54:49.087 +05:30 [DBG] Saving the document under directory D:\PRB.Services\PRB.Services\wwwroot\Report\ACN.docx...
2023-04-28 11:54:49.376 +05:30 [VRB] Exporting the document as PDF format...
2023-04-28 11:54:50.428 +05:30 [INF] Getting holding Details.

2023-04-28 11:54:50.678 +05:30 [VRB] Fetching Opening and closing...
2023-04-28 11:54:50.678 +05:30 [INF] Getting holding Details.

2023-04-28 11:54:50.927 +05:30 [INF] Opening and closing balance fetched.

2023-04-28 11:54:51.179 +05:30 [INF] Binding the data in Word template...
2023-04-28 11:54:51.462 +05:30 [INF] Data binded in Content Control.
2023-04-28 11:54:56.497 +05:30 [DBG] Saving the document under directory D:\PRB.Services\PRB.Services\wwwroot\Report\ACN.docx...
2023-04-28 11:54:56.578 +05:30 [VRB] Exporting the document as PDF format...
2023-04-28 11:54:56.892 +05:30 [INF] Detailed Report generated.
2023-04-28 11:54:56.892 +05:30 [INF] Closing Word document.

2023-04-28 11:54:56.933 +05:30 [INF] Author : Vishnuraj generating Summary Report...
2023-04-28 11:54:57.062 +05:30 [VRB] Template opened.
2023-04-28 11:54:57.553 +05:30 [VRB] Fetching data for binding contents...
2023-04-28 11:54:59.351 +05:30 [INF] Binding data in Word template...
2023-04-28 11:54:59.358 +05:30 [INF] Data binded in Content Control.
2023-04-28 11:56:30.063 +05:30 [DBG] Saving the document under directory D:\PRB.Services\PRB.Services\wwwroot\Report\Summary.docx...
2023-04-28 11:56:30.194 +05:30 [VRB] Exporting the document as PDF format...
2023-04-28 11:56:32.583 +05:30 [INF] Summary Report generated.
2023-04-28 11:56:32.583 +05:30 [INF] Closing Word document.

2023-04-28 11:56:32.610 +05:30 [INF] Author : Vishnuraj Merging all docx...
2023-04-28 11:56:32.611 +05:30 [VRB] Fetching all DOCX file paths...
2023-04-28 11:56:32.822 +05:30 [INF] Merging all DOCX file ...
2023-04-28 11:56:32.933 +05:30 [DBG] Summary.docx is merged into Document.
2023-04-28 11:56:33.021 +05:30 [DBG] ABBOTINDIA.docx is merged into Document.
2023-04-28 11:56:33.161 +05:30 [DBG] ACN.docx is merged into Document.
2023-04-28 11:56:33.309 +05:30 [DBG] ADANITRANS.docx is merged into Document.
2023-04-28 11:56:33.478 +05:30 [DBG] HDFCBANK.docx is merged into Document.
2023-04-28 11:56:33.698 +05:30 [DBG] TATAMOTORS.docx is merged into Document.
2023-04-28 11:56:33.914 +05:30 [DBG] WIPRO.docx is merged into Document.
2023-04-28 11:56:34.120 +05:30 [INF] Merged document is Protected with password
2023-04-28 11:56:34.120 +05:30 [DBG] Saving the document under directory D:\PRB.Services\PRB.Services\wwwroot\Report\.docx...
2023-04-28 11:56:34.814 +05:30 [DBG] Exporting the document as PDF format...
2023-04-28 11:56:36.307 +05:30 [INF] Closing the Word Appliction
2023-04-28 11:56:36.311 +05:30 [INF] ---Automation Terminated---

2023-04-28 12:12:24.364 +05:30 [INF] Application Running...
2023-04-28 12:13:36.887 +05:30 [INF] ---Automation Started---
Initiating Word Application
2023-04-28 12:13:37.512 +05:30 [INF] Initiating Rule Engine Executor...
2023-04-28 12:13:37.610 +05:30 [VRB] Initiating Rule Engine...
2023-04-28 12:13:37.775 +05:30 [INF] RuleExecutor returned the values.

2023-04-28 12:13:38.126 +05:30 [INF] Author : Vishnuraj generating Detailed Report...
2023-04-28 12:13:38.453 +05:30 [VRB] Template opened.
2023-04-28 12:13:39.303 +05:30 [INF] Getting holding Details.

2023-04-28 12:13:39.615 +05:30 [VRB] Fetching Opening and closing...
2023-04-28 12:13:39.615 +05:30 [INF] Getting holding Details.

2023-04-28 12:13:39.868 +05:30 [INF] Opening and closing balance fetched.

2023-04-28 12:13:40.215 +05:30 [INF] Binding the data in Word template...
2023-04-28 12:13:40.803 +05:30 [INF] Data binded in Content Control.
2023-04-28 12:13:45.571 +05:30 [DBG] Saving the document under directory D:\PRB.Services\PRB.Services\wwwroot\Report\ACN.docx...
2023-04-28 12:13:45.850 +05:30 [VRB] Exporting the document as PDF format...
2023-04-28 12:13:46.689 +05:30 [INF] Getting holding Details.

2023-04-28 12:13:46.959 +05:30 [VRB] Fetching Opening and closing...
2023-04-28 12:13:46.959 +05:30 [INF] Getting holding Details.

2023-04-28 12:13:47.209 +05:30 [INF] Opening and closing balance fetched.

2023-04-28 12:13:47.467 +05:30 [INF] Binding the data in Word template...
2023-04-28 12:13:47.682 +05:30 [INF] Data binded in Content Control.
2023-04-28 12:13:52.371 +05:30 [DBG] Saving the document under directory D:\PRB.Services\PRB.Services\wwwroot\Report\ACN.docx...
2023-04-28 12:13:52.527 +05:30 [VRB] Exporting the document as PDF format...
2023-04-28 12:13:52.849 +05:30 [INF] Detailed Report generated.
2023-04-28 12:13:52.849 +05:30 [INF] Closing Word document.

2023-04-28 12:13:52.885 +05:30 [INF] Author : Vishnuraj generating Summary Report...
2023-04-28 12:13:53.011 +05:30 [VRB] Template opened.
2023-04-28 12:13:53.493 +05:30 [VRB] Fetching data for binding contents...
2023-04-28 12:13:55.299 +05:30 [INF] Binding data in Word template...
2023-04-28 12:13:55.305 +05:30 [INF] Data binded in Content Control.
2023-04-28 12:13:56.792 +05:30 [DBG] Saving the document under directory D:\PRB.Services\PRB.Services\wwwroot\Report\Summary.docx...
2023-04-28 12:13:56.932 +05:30 [VRB] Exporting the document as PDF format...
2023-04-28 12:13:58.712 +05:30 [INF] Summary Report generated.
2023-04-28 12:13:58.712 +05:30 [INF] Closing Word document.

2023-04-28 12:13:58.736 +05:30 [INF] Author : Vishnuraj Merging all docx...
2023-04-28 12:13:58.739 +05:30 [VRB] Fetching all DOCX file paths...
2023-04-28 12:13:58.966 +05:30 [INF] Merging all DOCX file ...
2023-04-28 12:13:59.106 +05:30 [DBG] Summary.docx is merged into Document.
2023-04-28 12:13:59.185 +05:30 [DBG] ABBOTINDIA.docx is merged into Document.
2023-04-28 12:13:59.306 +05:30 [DBG] ACN.docx is merged into Document.
2023-04-28 12:13:59.561 +05:30 [DBG] ADANITRANS.docx is merged into Document.
2023-04-28 12:13:59.770 +05:30 [DBG] HDFCBANK.docx is merged into Document.
2023-04-28 12:13:59.956 +05:30 [DBG] TATAMOTORS.docx is merged into Document.
2023-04-28 12:14:00.173 +05:30 [DBG] WIPRO.docx is merged into Document.
2023-04-28 12:14:00.386 +05:30 [INF] Merged document is Protected with password
2023-04-28 12:14:00.386 +05:30 [DBG] Saving the document under directory D:\PRB.Services\PRB.Services\wwwroot\Report\.docx...
2023-04-28 12:14:01.109 +05:30 [DBG] Exporting the document as PDF format...
2023-04-28 12:14:02.612 +05:30 [INF] Closing the Word Appliction
2023-04-28 12:14:02.614 +05:30 [INF] ---Automation Terminated---

2023-04-28 12:15:57.410 +05:30 [INF] Application Running...
2023-04-28 12:17:07.553 +05:30 [INF] Application Running...
2023-04-28 12:17:19.034 +05:30 [INF] ---Automation Started---
Initiating Word Application
2023-04-28 12:17:19.646 +05:30 [INF] Initiating Rule Engine Executor...
2023-04-28 12:17:19.767 +05:30 [VRB] Initiating Rule Engine...
2023-04-28 12:17:19.962 +05:30 [INF] RuleExecutor returned the values.

2023-04-28 12:17:20.559 +05:30 [INF] Author : Vishnuraj generating Summary Report...
2023-04-28 12:17:20.823 +05:30 [VRB] Template opened.
2023-04-28 12:17:21.464 +05:30 [VRB] Fetching data for binding contents...
2023-04-28 12:17:23.805 +05:30 [INF] Binding data in Word template...
2023-04-28 12:17:23.953 +05:30 [INF] Data binded in Content Control.
2023-04-28 12:17:25.936 +05:30 [DBG] Saving the document under directory D:\PRB.Services\PRB.Services\wwwroot\Report\Summary.docx...
2023-04-28 12:17:26.196 +05:30 [VRB] Exporting the document as PDF format...
2023-04-28 12:17:28.642 +05:30 [INF] Summary Report generated.
2023-04-28 12:17:28.642 +05:30 [INF] Closing Word document.

2023-04-28 12:17:28.687 +05:30 [INF] Author : Vishnuraj Merging all docx...
2023-04-28 12:17:28.688 +05:30 [VRB] Fetching all DOCX file paths...
2023-04-28 12:17:29.081 +05:30 [INF] Merging all DOCX file ...
2023-04-28 12:17:29.203 +05:30 [DBG] Summary.docx is merged into Document.
2023-04-28 12:17:29.301 +05:30 [DBG] ABBOTINDIA.docx is merged into Document.
2023-04-28 12:17:29.417 +05:30 [DBG] ACN.docx is merged into Document.
2023-04-28 12:17:29.566 +05:30 [DBG] ADANITRANS.docx is merged into Document.
2023-04-28 12:17:29.730 +05:30 [DBG] HDFCBANK.docx is merged into Document.
2023-04-28 12:17:29.924 +05:30 [DBG] TATAMOTORS.docx is merged into Document.
2023-04-28 12:17:29.990 +05:30 [DBG] WIPRO.docx is merged into Document.
2023-04-28 12:17:30.196 +05:30 [INF] Merged document is Protected with password
2023-04-28 12:17:30.196 +05:30 [DBG] Saving the document under directory D:\PRB.Services\PRB.Services\wwwroot\Report\.docx...
2023-04-28 12:17:30.941 +05:30 [DBG] Exporting the document as PDF format...
2023-04-28 12:17:32.478 +05:30 [INF] Closing the Word Appliction
2023-04-28 12:17:32.480 +05:30 [INF] ---Automation Terminated---

2023-04-28 13:13:36.404 +05:30 [INF] Application Running...
2023-04-28 13:13:46.364 +05:30 [INF] ---Automation Started---
Initiating Word Application
2023-04-28 13:13:47.087 +05:30 [INF] Initiating Rule Engine Executor...
2023-04-28 13:13:47.191 +05:30 [VRB] Initiating Rule Engine...
2023-04-28 13:13:47.370 +05:30 [INF] RuleExecutor returned the values.

2023-04-28 13:13:47.686 +05:30 [INF] Author : Vishnuraj generating Summary Report...
2023-04-28 13:13:48.432 +05:30 [VRB] Template opened.
2023-04-28 13:13:49.219 +05:30 [VRB] Fetching data for binding contents...
2023-04-28 13:13:51.577 +05:30 [INF] Binding data in Word template...
2023-04-28 13:13:51.724 +05:30 [INF] Data binded in Content Control.
2023-04-28 13:13:58.880 +05:30 [DBG] Saving the document under directory D:\PRB.Services\PRB.Services\wwwroot\Report\Summary.docx...
2023-04-28 13:13:59.192 +05:30 [VRB] Exporting the document as PDF format...
2023-04-28 13:14:01.191 +05:30 [INF] Summary Report generated.
2023-04-28 13:14:01.191 +05:30 [INF] Closing Word document.

2023-04-28 13:14:01.232 +05:30 [INF] Author : Vishnuraj Merging all docx...
2023-04-28 13:14:01.233 +05:30 [VRB] Fetching all DOCX file paths...
2023-04-28 13:14:01.447 +05:30 [INF] Merging all DOCX file ...
2023-04-28 13:14:01.564 +05:30 [DBG] Summary.docx is merged into Document.
2023-04-28 13:14:01.663 +05:30 [DBG] ABBOTINDIA.docx is merged into Document.
2023-04-28 13:14:01.793 +05:30 [DBG] ACN.docx is merged into Document.
2023-04-28 13:14:01.915 +05:30 [DBG] ADANITRANS.docx is merged into Document.
2023-04-28 13:14:02.095 +05:30 [DBG] HDFCBANK.docx is merged into Document.
2023-04-28 13:14:02.280 +05:30 [DBG] TATAMOTORS.docx is merged into Document.
2023-04-28 13:14:02.483 +05:30 [DBG] WIPRO.docx is merged into Document.
2023-04-28 13:14:02.722 +05:30 [INF] Merged document is Protected with password
2023-04-28 13:14:02.722 +05:30 [DBG] Saving the document under directory D:\PRB.Services\PRB.Services\wwwroot\Report\.docx...
2023-04-28 13:14:03.470 +05:30 [DBG] Exporting the document as PDF format...
2023-04-28 13:14:05.519 +05:30 [INF] Closing the Word Appliction
2023-04-28 13:14:05.524 +05:30 [INF] ---Automation Terminated---

2023-04-28 13:15:10.708 +05:30 [INF] Application Running...
2023-04-28 13:15:17.592 +05:30 [INF] ---Automation Started---
Initiating Word Application
2023-04-28 13:15:18.079 +05:30 [INF] Initiating Rule Engine Executor...
2023-04-28 13:15:18.176 +05:30 [VRB] Initiating Rule Engine...
2023-04-28 13:15:18.327 +05:30 [INF] RuleExecutor returned the values.

2023-04-28 13:15:18.612 +05:30 [INF] Author : Vishnuraj generating Summary Report...
2023-04-28 13:15:18.994 +05:30 [VRB] Template opened.
2023-04-28 13:15:19.755 +05:30 [VRB] Fetching data for binding contents...
2023-04-28 13:15:21.913 +05:30 [INF] Binding data in Word template...
2023-04-28 13:15:22.007 +05:30 [INF] Data binded in Content Control.
2023-04-28 13:15:23.654 +05:30 [DBG] Saving the document under directory D:\PRB.Services\PRB.Services\wwwroot\Report\Summary.docx...
2023-04-28 13:15:23.909 +05:30 [VRB] Exporting the document as PDF format...
2023-04-28 13:15:25.442 +05:30 [INF] Summary Report generated.
2023-04-28 13:15:25.442 +05:30 [INF] Closing Word document.

2023-04-28 13:15:25.472 +05:30 [INF] Author : Vishnuraj Merging all docx...
2023-04-28 13:15:25.474 +05:30 [VRB] Fetching all DOCX file paths...
2023-04-28 13:15:25.638 +05:30 [INF] Merging all DOCX file ...
2023-04-28 13:15:25.765 +05:30 [DBG] Summary.docx is merged into Document.
2023-04-28 13:15:25.865 +05:30 [DBG] ABBOTINDIA.docx is merged into Document.
2023-04-28 13:15:26.019 +05:30 [DBG] ACN.docx is merged into Document.
2023-04-28 13:15:26.100 +05:30 [DBG] ADANITRANS.docx is merged into Document.
2023-04-28 13:15:26.275 +05:30 [DBG] HDFCBANK.docx is merged into Document.
2023-04-28 13:15:26.370 +05:30 [DBG] TATAMOTORS.docx is merged into Document.
2023-04-28 13:15:26.436 +05:30 [DBG] WIPRO.docx is merged into Document.
2023-04-28 13:15:26.653 +05:30 [INF] Merged document is Protected with password
2023-04-28 13:15:26.653 +05:30 [DBG] Saving the document under directory D:\PRB.Services\PRB.Services\wwwroot\Report\.docx...
2023-04-28 13:15:27.376 +05:30 [DBG] Exporting the document as PDF format...
2023-04-28 13:15:29.072 +05:30 [INF] Closing the Word Appliction
2023-04-28 13:15:29.073 +05:30 [INF] ---Automation Terminated---

2023-04-28 14:58:56.118 +05:30 [INF] Application Running...
2023-04-28 14:59:12.995 +05:30 [INF] ---Automation Started---
Initiating Word Application
2023-04-28 14:59:13.729 +05:30 [INF] Initiating Rule Engine Executor...
2023-04-28 14:59:13.832 +05:30 [VRB] Initiating Rule Engine...
2023-04-28 14:59:13.999 +05:30 [INF] RuleExecutor returned the values.

2023-04-28 14:59:14.314 +05:30 [INF] Author : Vishnuraj generating Summary Report...
2023-04-28 14:59:14.863 +05:30 [VRB] Template opened.
2023-04-28 14:59:15.533 +05:30 [VRB] Fetching data for binding contents...
2023-04-28 14:59:17.777 +05:30 [INF] Binding data in Word template...
2023-04-28 14:59:17.869 +05:30 [INF] Data binded in Content Control.
2023-04-28 15:00:08.459 +05:30 [INF] Application Running...
2023-04-28 15:00:21.466 +05:30 [INF] ---Automation Started---
Initiating Word Application
2023-04-28 15:00:22.105 +05:30 [INF] Initiating Rule Engine Executor...
2023-04-28 15:00:22.236 +05:30 [VRB] Initiating Rule Engine...
2023-04-28 15:00:22.415 +05:30 [INF] RuleExecutor returned the values.

2023-04-28 15:00:23.430 +05:30 [INF] Author : Vishnuraj generating Summary Report...
2023-04-28 15:00:23.696 +05:30 [VRB] Template opened.
2023-04-28 15:00:24.302 +05:30 [VRB] Fetching data for binding contents...
2023-04-28 15:00:26.262 +05:30 [INF] Binding data in Word template...
2023-04-28 15:00:26.342 +05:30 [INF] Data binded in Content Control.
2023-04-28 17:09:12.496 +05:30 [INF] Application Running...
2023-04-28 17:09:28.048 +05:30 [INF] ---Automation Started---
Initiating Word Application
2023-04-28 17:09:28.802 +05:30 [INF] Initiating Rule Engine Executor...
2023-04-28 17:09:28.903 +05:30 [VRB] Initiating Rule Engine...
2023-04-28 17:09:29.078 +05:30 [INF] RuleExecutor returned the values.

2023-04-28 17:10:05.340 +05:30 [INF] Application Running...
2023-04-28 17:10:15.526 +05:30 [INF] ---Automation Started---
Initiating Word Application
2023-04-28 17:10:15.943 +05:30 [INF] Initiating Rule Engine Executor...
2023-04-28 17:10:16.157 +05:30 [VRB] Initiating Rule Engine...
2023-04-28 17:10:16.330 +05:30 [INF] RuleExecutor returned the values.

2023-04-28 17:10:16.383 +05:30 [INF] Author : Vishnuraj generating Detailed Report...
2023-04-28 17:10:17.317 +05:30 [VRB] Template opened.
2023-04-28 17:10:17.768 +05:30 [VRB] Fetching all TICKERS from Database for Mar 2023.
2023-04-28 17:10:18.068 +05:30 [INF] Fetched all TICKERS from Database for Mar 2023.

2023-04-28 17:10:18.349 +05:30 [INF] Getting holding Details.

2023-04-28 17:10:18.655 +05:30 [VRB] Fetching Opening and closing...
2023-04-28 17:10:18.655 +05:30 [INF] Getting holding Details.

2023-04-28 17:10:18.878 +05:30 [INF] Opening and closing balance fetched.

2023-04-28 17:10:19.167 +05:30 [INF] Binding the data in Word template...
2023-04-28 17:10:20.170 +05:30 [INF] Data binded in Content Control.
2023-04-28 17:10:26.045 +05:30 [DBG] Saving the document under directory D:\PRB.Services\PRB.Services\wwwroot\Report\ABBOTINDIA.docx...
2023-04-28 17:10:26.364 +05:30 [VRB] Exporting the document as PDF format...
2023-04-28 17:10:27.355 +05:30 [INF] Getting holding Details.

2023-04-28 17:10:27.578 +05:30 [VRB] Fetching Opening and closing...
2023-04-28 17:10:27.578 +05:30 [INF] Getting holding Details.

2023-04-28 17:10:27.812 +05:30 [INF] Opening and closing balance fetched.

2023-04-28 17:10:28.041 +05:30 [INF] Binding the data in Word template...
2023-04-28 17:10:28.372 +05:30 [INF] Data binded in Content Control.
2023-04-28 17:10:32.242 +05:30 [DBG] Saving the document under directory D:\PRB.Services\PRB.Services\wwwroot\Report\ABBOTINDIA.docx...
2023-04-28 17:10:32.334 +05:30 [VRB] Exporting the document as PDF format...
2023-04-28 17:10:32.919 +05:30 [INF] Getting holding Details.

2023-04-28 17:10:33.143 +05:30 [VRB] Fetching Opening and closing...
2023-04-28 17:10:33.143 +05:30 [INF] Getting holding Details.

2023-04-28 17:10:33.365 +05:30 [INF] Opening and closing balance fetched.

2023-04-28 17:10:33.591 +05:30 [INF] Binding the data in Word template...
2023-04-28 17:10:33.898 +05:30 [INF] Data binded in Content Control.
2023-04-28 17:10:37.756 +05:30 [DBG] Saving the document under directory D:\PRB.Services\PRB.Services\wwwroot\Report\ACN.docx...
2023-04-28 17:10:37.892 +05:30 [VRB] Exporting the document as PDF format...
2023-04-28 17:10:38.565 +05:30 [INF] Getting holding Details.

2023-04-28 17:10:38.948 +05:30 [VRB] Fetching Opening and closing...
2023-04-28 17:10:38.948 +05:30 [INF] Getting holding Details.

2023-04-28 17:10:39.170 +05:30 [INF] Opening and closing balance fetched.

2023-04-28 17:10:39.397 +05:30 [INF] Binding the data in Word template...
2023-04-28 17:10:39.676 +05:30 [INF] Data binded in Content Control.
2023-04-28 17:10:43.644 +05:30 [DBG] Saving the document under directory D:\PRB.Services\PRB.Services\wwwroot\Report\ADANITRANS.docx...
2023-04-28 17:10:43.957 +05:30 [VRB] Exporting the document as PDF format...
2023-04-28 17:10:44.514 +05:30 [INF] Getting holding Details.

2023-04-28 17:10:44.737 +05:30 [VRB] Fetching Opening and closing...
2023-04-28 17:10:44.737 +05:30 [INF] Getting holding Details.

2023-04-28 17:10:44.963 +05:30 [INF] Opening and closing balance fetched.

2023-04-28 17:10:45.188 +05:30 [INF] Binding the data in Word template...
2023-04-28 17:10:45.508 +05:30 [INF] Data binded in Content Control.
2023-04-28 17:10:49.702 +05:30 [DBG] Saving the document under directory D:\PRB.Services\PRB.Services\wwwroot\Report\HDFCBANK.docx...
2023-04-28 17:10:49.820 +05:30 [VRB] Exporting the document as PDF format...
2023-04-28 17:10:50.442 +05:30 [INF] Getting holding Details.

2023-04-28 17:10:50.665 +05:30 [VRB] Fetching Opening and closing...
2023-04-28 17:10:50.665 +05:30 [INF] Getting holding Details.

2023-04-28 17:10:50.888 +05:30 [INF] Opening and closing balance fetched.

2023-04-28 17:10:51.113 +05:30 [INF] Binding the data in Word template...
2023-04-28 17:10:51.461 +05:30 [INF] Data binded in Content Control.
2023-04-28 17:10:55.667 +05:30 [DBG] Saving the document under directory D:\PRB.Services\PRB.Services\wwwroot\Report\TATAMOTORS.docx...
2023-04-28 17:10:55.786 +05:30 [VRB] Exporting the document as PDF format...
2023-04-28 17:10:56.361 +05:30 [INF] Getting holding Details.

2023-04-28 17:10:56.585 +05:30 [VRB] Fetching Opening and closing...
2023-04-28 17:10:56.585 +05:30 [INF] Getting holding Details.

2023-04-28 17:10:56.807 +05:30 [INF] Opening and closing balance fetched.

2023-04-28 17:10:57.034 +05:30 [INF] Binding the data in Word template...
2023-04-28 17:10:57.305 +05:30 [INF] Data binded in Content Control.
2023-04-28 17:11:02.894 +05:30 [DBG] Saving the document under directory D:\PRB.Services\PRB.Services\wwwroot\Report\WIPRO.docx...
2023-04-28 17:11:03.071 +05:30 [VRB] Exporting the document as PDF format...
2023-04-28 17:11:03.432 +05:30 [INF] Detailed Report generated.
2023-04-28 17:11:03.432 +05:30 [INF] Closing Word document.

2023-04-28 17:11:03.490 +05:30 [INF] Author : Vishnuraj generating Summary Report...
2023-04-28 17:11:03.621 +05:30 [VRB] Template opened.
2023-04-28 17:11:04.093 +05:30 [VRB] Fetching data for binding contents...
2023-04-28 17:11:06.011 +05:30 [INF] Binding data in Word template...
2023-04-28 17:11:06.018 +05:30 [INF] Data binded in Content Control.
2023-04-28 17:11:07.532 +05:30 [DBG] Saving the document under directory D:\PRB.Services\PRB.Services\wwwroot\Report\Summary.docx...
2023-04-28 17:11:07.679 +05:30 [VRB] Exporting the document as PDF format...
2023-04-28 17:11:08.759 +05:30 [INF] Summary Report generated.
2023-04-28 17:11:08.759 +05:30 [INF] Closing Word document.

2023-04-28 17:11:08.801 +05:30 [INF] Author : Vishnuraj generating Disclaimer Report...
2023-04-28 17:11:08.909 +05:30 [VRB] Template opened.
2023-04-28 17:11:09.274 +05:30 [VRB] Fetching commentary from database...
2023-04-28 17:11:09.502 +05:30 [INF] Binding data in Word template...
2023-04-28 17:11:09.502 +05:30 [INF] Data binded in Content Control
2023-04-28 17:11:09.502 +05:30 [DBG] Saving the document under directory D:\PRB.Services\PRB.Services\wwwroot\Report\Disclaimer.docx...
2023-04-28 17:11:09.579 +05:30 [VRB] Exporting the document as PDF format...
2023-04-28 17:11:09.693 +05:30 [INF] Disclaimer Report generated.
2023-04-28 17:11:09.693 +05:30 [INF] Closing Word document.

2023-04-28 17:11:10.568 +05:30 [INF] Author : Vishnuraj Merging all docx...
2023-04-28 17:11:10.569 +05:30 [VRB] Fetching all DOCX file paths...
2023-04-28 17:11:10.764 +05:30 [INF] Merging all DOCX file ...
2023-04-28 17:11:10.877 +05:30 [DBG] Summary.docx is merged into Document.
2023-04-28 17:11:10.951 +05:30 [DBG] ABBOTINDIA.docx is merged into Document.
2023-04-28 17:11:11.047 +05:30 [DBG] ACN.docx is merged into Document.
2023-04-28 17:11:11.165 +05:30 [DBG] ADANITRANS.docx is merged into Document.
2023-04-28 17:11:11.430 +05:30 [DBG] HDFCBANK.docx is merged into Document.
2023-04-28 17:11:11.596 +05:30 [DBG] TATAMOTORS.docx is merged into Document.
2023-04-28 17:11:11.784 +05:30 [DBG] WIPRO.docx is merged into Document.
2023-04-28 17:11:11.995 +05:30 [INF] Merged document is Protected with password
2023-04-28 17:11:11.995 +05:30 [DBG] Saving the document under directory D:\PRB.Services\PRB.Services\wwwroot\Report\.docx...
2023-04-28 17:11:12.688 +05:30 [DBG] Exporting the document as PDF format...
2023-04-28 17:11:14.286 +05:30 [INF] Closing the Word Appliction
2023-04-28 17:11:14.288 +05:30 [INF] ---Automation Terminated---

