2023-04-15 11:32:49.557 +05:30 [VRB] Fetching report status.
2023-04-15 11:32:49.561 +05:30 [VRB] Fetching report status.
2023-04-15 11:32:49.557 +05:30 [VRB] Fetching all TICKERS from Database for Mar 2023.
2023-04-15 11:32:51.612 +05:30 [INF] Fetched all TICKERS from Database for Mar 2023.

2023-04-15 11:32:51.842 +05:30 [WRN]  value is null here.
2023-04-15 11:32:52.078 +05:30 [INF] ---Automation Started---
Initiating Word Application
2023-04-15 11:32:52.298 +05:30 [WRN]  value is null here.
2023-04-15 11:32:52.599 +05:30 [INF] Initiating Rule Engine Executor...
2023-04-15 11:32:52.599 +05:30 [VRB] Initiating Rule Engine...
2023-04-15 11:32:52.599 +05:30 [INF] RuleExecutor returned the values.

2023-04-15 11:32:52.601 +05:30 [INF] Author : Vishnuraj generating Detailed Report...
2023-04-15 11:32:52.859 +05:30 [VRB] Template opened.
2023-04-15 11:32:53.199 +05:30 [VRB] Fetching all TICKERS from Database for Mar 2023.
2023-04-15 11:32:53.431 +05:30 [INF] Fetched all TICKERS from Database for Mar 2023.

2023-04-15 11:32:55.123 +05:30 [INF] Binding the data in Word template...
2023-04-15 11:32:55.187 +05:30 [INF] Data binded in Content Control.
2023-04-15 11:32:56.195 +05:30 [DBG] Saving the document under directory D:\PRB.Services\PRB.Services\wwwroot\Report\ABBOTINDIA.docx...
2023-04-15 11:32:56.357 +05:30 [VRB] Exporting the document as PDF format...
2023-04-15 11:32:58.405 +05:30 [INF] Binding the data in Word template...
2023-04-15 11:32:58.450 +05:30 [INF] Data binded in Content Control.
2023-04-15 11:32:59.723 +05:30 [DBG] Saving the document under directory D:\PRB.Services\PRB.Services\wwwroot\Report\ACN.docx...
2023-04-15 11:32:59.863 +05:30 [VRB] Exporting the document as PDF format...
2023-04-15 11:33:01.917 +05:30 [INF] Binding the data in Word template...
2023-04-15 11:33:01.969 +05:30 [INF] Data binded in Content Control.
2023-04-15 11:33:03.339 +05:30 [DBG] Saving the document under directory D:\PRB.Services\PRB.Services\wwwroot\Report\ADANITRANS.docx...
2023-04-15 11:33:03.518 +05:30 [VRB] Exporting the document as PDF format...
2023-04-15 11:33:05.656 +05:30 [INF] Binding the data in Word template...
2023-04-15 11:33:05.702 +05:30 [INF] Data binded in Content Control.
2023-04-15 11:33:07.113 +05:30 [DBG] Saving the document under directory D:\PRB.Services\PRB.Services\wwwroot\Report\HDFCBANK.docx...
2023-04-15 11:33:07.245 +05:30 [VRB] Exporting the document as PDF format...
2023-04-15 11:33:09.213 +05:30 [INF] Binding the data in Word template...
2023-04-15 11:33:09.262 +05:30 [INF] Data binded in Content Control.
2023-04-15 11:33:10.559 +05:30 [DBG] Saving the document under directory D:\PRB.Services\PRB.Services\wwwroot\Report\TATAMOTORS.docx...
2023-04-15 11:33:10.699 +05:30 [VRB] Exporting the document as PDF format...
2023-04-15 11:33:12.858 +05:30 [INF] Binding the data in Word template...
2023-04-15 11:33:12.914 +05:30 [INF] Data binded in Content Control.
2023-04-15 11:33:14.176 +05:30 [DBG] Saving the document under directory D:\PRB.Services\PRB.Services\wwwroot\Report\WIPRO.docx...
2023-04-15 11:33:14.313 +05:30 [VRB] Exporting the document as PDF format...
2023-04-15 11:33:15.069 +05:30 [INF] Detailed Report generated.
2023-04-15 11:33:15.069 +05:30 [INF] Closing Word document.

2023-04-15 11:33:15.089 +05:30 [INF] Author : Vishnuraj generating Summary Report...
2023-04-15 11:33:15.267 +05:30 [VRB] Template opened.
2023-04-15 11:33:15.717 +05:30 [VRB] Fetching data for binding contents...
2023-04-15 11:33:17.524 +05:30 [INF] Binding data in Word template...
2023-04-15 11:33:17.531 +05:30 [INF] Data binded in Content Control.
2023-04-15 11:33:18.911 +05:30 [DBG] Saving the document under directory D:\PRB.Services\PRB.Services\wwwroot\Report\Summary.docx...
2023-04-15 11:33:19.056 +05:30 [VRB] Exporting the document as PDF format...
2023-04-15 11:33:19.871 +05:30 [INF] Summary Report generated.
2023-04-15 11:33:19.871 +05:30 [INF] Closing Word document.

2023-04-15 11:33:19.889 +05:30 [INF] Author : Vishnuraj generating Disclaimer Report...
2023-04-15 11:33:20.048 +05:30 [VRB] Template opened.
2023-04-15 11:33:20.426 +05:30 [VRB] Fetching commentary from database...
2023-04-15 11:33:20.659 +05:30 [INF] Binding data in Word template...
2023-04-15 11:33:20.659 +05:30 [INF] Data binded in Content Control
2023-04-15 11:33:20.659 +05:30 [DBG] Saving the document under directory D:\PRB.Services\PRB.Services\wwwroot\Report\Disclaimer.docx...
2023-04-15 11:33:20.773 +05:30 [VRB] Exporting the document as PDF format...
2023-04-15 11:33:20.886 +05:30 [INF] Disclaimer Report generated.
2023-04-15 11:33:20.886 +05:30 [INF] Closing Word document.

2023-04-15 11:33:21.595 +05:30 [INF] Author : Vishnuraj Merging all docx...
2023-04-15 11:33:21.595 +05:30 [VRB] Fetching all DOCX file paths...
2023-04-15 11:33:21.750 +05:30 [INF] Merging all DOCX file ...
2023-04-15 11:33:21.828 +05:30 [DBG] Summary.docx is merged into Document.
2023-04-15 11:33:21.878 +05:30 [DBG] ABBOTINDIA.docx is merged into Document.
2023-04-15 11:33:21.958 +05:30 [DBG] ACN.docx is merged into Document.
2023-04-15 11:33:22.040 +05:30 [DBG] ADANITRANS.docx is merged into Document.
2023-04-15 11:33:22.137 +05:30 [DBG] HDFCBANK.docx is merged into Document.
2023-04-15 11:33:22.252 +05:30 [DBG] TATAMOTORS.docx is merged into Document.
2023-04-15 11:33:22.386 +05:30 [DBG] WIPRO.docx is merged into Document.
2023-04-15 11:33:22.489 +05:30 [INF] Merged document is Protected with password
2023-04-15 11:33:22.489 +05:30 [DBG] Saving the document under directory D:\PRB.Services\PRB.Services\wwwroot\Report\.docx...
2023-04-15 11:33:23.122 +05:30 [DBG] Exporting the document as PDF format...
2023-04-15 11:33:23.855 +05:30 [INF] Closing the Word Appliction
2023-04-15 11:33:23.855 +05:30 [INF] ---Automation Terminated---

2023-04-15 11:34:01.353 +05:30 [VRB] Fetching all Reports from Database.
2023-04-15 11:34:01.355 +05:30 [INF] Initiating Rule Engine Executor...
2023-04-15 11:34:01.355 +05:30 [VRB] Initiating Rule Engine...
2023-04-15 11:34:01.356 +05:30 [INF] RuleExecutor returned the values.

2023-04-15 11:34:01.859 +05:30 [INF] Reports Fetched.

2023-04-15 11:35:31.795 +05:30 [INF] Initiating Rule Engine Executor...
2023-04-15 11:35:31.795 +05:30 [VRB] Fetching all Reports from Database.
2023-04-15 11:35:31.796 +05:30 [VRB] Initiating Rule Engine...
2023-04-15 11:35:31.798 +05:30 [INF] RuleExecutor returned the values.

2023-04-15 11:35:32.264 +05:30 [INF] Reports Fetched.

2023-04-15 11:35:49.890 +05:30 [VRB] Fetching all Reports from Database.
2023-04-15 11:35:49.890 +05:30 [INF] Initiating Rule Engine Executor...
2023-04-15 11:35:49.890 +05:30 [VRB] Initiating Rule Engine...
2023-04-15 11:35:49.892 +05:30 [INF] RuleExecutor returned the values.

2023-04-15 11:35:50.357 +05:30 [INF] Reports Fetched.

2023-04-15 11:35:51.797 +05:30 [VRB] Fetching all TICKERS from Database for Mar 2023.
2023-04-15 11:35:51.797 +05:30 [VRB] Fetching report status.
2023-04-15 11:35:51.797 +05:30 [VRB] Fetching report status.
2023-04-15 11:35:52.038 +05:30 [WRN]  value is null here.
2023-04-15 11:35:52.270 +05:30 [WRN]  value is null here.
2023-04-15 11:35:52.509 +05:30 [INF] ---Automation Started---
Initiating Word Application
2023-04-15 11:35:52.867 +05:30 [INF] Initiating Rule Engine Executor...
2023-04-15 11:35:52.868 +05:30 [VRB] Initiating Rule Engine...
2023-04-15 11:35:52.868 +05:30 [INF] RuleExecutor returned the values.

2023-04-15 11:35:52.868 +05:30 [INF] Author : Vishnuraj generating Detailed Report...
2023-04-15 11:35:52.957 +05:30 [INF] Fetched all TICKERS from Database for Mar 2023.

2023-04-15 11:35:53.063 +05:30 [VRB] Template opened.
2023-04-15 11:35:53.402 +05:30 [VRB] Fetching all TICKERS from Database for Mar 2023.
2023-04-15 11:35:53.634 +05:30 [INF] Fetched all TICKERS from Database for Mar 2023.

2023-04-15 11:35:55.075 +05:30 [INF] Binding the data in Word template...
2023-04-15 11:35:55.136 +05:30 [INF] Data binded in Content Control.
2023-04-15 11:35:56.100 +05:30 [DBG] Saving the document under directory D:\PRB.Services\PRB.Services\wwwroot\Report\ABBOTINDIA.docx...
2023-04-15 11:35:56.208 +05:30 [VRB] Exporting the document as PDF format...
2023-04-15 11:35:58.290 +05:30 [INF] Binding the data in Word template...
2023-04-15 11:35:58.336 +05:30 [INF] Data binded in Content Control.
2023-04-15 11:35:59.589 +05:30 [DBG] Saving the document under directory D:\PRB.Services\PRB.Services\wwwroot\Report\ACN.docx...
2023-04-15 11:35:59.673 +05:30 [VRB] Exporting the document as PDF format...
2023-04-15 11:36:01.732 +05:30 [INF] Binding the data in Word template...
2023-04-15 11:36:01.777 +05:30 [INF] Data binded in Content Control.
2023-04-15 11:36:03.095 +05:30 [DBG] Saving the document under directory D:\PRB.Services\PRB.Services\wwwroot\Report\ADANITRANS.docx...
2023-04-15 11:36:03.172 +05:30 [VRB] Exporting the document as PDF format...
2023-04-15 11:36:05.276 +05:30 [INF] Binding the data in Word template...
2023-04-15 11:36:05.328 +05:30 [INF] Data binded in Content Control.
2023-04-15 11:36:06.619 +05:30 [DBG] Saving the document under directory D:\PRB.Services\PRB.Services\wwwroot\Report\HDFCBANK.docx...
2023-04-15 11:36:06.698 +05:30 [VRB] Exporting the document as PDF format...
2023-04-15 11:36:08.775 +05:30 [INF] Binding the data in Word template...
2023-04-15 11:36:08.825 +05:30 [INF] Data binded in Content Control.
2023-04-15 11:36:10.141 +05:30 [DBG] Saving the document under directory D:\PRB.Services\PRB.Services\wwwroot\Report\TATAMOTORS.docx...
2023-04-15 11:36:10.220 +05:30 [VRB] Exporting the document as PDF format...
2023-04-15 11:36:12.401 +05:30 [INF] Binding the data in Word template...
2023-04-15 11:36:12.463 +05:30 [INF] Data binded in Content Control.
2023-04-15 11:36:13.763 +05:30 [DBG] Saving the document under directory D:\PRB.Services\PRB.Services\wwwroot\Report\WIPRO.docx...
2023-04-15 11:36:13.840 +05:30 [VRB] Exporting the document as PDF format...
2023-04-15 11:36:14.656 +05:30 [INF] Detailed Report generated.
2023-04-15 11:36:14.656 +05:30 [INF] Closing Word document.

2023-04-15 11:36:14.677 +05:30 [INF] Author : Vishnuraj generating Summary Report...
2023-04-15 11:36:14.791 +05:30 [VRB] Template opened.
2023-04-15 11:36:15.240 +05:30 [VRB] Fetching data for binding contents...
2023-04-15 11:36:16.937 +05:30 [INF] Binding data in Word template...
2023-04-15 11:36:16.945 +05:30 [INF] Data binded in Content Control.
2023-04-15 11:36:18.348 +05:30 [DBG] Saving the document under directory D:\PRB.Services\PRB.Services\wwwroot\Report\Summary.docx...
2023-04-15 11:36:18.433 +05:30 [VRB] Exporting the document as PDF format...
2023-04-15 11:36:19.263 +05:30 [INF] Summary Report generated.
2023-04-15 11:36:19.263 +05:30 [INF] Closing Word document.

2023-04-15 11:36:19.285 +05:30 [INF] Author : Vishnuraj generating Disclaimer Report...
2023-04-15 11:36:19.363 +05:30 [VRB] Template opened.
2023-04-15 11:36:19.750 +05:30 [VRB] Fetching commentary from database...
2023-04-15 11:36:19.982 +05:30 [INF] Binding data in Word template...
2023-04-15 11:36:19.982 +05:30 [INF] Data binded in Content Control
2023-04-15 11:36:19.982 +05:30 [DBG] Saving the document under directory D:\PRB.Services\PRB.Services\wwwroot\Report\Disclaimer.docx...
2023-04-15 11:36:20.033 +05:30 [VRB] Exporting the document as PDF format...
2023-04-15 11:36:20.126 +05:30 [INF] Disclaimer Report generated.
2023-04-15 11:36:20.126 +05:30 [INF] Closing Word document.

2023-04-15 11:36:20.859 +05:30 [INF] Author : Vishnuraj Merging all docx...
2023-04-15 11:36:20.859 +05:30 [VRB] Fetching all DOCX file paths...
2023-04-15 11:36:20.971 +05:30 [INF] Merging all DOCX file ...
2023-04-15 11:36:21.050 +05:30 [DBG] Summary.docx is merged into Document.
2023-04-15 11:36:21.086 +05:30 [DBG] ABBOTINDIA.docx is merged into Document.
2023-04-15 11:36:21.154 +05:30 [DBG] ACN.docx is merged into Document.
2023-04-15 11:36:21.241 +05:30 [DBG] ADANITRANS.docx is merged into Document.
2023-04-15 11:36:21.329 +05:30 [DBG] HDFCBANK.docx is merged into Document.
2023-04-15 11:36:21.432 +05:30 [DBG] TATAMOTORS.docx is merged into Document.
2023-04-15 11:36:21.543 +05:30 [DBG] WIPRO.docx is merged into Document.
2023-04-15 11:36:21.645 +05:30 [INF] Merged document is Protected with password
2023-04-15 11:36:21.645 +05:30 [DBG] Saving the document under directory D:\PRB.Services\PRB.Services\wwwroot\Report\.docx...
2023-04-15 11:36:22.192 +05:30 [DBG] Exporting the document as PDF format...
2023-04-15 11:36:22.867 +05:30 [INF] Closing the Word Appliction
2023-04-15 11:36:22.868 +05:30 [INF] ---Automation Terminated---

2023-04-15 11:37:58.835 +05:30 [VRB] Fetching all PDF file name and Paths...
2023-04-15 11:37:59.667 +05:30 [VRB] Fetching all PDF file name and Paths...
2023-04-15 11:37:59.907 +05:30 [INF] ---Automation Started---
Initiating Word Application
2023-04-15 11:38:00.272 +05:30 [INF] Initiating Rule Engine Executor...
2023-04-15 11:38:00.273 +05:30 [VRB] Initiating Rule Engine...
2023-04-15 11:38:00.273 +05:30 [INF] RuleExecutor returned the values.

2023-04-15 11:38:00.273 +05:30 [INF] Author : Vishnuraj Fetching Disclaimer content...
2023-04-15 11:38:00.410 +05:30 [VRB] Template opened.
2023-04-15 11:38:01.077 +05:30 [INF] fetch from Word template...
2023-04-15 11:38:27.158 +05:30 [INF] ---Automation Started---
Initiating Word Application
2023-04-15 11:38:27.466 +05:30 [INF] Initiating Rule Engine Executor...
2023-04-15 11:38:27.466 +05:30 [VRB] Initiating Rule Engine...
2023-04-15 11:38:27.466 +05:30 [INF] RuleExecutor returned the values.

2023-04-15 11:38:27.701 +05:30 [INF] Author : Vishnuraj generating Disclaimer Report...
2023-04-15 11:38:27.846 +05:30 [VRB] Template opened.
2023-04-15 11:38:27.868 +05:30 [INF] Commentary  stored in Database.
2023-04-15 11:38:28.261 +05:30 [VRB] Fetching commentary from database...
2023-04-15 11:38:28.493 +05:30 [INF] Binding data in Word template...
2023-04-15 11:38:28.498 +05:30 [INF] Data binded in Content Control
2023-04-15 11:38:28.498 +05:30 [DBG] Saving the document under directory D:\PRB.Services\PRB.Services\wwwroot\Report\Disclaimer.docx...
2023-04-15 11:38:28.550 +05:30 [VRB] Exporting the document as PDF format...
2023-04-15 11:38:28.691 +05:30 [INF] Disclaimer Report generated.
2023-04-15 11:38:28.691 +05:30 [INF] Closing Word document.

2023-04-15 11:38:28.707 +05:30 [INF] Author : Vishnuraj Merging all docx...
2023-04-15 11:38:28.707 +05:30 [VRB] Fetching all DOCX file paths...
2023-04-15 11:38:28.819 +05:30 [INF] Merging all DOCX file ...
2023-04-15 11:38:28.866 +05:30 [DBG] Summary.docx is merged into Document.
2023-04-15 11:38:28.898 +05:30 [DBG] ABBOTINDIA.docx is merged into Document.
2023-04-15 11:38:28.986 +05:30 [DBG] ACN.docx is merged into Document.
2023-04-15 11:38:29.059 +05:30 [DBG] ADANITRANS.docx is merged into Document.
2023-04-15 11:38:29.144 +05:30 [DBG] HDFCBANK.docx is merged into Document.
2023-04-15 11:38:29.245 +05:30 [DBG] TATAMOTORS.docx is merged into Document.
2023-04-15 11:38:29.353 +05:30 [DBG] WIPRO.docx is merged into Document.
2023-04-15 11:38:29.445 +05:30 [INF] Merged document is Protected with password
2023-04-15 11:38:29.445 +05:30 [DBG] Saving the document under directory D:\PRB.Services\PRB.Services\wwwroot\Report\.docx...
2023-04-15 11:38:30.005 +05:30 [DBG] Exporting the document as PDF format...
2023-04-15 11:38:30.739 +05:30 [INF] Closing the Word Appliction
2023-04-15 11:38:30.740 +05:30 [INF] ---Automation Terminated---

2023-04-15 11:38:30.745 +05:30 [VRB] Fetching all PDF file name and Paths...
2023-04-15 11:39:37.767 +05:30 [VRB] Fetching all PDF file name and Paths...
2023-04-15 11:41:10.178 +05:30 [INF] Initiating Rule Engine Executor...
2023-04-15 11:41:10.178 +05:30 [VRB] Fetching all Reports from Database.
2023-04-15 11:41:10.178 +05:30 [VRB] Initiating Rule Engine...
2023-04-15 11:41:10.181 +05:30 [INF] RuleExecutor returned the values.

2023-04-15 11:41:10.647 +05:30 [INF] Reports Fetched.

2023-04-15 11:41:25.292 +05:30 [VRB] Fetching Username and Role Code... 
2023-04-15 11:41:25.528 +05:30 [INF] kani@gmail.com logging in.

2023-04-15 11:41:25.535 +05:30 [VRB] Fetching all Reports from Database.
2023-04-15 11:41:26.003 +05:30 [INF] Reports Fetched.

2023-04-15 11:41:28.689 +05:30 [VRB] Fetching report status.
2023-04-15 11:41:28.689 +05:30 [VRB] Fetching all TICKERS from Database for Mar 2023.
2023-04-15 11:42:48.192 +05:30 [INF] Application Running...
2023-04-15 11:43:06.267 +05:30 [VRB] Fetching Username and Role Code... 
2023-04-15 11:43:09.089 +05:30 [INF] raj@gmail.com logging in.

2023-04-15 11:43:09.115 +05:30 [VRB] Fetching all Reports from Database.
2023-04-15 11:43:09.120 +05:30 [INF] Initiating Rule Engine Executor...
2023-04-15 11:43:09.203 +05:30 [VRB] Initiating Rule Engine...
2023-04-15 11:43:09.351 +05:30 [INF] RuleExecutor returned the values.

2023-04-15 11:43:09.689 +05:30 [INF] Reports Fetched.

2023-04-15 11:43:16.236 +05:30 [VRB] Fetching report status.
2023-04-15 11:43:16.236 +05:30 [VRB] Fetching report status.
2023-04-15 11:43:16.236 +05:30 [VRB] Fetching all TICKERS from Database for Mar 2023.
2023-04-15 11:43:16.515 +05:30 [WRN]  value is null here.
2023-04-15 11:43:16.984 +05:30 [INF] ---Automation Started---
Initiating Word Application
2023-04-15 11:43:17.220 +05:30 [INF] Fetched all TICKERS from Database for Mar 2023.

2023-04-15 11:43:17.328 +05:30 [INF] Initiating Rule Engine Executor...
2023-04-15 11:43:17.328 +05:30 [VRB] Initiating Rule Engine...
2023-04-15 11:43:17.335 +05:30 [INF] RuleExecutor returned the values.

2023-04-15 11:43:17.336 +05:30 [INF] Author : Vishnuraj generating Detailed Report...
2023-04-15 11:43:17.439 +05:30 [WRN]  value is null here.
2023-04-15 11:43:17.561 +05:30 [VRB] Template opened.
2023-04-15 11:43:17.917 +05:30 [VRB] Fetching all TICKERS from Database for Mar 2023.
2023-04-15 11:43:18.151 +05:30 [INF] Fetched all TICKERS from Database for Mar 2023.

2023-04-15 11:43:19.644 +05:30 [INF] Binding the data in Word template...
2023-04-15 11:43:19.706 +05:30 [INF] Data binded in Content Control.
2023-04-15 11:43:20.802 +05:30 [DBG] Saving the document under directory D:\PRB.Services\PRB.Services\wwwroot\Report\ABBOTINDIA.docx...
2023-04-15 11:43:20.895 +05:30 [VRB] Exporting the document as PDF format...
2023-04-15 11:43:23.046 +05:30 [INF] Binding the data in Word template...
2023-04-15 11:43:23.087 +05:30 [INF] Data binded in Content Control.
2023-04-15 11:43:24.378 +05:30 [DBG] Saving the document under directory D:\PRB.Services\PRB.Services\wwwroot\Report\ACN.docx...
2023-04-15 11:43:24.456 +05:30 [VRB] Exporting the document as PDF format...
2023-04-15 11:43:26.648 +05:30 [INF] Binding the data in Word template...
2023-04-15 11:43:26.694 +05:30 [INF] Data binded in Content Control.
2023-04-15 11:43:27.963 +05:30 [DBG] Saving the document under directory D:\PRB.Services\PRB.Services\wwwroot\Report\ADANITRANS.docx...
2023-04-15 11:43:28.050 +05:30 [VRB] Exporting the document as PDF format...
2023-04-15 11:43:30.231 +05:30 [INF] Binding the data in Word template...
2023-04-15 11:43:30.284 +05:30 [INF] Data binded in Content Control.
2023-04-15 11:43:31.595 +05:30 [DBG] Saving the document under directory D:\PRB.Services\PRB.Services\wwwroot\Report\HDFCBANK.docx...
2023-04-15 11:43:31.673 +05:30 [VRB] Exporting the document as PDF format...
2023-04-15 11:43:33.735 +05:30 [INF] Binding the data in Word template...
2023-04-15 11:43:33.783 +05:30 [INF] Data binded in Content Control.
2023-04-15 11:43:35.124 +05:30 [DBG] Saving the document under directory D:\PRB.Services\PRB.Services\wwwroot\Report\TATAMOTORS.docx...
2023-04-15 11:43:35.205 +05:30 [VRB] Exporting the document as PDF format...
2023-04-15 11:43:37.294 +05:30 [INF] Binding the data in Word template...
2023-04-15 11:43:37.345 +05:30 [INF] Data binded in Content Control.
2023-04-15 11:43:38.713 +05:30 [DBG] Saving the document under directory D:\PRB.Services\PRB.Services\wwwroot\Report\WIPRO.docx...
2023-04-15 11:43:38.786 +05:30 [VRB] Exporting the document as PDF format...
2023-04-15 11:43:39.607 +05:30 [INF] Detailed Report generated.
2023-04-15 11:43:39.607 +05:30 [INF] Closing Word document.

2023-04-15 11:43:39.629 +05:30 [INF] Author : Vishnuraj generating Summary Report...
2023-04-15 11:43:39.735 +05:30 [VRB] Template opened.
2023-04-15 11:43:40.191 +05:30 [VRB] Fetching data for binding contents...
2023-04-15 11:43:42.052 +05:30 [INF] Binding data in Word template...
2023-04-15 11:43:42.059 +05:30 [INF] Data binded in Content Control.
2023-04-15 11:43:43.434 +05:30 [DBG] Saving the document under directory D:\PRB.Services\PRB.Services\wwwroot\Report\Summary.docx...
2023-04-15 11:43:43.523 +05:30 [VRB] Exporting the document as PDF format...
2023-04-15 11:43:44.376 +05:30 [INF] Summary Report generated.
2023-04-15 11:43:44.376 +05:30 [INF] Closing Word document.

2023-04-15 11:43:44.393 +05:30 [INF] Author : Vishnuraj generating Disclaimer Report...
2023-04-15 11:43:44.481 +05:30 [VRB] Template opened.
2023-04-15 11:43:44.866 +05:30 [VRB] Fetching commentary from database...
2023-04-15 11:43:45.098 +05:30 [INF] Binding data in Word template...
2023-04-15 11:43:45.098 +05:30 [INF] Data binded in Content Control
2023-04-15 11:43:45.098 +05:30 [DBG] Saving the document under directory D:\PRB.Services\PRB.Services\wwwroot\Report\Disclaimer.docx...
2023-04-15 11:43:45.152 +05:30 [VRB] Exporting the document as PDF format...
2023-04-15 11:43:45.266 +05:30 [INF] Disclaimer Report generated.
2023-04-15 11:43:45.266 +05:30 [INF] Closing Word document.

2023-04-15 11:43:46.156 +05:30 [INF] Author : Vishnuraj Merging all docx...
2023-04-15 11:43:46.157 +05:30 [VRB] Fetching all DOCX file paths...
2023-04-15 11:43:46.269 +05:30 [INF] Merging all DOCX file ...
2023-04-15 11:43:46.347 +05:30 [DBG] Summary.docx is merged into Document.
2023-04-15 11:43:46.387 +05:30 [DBG] ABBOTINDIA.docx is merged into Document.
2023-04-15 11:43:46.459 +05:30 [DBG] ACN.docx is merged into Document.
2023-04-15 11:43:46.539 +05:30 [DBG] ADANITRANS.docx is merged into Document.
2023-04-15 11:43:46.629 +05:30 [DBG] HDFCBANK.docx is merged into Document.
2023-04-15 11:43:46.729 +05:30 [DBG] TATAMOTORS.docx is merged into Document.
2023-04-15 11:43:46.848 +05:30 [DBG] WIPRO.docx is merged into Document.
2023-04-15 11:43:46.949 +05:30 [INF] Merged document is Protected with password
2023-04-15 11:43:46.949 +05:30 [DBG] Saving the document under directory D:\PRB.Services\PRB.Services\wwwroot\Report\.docx...
2023-04-15 11:43:47.554 +05:30 [DBG] Exporting the document as PDF format...
2023-04-15 11:43:48.237 +05:30 [INF] Closing the Word Appliction
2023-04-15 11:43:48.238 +05:30 [INF] ---Automation Terminated---

2023-04-15 11:43:54.253 +05:30 [VRB] Fetching all PDF file name and Paths...
2023-04-15 11:43:54.841 +05:30 [VRB] Fetching all PDF file name and Paths...
2023-04-15 11:43:55.086 +05:30 [INF] ---Automation Started---
Initiating Word Application
2023-04-15 11:43:55.418 +05:30 [INF] Initiating Rule Engine Executor...
2023-04-15 11:43:55.419 +05:30 [VRB] Initiating Rule Engine...
2023-04-15 11:43:55.419 +05:30 [INF] RuleExecutor returned the values.

2023-04-15 11:43:55.419 +05:30 [INF] Author : Vishnuraj Fetching Disclaimer content...
2023-04-15 11:43:55.609 +05:30 [VRB] Template opened.
2023-04-15 11:43:56.234 +05:30 [VRB] Fetching all PDF file name and Paths...
2023-04-15 11:43:56.259 +05:30 [INF] fetch from Word template...
2023-04-15 11:44:00.743 +05:30 [INF] Initiating Rule Engine Executor...
2023-04-15 11:44:00.744 +05:30 [VRB] Initiating Rule Engine...
2023-04-15 11:44:00.744 +05:30 [INF] RuleExecutor returned the values.

2023-04-15 11:44:00.786 +05:30 [INF] Updating Report status...
2023-04-15 11:44:02.318 +05:30 [INF] Report updated into Database.

2023-04-15 11:44:47.609 +05:30 [VRB] Fetching Username and Role Code... 
2023-04-15 11:44:47.843 +05:30 [INF] kani@gmail.com logging in.

2023-04-15 11:44:47.852 +05:30 [VRB] Fetching all Reports from Database.
2023-04-15 11:44:48.322 +05:30 [INF] Reports Fetched.

2023-04-15 11:44:51.115 +05:30 [VRB] Fetching all TICKERS from Database for Mar 2023.
2023-04-15 11:44:51.116 +05:30 [VRB] Fetching report status.
2023-04-15 11:45:03.926 +05:30 [INF] Fetched all TICKERS from Database for Mar 2023.

2023-04-15 11:45:03.929 +05:30 [INF] Report statusR1.

2023-04-15 11:56:29.921 +05:30 [VRB] Fetching all Reports from Database.
2023-04-15 11:56:31.323 +05:30 [INF] Reports Fetched.

2023-04-15 11:57:27.780 +05:30 [VRB] Fetching all Reports from Database.
2023-04-15 11:57:28.259 +05:30 [INF] Reports Fetched.

2023-04-15 11:57:34.802 +05:30 [VRB] Fetching report status.
2023-04-15 11:57:34.803 +05:30 [VRB] Fetching all TICKERS from Database for Mar 2023.
2023-04-15 11:57:41.139 +05:30 [INF] Fetched all TICKERS from Database for Mar 2023.

2023-04-15 11:57:41.604 +05:30 [INF] Report statusR1.

2023-04-15 11:57:45.309 +05:30 [VRB] Fetching all PDF file name and Paths...
2023-04-15 11:57:46.337 +05:30 [VRB] Fetching all PDF file name and Paths...
2023-04-15 11:57:53.598 +05:30 [INF] Initiating Rule Engine Executor...
2023-04-15 11:57:53.599 +05:30 [VRB] Initiating Rule Engine...
2023-04-15 11:57:53.600 +05:30 [INF] RuleExecutor returned the values.

2023-04-15 11:57:53.626 +05:30 [INF] Updating Report status...
2023-04-15 11:57:55.106 +05:30 [INF] Report updated into Database.

2023-04-15 12:01:01.951 +05:30 [VRB] Fetching all Reports from Database.
2023-04-15 12:01:02.423 +05:30 [INF] Reports Fetched.

2023-04-15 12:01:44.102 +05:30 [VRB] Fetching all Reports from Database.
2023-04-15 12:01:44.571 +05:30 [INF] Reports Fetched.

2023-04-15 12:01:46.039 +05:30 [VRB] Fetching report status.
2023-04-15 12:01:46.041 +05:30 [VRB] Fetching all TICKERS from Database for Mar 2023.
2023-04-15 12:01:46.509 +05:30 [INF] Fetched all TICKERS from Database for Mar 2023.

2023-04-15 12:01:47.210 +05:30 [INF] Report statusR1.

2023-04-15 12:01:50.473 +05:30 [VRB] Fetching all PDF file name and Paths...
2023-04-15 12:01:51.382 +05:30 [VRB] Fetching all PDF file name and Paths...
2023-04-15 12:01:59.503 +05:30 [INF] Initiating Rule Engine Executor...
2023-04-15 12:01:59.503 +05:30 [VRB] Initiating Rule Engine...
2023-04-15 12:01:59.504 +05:30 [INF] RuleExecutor returned the values.

2023-04-15 12:01:59.541 +05:30 [INF] Updating Report status...
2023-04-15 12:02:00.720 +05:30 [INF] Report updated into Database.

2023-04-15 12:04:56.878 +05:30 [VRB] Fetching all Reports from Database.
2023-04-15 12:04:57.348 +05:30 [INF] Reports Fetched.

2023-04-15 12:05:05.044 +05:30 [VRB] Fetching all Reports from Database.
2023-04-15 12:05:05.518 +05:30 [INF] Reports Fetched.

2023-04-15 12:05:06.937 +05:30 [VRB] Fetching all TICKERS from Database for Mar 2023.
2023-04-15 12:05:06.937 +05:30 [VRB] Fetching report status.
2023-04-15 12:05:07.175 +05:30 [INF] Fetched all TICKERS from Database for Mar 2023.

2023-04-15 12:05:08.106 +05:30 [INF] Report statusR1.

2023-04-15 12:05:10.974 +05:30 [VRB] Fetching all PDF file name and Paths...
2023-04-15 12:05:12.483 +05:30 [VRB] Fetching all PDF file name and Paths...
2023-04-15 12:05:17.315 +05:30 [INF] Initiating Rule Engine Executor...
2023-04-15 12:05:17.315 +05:30 [VRB] Initiating Rule Engine...
2023-04-15 12:05:17.315 +05:30 [INF] RuleExecutor returned the values.

2023-04-15 12:05:17.343 +05:30 [INF] Updating Report status...
2023-04-15 12:05:17.564 +05:30 [VRB] Fetching all Reports from Database.
2023-04-15 12:05:18.037 +05:30 [INF] Reports Fetched.

2023-04-15 12:05:18.514 +05:30 [INF] Report updated into Database.

2023-04-15 12:05:23.826 +05:30 [VRB] Fetching report status.
2023-04-15 12:05:23.830 +05:30 [VRB] Fetching all TICKERS from Database for Mar 2023.
2023-04-15 12:05:24.065 +05:30 [INF] Report statusR2.

2023-04-15 12:05:24.066 +05:30 [INF] Fetched all TICKERS from Database for Mar 2023.

2023-04-15 12:06:16.613 +05:30 [VRB] Fetching all Reports from Database.
2023-04-15 12:06:16.720 +05:30 [VRB] Fetching all Reports from Database.
2023-04-15 12:06:17.100 +05:30 [INF] Reports Fetched.

2023-04-15 12:06:17.194 +05:30 [INF] Reports Fetched.

2023-04-15 12:06:18.861 +05:30 [VRB] Fetching report status.
2023-04-15 12:06:18.862 +05:30 [VRB] Fetching all TICKERS from Database for Mar 2023.
2023-04-15 12:06:19.104 +05:30 [INF] Fetched all TICKERS from Database for Mar 2023.

2023-04-15 12:06:19.107 +05:30 [INF] Report statusR1.

2023-04-15 12:08:37.626 +05:30 [VRB] Fetching all Reports from Database.
2023-04-15 12:08:38.105 +05:30 [INF] Reports Fetched.

2023-04-15 12:10:17.952 +05:30 [VRB] Fetching all Reports from Database.
2023-04-15 12:10:18.419 +05:30 [INF] Reports Fetched.

2023-04-15 12:10:39.016 +05:30 [VRB] Fetching all Reports from Database.
2023-04-15 12:10:39.487 +05:30 [INF] Reports Fetched.

2023-04-15 12:14:54.504 +05:30 [VRB] Fetching all Reports from Database.
2023-04-15 12:14:55.915 +05:30 [INF] Reports Fetched.

2023-04-15 12:15:06.536 +05:30 [VRB] Fetching report status.
2023-04-15 12:15:06.537 +05:30 [VRB] Fetching all TICKERS from Database for Mar 2023.
2023-04-15 12:15:07.006 +05:30 [INF] Fetched all TICKERS from Database for Mar 2023.

2023-04-15 12:15:07.238 +05:30 [INF] Report statusR1.

2023-04-15 12:15:10.921 +05:30 [VRB] Fetching all PDF file name and Paths...
2023-04-15 12:15:12.420 +05:30 [VRB] Fetching all PDF file name and Paths...
2023-04-15 12:15:16.600 +05:30 [INF] Initiating Rule Engine Executor...
2023-04-15 12:15:16.601 +05:30 [VRB] Initiating Rule Engine...
2023-04-15 12:15:16.601 +05:30 [INF] RuleExecutor returned the values.

2023-04-15 12:15:16.630 +05:30 [INF] Updating Report status...
2023-04-15 12:15:16.633 +05:30 [VRB] Fetching all PDF file name and Paths...
2023-04-15 12:15:16.735 +05:30 [VRB] Fetching all Reports from Database.
2023-04-15 12:15:17.792 +05:30 [INF] Report updated into Database.

2023-04-15 12:15:18.146 +05:30 [INF] Reports Fetched.

2023-04-15 12:16:04.803 +05:30 [VRB] Fetching all Reports from Database.
2023-04-15 12:16:05.272 +05:30 [INF] Reports Fetched.

2023-04-15 12:16:07.108 +05:30 [VRB] Fetching all TICKERS from Database for Mar 2023.
2023-04-15 12:16:07.112 +05:30 [VRB] Fetching report status.
2023-04-15 12:16:07.346 +05:30 [INF] Fetched all TICKERS from Database for Mar 2023.

2023-04-15 12:16:08.271 +05:30 [INF] Report statusR1.

2023-04-15 12:16:10.610 +05:30 [VRB] Fetching all PDF file name and Paths...
2023-04-15 12:16:14.049 +05:30 [VRB] Fetching all PDF file name and Paths...
2023-04-15 12:16:16.800 +05:30 [INF] Initiating Rule Engine Executor...
2023-04-15 12:16:16.801 +05:30 [VRB] Initiating Rule Engine...
2023-04-15 12:16:16.801 +05:30 [INF] RuleExecutor returned the values.

2023-04-15 12:16:16.809 +05:30 [VRB] Fetching all PDF file name and Paths...
2023-04-15 12:16:16.812 +05:30 [INF] Updating Report status...
2023-04-15 12:16:17.985 +05:30 [INF] Report updated into Database.

2023-04-15 12:17:13.132 +05:30 [VRB] Fetching all Reports from Database.
2023-04-15 12:17:13.604 +05:30 [INF] Reports Fetched.

2023-04-15 12:17:53.167 +05:30 [VRB] Fetching all Reports from Database.
2023-04-15 12:17:53.634 +05:30 [INF] Reports Fetched.

2023-04-15 12:18:09.323 +05:30 [VRB] Fetching all Reports from Database.
2023-04-15 12:18:09.663 +05:30 [VRB] Fetching all Reports from Database.
2023-04-15 12:18:09.789 +05:30 [INF] Reports Fetched.

2023-04-15 12:18:10.130 +05:30 [INF] Reports Fetched.

2023-04-15 12:18:11.012 +05:30 [VRB] Fetching report status.
2023-04-15 12:18:11.012 +05:30 [VRB] Fetching all TICKERS from Database for Mar 2023.
2023-04-15 12:18:11.246 +05:30 [INF] Fetched all TICKERS from Database for Mar 2023.

2023-04-15 12:18:11.247 +05:30 [INF] Report statusR1.

2023-04-15 12:18:13.036 +05:30 [VRB] Fetching all PDF file name and Paths...
2023-04-15 12:18:13.707 +05:30 [VRB] Fetching all PDF file name and Paths...
2023-04-15 12:18:16.168 +05:30 [INF] Initiating Rule Engine Executor...
2023-04-15 12:18:16.169 +05:30 [VRB] Initiating Rule Engine...
2023-04-15 12:18:16.169 +05:30 [INF] RuleExecutor returned the values.

2023-04-15 12:18:16.176 +05:30 [VRB] Fetching all PDF file name and Paths...
2023-04-15 12:18:16.176 +05:30 [INF] Updating Report status...
2023-04-15 12:18:17.350 +05:30 [INF] Report updated into Database.

2023-04-15 12:18:20.601 +05:30 [VRB] Fetching all Reports from Database.
2023-04-15 12:18:21.073 +05:30 [INF] Reports Fetched.

2023-04-15 12:18:23.556 +05:30 [VRB] Fetching all Reports from Database.
2023-04-15 12:18:24.024 +05:30 [INF] Reports Fetched.

2023-04-15 12:18:41.057 +05:30 [VRB] Fetching all Reports from Database.
2023-04-15 12:18:41.524 +05:30 [INF] Reports Fetched.

2023-04-15 14:53:49.874 +05:30 [VRB] Fetching all Reports from Database.
2023-04-15 14:53:51.686 +05:30 [INF] Reports Fetched.

2023-04-15 15:02:34.624 +05:30 [VRB] Fetching all Reports from Database.
2023-04-15 15:02:36.009 +05:30 [INF] Reports Fetched.

2023-04-15 15:09:37.271 +05:30 [INF] Application Running...
2023-04-15 15:09:48.561 +05:30 [VRB] Fetching all Reports from Database.
2023-04-15 15:09:51.415 +05:30 [INF] Reports Fetched.

2023-04-15 15:12:29.904 +05:30 [INF] Application Running...
2023-04-15 15:12:43.342 +05:30 [VRB] Fetching all Reports from Database.
2023-04-15 15:12:46.503 +05:30 [INF] Reports Fetched.

2023-04-15 15:13:00.215 +05:30 [INF] Application Running...
2023-04-15 15:14:49.873 +05:30 [VRB] Fetching Username and Role Code... 
2023-04-15 15:14:52.697 +05:30 [INF] raj@gmail.com logging in.

2023-04-15 15:14:52.747 +05:30 [VRB] Fetching all Reports from Database.
2023-04-15 15:14:52.747 +05:30 [INF] Initiating Rule Engine Executor...
2023-04-15 15:14:52.837 +05:30 [VRB] Initiating Rule Engine...
2023-04-15 15:14:52.990 +05:30 [INF] RuleExecutor returned the values.

2023-04-15 15:14:53.303 +05:30 [INF] Reports Fetched.

2023-04-15 15:14:55.383 +05:30 [VRB] Fetching all TICKERS from Database for Mar 2023.
2023-04-15 15:14:55.384 +05:30 [VRB] Fetching report status.
2023-04-15 15:14:55.384 +05:30 [VRB] Fetching report status.
2023-04-15 15:14:55.665 +05:30 [INF] Report statusR1.

2023-04-15 15:14:55.686 +05:30 [VRB] Fetching all PDF file name and Paths...
2023-04-15 15:14:56.132 +05:30 [INF] Fetched all TICKERS from Database for Mar 2023.

2023-04-15 15:14:56.593 +05:30 [INF] Report statusR1.

2023-04-15 15:15:39.448 +05:30 [INF] Application Running...
2023-04-15 15:15:46.489 +05:30 [INF] Initiating Rule Engine Executor...
2023-04-15 15:15:46.504 +05:30 [VRB] Fetching all Reports from Database.
2023-04-15 15:15:46.583 +05:30 [VRB] Initiating Rule Engine...
2023-04-15 15:15:46.763 +05:30 [INF] RuleExecutor returned the values.

2023-04-15 15:15:49.646 +05:30 [INF] Reports Fetched.

2023-04-15 15:16:12.186 +05:30 [VRB] Fetching report status.
2023-04-15 15:16:12.186 +05:30 [VRB] Fetching report status.
2023-04-15 15:16:12.209 +05:30 [VRB] Fetching all TICKERS from Database for Mar 2023.
2023-04-15 15:16:12.451 +05:30 [WRN]  value is null here.
2023-04-15 15:16:12.916 +05:30 [INF] Fetched all TICKERS from Database for Mar 2023.

2023-04-15 15:16:13.149 +05:30 [INF] ---Automation Started---
Initiating Word Application
2023-04-15 15:16:13.369 +05:30 [WRN]  value is null here.
2023-04-15 15:16:13.505 +05:30 [INF] Initiating Rule Engine Executor...
2023-04-15 15:16:13.505 +05:30 [VRB] Initiating Rule Engine...
2023-04-15 15:16:13.514 +05:30 [INF] RuleExecutor returned the values.

2023-04-15 15:16:13.514 +05:30 [INF] Author : Vishnuraj generating Detailed Report...
2023-04-15 15:16:13.750 +05:30 [VRB] Template opened.
2023-04-15 15:16:14.108 +05:30 [VRB] Fetching all TICKERS from Database for Mar 2023.
2023-04-15 15:16:14.342 +05:30 [INF] Fetched all TICKERS from Database for Mar 2023.

2023-04-15 15:16:16.033 +05:30 [INF] Binding the data in Word template...
2023-04-15 15:16:16.095 +05:30 [INF] Data binded in Content Control.
2023-04-15 15:16:17.183 +05:30 [DBG] Saving the document under directory D:\PRB.Services\PRB.Services\wwwroot\Report\ABBOTINDIA.docx...
2023-04-15 15:16:17.298 +05:30 [VRB] Exporting the document as PDF format...
2023-04-15 15:16:19.457 +05:30 [INF] Binding the data in Word template...
2023-04-15 15:16:19.508 +05:30 [INF] Data binded in Content Control.
2023-04-15 15:16:20.825 +05:30 [DBG] Saving the document under directory D:\PRB.Services\PRB.Services\wwwroot\Report\ACN.docx...
2023-04-15 15:16:20.915 +05:30 [VRB] Exporting the document as PDF format...
2023-04-15 15:16:23.131 +05:30 [INF] Binding the data in Word template...
2023-04-15 15:16:23.177 +05:30 [INF] Data binded in Content Control.
2023-04-15 15:16:24.538 +05:30 [DBG] Saving the document under directory D:\PRB.Services\PRB.Services\wwwroot\Report\ADANITRANS.docx...
2023-04-15 15:16:24.645 +05:30 [VRB] Exporting the document as PDF format...
2023-04-15 15:16:26.748 +05:30 [INF] Binding the data in Word template...
2023-04-15 15:16:26.797 +05:30 [INF] Data binded in Content Control.
2023-04-15 15:16:28.184 +05:30 [DBG] Saving the document under directory D:\PRB.Services\PRB.Services\wwwroot\Report\HDFCBANK.docx...
2023-04-15 15:16:28.268 +05:30 [VRB] Exporting the document as PDF format...
2023-04-15 15:16:30.339 +05:30 [INF] Binding the data in Word template...
2023-04-15 15:16:30.402 +05:30 [INF] Data binded in Content Control.
2023-04-15 15:16:31.749 +05:30 [DBG] Saving the document under directory D:\PRB.Services\PRB.Services\wwwroot\Report\TATAMOTORS.docx...
2023-04-15 15:16:31.826 +05:30 [VRB] Exporting the document as PDF format...
2023-04-15 15:16:33.973 +05:30 [INF] Binding the data in Word template...
2023-04-15 15:16:34.033 +05:30 [INF] Data binded in Content Control.
2023-04-15 15:16:35.333 +05:30 [DBG] Saving the document under directory D:\PRB.Services\PRB.Services\wwwroot\Report\WIPRO.docx...
2023-04-15 15:16:35.419 +05:30 [VRB] Exporting the document as PDF format...
2023-04-15 15:16:36.236 +05:30 [INF] Detailed Report generated.
2023-04-15 15:16:36.236 +05:30 [INF] Closing Word document.

2023-04-15 15:16:36.259 +05:30 [INF] Author : Vishnuraj generating Summary Report...
2023-04-15 15:16:36.382 +05:30 [VRB] Template opened.
2023-04-15 15:16:36.832 +05:30 [VRB] Fetching data for binding contents...
2023-04-15 15:16:38.710 +05:30 [INF] Binding data in Word template...
2023-04-15 15:16:38.722 +05:30 [INF] Data binded in Content Control.
2023-04-15 15:16:40.128 +05:30 [DBG] Saving the document under directory D:\PRB.Services\PRB.Services\wwwroot\Report\Summary.docx...
2023-04-15 15:16:40.216 +05:30 [VRB] Exporting the document as PDF format...
2023-04-15 15:16:41.043 +05:30 [INF] Summary Report generated.
2023-04-15 15:16:41.043 +05:30 [INF] Closing Word document.

2023-04-15 15:16:41.067 +05:30 [INF] Author : Vishnuraj generating Disclaimer Report...
2023-04-15 15:16:41.152 +05:30 [VRB] Template opened.
2023-04-15 15:16:41.535 +05:30 [VRB] Fetching commentary from database...
2023-04-15 15:16:41.767 +05:30 [INF] Binding data in Word template...
2023-04-15 15:16:41.767 +05:30 [INF] Data binded in Content Control
2023-04-15 15:16:41.767 +05:30 [DBG] Saving the document under directory D:\PRB.Services\PRB.Services\wwwroot\Report\Disclaimer.docx...
2023-04-15 15:16:41.817 +05:30 [VRB] Exporting the document as PDF format...
2023-04-15 15:16:41.908 +05:30 [INF] Disclaimer Report generated.
2023-04-15 15:16:41.908 +05:30 [INF] Closing Word document.

2023-04-15 15:16:42.789 +05:30 [INF] Author : Vishnuraj Merging all docx...
2023-04-15 15:16:42.790 +05:30 [VRB] Fetching all DOCX file paths...
2023-04-15 15:16:42.909 +05:30 [INF] Merging all DOCX file ...
2023-04-15 15:16:43.004 +05:30 [DBG] Summary.docx is merged into Document.
2023-04-15 15:16:43.055 +05:30 [DBG] ABBOTINDIA.docx is merged into Document.
2023-04-15 15:16:43.127 +05:30 [DBG] ACN.docx is merged into Document.
2023-04-15 15:16:43.211 +05:30 [DBG] ADANITRANS.docx is merged into Document.
2023-04-15 15:16:43.305 +05:30 [DBG] HDFCBANK.docx is merged into Document.
2023-04-15 15:16:43.412 +05:30 [DBG] TATAMOTORS.docx is merged into Document.
2023-04-15 15:16:43.547 +05:30 [DBG] WIPRO.docx is merged into Document.
2023-04-15 15:16:43.658 +05:30 [INF] Merged document is Protected with password
2023-04-15 15:16:43.658 +05:30 [DBG] Saving the document under directory D:\PRB.Services\PRB.Services\wwwroot\Report\.docx...
2023-04-15 15:16:44.237 +05:30 [DBG] Exporting the document as PDF format...
2023-04-15 15:16:44.912 +05:30 [INF] Closing the Word Appliction
2023-04-15 15:16:44.912 +05:30 [INF] ---Automation Terminated---

2023-04-15 15:17:11.353 +05:30 [VRB] Fetching all PDF file name and Paths...
2023-04-15 15:17:18.140 +05:30 [VRB] Fetching all PDF file name and Paths...
2023-04-15 15:17:19.338 +05:30 [VRB] Fetching all PDF file name and Paths...
2023-04-15 15:17:19.583 +05:30 [INF] ---Automation Started---
Initiating Word Application
2023-04-15 15:17:19.918 +05:30 [INF] Initiating Rule Engine Executor...
2023-04-15 15:17:19.919 +05:30 [VRB] Initiating Rule Engine...
2023-04-15 15:17:19.920 +05:30 [INF] RuleExecutor returned the values.

2023-04-15 15:17:19.920 +05:30 [INF] Author : Vishnuraj Fetching Disclaimer content...
2023-04-15 15:17:20.088 +05:30 [VRB] Template opened.
2023-04-15 15:17:20.741 +05:30 [INF] fetch from Word template...
2023-04-15 15:17:22.009 +05:30 [VRB] Fetching all PDF file name and Paths...
2023-04-15 15:17:25.909 +05:30 [INF] Initiating Rule Engine Executor...
2023-04-15 15:17:25.909 +05:30 [VRB] Initiating Rule Engine...
2023-04-15 15:17:25.910 +05:30 [INF] RuleExecutor returned the values.

2023-04-15 15:17:26.172 +05:30 [INF] Initiating Rule Engine Executor...
2023-04-15 15:17:26.172 +05:30 [VRB] Fetching all Reports from Database.
2023-04-15 15:17:26.172 +05:30 [VRB] Initiating Rule Engine...
2023-04-15 15:17:26.176 +05:30 [INF] RuleExecutor returned the values.

2023-04-15 15:17:26.643 +05:30 [INF] Reports Fetched.

2023-04-15 15:17:37.015 +05:30 [VRB] Fetching Username and Role Code... 
2023-04-15 15:17:37.254 +05:30 [INF] raj@gmail.com logging in.

2023-04-15 15:17:37.264 +05:30 [VRB] Fetching all Reports from Database.
2023-04-15 15:17:37.264 +05:30 [INF] Initiating Rule Engine Executor...
2023-04-15 15:17:37.265 +05:30 [VRB] Initiating Rule Engine...
2023-04-15 15:17:37.267 +05:30 [INF] RuleExecutor returned the values.

2023-04-15 15:17:37.729 +05:30 [INF] Reports Fetched.

2023-04-15 15:17:39.210 +05:30 [VRB] Fetching report status.
2023-04-15 15:17:39.211 +05:30 [VRB] Fetching all TICKERS from Database for Mar 2023.
2023-04-15 15:17:39.211 +05:30 [VRB] Fetching report status.
2023-04-15 15:17:39.444 +05:30 [WRN]  value is null here.
2023-04-15 15:17:39.675 +05:30 [INF] Fetched all TICKERS from Database for Mar 2023.

2023-04-15 15:17:39.685 +05:30 [INF] ---Automation Started---
Initiating Word Application
2023-04-15 15:17:39.988 +05:30 [INF] Initiating Rule Engine Executor...
2023-04-15 15:17:39.989 +05:30 [VRB] Initiating Rule Engine...
2023-04-15 15:17:39.989 +05:30 [INF] RuleExecutor returned the values.

2023-04-15 15:17:39.989 +05:30 [INF] Author : Vishnuraj generating Detailed Report...
2023-04-15 15:17:40.192 +05:30 [VRB] Template opened.
2023-04-15 15:17:40.365 +05:30 [WRN]  value is null here.
2023-04-15 15:17:40.530 +05:30 [VRB] Fetching all TICKERS from Database for Mar 2023.
2023-04-15 15:17:40.764 +05:30 [INF] Fetched all TICKERS from Database for Mar 2023.

2023-04-15 15:17:42.296 +05:30 [INF] Binding the data in Word template...
2023-04-15 15:17:42.361 +05:30 [INF] Data binded in Content Control.
2023-04-15 15:17:43.372 +05:30 [DBG] Saving the document under directory D:\PRB.Services\PRB.Services\wwwroot\Report\ABBOTINDIA.docx...
2023-04-15 15:17:43.459 +05:30 [VRB] Exporting the document as PDF format...
2023-04-15 15:17:45.670 +05:30 [INF] Binding the data in Word template...
2023-04-15 15:17:45.724 +05:30 [INF] Data binded in Content Control.
2023-04-15 15:17:47.050 +05:30 [DBG] Saving the document under directory D:\PRB.Services\PRB.Services\wwwroot\Report\ACN.docx...
2023-04-15 15:17:47.139 +05:30 [VRB] Exporting the document as PDF format...
2023-04-15 15:18:30.162 +05:30 [ERR] Something went wrong !
2023-04-15 15:18:30.162 +05:30 [VRB] Closing Word document.
2023-04-15 15:18:30.264 +05:30 [INF] Closing the Word Application
2023-04-15 15:36:09.224 +05:30 [INF] Application Running...
2023-04-15 15:36:14.702 +05:30 [INF] Initiating Rule Engine Executor...
2023-04-15 15:36:14.717 +05:30 [VRB] Fetching all Reports from Database.
2023-04-15 15:36:14.793 +05:30 [VRB] Initiating Rule Engine...
2023-04-15 15:36:14.959 +05:30 [INF] RuleExecutor returned the values.

2023-04-15 15:36:18.296 +05:30 [INF] Reports Fetched.

2023-04-15 15:36:19.991 +05:30 [VRB] Fetching report status.
2023-04-15 15:36:19.991 +05:30 [VRB] Fetching report status.
2023-04-15 15:36:19.992 +05:30 [VRB] Fetching all TICKERS from Database for Mar 2023.
2023-04-15 15:36:20.247 +05:30 [WRN]  value is null here.
2023-04-15 15:36:20.486 +05:30 [INF] Fetched all TICKERS from Database for Mar 2023.

2023-04-15 15:36:20.951 +05:30 [INF] ---Automation Started---
Initiating Word Application
2023-04-15 15:36:21.170 +05:30 [WRN]  value is null here.
2023-04-15 15:36:21.299 +05:30 [INF] Initiating Rule Engine Executor...
2023-04-15 15:36:21.299 +05:30 [VRB] Initiating Rule Engine...
2023-04-15 15:36:21.307 +05:30 [INF] RuleExecutor returned the values.

2023-04-15 15:36:21.308 +05:30 [INF] Author : Vishnuraj generating Detailed Report...
2023-04-15 15:36:21.541 +05:30 [VRB] Template opened.
2023-04-15 15:36:21.902 +05:30 [VRB] Fetching all TICKERS from Database for Mar 2023.
2023-04-15 15:36:22.141 +05:30 [INF] Fetched all TICKERS from Database for Mar 2023.

2023-04-15 15:36:23.805 +05:30 [INF] Binding the data in Word template...
2023-04-15 15:36:23.885 +05:30 [INF] Data binded in Content Control.
2023-04-15 15:36:24.951 +05:30 [DBG] Saving the document under directory D:\PRB.Services\PRB.Services\wwwroot\Report\ABBOTINDIA.docx...
2023-04-15 15:36:25.050 +05:30 [VRB] Exporting the document as PDF format...
2023-04-15 15:36:27.314 +05:30 [INF] Binding the data in Word template...
2023-04-15 15:36:27.361 +05:30 [INF] Data binded in Content Control.
2023-04-15 15:36:28.646 +05:30 [DBG] Saving the document under directory D:\PRB.Services\PRB.Services\wwwroot\Report\ACN.docx...
2023-04-15 15:36:28.729 +05:30 [VRB] Exporting the document as PDF format...
2023-04-15 15:36:30.844 +05:30 [INF] Binding the data in Word template...
2023-04-15 15:36:30.891 +05:30 [INF] Data binded in Content Control.
2023-04-15 15:36:32.258 +05:30 [DBG] Saving the document under directory D:\PRB.Services\PRB.Services\wwwroot\Report\ADANITRANS.docx...
2023-04-15 15:36:32.339 +05:30 [VRB] Exporting the document as PDF format...
2023-04-15 15:36:34.467 +05:30 [INF] Binding the data in Word template...
2023-04-15 15:36:34.517 +05:30 [INF] Data binded in Content Control.
2023-04-15 15:36:35.853 +05:30 [DBG] Saving the document under directory D:\PRB.Services\PRB.Services\wwwroot\Report\HDFCBANK.docx...
2023-04-15 15:36:35.928 +05:30 [VRB] Exporting the document as PDF format...
2023-04-15 15:36:38.125 +05:30 [INF] Binding the data in Word template...
2023-04-15 15:36:38.181 +05:30 [INF] Data binded in Content Control.
2023-04-15 15:36:39.502 +05:30 [DBG] Saving the document under directory D:\PRB.Services\PRB.Services\wwwroot\Report\TATAMOTORS.docx...
2023-04-15 15:36:39.585 +05:30 [VRB] Exporting the document as PDF format...
2023-04-15 15:36:41.697 +05:30 [INF] Binding the data in Word template...
2023-04-15 15:36:41.751 +05:30 [INF] Data binded in Content Control.
2023-04-15 15:36:43.046 +05:30 [DBG] Saving the document under directory D:\PRB.Services\PRB.Services\wwwroot\Report\WIPRO.docx...
2023-04-15 15:36:43.126 +05:30 [VRB] Exporting the document as PDF format...
2023-04-15 15:36:43.951 +05:30 [INF] Detailed Report generated.
2023-04-15 15:36:43.951 +05:30 [INF] Closing Word document.

2023-04-15 15:36:43.973 +05:30 [INF] Author : Vishnuraj generating Summary Report...
2023-04-15 15:36:44.096 +05:30 [VRB] Template opened.
2023-04-15 15:36:44.559 +05:30 [VRB] Fetching data for binding contents...
2023-04-15 15:36:46.412 +05:30 [INF] Binding data in Word template...
2023-04-15 15:36:46.419 +05:30 [INF] Data binded in Content Control.
2023-04-15 15:36:47.845 +05:30 [DBG] Saving the document under directory D:\PRB.Services\PRB.Services\wwwroot\Report\Summary.docx...
2023-04-15 15:36:47.939 +05:30 [VRB] Exporting the document as PDF format...
2023-04-15 15:36:48.758 +05:30 [INF] Summary Report generated.
2023-04-15 15:36:48.758 +05:30 [INF] Closing Word document.

2023-04-15 15:36:48.785 +05:30 [INF] Author : Vishnuraj generating Disclaimer Report...
2023-04-15 15:36:48.881 +05:30 [VRB] Template opened.
2023-04-15 15:36:49.276 +05:30 [VRB] Fetching commentary from database...
2023-04-15 15:36:49.510 +05:30 [INF] Binding data in Word template...
2023-04-15 15:36:49.510 +05:30 [INF] Data binded in Content Control
2023-04-15 15:36:49.510 +05:30 [DBG] Saving the document under directory D:\PRB.Services\PRB.Services\wwwroot\Report\Disclaimer.docx...
2023-04-15 15:36:49.552 +05:30 [VRB] Exporting the document as PDF format...
2023-04-15 15:36:49.645 +05:30 [INF] Disclaimer Report generated.
2023-04-15 15:36:49.645 +05:30 [INF] Closing Word document.

2023-04-15 15:36:50.540 +05:30 [INF] Author : Vishnuraj Merging all docx...
2023-04-15 15:36:50.541 +05:30 [VRB] Fetching all DOCX file paths...
2023-04-15 15:36:50.652 +05:30 [INF] Merging all DOCX file ...
2023-04-15 15:36:50.732 +05:30 [DBG] Summary.docx is merged into Document.
2023-04-15 15:36:50.769 +05:30 [DBG] ABBOTINDIA.docx is merged into Document.
2023-04-15 15:36:50.839 +05:30 [DBG] ACN.docx is merged into Document.
2023-04-15 15:36:50.926 +05:30 [DBG] ADANITRANS.docx is merged into Document.
2023-04-15 15:36:51.028 +05:30 [DBG] HDFCBANK.docx is merged into Document.
2023-04-15 15:36:51.149 +05:30 [DBG] TATAMOTORS.docx is merged into Document.
2023-04-15 15:36:51.194 +05:30 [DBG] WIPRO.docx is merged into Document.
2023-04-15 15:36:51.299 +05:30 [INF] Merged document is Protected with password
2023-04-15 15:36:51.299 +05:30 [DBG] Saving the document under directory D:\PRB.Services\PRB.Services\wwwroot\Report\.docx...
2023-04-15 15:36:51.848 +05:30 [DBG] Exporting the document as PDF format...
2023-04-15 15:36:52.538 +05:30 [INF] Closing the Word Appliction
2023-04-15 15:36:52.539 +05:30 [INF] ---Automation Terminated---

2023-04-15 15:37:26.495 +05:30 [VRB] Fetching all PDF file name and Paths...
2023-04-15 15:37:27.130 +05:30 [VRB] Fetching all PDF file name and Paths...
2023-04-15 15:37:27.365 +05:30 [INF] ---Automation Started---
Initiating Word Application
2023-04-15 15:37:27.712 +05:30 [INF] Initiating Rule Engine Executor...
2023-04-15 15:37:27.713 +05:30 [VRB] Initiating Rule Engine...
2023-04-15 15:37:27.713 +05:30 [INF] RuleExecutor returned the values.

2023-04-15 15:37:27.713 +05:30 [INF] Author : Vishnuraj Fetching Disclaimer content...
2023-04-15 15:37:27.849 +05:30 [VRB] Fetching all PDF file name and Paths...
2023-04-15 15:37:27.885 +05:30 [VRB] Template opened.
2023-04-15 15:37:28.540 +05:30 [INF] Initiating Rule Engine Executor...
2023-04-15 15:37:28.541 +05:30 [VRB] Initiating Rule Engine...
2023-04-15 15:37:28.541 +05:30 [INF] RuleExecutor returned the values.

2023-04-15 15:37:28.556 +05:30 [INF] fetch from Word template...
2023-04-15 15:37:28.799 +05:30 [VRB] Fetching all Reports from Database.
2023-04-15 15:37:28.799 +05:30 [INF] Initiating Rule Engine Executor...
2023-04-15 15:37:28.800 +05:30 [VRB] Initiating Rule Engine...
2023-04-15 15:37:28.802 +05:30 [INF] RuleExecutor returned the values.

2023-04-15 15:37:29.276 +05:30 [INF] Reports Fetched.

2023-04-15 15:37:31.290 +05:30 [VRB] Fetching all Reports from Database.
2023-04-15 15:37:31.290 +05:30 [INF] Initiating Rule Engine Executor...
2023-04-15 15:37:31.292 +05:30 [VRB] Initiating Rule Engine...
2023-04-15 15:37:31.293 +05:30 [INF] RuleExecutor returned the values.

2023-04-15 15:37:31.763 +05:30 [INF] Reports Fetched.

2023-04-15 15:37:33.273 +05:30 [VRB] Fetching report status.
2023-04-15 15:37:33.274 +05:30 [VRB] Fetching report status.
2023-04-15 15:37:33.275 +05:30 [VRB] Fetching all TICKERS from Database for Feb 2023.
2023-04-15 15:37:33.519 +05:30 [INF] Report statusC .

2023-04-15 15:37:33.751 +05:30 [INF] Fetched all TICKERS from Database for Feb 2023.

2023-04-15 15:37:34.449 +05:30 [INF] Report statusC .

2023-04-15 15:37:34.454 +05:30 [VRB] Fetching all PDF file name and Paths...
2023-04-15 15:37:36.992 +05:30 [VRB] Fetching all TICKERS from Database for Mar 2023.
2023-04-15 15:37:36.992 +05:30 [VRB] Fetching report status.
2023-04-15 15:37:36.993 +05:30 [VRB] Fetching report status.
2023-04-15 15:37:37.236 +05:30 [INF] Fetched all TICKERS from Database for Mar 2023.

2023-04-15 15:37:37.243 +05:30 [WRN]  value is null here.
2023-04-15 15:37:38.167 +05:30 [WRN]  value is null here.
2023-04-15 15:37:38.407 +05:30 [INF] ---Automation Started---
Initiating Word Application
2023-04-15 15:37:38.733 +05:30 [INF] Initiating Rule Engine Executor...
2023-04-15 15:37:38.734 +05:30 [VRB] Initiating Rule Engine...
2023-04-15 15:37:38.734 +05:30 [INF] RuleExecutor returned the values.

2023-04-15 15:37:38.734 +05:30 [INF] Author : Vishnuraj generating Detailed Report...
2023-04-15 15:37:38.947 +05:30 [VRB] Template opened.
2023-04-15 15:37:39.286 +05:30 [VRB] Fetching all TICKERS from Database for Mar 2023.
2023-04-15 15:37:39.517 +05:30 [INF] Fetched all TICKERS from Database for Mar 2023.

2023-04-15 15:37:41.058 +05:30 [INF] Binding the data in Word template...
2023-04-15 15:37:41.124 +05:30 [INF] Data binded in Content Control.
2023-04-15 15:37:42.164 +05:30 [DBG] Saving the document under directory D:\PRB.Services\PRB.Services\wwwroot\Report\ABBOTINDIA.docx...
2023-04-15 15:37:42.252 +05:30 [VRB] Exporting the document as PDF format...
2023-04-15 15:37:44.481 +05:30 [INF] Binding the data in Word template...
2023-04-15 15:37:44.530 +05:30 [INF] Data binded in Content Control.
2023-04-15 15:37:45.803 +05:30 [DBG] Saving the document under directory D:\PRB.Services\PRB.Services\wwwroot\Report\ACN.docx...
2023-04-15 15:37:45.878 +05:30 [VRB] Exporting the document as PDF format...
2023-04-15 15:37:47.908 +05:30 [INF] Binding the data in Word template...
2023-04-15 15:37:47.954 +05:30 [INF] Data binded in Content Control.
2023-04-15 15:37:49.295 +05:30 [DBG] Saving the document under directory D:\PRB.Services\PRB.Services\wwwroot\Report\ADANITRANS.docx...
2023-04-15 15:37:49.374 +05:30 [VRB] Exporting the document as PDF format...
2023-04-15 15:37:51.403 +05:30 [INF] Binding the data in Word template...
2023-04-15 15:37:51.454 +05:30 [INF] Data binded in Content Control.
2023-04-15 15:37:52.735 +05:30 [DBG] Saving the document under directory D:\PRB.Services\PRB.Services\wwwroot\Report\HDFCBANK.docx...
2023-04-15 15:37:52.815 +05:30 [VRB] Exporting the document as PDF format...
2023-04-15 15:37:54.867 +05:30 [INF] Binding the data in Word template...
2023-04-15 15:37:54.921 +05:30 [INF] Data binded in Content Control.
2023-04-15 15:37:56.237 +05:30 [DBG] Saving the document under directory D:\PRB.Services\PRB.Services\wwwroot\Report\TATAMOTORS.docx...
2023-04-15 15:37:56.325 +05:30 [VRB] Exporting the document as PDF format...
2023-04-15 15:37:58.417 +05:30 [INF] Binding the data in Word template...
2023-04-15 15:37:58.468 +05:30 [INF] Data binded in Content Control.
2023-04-15 15:37:59.858 +05:30 [DBG] Saving the document under directory D:\PRB.Services\PRB.Services\wwwroot\Report\WIPRO.docx...
2023-04-15 15:37:59.941 +05:30 [VRB] Exporting the document as PDF format...
2023-04-15 15:38:00.772 +05:30 [INF] Detailed Report generated.
2023-04-15 15:38:00.772 +05:30 [INF] Closing Word document.

2023-04-15 15:38:00.794 +05:30 [INF] Author : Vishnuraj generating Summary Report...
2023-04-15 15:38:00.914 +05:30 [VRB] Template opened.
2023-04-15 15:38:01.364 +05:30 [VRB] Fetching data for binding contents...
2023-04-15 15:38:03.102 +05:30 [INF] Binding data in Word template...
2023-04-15 15:38:03.108 +05:30 [INF] Data binded in Content Control.
2023-04-15 15:38:04.500 +05:30 [DBG] Saving the document under directory D:\PRB.Services\PRB.Services\wwwroot\Report\Summary.docx...
2023-04-15 15:38:04.579 +05:30 [VRB] Exporting the document as PDF format...
2023-04-15 15:38:05.400 +05:30 [INF] Summary Report generated.
2023-04-15 15:38:05.400 +05:30 [INF] Closing Word document.

2023-04-15 15:38:05.416 +05:30 [INF] Author : Vishnuraj generating Disclaimer Report...
2023-04-15 15:38:05.503 +05:30 [VRB] Template opened.
2023-04-15 15:38:05.904 +05:30 [VRB] Fetching commentary from database...
2023-04-15 15:38:06.146 +05:30 [INF] Binding data in Word template...
2023-04-15 15:38:06.146 +05:30 [INF] Data binded in Content Control
2023-04-15 15:38:06.146 +05:30 [DBG] Saving the document under directory D:\PRB.Services\PRB.Services\wwwroot\Report\Disclaimer.docx...
2023-04-15 15:38:06.198 +05:30 [VRB] Exporting the document as PDF format...
2023-04-15 15:38:06.288 +05:30 [INF] Disclaimer Report generated.
2023-04-15 15:38:06.288 +05:30 [INF] Closing Word document.

2023-04-15 15:38:07.127 +05:30 [ERR] Something went wrong while encryption. !
2023-04-15 15:39:16.430 +05:30 [INF] Application Running...
2023-04-15 15:39:45.046 +05:30 [INF] Initiating Rule Engine Executor...
2023-04-15 15:39:45.061 +05:30 [VRB] Fetching all Reports from Database.
2023-04-15 15:39:45.136 +05:30 [VRB] Initiating Rule Engine...
2023-04-15 15:39:45.302 +05:30 [INF] RuleExecutor returned the values.

2023-04-15 15:39:48.195 +05:30 [INF] Reports Fetched.

2023-04-15 15:39:58.781 +05:30 [VRB] Fetching report status.
2023-04-15 15:39:58.781 +05:30 [VRB] Fetching report status.
2023-04-15 15:39:58.781 +05:30 [VRB] Fetching all TICKERS from Database for Mar 2023.
2023-04-15 15:39:59.026 +05:30 [WRN]  value is null here.
2023-04-15 15:39:59.261 +05:30 [WRN]  value is null here.
2023-04-15 15:39:59.496 +05:30 [INF] Fetched all TICKERS from Database for Mar 2023.

2023-04-15 15:39:59.728 +05:30 [INF] ---Automation Started---
Initiating Word Application
2023-04-15 15:40:00.062 +05:30 [INF] Initiating Rule Engine Executor...
2023-04-15 15:40:00.062 +05:30 [VRB] Initiating Rule Engine...
2023-04-15 15:40:00.069 +05:30 [INF] RuleExecutor returned the values.

2023-04-15 15:40:00.070 +05:30 [INF] Author : Vishnuraj generating Detailed Report...
2023-04-15 15:40:00.280 +05:30 [VRB] Template opened.
2023-04-15 15:40:00.633 +05:30 [VRB] Fetching all TICKERS from Database for Mar 2023.
2023-04-15 15:40:00.867 +05:30 [INF] Fetched all TICKERS from Database for Mar 2023.

2023-04-15 15:40:02.473 +05:30 [INF] Binding the data in Word template...
2023-04-15 15:40:02.542 +05:30 [INF] Data binded in Content Control.
2023-04-15 15:40:03.663 +05:30 [DBG] Saving the document under directory D:\PRB.Services\PRB.Services\wwwroot\Report\ABBOTINDIA.docx...
2023-04-15 15:40:03.744 +05:30 [VRB] Exporting the document as PDF format...
2023-04-15 15:40:05.828 +05:30 [INF] Binding the data in Word template...
2023-04-15 15:40:05.875 +05:30 [INF] Data binded in Content Control.
2023-04-15 15:40:07.321 +05:30 [DBG] Saving the document under directory D:\PRB.Services\PRB.Services\wwwroot\Report\ACN.docx...
2023-04-15 15:40:07.400 +05:30 [VRB] Exporting the document as PDF format...
2023-04-15 15:40:09.591 +05:30 [INF] Binding the data in Word template...
2023-04-15 15:40:09.639 +05:30 [INF] Data binded in Content Control.
2023-04-15 15:40:10.967 +05:30 [DBG] Saving the document under directory D:\PRB.Services\PRB.Services\wwwroot\Report\ADANITRANS.docx...
2023-04-15 15:40:11.049 +05:30 [VRB] Exporting the document as PDF format...
2023-04-15 15:40:13.255 +05:30 [INF] Binding the data in Word template...
2023-04-15 15:40:13.309 +05:30 [INF] Data binded in Content Control.
2023-04-15 15:40:14.690 +05:30 [DBG] Saving the document under directory D:\PRB.Services\PRB.Services\wwwroot\Report\HDFCBANK.docx...
2023-04-15 15:40:14.768 +05:30 [VRB] Exporting the document as PDF format...
2023-04-15 15:40:16.867 +05:30 [INF] Binding the data in Word template...
2023-04-15 15:40:16.926 +05:30 [INF] Data binded in Content Control.
2023-04-15 15:40:18.251 +05:30 [DBG] Saving the document under directory D:\PRB.Services\PRB.Services\wwwroot\Report\TATAMOTORS.docx...
2023-04-15 15:40:18.335 +05:30 [VRB] Exporting the document as PDF format...
2023-04-15 15:40:20.435 +05:30 [INF] Binding the data in Word template...
2023-04-15 15:40:20.492 +05:30 [INF] Data binded in Content Control.
2023-04-15 15:40:21.832 +05:30 [DBG] Saving the document under directory D:\PRB.Services\PRB.Services\wwwroot\Report\WIPRO.docx...
2023-04-15 15:40:21.923 +05:30 [VRB] Exporting the document as PDF format...
2023-04-15 15:40:22.735 +05:30 [INF] Detailed Report generated.
2023-04-15 15:40:22.735 +05:30 [INF] Closing Word document.

2023-04-15 15:40:22.759 +05:30 [INF] Author : Vishnuraj generating Summary Report...
2023-04-15 15:40:22.870 +05:30 [VRB] Template opened.
2023-04-15 15:40:23.336 +05:30 [VRB] Fetching data for binding contents...
2023-04-15 15:40:25.140 +05:30 [INF] Binding data in Word template...
2023-04-15 15:40:25.152 +05:30 [INF] Data binded in Content Control.
2023-04-15 15:40:26.655 +05:30 [DBG] Saving the document under directory D:\PRB.Services\PRB.Services\wwwroot\Report\Summary.docx...
2023-04-15 15:40:26.745 +05:30 [VRB] Exporting the document as PDF format...
2023-04-15 15:40:27.584 +05:30 [INF] Summary Report generated.
2023-04-15 15:40:27.584 +05:30 [INF] Closing Word document.

2023-04-15 15:40:27.603 +05:30 [INF] Author : Vishnuraj generating Disclaimer Report...
2023-04-15 15:40:27.685 +05:30 [VRB] Template opened.
2023-04-15 15:40:28.050 +05:30 [VRB] Fetching commentary from database...
2023-04-15 15:40:28.283 +05:30 [INF] Binding data in Word template...
2023-04-15 15:40:28.283 +05:30 [INF] Data binded in Content Control
2023-04-15 15:40:28.283 +05:30 [DBG] Saving the document under directory D:\PRB.Services\PRB.Services\wwwroot\Report\Disclaimer.docx...
2023-04-15 15:40:28.329 +05:30 [VRB] Exporting the document as PDF format...
2023-04-15 15:40:28.426 +05:30 [INF] Disclaimer Report generated.
2023-04-15 15:40:28.427 +05:30 [INF] Closing Word document.

2023-04-15 15:40:29.303 +05:30 [INF] Author : Vishnuraj Merging all docx...
2023-04-15 15:40:29.304 +05:30 [VRB] Fetching all DOCX file paths...
2023-04-15 15:40:29.426 +05:30 [INF] Merging all DOCX file ...
2023-04-15 15:40:29.510 +05:30 [DBG] Summary.docx is merged into Document.
2023-04-15 15:40:29.550 +05:30 [DBG] ABBOTINDIA.docx is merged into Document.
2023-04-15 15:40:29.621 +05:30 [DBG] ACN.docx is merged into Document.
2023-04-15 15:40:29.709 +05:30 [DBG] ADANITRANS.docx is merged into Document.
2023-04-15 15:40:29.809 +05:30 [DBG] HDFCBANK.docx is merged into Document.
2023-04-15 15:40:29.923 +05:30 [DBG] TATAMOTORS.docx is merged into Document.
2023-04-15 15:40:29.964 +05:30 [DBG] WIPRO.docx is merged into Document.
2023-04-15 15:40:30.069 +05:30 [INF] Merged document is Protected with password
2023-04-15 15:40:30.069 +05:30 [DBG] Saving the document under directory D:\PRB.Services\PRB.Services\wwwroot\Report\.docx...
2023-04-15 15:40:30.642 +05:30 [DBG] Exporting the document as PDF format...
2023-04-15 15:40:31.312 +05:30 [INF] Closing the Word Appliction
2023-04-15 15:40:31.316 +05:30 [INF] ---Automation Terminated---

2023-04-15 15:40:51.438 +05:30 [VRB] Fetching all PDF file name and Paths...
2023-04-15 15:40:52.218 +05:30 [VRB] Fetching all PDF file name and Paths...
2023-04-15 15:40:52.454 +05:30 [INF] ---Automation Started---
Initiating Word Application
2023-04-15 15:40:52.781 +05:30 [INF] Initiating Rule Engine Executor...
2023-04-15 15:40:52.781 +05:30 [VRB] Initiating Rule Engine...
2023-04-15 15:40:52.782 +05:30 [INF] RuleExecutor returned the values.

2023-04-15 15:40:52.782 +05:30 [INF] Author : Vishnuraj Fetching Disclaimer content...
2023-04-15 15:40:52.960 +05:30 [VRB] Template opened.
2023-04-15 15:40:53.198 +05:30 [VRB] Fetching all PDF file name and Paths...
2023-04-15 15:40:53.636 +05:30 [INF] fetch from Word template...
2023-04-15 15:41:05.152 +05:30 [INF] Initiating Rule Engine Executor...
2023-04-15 15:41:05.152 +05:30 [VRB] Initiating Rule Engine...
2023-04-15 15:41:05.153 +05:30 [INF] RuleExecutor returned the values.

2023-04-15 15:41:05.181 +05:30 [INF] Updating Report status...
2023-04-15 15:41:05.391 +05:30 [INF] Initiating Rule Engine Executor...
2023-04-15 15:41:05.391 +05:30 [VRB] Fetching all Reports from Database.
2023-04-15 15:41:05.391 +05:30 [VRB] Initiating Rule Engine...
2023-04-15 15:41:05.394 +05:30 [INF] RuleExecutor returned the values.

2023-04-15 15:41:05.859 +05:30 [INF] Reports Fetched.

2023-04-15 15:41:06.669 +05:30 [INF] Report updated into Database.

2023-04-15 15:41:22.603 +05:30 [INF] Initiating Rule Engine Executor...
2023-04-15 15:41:22.604 +05:30 [VRB] Initiating Rule Engine...
2023-04-15 15:41:22.604 +05:30 [INF] RuleExecutor returned the values.

2023-04-15 15:41:22.604 +05:30 [VRB] Fetching all Reports from Database.
2023-04-15 15:41:23.076 +05:30 [INF] Reports Fetched.

2023-04-15 15:41:24.385 +05:30 [VRB] Fetching report status.
2023-04-15 15:41:24.385 +05:30 [VRB] Fetching all TICKERS from Database for Mar 2023.
2023-04-15 15:41:24.385 +05:30 [VRB] Fetching report status.
2023-04-15 15:41:24.620 +05:30 [INF] Report statusR1.

2023-04-15 15:41:24.624 +05:30 [VRB] Fetching all PDF file name and Paths...
2023-04-15 15:41:24.852 +05:30 [INF] Report statusR1.

2023-04-15 15:41:25.542 +05:30 [INF] Fetched all TICKERS from Database for Mar 2023.

2023-04-15 15:41:57.671 +05:30 [VRB] Fetching all Reports from Database.
2023-04-15 15:41:57.671 +05:30 [INF] Initiating Rule Engine Executor...
2023-04-15 15:41:57.672 +05:30 [VRB] Initiating Rule Engine...
2023-04-15 15:41:57.674 +05:30 [INF] RuleExecutor returned the values.

2023-04-15 15:41:58.145 +05:30 [INF] Reports Fetched.

2023-04-15 15:42:12.532 +05:30 [VRB] Fetching all TICKERS from Database for Mar 2023.
2023-04-15 15:42:12.532 +05:30 [VRB] Fetching report status.
2023-04-15 15:42:12.532 +05:30 [VRB] Fetching report status.
2023-04-15 15:42:12.769 +05:30 [INF] Fetched all TICKERS from Database for Mar 2023.

2023-04-15 15:42:12.772 +05:30 [WRN]  value is null here.
2023-04-15 15:42:13.700 +05:30 [WRN]  value is null here.
2023-04-15 15:42:13.945 +05:30 [INF] ---Automation Started---
Initiating Word Application
2023-04-15 15:42:14.256 +05:30 [INF] Initiating Rule Engine Executor...
2023-04-15 15:42:14.256 +05:30 [VRB] Initiating Rule Engine...
2023-04-15 15:42:14.256 +05:30 [INF] RuleExecutor returned the values.

2023-04-15 15:42:14.256 +05:30 [INF] Author : Vishnuraj generating Detailed Report...
2023-04-15 15:42:14.489 +05:30 [VRB] Template opened.
2023-04-15 15:42:14.832 +05:30 [VRB] Fetching all TICKERS from Database for Mar 2023.
2023-04-15 15:42:15.064 +05:30 [INF] Fetched all TICKERS from Database for Mar 2023.

2023-04-15 15:42:16.608 +05:30 [INF] Binding the data in Word template...
2023-04-15 15:42:16.674 +05:30 [INF] Data binded in Content Control.
2023-04-15 15:42:17.692 +05:30 [DBG] Saving the document under directory D:\PRB.Services\PRB.Services\wwwroot\Report\ABBOTINDIA.docx...
2023-04-15 15:42:17.780 +05:30 [VRB] Exporting the document as PDF format...
2023-04-15 15:42:19.959 +05:30 [INF] Binding the data in Word template...
2023-04-15 15:42:20.021 +05:30 [INF] Data binded in Content Control.
2023-04-15 15:42:21.319 +05:30 [DBG] Saving the document under directory D:\PRB.Services\PRB.Services\wwwroot\Report\ACN.docx...
2023-04-15 15:42:21.397 +05:30 [VRB] Exporting the document as PDF format...
2023-04-15 15:42:23.589 +05:30 [INF] Binding the data in Word template...
2023-04-15 15:42:23.637 +05:30 [INF] Data binded in Content Control.
2023-04-15 15:42:24.976 +05:30 [DBG] Saving the document under directory D:\PRB.Services\PRB.Services\wwwroot\Report\ADANITRANS.docx...
2023-04-15 15:42:25.058 +05:30 [VRB] Exporting the document as PDF format...
2023-04-15 15:42:27.240 +05:30 [INF] Binding the data in Word template...
2023-04-15 15:42:27.291 +05:30 [INF] Data binded in Content Control.
2023-04-15 15:42:28.682 +05:30 [DBG] Saving the document under directory D:\PRB.Services\PRB.Services\wwwroot\Report\HDFCBANK.docx...
2023-04-15 15:42:28.762 +05:30 [VRB] Exporting the document as PDF format...
2023-04-15 15:42:30.921 +05:30 [INF] Binding the data in Word template...
2023-04-15 15:42:30.979 +05:30 [INF] Data binded in Content Control.
2023-04-15 15:42:32.304 +05:30 [DBG] Saving the document under directory D:\PRB.Services\PRB.Services\wwwroot\Report\TATAMOTORS.docx...
2023-04-15 15:42:32.383 +05:30 [VRB] Exporting the document as PDF format...
2023-04-15 15:42:34.449 +05:30 [INF] Binding the data in Word template...
2023-04-15 15:42:34.507 +05:30 [INF] Data binded in Content Control.
2023-04-15 15:42:35.862 +05:30 [DBG] Saving the document under directory D:\PRB.Services\PRB.Services\wwwroot\Report\WIPRO.docx...
2023-04-15 15:42:35.942 +05:30 [VRB] Exporting the document as PDF format...
2023-04-15 15:42:36.771 +05:30 [INF] Detailed Report generated.
2023-04-15 15:42:36.771 +05:30 [INF] Closing Word document.

2023-04-15 15:42:36.794 +05:30 [INF] Author : Vishnuraj generating Summary Report...
2023-04-15 15:42:36.895 +05:30 [VRB] Template opened.
2023-04-15 15:42:37.343 +05:30 [VRB] Fetching data for binding contents...
2023-04-15 15:42:39.154 +05:30 [INF] Binding data in Word template...
2023-04-15 15:42:39.162 +05:30 [INF] Data binded in Content Control.
2023-04-15 15:42:40.516 +05:30 [DBG] Saving the document under directory D:\PRB.Services\PRB.Services\wwwroot\Report\Summary.docx...
2023-04-15 15:42:40.600 +05:30 [VRB] Exporting the document as PDF format...
2023-04-15 15:42:41.457 +05:30 [INF] Summary Report generated.
2023-04-15 15:42:41.457 +05:30 [INF] Closing Word document.

2023-04-15 15:42:41.478 +05:30 [INF] Author : Vishnuraj generating Disclaimer Report...
2023-04-15 15:42:41.562 +05:30 [VRB] Template opened.
2023-04-15 15:42:41.947 +05:30 [VRB] Fetching commentary from database...
2023-04-15 15:42:42.180 +05:30 [INF] Binding data in Word template...
2023-04-15 15:42:42.180 +05:30 [INF] Data binded in Content Control
2023-04-15 15:42:42.180 +05:30 [DBG] Saving the document under directory D:\PRB.Services\PRB.Services\wwwroot\Report\Disclaimer.docx...
2023-04-15 15:42:42.227 +05:30 [VRB] Exporting the document as PDF format...
2023-04-15 15:42:42.324 +05:30 [INF] Disclaimer Report generated.
2023-04-15 15:42:42.324 +05:30 [INF] Closing Word document.

2023-04-15 15:42:43.034 +05:30 [INF] Author : Vishnuraj Merging all docx...
2023-04-15 15:42:43.034 +05:30 [VRB] Fetching all DOCX file paths...
2023-04-15 15:42:43.141 +05:30 [INF] Merging all DOCX file ...
2023-04-15 15:42:43.217 +05:30 [DBG] Summary.docx is merged into Document.
2023-04-15 15:42:43.253 +05:30 [DBG] ABBOTINDIA.docx is merged into Document.
2023-04-15 15:42:43.341 +05:30 [DBG] ACN.docx is merged into Document.
2023-04-15 15:42:43.422 +05:30 [DBG] ADANITRANS.docx is merged into Document.
2023-04-15 15:42:43.516 +05:30 [DBG] HDFCBANK.docx is merged into Document.
2023-04-15 15:42:43.616 +05:30 [DBG] TATAMOTORS.docx is merged into Document.
2023-04-15 15:42:43.732 +05:30 [DBG] WIPRO.docx is merged into Document.
2023-04-15 15:42:43.833 +05:30 [INF] Merged document is Protected with password
2023-04-15 15:42:43.833 +05:30 [DBG] Saving the document under directory D:\PRB.Services\PRB.Services\wwwroot\Report\.docx...
2023-04-15 15:42:44.410 +05:30 [DBG] Exporting the document as PDF format...
2023-04-15 15:42:45.083 +05:30 [INF] Closing the Word Appliction
2023-04-15 15:42:45.084 +05:30 [INF] ---Automation Terminated---

2023-04-15 15:43:58.209 +05:30 [VRB] Fetching all PDF file name and Paths...
2023-04-15 15:43:59.101 +05:30 [VRB] Fetching all PDF file name and Paths...
2023-04-15 15:43:59.335 +05:30 [INF] ---Automation Started---
Initiating Word Application
2023-04-15 15:43:59.662 +05:30 [INF] Initiating Rule Engine Executor...
2023-04-15 15:43:59.662 +05:30 [VRB] Initiating Rule Engine...
2023-04-15 15:43:59.662 +05:30 [INF] RuleExecutor returned the values.

2023-04-15 15:43:59.662 +05:30 [INF] Author : Vishnuraj Fetching Disclaimer content...
2023-04-15 15:43:59.829 +05:30 [VRB] Template opened.
2023-04-15 15:44:00.084 +05:30 [VRB] Fetching all PDF file name and Paths...
2023-04-15 15:44:00.501 +05:30 [INF] fetch from Word template...
2023-04-15 15:44:04.236 +05:30 [INF] Initiating Rule Engine Executor...
2023-04-15 15:44:04.236 +05:30 [VRB] Initiating Rule Engine...
2023-04-15 15:44:04.237 +05:30 [INF] RuleExecutor returned the values.

2023-04-15 15:44:04.245 +05:30 [INF] Updating Report status...
2023-04-15 15:44:04.620 +05:30 [VRB] Fetching all Reports from Database.
2023-04-15 15:44:04.620 +05:30 [INF] Initiating Rule Engine Executor...
2023-04-15 15:44:04.621 +05:30 [VRB] Initiating Rule Engine...
2023-04-15 15:44:04.624 +05:30 [INF] RuleExecutor returned the values.

2023-04-15 15:44:05.409 +05:30 [INF] Reports Fetched.

2023-04-15 15:44:05.641 +05:30 [INF] Report updated into Database.

2023-04-15 15:44:18.666 +05:30 [INF] Initiating Rule Engine Executor...
2023-04-15 15:44:18.666 +05:30 [VRB] Fetching all Reports from Database.
2023-04-15 15:44:18.667 +05:30 [VRB] Initiating Rule Engine...
2023-04-15 15:44:18.671 +05:30 [INF] RuleExecutor returned the values.

2023-04-15 15:44:19.144 +05:30 [INF] Reports Fetched.

2023-04-15 15:44:20.761 +05:30 [VRB] Fetching all TICKERS from Database for Mar 2023.
2023-04-15 15:44:20.761 +05:30 [VRB] Fetching report status.
2023-04-15 15:44:20.761 +05:30 [VRB] Fetching report status.
2023-04-15 15:44:20.996 +05:30 [INF] Report statusR1.

2023-04-15 15:44:20.997 +05:30 [INF] Report statusR1.

2023-04-15 15:44:20.998 +05:30 [INF] Fetched all TICKERS from Database for Mar 2023.

2023-04-15 15:44:21.001 +05:30 [VRB] Fetching all PDF file name and Paths...
2023-04-15 15:49:54.576 +05:30 [VRB] Fetching all Reports from Database.
2023-04-15 15:49:54.576 +05:30 [INF] Initiating Rule Engine Executor...
2023-04-15 15:49:54.577 +05:30 [VRB] Initiating Rule Engine...
2023-04-15 15:49:54.580 +05:30 [INF] RuleExecutor returned the values.

2023-04-15 15:49:55.970 +05:30 [INF] Reports Fetched.

2023-04-15 15:58:59.926 +05:30 [VRB] Fetching Username and Role Code... 
2023-04-15 15:59:01.101 +05:30 [INF] raj@gmail.com logging in.

2023-04-15 15:59:01.121 +05:30 [VRB] Fetching all Reports from Database.
2023-04-15 15:59:01.121 +05:30 [INF] Initiating Rule Engine Executor...
2023-04-15 15:59:01.122 +05:30 [VRB] Initiating Rule Engine...
2023-04-15 15:59:01.123 +05:30 [INF] RuleExecutor returned the values.

2023-04-15 15:59:01.644 +05:30 [INF] Reports Fetched.

2023-04-15 15:59:59.749 +05:30 [INF] Initiating Rule Engine Executor...
2023-04-15 15:59:59.750 +05:30 [VRB] Initiating Rule Engine...
2023-04-15 15:59:59.750 +05:30 [VRB] Fetching all Reports from Database.
2023-04-15 15:59:59.750 +05:30 [INF] RuleExecutor returned the values.

2023-04-15 16:00:00.220 +05:30 [INF] Reports Fetched.

2023-04-15 16:00:17.567 +05:30 [VRB] Fetching all Reports from Database.
2023-04-15 16:00:17.567 +05:30 [INF] Initiating Rule Engine Executor...
2023-04-15 16:00:17.568 +05:30 [VRB] Initiating Rule Engine...
2023-04-15 16:00:17.570 +05:30 [INF] RuleExecutor returned the values.

2023-04-15 16:00:18.035 +05:30 [INF] Reports Fetched.

2023-04-15 16:03:22.473 +05:30 [VRB] Fetching all Reports from Database.
2023-04-15 16:03:22.473 +05:30 [INF] Initiating Rule Engine Executor...
2023-04-15 16:03:22.474 +05:30 [VRB] Initiating Rule Engine...
2023-04-15 16:03:22.476 +05:30 [INF] RuleExecutor returned the values.

2023-04-15 16:03:22.940 +05:30 [INF] Reports Fetched.

2023-04-15 16:03:47.931 +05:30 [INF] Application Running...
2023-04-15 16:06:12.420 +05:30 [INF] Initiating Rule Engine Executor...
2023-04-15 16:06:12.435 +05:30 [VRB] Fetching all Reports from Database.
2023-04-15 16:06:12.511 +05:30 [VRB] Initiating Rule Engine...
2023-04-15 16:06:12.680 +05:30 [INF] RuleExecutor returned the values.

2023-04-15 16:06:15.652 +05:30 [INF] Reports Fetched.

2023-04-15 16:07:45.946 +05:30 [VRB] Fetching all Reports from Database.
2023-04-15 16:07:45.946 +05:30 [INF] Initiating Rule Engine Executor...
2023-04-15 16:07:45.947 +05:30 [VRB] Initiating Rule Engine...
2023-04-15 16:07:45.957 +05:30 [INF] RuleExecutor returned the values.

2023-04-15 16:07:46.455 +05:30 [INF] Reports Fetched.

2023-04-15 16:07:55.686 +05:30 [VRB] Fetching report status.
2023-04-15 16:07:55.686 +05:30 [VRB] Fetching report status.
2023-04-15 16:07:55.687 +05:30 [VRB] Fetching all TICKERS from Database for Mar 2023.
2023-04-15 16:07:55.970 +05:30 [INF] Report statusR1.

2023-04-15 16:07:55.984 +05:30 [VRB] Fetching all PDF file name and Paths...
2023-04-15 16:07:56.216 +05:30 [INF] Fetched all TICKERS from Database for Mar 2023.

2023-04-15 16:07:56.452 +05:30 [INF] Report statusR1.

2023-04-15 16:09:12.662 +05:30 [VRB] Fetching all TICKERS from Database for Jan 2023.
2023-04-15 16:09:12.662 +05:30 [VRB] Fetching report status.
2023-04-15 16:09:12.667 +05:30 [VRB] Fetching report status.
2023-04-15 16:09:12.900 +05:30 [INF] Report statusC .

2023-04-15 16:09:12.901 +05:30 [INF] Fetched all TICKERS from Database for Jan 2023.

2023-04-15 16:09:13.132 +05:30 [INF] Report statusC .

2023-04-15 16:09:13.137 +05:30 [VRB] Fetching all PDF file name and Paths...
