2023-05-04 11:57:56.976 +05:30 [INF] Application Running...
2023-05-04 13:09:38.414 +05:30 [INF] Application Running...
2023-05-04 13:09:56.019 +05:30 [INF] ---Automation Started---
Initiating Word Application
2023-05-04 13:09:58.793 +05:30 [INF] Initiating Rule Engine Executor...
2023-05-04 13:09:58.941 +05:30 [VRB] Initiating Rule Engine...
2023-05-04 13:09:59.163 +05:30 [INF] RuleExecutor returned the values.

2023-05-04 13:09:59.507 +05:30 [INF] Author : Vishnuraj generating Summary Report...
2023-05-04 13:10:00.411 +05:30 [VRB] Template opened.
2023-05-04 13:10:01.188 +05:30 [VRB] Fetching data for binding contents...
2023-05-04 13:10:03.760 +05:30 [INF] Binding data in Word template...
2023-05-04 13:10:03.874 +05:30 [INF] Data binded in Content Control.
2023-05-04 13:10:19.335 +05:30 [DBG] Saving the document under directory D:\PRB.Services\PRB.Services\wwwroot\Report\Summary.docx...
2023-05-04 13:10:20.987 +05:30 [VRB] Exporting the document as PDF format...
2023-05-04 13:10:23.427 +05:30 [ERR] Something went wrong !
2023-05-04 13:10:23.428 +05:30 [VRB] Closing Word document.
2023-05-04 13:10:23.456 +05:30 [INF] Closing the Word Application
2023-05-04 13:10:52.783 +05:30 [INF] Application Running...
2023-05-04 13:11:28.804 +05:30 [INF] Application Running...
2023-05-04 13:11:37.050 +05:30 [INF] ---Automation Started---
Initiating Word Application
2023-05-04 13:11:37.636 +05:30 [INF] Initiating Rule Engine Executor...
2023-05-04 13:11:37.750 +05:30 [VRB] Initiating Rule Engine...
2023-05-04 13:11:37.999 +05:30 [INF] RuleExecutor returned the values.

2023-05-04 13:11:38.308 +05:30 [INF] Author : Vishnuraj generating Summary Report...
2023-05-04 13:11:38.939 +05:30 [VRB] Template opened.
2023-05-04 13:11:39.640 +05:30 [VRB] Fetching data for binding contents...
2023-05-04 13:11:41.691 +05:30 [INF] Binding data in Word template...
2023-05-04 13:11:41.815 +05:30 [INF] Data binded in Content Control.
2023-05-04 13:11:51.286 +05:30 [DBG] Saving the document under directory D:\PRB.Services\PRB.Services\wwwroot\Report\Summary.docx...
2023-05-04 13:11:53.258 +05:30 [VRB] Exporting the document as PDF format...
2023-05-04 13:12:19.365 +05:30 [ERR] Something went wrong !
2023-05-04 13:12:19.367 +05:30 [VRB] Closing Word document.
2023-05-04 13:12:19.407 +05:30 [INF] Closing the Word Application
2023-05-04 13:12:24.034 +05:30 [INF] Closing Word document.

2023-05-04 13:14:44.352 +05:30 [INF] Application Running...
2023-05-04 13:14:53.033 +05:30 [INF] ---Automation Started---
Initiating Word Application
2023-05-04 13:14:53.543 +05:30 [INF] Initiating Rule Engine Executor...
2023-05-04 13:14:53.689 +05:30 [VRB] Initiating Rule Engine...
2023-05-04 13:14:53.849 +05:30 [INF] RuleExecutor returned the values.

2023-05-04 13:14:54.167 +05:30 [INF] Author : Vishnuraj generating Summary Report...
2023-05-04 13:14:54.691 +05:30 [VRB] Template opened.
2023-05-04 13:14:55.368 +05:30 [VRB] Fetching data for binding contents...
2023-05-04 13:14:57.348 +05:30 [INF] Binding data in Word template...
2023-05-04 13:14:57.466 +05:30 [INF] Data binded in Content Control.
2023-05-04 15:15:18.129 +05:30 [INF] Application Running...
2023-05-04 15:15:35.625 +05:30 [INF] ---Automation Started---
Initiating Word Application
2023-05-04 15:15:36.511 +05:30 [INF] Initiating Rule Engine Executor...
2023-05-04 15:15:36.618 +05:30 [VRB] Initiating Rule Engine...
2023-05-04 15:15:36.790 +05:30 [INF] RuleExecutor returned the values.

2023-05-04 15:15:37.098 +05:30 [INF] Author : Vishnuraj generating Summary Report...
2023-05-04 15:15:37.761 +05:30 [VRB] Template opened.
2023-05-04 15:15:38.589 +05:30 [VRB] Fetching data for binding contents...
2023-05-04 15:15:40.791 +05:30 [INF] Binding data in Word template...
2023-05-04 15:15:40.909 +05:30 [INF] Data binded in Content Control.
2023-05-04 15:15:42.484 +05:30 [DBG] Saving the document under directory D:\PRB.Services\PRB.Services\wwwroot\Report\Summary.docx...
2023-05-04 15:15:42.759 +05:30 [VRB] Exporting the document as PDF format...
2023-05-04 15:15:44.774 +05:30 [INF] Summary Report generated.
2023-05-04 15:15:44.775 +05:30 [INF] Closing Word document.

2023-05-04 15:15:44.813 +05:30 [INF] Author : Vishnuraj Merging all docx...
2023-05-04 15:15:44.814 +05:30 [VRB] Fetching all DOCX file paths...
2023-05-04 15:15:45.047 +05:30 [INF] Merging all DOCX file ...
2023-05-04 15:15:45.146 +05:30 [DBG] Summary.docx is merged into Document.
2023-05-04 15:15:45.264 +05:30 [DBG] ABBOTINDIA.docx is merged into Document.
2023-05-04 15:15:45.530 +05:30 [DBG] ACN.docx is merged into Document.
2023-05-04 15:15:45.662 +05:30 [DBG] ADANITRANS.docx is merged into Document.
2023-05-04 15:15:45.814 +05:30 [DBG] HDFCBANK.docx is merged into Document.
2023-05-04 15:15:45.973 +05:30 [DBG] TATAMOTORS.docx is merged into Document.
2023-05-04 15:15:46.151 +05:30 [DBG] WIPRO.docx is merged into Document.
2023-05-04 15:15:46.322 +05:30 [INF] Merged document is Protected with password
2023-05-04 15:15:46.322 +05:30 [DBG] Saving the document under directory D:\PRB.Services\PRB.Services\wwwroot\Report\.docx...
2023-05-04 15:15:47.030 +05:30 [DBG] Exporting the document as PDF format...
2023-05-04 15:15:48.306 +05:30 [INF] Closing the Word Appliction
2023-05-04 15:15:48.310 +05:30 [INF] ---Automation Terminated---

2023-05-04 15:26:36.742 +05:30 [INF] Application Running...
2023-05-04 15:26:46.707 +05:30 [INF] ---Automation Started---
Initiating Word Application
2023-05-04 15:26:47.377 +05:30 [INF] Initiating Rule Engine Executor...
2023-05-04 15:26:47.506 +05:30 [VRB] Initiating Rule Engine...
2023-05-04 15:26:47.676 +05:30 [INF] RuleExecutor returned the values.

2023-05-04 15:26:47.992 +05:30 [INF] Author : Vishnuraj generating Summary Report...
2023-05-04 15:26:48.700 +05:30 [VRB] Template opened.
2023-05-04 15:26:49.356 +05:30 [VRB] Fetching data for binding contents...
2023-05-04 15:26:51.389 +05:30 [INF] Binding data in Word template...
2023-05-04 15:26:51.501 +05:30 [INF] Data binded in Content Control.
2023-05-04 16:16:13.289 +05:30 [INF] Application Running...
2023-05-04 16:16:28.485 +05:30 [INF] ---Automation Started---
Initiating Word Application
2023-05-04 16:16:29.285 +05:30 [INF] Initiating Rule Engine Executor...
2023-05-04 16:16:29.422 +05:30 [VRB] Initiating Rule Engine...
2023-05-04 16:16:29.603 +05:30 [INF] RuleExecutor returned the values.

2023-05-04 16:16:29.920 +05:30 [INF] Author : Vishnuraj generating Summary Report...
2023-05-04 16:16:32.308 +05:30 [VRB] Template opened.
2023-05-04 16:16:33.129 +05:30 [VRB] Fetching data for binding contents...
2023-05-04 16:16:35.399 +05:30 [INF] Binding data in Word template...
2023-05-04 16:16:35.510 +05:30 [INF] Data binded in Content Control.
2023-05-04 16:48:43.685 +05:30 [INF] Application Running...
2023-05-04 16:49:03.963 +05:30 [INF] ---Automation Started---
Initiating Word Application
2023-05-04 16:49:04.898 +05:30 [INF] Initiating Rule Engine Executor...
2023-05-04 16:49:05.009 +05:30 [VRB] Initiating Rule Engine...
2023-05-04 16:49:05.191 +05:30 [INF] RuleExecutor returned the values.

2023-05-04 16:49:05.523 +05:30 [INF] Author : Vishnuraj generating Summary Report...
2023-05-04 16:49:06.226 +05:30 [VRB] Template opened.
2023-05-04 16:49:07.090 +05:30 [VRB] Fetching data for binding contents...
2023-05-04 16:49:09.189 +05:30 [INF] Binding data in Word template...
2023-05-04 16:49:09.322 +05:30 [INF] Data binded in Content Control.
2023-05-04 16:49:22.231 +05:30 [DBG] Saving the document under directory D:\PRB.Services\PRB.Services\wwwroot\Report\Summary.docx...
2023-05-04 16:49:23.218 +05:30 [VRB] Exporting the document as PDF format...
2023-05-04 16:49:30.920 +05:30 [INF] Summary Report generated.
2023-05-04 16:49:35.881 +05:30 [INF] Closing Word document.

2023-05-04 16:49:35.928 +05:30 [INF] Author : Vishnuraj Merging all docx...
2023-05-04 16:49:35.929 +05:30 [VRB] Fetching all DOCX file paths...
2023-05-04 16:49:36.153 +05:30 [INF] Merging all DOCX file ...
2023-05-04 16:49:36.254 +05:30 [DBG] Summary.docx is merged into Document.
2023-05-04 16:49:36.394 +05:30 [DBG] ABBOTINDIA.docx is merged into Document.
2023-05-04 16:49:36.469 +05:30 [DBG] ACN.docx is merged into Document.
2023-05-04 16:49:36.629 +05:30 [DBG] ADANITRANS.docx is merged into Document.
2023-05-04 16:49:36.869 +05:30 [DBG] HDFCBANK.docx is merged into Document.
2023-05-04 16:49:37.100 +05:30 [DBG] TATAMOTORS.docx is merged into Document.
2023-05-04 16:49:37.291 +05:30 [DBG] WIPRO.docx is merged into Document.
2023-05-04 16:49:37.486 +05:30 [INF] Merged document is Protected with password
2023-05-04 16:49:37.486 +05:30 [DBG] Saving the document under directory D:\PRB.Services\PRB.Services\wwwroot\Report\.docx...
2023-05-04 16:49:38.451 +05:30 [DBG] Exporting the document as PDF format...
2023-05-04 16:49:39.719 +05:30 [INF] Closing the Word Appliction
2023-05-04 16:49:39.724 +05:30 [INF] ---Automation Terminated---

