2023-04-06 15:22:48.462 +05:30 [INF] Application Running...
2023-04-06 15:22:58.929 +05:30 [INF] Moving files from D:\PRB.Services\PRB.Services\wwwroot\Report\ to D:\PRB.Services\PRB.Services\wwwroot\Records\...
2023-04-06 15:22:59.062 +05:30 [INF] Files deleted from D:\PRB.Services\PRB.Services\wwwroot\Report\.
2023-04-06 15:23:14.681 +05:30 [INF] ---Automation Started---
Initiating Word Application
2023-04-06 15:23:15.234 +05:30 [INF] Author : Vishnuraj generating Detailed Report...
2023-04-06 15:23:15.454 +05:30 [VRB] Template opened.
2023-04-06 15:23:15.866 +05:30 [VRB] Fetching all TICKERS from Database for Feb 2023.
2023-04-06 15:23:16.173 +05:30 [INF] Fetched all TICKERS from Database for Feb 2023.

2023-04-06 15:23:18.055 +05:30 [INF] Binding the data in Word template...
2023-04-06 15:23:18.295 +05:30 [INF] Data binded in Content Control.
2023-04-06 15:23:19.370 +05:30 [DBG] Saving the document under directory D:\PRB.Services\PRB.Services\wwwroot\Report\ACN.docx...
2023-04-06 15:23:19.571 +05:30 [VRB] Exporting the document as PDF format...
2023-04-06 15:23:22.256 +05:30 [INF] Binding the data in Word template...
2023-04-06 15:23:22.340 +05:30 [INF] Data binded in Content Control.
2023-04-06 15:23:23.360 +05:30 [DBG] Saving the document under directory D:\PRB.Services\PRB.Services\wwwroot\Report\ADANITRANS.docx...
2023-04-06 15:23:23.431 +05:30 [VRB] Exporting the document as PDF format...
2023-04-06 15:23:25.482 +05:30 [INF] Binding the data in Word template...
2023-04-06 15:23:25.556 +05:30 [INF] Data binded in Content Control.
2023-04-06 15:23:26.570 +05:30 [DBG] Saving the document under directory D:\PRB.Services\PRB.Services\wwwroot\Report\HDFCBANK.docx...
2023-04-06 15:23:26.651 +05:30 [VRB] Exporting the document as PDF format...
2023-04-06 15:23:28.948 +05:30 [INF] Binding the data in Word template...
2023-04-06 15:23:28.997 +05:30 [INF] Data binded in Content Control.
2023-04-06 15:23:29.892 +05:30 [DBG] Saving the document under directory D:\PRB.Services\PRB.Services\wwwroot\Report\TATAMOTORS.docx...
2023-04-06 15:23:29.961 +05:30 [VRB] Exporting the document as PDF format...
2023-04-06 15:23:32.016 +05:30 [INF] Binding the data in Word template...
2023-04-06 15:23:32.078 +05:30 [INF] Data binded in Content Control.
2023-04-06 15:23:33.095 +05:30 [DBG] Saving the document under directory D:\PRB.Services\PRB.Services\wwwroot\Report\WIPRO.docx...
2023-04-06 15:23:33.176 +05:30 [VRB] Exporting the document as PDF format...
2023-04-06 15:23:34.079 +05:30 [INF] Detailed Report generated.
2023-04-06 15:23:34.079 +05:30 [INF] Closing Word document.

2023-04-06 15:23:34.115 +05:30 [INF] Author : Vishnuraj generating Summary Report...
2023-04-06 15:23:34.498 +05:30 [VRB] Template opened.
2023-04-06 15:23:34.599 +05:30 [VRB] Fetching data for binding contents...
2023-04-06 15:23:36.325 +05:30 [INF] Binding data in Word template...
2023-04-06 15:23:36.337 +05:30 [INF] Data binded in Content Control.
2023-04-06 15:23:37.696 +05:30 [DBG] Saving the document under directory D:\PRB.Services\PRB.Services\wwwroot\Report\Summary.docx...
2023-04-06 15:23:37.776 +05:30 [VRB] Exporting the document as PDF format...
2023-04-06 15:23:39.419 +05:30 [INF] Summary Report generated.
2023-04-06 15:23:39.419 +05:30 [INF] Closing Word document.

2023-04-06 15:23:39.434 +05:30 [INF] Author : Vishnuraj generating Disclaimer Report...
2023-04-06 15:23:39.503 +05:30 [VRB] Template opened.
2023-04-06 15:23:39.530 +05:30 [VRB] Fetching commentary from database...
2023-04-06 15:23:39.757 +05:30 [INF] Binding data in Word template...
2023-04-06 15:23:39.761 +05:30 [INF] Data binded in Content Control
2023-04-06 15:23:39.761 +05:30 [DBG] Saving the document under directory D:\PRB.Services\PRB.Services\wwwroot\Report\Disclaimer.docx...
2023-04-06 15:23:39.817 +05:30 [VRB] Exporting the document as PDF format...
2023-04-06 15:23:39.905 +05:30 [INF] Disclaimer Report generated.
2023-04-06 15:23:39.905 +05:30 [INF] Closing Word document.

2023-04-06 15:23:39.916 +05:30 [INF] Author : Vishnuraj Merging all docx...
2023-04-06 15:23:39.917 +05:30 [VRB] Fetching all DOCX file paths...
2023-04-06 15:23:40.098 +05:30 [INF] Merging all DOCX file ...
2023-04-06 15:23:40.195 +05:30 [DBG] Summary.docx is merged into Document.
2023-04-06 15:23:40.254 +05:30 [DBG] ACN.docx is merged into Document.
2023-04-06 15:23:40.330 +05:30 [DBG] ADANITRANS.docx is merged into Document.
2023-04-06 15:23:40.434 +05:30 [DBG] HDFCBANK.docx is merged into Document.
2023-04-06 15:23:40.533 +05:30 [DBG] TATAMOTORS.docx is merged into Document.
2023-04-06 15:23:40.651 +05:30 [DBG] WIPRO.docx is merged into Document.
2023-04-06 15:23:40.651 +05:30 [INF] Merged document is Protected with password
2023-04-06 15:23:40.651 +05:30 [DBG] Saving the document under directory D:\PRB.Services\PRB.Services\wwwroot\Report\.docx...
2023-04-06 15:23:40.915 +05:30 [DBG] Exporting the document as PDF format...
2023-04-06 15:23:41.515 +05:30 [INF] Closing the Word Appliction
2023-04-06 15:23:41.517 +05:30 [INF] ---Automation Terminated---

2023-04-06 15:26:29.107 +05:30 [INF] Application Running...
2023-04-06 15:27:26.900 +05:30 [INF] Application Running...
2023-04-06 15:29:54.968 +05:30 [INF] Application Running...
2023-04-06 15:30:12.502 +05:30 [INF] Application Running...
2023-04-06 15:30:44.043 +05:30 [INF] Application Running...
2023-04-06 15:31:22.863 +05:30 [INF] Application Running...
2023-04-06 16:24:07.355 +05:30 [INF] Application Running...
2023-04-06 16:25:30.564 +05:30 [INF] Application Running...
2023-04-06 16:25:38.092 +05:30 [INF] Application Running...
2023-04-06 16:26:02.352 +05:30 [INF] Application Running...
2023-04-06 16:32:11.066 +05:30 [INF] Application Running...
2023-04-06 16:38:19.456 +05:30 [INF] Application Running...
2023-04-06 16:44:17.189 +05:30 [INF] Application Running...
2023-04-06 16:48:01.936 +05:30 [INF] Application Running...
2023-04-06 16:49:43.700 +05:30 [INF] Application Running...
2023-04-06 16:51:48.064 +05:30 [INF] Application Running...
2023-04-06 16:54:27.134 +05:30 [INF] Application Running...
2023-04-06 16:55:21.169 +05:30 [INF] Application Running...
2023-04-06 16:56:08.896 +05:30 [INF] Application Running...
2023-04-06 16:56:37.800 +05:30 [INF] Application Running...
2023-04-06 16:57:31.868 +05:30 [INF] Application Running...
2023-04-06 16:58:25.161 +05:30 [INF] Application Running...
2023-04-06 16:59:18.939 +05:30 [INF] Application Running...
2023-04-06 17:01:31.903 +05:30 [INF] Application Running...
2023-04-06 17:01:59.535 +05:30 [INF] Application Running...
2023-04-06 17:02:50.897 +05:30 [INF] Application Running...
2023-04-06 17:03:17.497 +05:30 [INF] Application Running...
2023-04-06 17:04:25.397 +05:30 [INF] Application Running...
2023-04-06 17:05:10.155 +05:30 [INF] Application Running...
2023-04-06 17:07:15.685 +05:30 [INF] Application Running...
2023-04-06 17:08:40.196 +05:30 [INF] Application Running...
2023-04-06 17:09:38.315 +05:30 [INF] Application Running...
2023-04-06 17:10:12.450 +05:30 [INF] Application Running...
2023-04-06 17:18:23.883 +05:30 [INF] Application Running...
2023-04-06 17:19:22.487 +05:30 [INF] Application Running...
2023-04-06 17:19:42.300 +05:30 [INF] Application Running...
2023-04-06 17:40:33.774 +05:30 [INF] Application Running...
2023-04-06 17:43:05.877 +05:30 [INF] Application Running...
2023-04-06 17:44:20.910 +05:30 [INF] Application Running...
2023-04-06 17:45:23.242 +05:30 [INF] Application Running...
2023-04-06 17:45:54.252 +05:30 [INF] Application Running...
2023-04-06 17:47:29.325 +05:30 [INF] Application Running...
2023-04-06 17:48:50.229 +05:30 [INF] Application Running...
2023-04-06 17:49:28.442 +05:30 [INF] Application Running...
2023-04-06 17:51:09.410 +05:30 [INF] Application Running...
2023-04-06 17:52:03.201 +05:30 [INF] Application Running...
2023-04-06 17:54:59.511 +05:30 [INF] Application Running...
2023-04-06 17:55:23.487 +05:30 [INF] Application Running...
2023-04-06 18:00:19.458 +05:30 [INF] Application Running...
2023-04-06 18:01:08.592 +05:30 [INF] Application Running...
2023-04-06 18:01:43.568 +05:30 [INF] Application Running...
2023-04-06 18:02:40.038 +05:30 [INF] Application Running...
2023-04-06 18:05:10.757 +05:30 [INF] Application Running...
2023-04-06 18:07:53.336 +05:30 [INF] Application Running...
