2023-04-10 10:27:04.540 +05:30 [VRB] Fetching Username and Role Code... 
2023-04-10 10:27:07.783 +05:30 [ERR] Something went wrong in Database.
2023-04-10 10:30:43.370 +05:30 [INF] Application Running...
2023-04-10 10:31:54.939 +05:30 [VRB] Fetching Username and Role Code... 
2023-04-10 10:31:59.194 +05:30 [INF] raj@gmail.com logging in.

2023-04-10 10:31:59.240 +05:30 [VRB] Fetching all Reports from Database.
2023-04-10 10:31:59.300 +05:30 [INF] Initiating Rule Engine Executor...
2023-04-10 10:31:59.462 +05:30 [VRB] Initiating Rule Engine...
2023-04-10 10:31:59.645 +05:30 [INF] Reports Fetched.

2023-04-10 10:31:59.682 +05:30 [INF] RuleExecutor returned the values.

2023-04-10 10:32:11.667 +05:30 [VRB] Fetching all TICKERS from Database for Jan 2023.
2023-04-10 10:32:11.667 +05:30 [VRB] Fetching report status.
2023-04-10 10:32:11.961 +05:30 [INF] Report statusC .

2023-04-10 10:32:11.988 +05:30 [VRB] Fetching all PDF file name and Paths...
2023-04-10 10:32:12.886 +05:30 [INF] Fetched all TICKERS from Database for Jan 2023.

2023-04-10 10:32:14.311 +05:30 [VRB] Fetching report status.
2023-04-10 10:32:14.311 +05:30 [VRB] Fetching all TICKERS from Database for Mar 2023.
2023-04-10 10:32:14.550 +05:30 [INF] Report statusR1.

2023-04-10 10:32:14.551 +05:30 [INF] Fetched all TICKERS from Database for Mar 2023.

2023-04-10 10:32:14.556 +05:30 [VRB] Fetching all PDF file name and Paths...
2023-04-10 10:33:11.713 +05:30 [INF] Application Running...
2023-04-10 10:34:12.782 +05:30 [VRB] Fetching Username and Role Code... 
2023-04-10 10:34:15.854 +05:30 [INF] raj@gmail.com logging in.

2023-04-10 10:34:15.874 +05:30 [VRB] Fetching Username and Role Code... 
2023-04-10 10:34:15.944 +05:30 [VRB] Fetching all Reports from Database.
2023-04-10 10:34:15.946 +05:30 [INF] Initiating Rule Engine Executor...
2023-04-10 10:34:16.047 +05:30 [VRB] Initiating Rule Engine...
2023-04-10 10:34:16.175 +05:30 [INF] raj@gmail.com logging in.

2023-04-10 10:34:16.214 +05:30 [INF] RuleExecutor returned the values.

2023-04-10 10:34:17.218 +05:30 [INF] Reports Fetched.

2023-04-10 10:34:26.565 +05:30 [VRB] Fetching report status.
2023-04-10 10:34:26.565 +05:30 [VRB] Fetching all TICKERS from Database for Mar 2023.
2023-04-10 10:34:26.817 +05:30 [INF] Report statusR1.

2023-04-10 10:34:26.818 +05:30 [INF] Fetched all TICKERS from Database for Mar 2023.

2023-04-10 10:34:26.824 +05:30 [VRB] Fetching all PDF file name and Paths...
2023-04-10 10:34:29.407 +05:30 [VRB] Fetching report status.
2023-04-10 10:34:29.407 +05:30 [VRB] Fetching all TICKERS from Database for Feb 2023.
2023-04-10 10:34:29.642 +05:30 [INF] Fetched all TICKERS from Database for Feb 2023.

2023-04-10 10:34:29.670 +05:30 [INF] Report statusC .

2023-04-10 10:34:29.675 +05:30 [VRB] Fetching all PDF file name and Paths...
2023-04-10 10:34:32.245 +05:30 [VRB] Fetching report status.
2023-04-10 10:34:32.245 +05:30 [VRB] Fetching all TICKERS from Database for Jan 2023.
2023-04-10 10:34:32.480 +05:30 [INF] Fetched all TICKERS from Database for Jan 2023.

2023-04-10 10:34:32.480 +05:30 [INF] Report statusC .

2023-04-10 10:34:32.486 +05:30 [VRB] Fetching all PDF file name and Paths...
2023-04-10 10:35:16.013 +05:30 [VRB] Fetching report status.
2023-04-10 10:35:16.013 +05:30 [VRB] Fetching all TICKERS from Database for Mar 2023.
2023-04-10 10:35:16.252 +05:30 [INF] Report statusR1.

2023-04-10 10:35:16.253 +05:30 [INF] Fetched all TICKERS from Database for Mar 2023.

2023-04-10 10:35:16.260 +05:30 [VRB] Fetching all PDF file name and Paths...
2023-04-10 10:50:14.954 +05:30 [VRB] Fetching all Reports from Database.
2023-04-10 10:50:14.954 +05:30 [INF] Initiating Rule Engine Executor...
2023-04-10 10:50:14.958 +05:30 [VRB] Initiating Rule Engine...
2023-04-10 10:50:14.960 +05:30 [INF] RuleExecutor returned the values.

2023-04-10 10:50:17.363 +05:30 [INF] Reports Fetched.

2023-04-10 10:50:18.890 +05:30 [VRB] Fetching report status.
2023-04-10 10:50:18.890 +05:30 [VRB] Fetching all TICKERS from Database for Mar 2023.
2023-04-10 10:50:19.125 +05:30 [INF] Fetched all TICKERS from Database for Mar 2023.

2023-04-10 10:50:20.042 +05:30 [INF] Report statusR1.

2023-04-10 10:50:20.056 +05:30 [VRB] Fetching all PDF file name and Paths...
2023-04-10 10:51:28.486 +05:30 [INF] Initiating Rule Engine Executor...
2023-04-10 10:51:28.486 +05:30 [VRB] Fetching all Reports from Database.
2023-04-10 10:51:28.486 +05:30 [VRB] Initiating Rule Engine...
2023-04-10 10:51:28.488 +05:30 [INF] RuleExecutor returned the values.

2023-04-10 10:51:28.721 +05:30 [INF] Reports Fetched.

2023-04-10 10:51:30.084 +05:30 [VRB] Fetching report status.
2023-04-10 10:51:30.084 +05:30 [VRB] Fetching all TICKERS from Database for Mar 2023.
2023-04-10 10:51:30.319 +05:30 [INF] Report statusR1.

2023-04-10 10:51:30.319 +05:30 [INF] Fetched all TICKERS from Database for Mar 2023.

2023-04-10 10:51:30.328 +05:30 [VRB] Fetching all PDF file name and Paths...
2023-04-10 10:51:36.110 +05:30 [VRB] Fetching report status.
2023-04-10 10:51:36.110 +05:30 [VRB] Fetching all TICKERS from Database for Jan 2023.
2023-04-10 10:51:36.344 +05:30 [INF] Fetched all TICKERS from Database for Jan 2023.

2023-04-10 10:51:36.345 +05:30 [INF] Report statusC .

2023-04-10 10:51:36.358 +05:30 [VRB] Fetching all PDF file name and Paths...
2023-04-10 10:51:36.964 +05:30 [VRB] Fetching report status.
2023-04-10 10:51:36.964 +05:30 [VRB] Fetching all TICKERS from Database for Feb 2023.
2023-04-10 10:51:37.200 +05:30 [INF] Report statusC .

2023-04-10 10:51:37.201 +05:30 [INF] Fetched all TICKERS from Database for Feb 2023.

2023-04-10 10:51:37.205 +05:30 [VRB] Fetching all PDF file name and Paths...
2023-04-10 10:51:38.764 +05:30 [VRB] Fetching report status.
2023-04-10 10:51:38.764 +05:30 [VRB] Fetching all TICKERS from Database for Mar 2023.
2023-04-10 10:51:39.001 +05:30 [INF] Report statusR1.

2023-04-10 10:51:39.002 +05:30 [INF] Fetched all TICKERS from Database for Mar 2023.

2023-04-10 10:51:39.006 +05:30 [VRB] Fetching all PDF file name and Paths...
2023-04-10 10:51:41.100 +05:30 [VRB] Fetching report status.
2023-04-10 10:51:41.100 +05:30 [VRB] Fetching all TICKERS from Database for Feb 2023.
2023-04-10 10:51:41.360 +05:30 [INF] Report statusC .

2023-04-10 10:51:41.365 +05:30 [INF] Fetched all TICKERS from Database for Feb 2023.

2023-04-10 10:51:41.369 +05:30 [VRB] Fetching all PDF file name and Paths...
2023-04-10 10:52:04.483 +05:30 [VRB] Fetching all Reports from Database.
2023-04-10 10:52:04.486 +05:30 [INF] Initiating Rule Engine Executor...
2023-04-10 10:52:04.487 +05:30 [VRB] Initiating Rule Engine...
2023-04-10 10:52:04.487 +05:30 [INF] RuleExecutor returned the values.

2023-04-10 10:52:04.718 +05:30 [INF] Reports Fetched.

2023-04-10 10:52:06.802 +05:30 [VRB] Fetching all Reports from Database.
2023-04-10 10:52:06.803 +05:30 [INF] Initiating Rule Engine Executor...
2023-04-10 10:52:06.805 +05:30 [VRB] Initiating Rule Engine...
2023-04-10 10:52:06.806 +05:30 [INF] RuleExecutor returned the values.

2023-04-10 10:52:07.039 +05:30 [INF] Reports Fetched.

2023-04-10 10:52:18.127 +05:30 [VRB] Fetching Username and Role Code... 
2023-04-10 10:52:18.378 +05:30 [INF] raj@gmail.com logging in.

2023-04-10 10:52:18.390 +05:30 [VRB] Fetching all Reports from Database.
2023-04-10 10:52:18.390 +05:30 [INF] Initiating Rule Engine Executor...
2023-04-10 10:52:18.390 +05:30 [VRB] Initiating Rule Engine...
2023-04-10 10:52:18.392 +05:30 [INF] RuleExecutor returned the values.

2023-04-10 10:52:18.628 +05:30 [INF] Reports Fetched.

2023-04-10 10:52:20.288 +05:30 [VRB] Fetching all TICKERS from Database for Jan 2023.
2023-04-10 10:52:20.291 +05:30 [VRB] Fetching report status.
2023-04-10 10:52:20.528 +05:30 [INF] Fetched all TICKERS from Database for Jan 2023.

2023-04-10 10:52:20.529 +05:30 [INF] Report statusC .

2023-04-10 10:52:20.535 +05:30 [VRB] Fetching all PDF file name and Paths...
2023-04-10 10:52:21.415 +05:30 [VRB] Fetching all TICKERS from Database for Feb 2023.
2023-04-10 10:52:21.418 +05:30 [VRB] Fetching report status.
2023-04-10 10:52:21.653 +05:30 [INF] Fetched all TICKERS from Database for Feb 2023.

2023-04-10 10:52:21.678 +05:30 [INF] Report statusC .

2023-04-10 10:52:21.684 +05:30 [VRB] Fetching all PDF file name and Paths...
2023-04-10 10:52:25.239 +05:30 [VRB] Fetching all TICKERS from Database for Mar 2023.
2023-04-10 10:52:25.244 +05:30 [VRB] Fetching report status.
2023-04-10 10:52:25.484 +05:30 [INF] Fetched all TICKERS from Database for Mar 2023.

2023-04-10 10:52:25.484 +05:30 [INF] Report statusR1.

2023-04-10 10:52:25.489 +05:30 [VRB] Fetching all PDF file name and Paths...
2023-04-10 10:53:36.694 +05:30 [VRB] Fetching all PDF file name and Paths...
2023-04-10 10:53:38.796 +05:30 [VRB] Fetching all PDF file name and Paths...
2023-04-10 10:53:40.997 +05:30 [INF] Getting holding Details.

2023-04-10 10:54:35.760 +05:30 [INF] Initiating Rule Engine Executor...
2023-04-10 10:54:35.760 +05:30 [VRB] Fetching all Reports from Database.
2023-04-10 10:54:35.760 +05:30 [VRB] Initiating Rule Engine...
2023-04-10 10:54:35.762 +05:30 [INF] RuleExecutor returned the values.

2023-04-10 10:54:35.777 +05:30 [VRB] Fetching all Reports from Database.
2023-04-10 10:54:35.777 +05:30 [INF] Initiating Rule Engine Executor...
2023-04-10 10:54:35.777 +05:30 [VRB] Initiating Rule Engine...
2023-04-10 10:54:35.779 +05:30 [INF] RuleExecutor returned the values.

2023-04-10 10:54:35.995 +05:30 [INF] Reports Fetched.

2023-04-10 10:54:36.016 +05:30 [INF] Reports Fetched.

2023-04-10 10:54:37.196 +05:30 [VRB] Fetching all TICKERS from Database for Mar 2023.
2023-04-10 10:54:37.199 +05:30 [VRB] Fetching report status.
2023-04-10 10:54:37.429 +05:30 [INF] Fetched all TICKERS from Database for Mar 2023.

2023-04-10 10:54:37.432 +05:30 [INF] Report statusR1.

2023-04-10 10:54:37.437 +05:30 [VRB] Fetching all PDF file name and Paths...
2023-04-10 10:54:38.563 +05:30 [VRB] Fetching all PDF file name and Paths...
2023-04-10 10:54:45.141 +05:30 [VRB] Fetching all PDF file name and Paths...
2023-04-10 10:54:46.501 +05:30 [VRB] Fetching all PDF file name and Paths...
2023-04-10 10:54:49.709 +05:30 [VRB] Fetching all PDF file name and Paths...
2023-04-10 10:54:51.948 +05:30 [VRB] Fetching all PDF file name and Paths...
2023-04-10 10:54:53.516 +05:30 [VRB] Fetching all PDF file name and Paths...
2023-04-10 10:54:55.693 +05:30 [VRB] Fetching all PDF file name and Paths...
2023-04-10 10:54:59.244 +05:30 [VRB] Fetching all PDF file name and Paths...
2023-04-10 10:55:10.277 +05:30 [VRB] Fetching all PDF file name and Paths...
2023-04-10 10:55:13.626 +05:30 [VRB] Fetching all Reports from Database.
2023-04-10 10:55:13.626 +05:30 [INF] Initiating Rule Engine Executor...
2023-04-10 10:55:13.626 +05:30 [VRB] Initiating Rule Engine...
2023-04-10 10:55:13.629 +05:30 [INF] RuleExecutor returned the values.

2023-04-10 10:55:13.863 +05:30 [INF] Reports Fetched.

2023-04-10 10:55:15.645 +05:30 [VRB] Fetching report status.
2023-04-10 10:55:15.645 +05:30 [VRB] Fetching all TICKERS from Database for Mar 2023.
2023-04-10 10:55:15.883 +05:30 [INF] Fetched all TICKERS from Database for Mar 2023.

2023-04-10 10:55:15.885 +05:30 [INF] Report statusR1.

2023-04-10 10:55:15.890 +05:30 [VRB] Fetching all PDF file name and Paths...
2023-04-10 10:55:16.995 +05:30 [VRB] Fetching all PDF file name and Paths...
2023-04-10 10:57:01.513 +05:30 [INF] Application Running...
2023-04-10 10:57:10.984 +05:30 [INF] ---Automation Started---
Initiating Word Application
2023-04-10 10:57:12.498 +05:30 [INF] Author : Vishnuraj generating Detailed Report...
2023-04-10 10:57:13.167 +05:30 [VRB] Template opened.
2023-04-10 10:57:13.611 +05:30 [VRB] Fetching all TICKERS from Database for Mar 2023.
2023-04-10 10:57:13.903 +05:30 [INF] Fetched all TICKERS from Database for Mar 2023.

2023-04-10 10:57:16.011 +05:30 [INF] Binding the data in Word template...
2023-04-10 10:57:16.226 +05:30 [INF] Data binded in Content Control.
2023-04-10 10:57:17.159 +05:30 [DBG] Saving the document under directory D:\PRB.Services\PRB.Services\wwwroot\Report\ABBOTINDIA.docx...
2023-04-10 10:57:17.375 +05:30 [VRB] Exporting the document as PDF format...
2023-04-10 10:57:20.680 +05:30 [INF] Binding the data in Word template...
2023-04-10 10:57:20.852 +05:30 [INF] Data binded in Content Control.
2023-04-10 10:57:21.962 +05:30 [DBG] Saving the document under directory D:\PRB.Services\PRB.Services\wwwroot\Report\ACN.docx...
2023-04-10 10:57:22.043 +05:30 [VRB] Exporting the document as PDF format...
2023-04-10 10:57:24.897 +05:30 [INF] Binding the data in Word template...
2023-04-10 10:57:24.959 +05:30 [INF] Data binded in Content Control.
2023-04-10 10:57:26.021 +05:30 [DBG] Saving the document under directory D:\PRB.Services\PRB.Services\wwwroot\Report\ADANITRANS.docx...
2023-04-10 10:57:26.122 +05:30 [VRB] Exporting the document as PDF format...
2023-04-10 10:57:28.325 +05:30 [INF] Binding the data in Word template...
2023-04-10 10:57:28.387 +05:30 [INF] Data binded in Content Control.
2023-04-10 10:57:29.428 +05:30 [DBG] Saving the document under directory D:\PRB.Services\PRB.Services\wwwroot\Report\HDFCBANK.docx...
2023-04-10 10:57:29.506 +05:30 [VRB] Exporting the document as PDF format...
2023-04-10 10:57:31.606 +05:30 [INF] Binding the data in Word template...
2023-04-10 10:57:31.656 +05:30 [INF] Data binded in Content Control.
2023-04-10 10:57:32.708 +05:30 [DBG] Saving the document under directory D:\PRB.Services\PRB.Services\wwwroot\Report\TATAMOTORS.docx...
2023-04-10 10:57:33.072 +05:30 [VRB] Exporting the document as PDF format...
2023-04-10 10:57:34.869 +05:30 [INF] Binding the data in Word template...
2023-04-10 10:57:34.916 +05:30 [INF] Data binded in Content Control.
2023-04-10 10:57:35.943 +05:30 [DBG] Saving the document under directory D:\PRB.Services\PRB.Services\wwwroot\Report\WIPRO.docx...
2023-04-10 10:57:36.029 +05:30 [VRB] Exporting the document as PDF format...
2023-04-10 10:57:37.980 +05:30 [INF] Detailed Report generated.
2023-04-10 10:57:37.980 +05:30 [INF] Closing Word document.

2023-04-10 10:57:38.024 +05:30 [INF] Author : Vishnuraj generating Summary Report...
2023-04-10 10:57:38.162 +05:30 [VRB] Template opened.
2023-04-10 10:57:38.365 +05:30 [VRB] Fetching data for binding contents...
2023-04-10 10:57:40.293 +05:30 [INF] Binding data in Word template...
2023-04-10 10:57:40.303 +05:30 [INF] Data binded in Content Control.
2023-04-10 10:57:41.711 +05:30 [DBG] Saving the document under directory D:\PRB.Services\PRB.Services\wwwroot\Report\Summary.docx...
2023-04-10 10:57:41.805 +05:30 [VRB] Exporting the document as PDF format...
2023-04-10 10:57:42.954 +05:30 [INF] Summary Report generated.
2023-04-10 10:57:42.954 +05:30 [INF] Closing Word document.

2023-04-10 10:57:42.969 +05:30 [INF] Author : Vishnuraj generating Disclaimer Report...
2023-04-10 10:57:43.040 +05:30 [VRB] Template opened.
2023-04-10 10:57:43.056 +05:30 [VRB] Fetching commentary from database...
2023-04-10 10:57:43.289 +05:30 [INF] Binding data in Word template...
2023-04-10 10:57:43.293 +05:30 [INF] Data binded in Content Control
2023-04-10 10:57:43.293 +05:30 [DBG] Saving the document under directory D:\PRB.Services\PRB.Services\wwwroot\Report\Disclaimer.docx...
2023-04-10 10:57:43.344 +05:30 [VRB] Exporting the document as PDF format...
2023-04-10 10:57:43.443 +05:30 [INF] Disclaimer Report generated.
2023-04-10 10:57:43.444 +05:30 [INF] Closing Word document.

2023-04-10 10:57:43.455 +05:30 [INF] Author : Vishnuraj Merging all docx...
2023-04-10 10:57:43.456 +05:30 [VRB] Fetching all DOCX file paths...
2023-04-10 10:57:43.684 +05:30 [INF] Merging all DOCX file ...
2023-04-10 10:57:44.022 +05:30 [DBG] Summary.docx is merged into Document.
2023-04-10 10:57:44.077 +05:30 [DBG] ABBOTINDIA.docx is merged into Document.
2023-04-10 10:57:44.154 +05:30 [DBG] ACN.docx is merged into Document.
2023-04-10 10:57:44.257 +05:30 [DBG] ADANITRANS.docx is merged into Document.
2023-04-10 10:57:44.349 +05:30 [DBG] HDFCBANK.docx is merged into Document.
2023-04-10 10:57:44.464 +05:30 [DBG] TATAMOTORS.docx is merged into Document.
2023-04-10 10:57:44.636 +05:30 [DBG] WIPRO.docx is merged into Document.
2023-04-10 10:57:44.636 +05:30 [INF] Merged document is Protected with password
2023-04-10 10:57:44.636 +05:30 [DBG] Saving the document under directory D:\PRB.Services\PRB.Services\wwwroot\Report\.docx...
2023-04-10 10:57:45.150 +05:30 [DBG] Exporting the document as PDF format...
2023-04-10 10:57:45.787 +05:30 [INF] Closing the Word Appliction
2023-04-10 10:57:45.793 +05:30 [INF] ---Automation Terminated---

2023-04-10 10:58:17.532 +05:30 [VRB] Fetching all Reports from Database.
2023-04-10 10:58:17.583 +05:30 [INF] Initiating Rule Engine Executor...
2023-04-10 10:58:17.669 +05:30 [VRB] Initiating Rule Engine...
2023-04-10 10:58:17.781 +05:30 [INF] Reports Fetched.

2023-04-10 10:58:17.843 +05:30 [INF] RuleExecutor returned the values.

2023-04-10 10:58:18.785 +05:30 [VRB] Fetching report status.
2023-04-10 10:58:18.785 +05:30 [VRB] Fetching all TICKERS from Database for Mar 2023.
2023-04-10 10:58:19.060 +05:30 [INF] Fetched all TICKERS from Database for Mar 2023.

2023-04-10 10:58:19.995 +05:30 [INF] Report statusR1.

2023-04-10 10:58:20.008 +05:30 [VRB] Fetching all PDF file name and Paths...
2023-04-10 10:58:21.844 +05:30 [VRB] Fetching all PDF file name and Paths...
2023-04-10 10:58:27.462 +05:30 [INF] Getting holding Details.

2023-04-10 10:58:54.605 +05:30 [VRB] Fetching all Reports from Database.
2023-04-10 10:58:54.605 +05:30 [INF] Initiating Rule Engine Executor...
2023-04-10 10:58:54.635 +05:30 [VRB] Initiating Rule Engine...
2023-04-10 10:58:54.636 +05:30 [INF] RuleExecutor returned the values.

2023-04-10 10:58:54.871 +05:30 [INF] Reports Fetched.

2023-04-10 10:58:55.628 +05:30 [VRB] Fetching all TICKERS from Database for Mar 2023.
2023-04-10 10:58:55.634 +05:30 [VRB] Fetching report status.
2023-04-10 10:58:55.865 +05:30 [INF] Fetched all TICKERS from Database for Mar 2023.

2023-04-10 10:58:55.866 +05:30 [INF] Report statusR1.

2023-04-10 10:58:55.870 +05:30 [VRB] Fetching all PDF file name and Paths...
2023-04-10 10:58:58.364 +05:30 [INF] Getting holding Details.

2023-04-10 10:59:00.819 +05:30 [VRB] Fetching all PDF file name and Paths...
2023-04-10 10:59:05.323 +05:30 [VRB] Fetching all PDF file name and Paths...
2023-04-10 10:59:06.248 +05:30 [INF] Getting holding Details.

2023-04-10 10:59:34.886 +05:30 [VRB] Fetching all Reports from Database.
2023-04-10 10:59:34.897 +05:30 [INF] Initiating Rule Engine Executor...
2023-04-10 10:59:34.902 +05:30 [VRB] Initiating Rule Engine...
2023-04-10 10:59:34.904 +05:30 [INF] RuleExecutor returned the values.

2023-04-10 10:59:35.147 +05:30 [INF] Reports Fetched.

2023-04-10 10:59:37.471 +05:30 [VRB] Fetching report status.
2023-04-10 10:59:37.471 +05:30 [VRB] Fetching all TICKERS from Database for Mar 2023.
2023-04-10 10:59:37.707 +05:30 [INF] Fetched all TICKERS from Database for Mar 2023.

2023-04-10 10:59:37.707 +05:30 [INF] Report statusR1.

2023-04-10 10:59:37.713 +05:30 [VRB] Fetching all PDF file name and Paths...
2023-04-10 10:59:40.267 +05:30 [INF] Getting holding Details.

2023-04-10 10:59:43.063 +05:30 [VRB] Fetching all PDF file name and Paths...
2023-04-10 10:59:44.106 +05:30 [INF] Getting holding Details.

2023-04-10 11:01:17.016 +05:30 [INF] Initiating Rule Engine Executor...
2023-04-10 11:01:17.016 +05:30 [VRB] Fetching all Reports from Database.
2023-04-10 11:01:17.017 +05:30 [VRB] Initiating Rule Engine...
2023-04-10 11:01:17.019 +05:30 [INF] RuleExecutor returned the values.

2023-04-10 11:01:17.255 +05:30 [INF] Reports Fetched.

2023-04-10 11:01:18.407 +05:30 [VRB] Fetching report status.
2023-04-10 11:01:18.407 +05:30 [VRB] Fetching all TICKERS from Database for Mar 2023.
2023-04-10 11:01:18.647 +05:30 [INF] Report statusR1.

2023-04-10 11:01:18.649 +05:30 [INF] Fetched all TICKERS from Database for Mar 2023.

2023-04-10 11:01:18.652 +05:30 [VRB] Fetching all PDF file name and Paths...
2023-04-10 11:01:19.524 +05:30 [VRB] Fetching all PDF file name and Paths...
2023-04-10 11:01:20.524 +05:30 [INF] Getting holding Details.

2023-04-10 11:01:25.309 +05:30 [VRB] Fetching all PDF file name and Paths...
2023-04-10 11:01:38.544 +05:30 [VRB] Fetching all Reports from Database.
2023-04-10 11:01:38.544 +05:30 [INF] Initiating Rule Engine Executor...
2023-04-10 11:01:38.544 +05:30 [VRB] Initiating Rule Engine...
2023-04-10 11:01:38.547 +05:30 [INF] RuleExecutor returned the values.

2023-04-10 11:01:38.780 +05:30 [INF] Reports Fetched.

2023-04-10 11:01:40.268 +05:30 [VRB] Fetching all TICKERS from Database for Mar 2023.
2023-04-10 11:01:40.270 +05:30 [VRB] Fetching report status.
2023-04-10 11:01:40.503 +05:30 [INF] Fetched all TICKERS from Database for Mar 2023.

2023-04-10 11:01:40.509 +05:30 [INF] Report statusR1.

2023-04-10 11:01:40.524 +05:30 [VRB] Fetching all PDF file name and Paths...
2023-04-10 11:01:41.436 +05:30 [VRB] Fetching all PDF file name and Paths...
2023-04-10 11:01:42.283 +05:30 [INF] Getting holding Details.

2023-04-10 11:07:02.139 +05:30 [INF] Initiating Rule Engine Executor...
2023-04-10 11:07:02.139 +05:30 [VRB] Fetching all Reports from Database.
2023-04-10 11:07:02.139 +05:30 [VRB] Initiating Rule Engine...
2023-04-10 11:07:02.141 +05:30 [INF] RuleExecutor returned the values.

2023-04-10 11:07:03.298 +05:30 [INF] Reports Fetched.

2023-04-10 11:07:40.664 +05:30 [VRB] Fetching all Reports from Database.
2023-04-10 11:07:40.664 +05:30 [INF] Initiating Rule Engine Executor...
2023-04-10 11:07:40.664 +05:30 [VRB] Initiating Rule Engine...
2023-04-10 11:07:40.667 +05:30 [INF] RuleExecutor returned the values.

2023-04-10 11:07:40.898 +05:30 [INF] Reports Fetched.

2023-04-10 11:08:09.441 +05:30 [VRB] Fetching all Reports from Database.
2023-04-10 11:08:09.441 +05:30 [INF] Initiating Rule Engine Executor...
2023-04-10 11:08:09.441 +05:30 [VRB] Initiating Rule Engine...
2023-04-10 11:08:09.443 +05:30 [INF] RuleExecutor returned the values.

2023-04-10 11:08:09.678 +05:30 [INF] Reports Fetched.

2023-04-10 11:08:13.319 +05:30 [VRB] Fetching report status.
2023-04-10 11:08:13.319 +05:30 [VRB] Fetching all TICKERS from Database for Mar 2023.
2023-04-10 11:08:13.557 +05:30 [INF] Fetched all TICKERS from Database for Mar 2023.

2023-04-10 11:08:14.476 +05:30 [INF] Report statusR1.

2023-04-10 11:08:14.482 +05:30 [VRB] Fetching all PDF file name and Paths...
2023-04-10 11:08:16.146 +05:30 [VRB] Fetching all PDF file name and Paths...
2023-04-10 11:08:17.201 +05:30 [INF] Getting holding Details.

2023-04-10 11:08:32.397 +05:30 [VRB] Fetching all Reports from Database.
2023-04-10 11:08:32.397 +05:30 [INF] Initiating Rule Engine Executor...
2023-04-10 11:08:32.397 +05:30 [VRB] Initiating Rule Engine...
2023-04-10 11:08:32.401 +05:30 [INF] RuleExecutor returned the values.

2023-04-10 11:08:32.634 +05:30 [INF] Reports Fetched.

2023-04-10 11:08:34.253 +05:30 [VRB] Fetching report status.
2023-04-10 11:08:34.253 +05:30 [VRB] Fetching all TICKERS from Database for Mar 2023.
2023-04-10 11:08:34.494 +05:30 [INF] Fetched all TICKERS from Database for Mar 2023.

2023-04-10 11:08:34.495 +05:30 [INF] Report statusR1.

2023-04-10 11:08:34.500 +05:30 [VRB] Fetching all PDF file name and Paths...
2023-04-10 11:08:36.843 +05:30 [VRB] Fetching all PDF file name and Paths...
2023-04-10 11:08:38.025 +05:30 [INF] Getting holding Details.

2023-04-10 12:05:56.735 +05:30 [VRB] Fetching all Reports from Database.
2023-04-10 12:05:56.736 +05:30 [INF] Initiating Rule Engine Executor...
2023-04-10 12:05:56.736 +05:30 [VRB] Initiating Rule Engine...
2023-04-10 12:05:56.737 +05:30 [INF] RuleExecutor returned the values.

2023-04-10 12:05:58.333 +05:30 [INF] Reports Fetched.

2023-04-10 12:06:00.338 +05:30 [VRB] Fetching report status.
2023-04-10 12:06:00.338 +05:30 [VRB] Fetching all TICKERS from Database for Feb 2023.
2023-04-10 12:06:00.576 +05:30 [INF] Fetched all TICKERS from Database for Feb 2023.

2023-04-10 12:06:01.595 +05:30 [INF] Report statusC .

2023-04-10 12:06:01.602 +05:30 [VRB] Fetching all PDF file name and Paths...
2023-04-10 12:06:03.015 +05:30 [VRB] Fetching all TICKERS from Database for Jan 2023.
2023-04-10 12:06:03.050 +05:30 [VRB] Fetching report status.
2023-04-10 12:06:03.278 +05:30 [INF] Fetched all TICKERS from Database for Jan 2023.

2023-04-10 12:06:03.284 +05:30 [INF] Report statusC .

2023-04-10 12:06:03.293 +05:30 [VRB] Fetching all PDF file name and Paths...
2023-04-10 12:06:05.145 +05:30 [VRB] Fetching report status.
2023-04-10 12:06:05.147 +05:30 [VRB] Fetching all TICKERS from Database for Mar 2023.
2023-04-10 12:06:05.380 +05:30 [INF] Report statusR1.

2023-04-10 12:06:05.382 +05:30 [INF] Fetched all TICKERS from Database for Mar 2023.

2023-04-10 12:06:05.388 +05:30 [VRB] Fetching all PDF file name and Paths...
2023-04-10 12:06:08.490 +05:30 [INF] Getting holding Details.

2023-04-10 12:06:10.903 +05:30 [VRB] Fetching all PDF file name and Paths...
2023-04-10 12:06:11.981 +05:30 [INF] Getting holding Details.

2023-04-10 12:06:14.715 +05:30 [VRB] Fetching all PDF file name and Paths...
2023-04-10 12:06:15.877 +05:30 [VRB] Fetching all PDF file name and Paths...
2023-04-10 12:06:17.819 +05:30 [VRB] Fetching all PDF file name and Paths...
2023-04-10 12:07:26.565 +05:30 [VRB] Fetching all PDF file name and Paths...
2023-04-10 12:07:35.676 +05:30 [VRB] Fetching all PDF file name and Paths...
2023-04-10 12:08:51.789 +05:30 [INF] Initiating Rule Engine Executor...
2023-04-10 12:08:51.790 +05:30 [VRB] Initiating Rule Engine...
2023-04-10 12:08:51.790 +05:30 [INF] RuleExecutor returned the values.

2023-04-10 12:08:51.794 +05:30 [VRB] Fetching all Reports from Database.
2023-04-10 12:08:52.027 +05:30 [INF] Reports Fetched.

2023-04-10 12:08:53.295 +05:30 [VRB] Fetching all TICKERS from Database for Mar 2023.
2023-04-10 12:08:53.306 +05:30 [VRB] Fetching report status.
2023-04-10 12:08:53.548 +05:30 [INF] Report statusR1.

2023-04-10 12:08:53.549 +05:30 [INF] Fetched all TICKERS from Database for Mar 2023.

2023-04-10 12:08:53.585 +05:30 [VRB] Fetching all PDF file name and Paths...
2023-04-10 12:08:54.743 +05:30 [VRB] Fetching all PDF file name and Paths...
2023-04-10 12:08:57.768 +05:30 [VRB] Fetching all PDF file name and Paths...
2023-04-10 12:08:59.204 +05:30 [VRB] Fetching all PDF file name and Paths...
2023-04-10 12:21:15.365 +05:30 [INF] Initiating Rule Engine Executor...
2023-04-10 12:21:15.365 +05:30 [VRB] Initiating Rule Engine...
2023-04-10 12:21:15.366 +05:30 [INF] RuleExecutor returned the values.

2023-04-10 12:21:45.181 +05:30 [INF] Application Running...
2023-04-10 12:22:15.516 +05:30 [INF] Initiating Rule Engine Executor...
2023-04-10 12:22:15.615 +05:30 [VRB] Initiating Rule Engine...
2023-04-10 12:22:15.774 +05:30 [INF] RuleExecutor returned the values.

2023-04-10 12:22:29.182 +05:30 [INF] Initiating Rule Engine Executor...
2023-04-10 12:22:29.182 +05:30 [VRB] Initiating Rule Engine...
2023-04-10 12:22:29.190 +05:30 [INF] RuleExecutor returned the values.

2023-04-10 12:26:25.468 +05:30 [VRB] Fetching report status.
2023-04-10 12:26:28.605 +05:30 [INF] Report statusR1.

2023-04-10 12:26:42.238 +05:30 [VRB] Fetching report status.
2023-04-10 12:26:42.593 +05:30 [ERR] Something went wrong !
2023-04-10 12:27:11.181 +05:30 [INF] Application Running...
2023-04-10 12:27:29.673 +05:30 [VRB] Fetching report status.
2023-04-10 12:28:50.487 +05:30 [INF] Application Running...
2023-04-10 12:29:12.914 +05:30 [VRB] Fetching report status.
2023-04-10 12:29:18.035 +05:30 [INF] Report statusR1.

2023-04-10 12:29:24.640 +05:30 [VRB] Fetching report status.
2023-04-10 12:29:26.278 +05:30 [WRN]  value is null here.
2023-04-10 12:43:37.867 +05:30 [VRB] Fetching report status.
2023-04-10 12:43:39.063 +05:30 [INF] Report statusR1.

2023-04-10 12:44:13.666 +05:30 [INF] Initiating Rule Engine Executor...
2023-04-10 12:44:13.772 +05:30 [VRB] Initiating Rule Engine...
2023-04-10 12:44:13.969 +05:30 [INF] RuleExecutor returned the values.

2023-04-10 12:51:13.223 +05:30 [INF] Application Running...
2023-04-10 12:51:39.112 +05:30 [INF] Initiating Rule Engine Executor...
2023-04-10 12:51:39.212 +05:30 [VRB] Initiating Rule Engine...
2023-04-10 12:51:39.335 +05:30 [INF] RuleExecutor returned the values.

2023-04-10 12:51:59.094 +05:30 [INF] Application Running...
2023-04-10 12:52:12.153 +05:30 [INF] Initiating Rule Engine Executor...
2023-04-10 12:52:12.240 +05:30 [VRB] Initiating Rule Engine...
2023-04-10 12:52:12.358 +05:30 [INF] RuleExecutor returned the values.

2023-04-10 12:52:23.551 +05:30 [INF] Initiating Rule Engine Executor...
2023-04-10 12:52:23.551 +05:30 [VRB] Initiating Rule Engine...
2023-04-10 12:52:23.553 +05:30 [INF] RuleExecutor returned the values.

2023-04-10 12:53:48.145 +05:30 [INF] Application Running...
2023-04-10 12:53:59.457 +05:30 [INF] Initiating Rule Engine Executor...
2023-04-10 12:53:59.541 +05:30 [VRB] Initiating Rule Engine...
2023-04-10 12:53:59.659 +05:30 [INF] RuleExecutor returned the values.

2023-04-10 12:54:25.055 +05:30 [INF] Application Running...
2023-04-10 12:54:32.281 +05:30 [INF] Initiating Rule Engine Executor...
2023-04-10 12:54:32.368 +05:30 [VRB] Initiating Rule Engine...
2023-04-10 12:54:32.467 +05:30 [INF] RuleExecutor returned the values.

2023-04-10 12:54:44.758 +05:30 [INF] Application Running...
2023-04-10 12:54:51.712 +05:30 [INF] Initiating Rule Engine Executor...
2023-04-10 12:54:51.793 +05:30 [VRB] Initiating Rule Engine...
2023-04-10 12:54:51.889 +05:30 [INF] RuleExecutor returned the values.

2023-04-10 12:55:37.073 +05:30 [INF] Initiating Rule Engine Executor...
2023-04-10 12:55:37.073 +05:30 [VRB] Initiating Rule Engine...
2023-04-10 12:55:37.074 +05:30 [INF] RuleExecutor returned the values.

2023-04-10 12:56:35.519 +05:30 [INF] Initiating Rule Engine Executor...
2023-04-10 12:56:35.520 +05:30 [VRB] Initiating Rule Engine...
2023-04-10 12:56:35.596 +05:30 [INF] RuleExecutor returned the values.

2023-04-10 12:57:24.071 +05:30 [INF] Initiating Rule Engine Executor...
2023-04-10 12:57:24.071 +05:30 [VRB] Initiating Rule Engine...
2023-04-10 12:57:24.072 +05:30 [INF] RuleExecutor returned the values.

2023-04-10 12:59:06.000 +05:30 [INF] Application Running...
2023-04-10 12:59:15.606 +05:30 [INF] Initiating Rule Engine Executor...
2023-04-10 12:59:15.685 +05:30 [VRB] Initiating Rule Engine...
2023-04-10 12:59:15.778 +05:30 [INF] RuleExecutor returned the values.

2023-04-10 13:00:02.202 +05:30 [INF] Application Running...
2023-04-10 13:00:12.863 +05:30 [INF] Initiating Rule Engine Executor...
2023-04-10 13:00:12.940 +05:30 [VRB] Initiating Rule Engine...
2023-04-10 13:00:13.049 +05:30 [INF] RuleExecutor returned the values.

2023-04-10 13:01:40.956 +05:30 [INF] Initiating Rule Engine Executor...
2023-04-10 13:01:40.957 +05:30 [VRB] Initiating Rule Engine...
2023-04-10 13:01:41.018 +05:30 [INF] RuleExecutor returned the values.

2023-04-10 13:02:53.540 +05:30 [INF] Initiating Rule Engine Executor...
2023-04-10 13:02:53.540 +05:30 [VRB] Initiating Rule Engine...
2023-04-10 13:02:53.540 +05:30 [INF] RuleExecutor returned the values.

2023-04-10 13:03:05.700 +05:30 [INF] Initiating Rule Engine Executor...
2023-04-10 13:03:05.700 +05:30 [VRB] Initiating Rule Engine...
2023-04-10 13:03:05.701 +05:30 [INF] RuleExecutor returned the values.

2023-04-10 13:05:07.888 +05:30 [INF] Application Running...
2023-04-10 13:05:17.028 +05:30 [INF] Initiating Rule Engine Executor...
2023-04-10 13:05:17.165 +05:30 [VRB] Initiating Rule Engine...
2023-04-10 13:05:17.255 +05:30 [INF] RuleExecutor returned the values.

2023-04-10 13:06:03.259 +05:30 [INF] Application Running...
2023-04-10 13:07:09.521 +05:30 [INF] Application Running...
2023-04-10 13:07:20.042 +05:30 [INF] Initiating Rule Engine Executor...
2023-04-10 13:07:20.121 +05:30 [VRB] Initiating Rule Engine...
2023-04-10 13:07:20.213 +05:30 [INF] RuleExecutor returned the values.

2023-04-10 13:08:30.801 +05:30 [INF] Application Running...
2023-04-10 13:09:37.128 +05:30 [INF] Initiating Rule Engine Executor...
2023-04-10 13:09:37.204 +05:30 [VRB] Initiating Rule Engine...
2023-04-10 13:09:37.294 +05:30 [INF] RuleExecutor returned the values.

2023-04-10 13:11:06.019 +05:30 [INF] Application Running...
2023-04-10 13:11:34.240 +05:30 [INF] Application Running...
2023-04-10 13:11:50.296 +05:30 [INF] Initiating Rule Engine Executor...
2023-04-10 13:11:50.373 +05:30 [VRB] Initiating Rule Engine...
2023-04-10 13:11:50.492 +05:30 [INF] RuleExecutor returned the values.

2023-04-10 13:13:29.172 +05:30 [INF] Application Running...
2023-04-10 13:13:39.700 +05:30 [INF] Initiating Rule Engine Executor...
2023-04-10 13:13:39.778 +05:30 [VRB] Initiating Rule Engine...
2023-04-10 13:13:39.915 +05:30 [INF] RuleExecutor returned the values.

2023-04-10 13:14:09.245 +05:30 [INF] Application Running...
2023-04-10 13:14:19.138 +05:30 [INF] Initiating Rule Engine Executor...
2023-04-10 13:14:19.219 +05:30 [VRB] Initiating Rule Engine...
2023-04-10 13:14:19.351 +05:30 [INF] RuleExecutor returned the values.

2023-04-10 13:14:51.974 +05:30 [INF] Application Running...
2023-04-10 13:14:58.496 +05:30 [INF] Initiating Rule Engine Executor...
2023-04-10 13:14:58.578 +05:30 [VRB] Initiating Rule Engine...
2023-04-10 13:14:58.716 +05:30 [INF] RuleExecutor returned the values.

2023-04-10 13:15:20.827 +05:30 [INF] Application Running...
2023-04-10 13:15:29.208 +05:30 [INF] Initiating Rule Engine Executor...
2023-04-10 13:15:29.295 +05:30 [VRB] Initiating Rule Engine...
2023-04-10 13:15:29.449 +05:30 [INF] RuleExecutor returned the values.

2023-04-10 13:16:30.013 +05:30 [INF] Application Running...
2023-04-10 13:16:38.719 +05:30 [INF] Initiating Rule Engine Executor...
2023-04-10 13:16:38.803 +05:30 [VRB] Initiating Rule Engine...
2023-04-10 13:16:38.949 +05:30 [INF] RuleExecutor returned the values.

2023-04-10 13:24:31.760 +05:30 [INF] Application Running...
2023-04-10 13:24:48.604 +05:30 [INF] Initiating Rule Engine Executor...
2023-04-10 13:24:48.708 +05:30 [VRB] Initiating Rule Engine...
2023-04-10 13:24:48.858 +05:30 [INF] RuleExecutor returned the values.

2023-04-10 14:55:39.555 +05:30 [INF] Application Running...
2023-04-10 14:55:49.757 +05:30 [INF] ---Automation Started---
Initiating Word Application
2023-04-10 14:55:50.604 +05:30 [INF] Initiating Rule Engine Executor...
2023-04-10 14:55:50.706 +05:30 [VRB] Initiating Rule Engine...
2023-04-10 14:55:50.860 +05:30 [INF] RuleExecutor returned the values.

2023-04-10 14:55:50.912 +05:30 [INF] Author : Vishnuraj generating Detailed Report...
2023-04-10 14:55:51.159 +05:30 [VRB] Template opened.
2023-04-10 14:55:51.520 +05:30 [VRB] Fetching all TICKERS from Database for Mar 2023.
2023-04-10 14:55:51.816 +05:30 [INF] Fetched all TICKERS from Database for Mar 2023.

2023-04-10 14:55:53.864 +05:30 [INF] Binding the data in Word template...
2023-04-10 14:55:54.119 +05:30 [INF] Data binded in Content Control.
2023-04-10 14:55:55.041 +05:30 [DBG] Saving the document under directory D:\PRB.Services\PRB.Services\wwwroot\Report\ABBOTINDIA.docx...
2023-04-10 14:55:55.661 +05:30 [VRB] Exporting the document as PDF format...
2023-04-10 14:56:00.917 +05:30 [INF] Binding the data in Word template...
2023-04-10 14:56:01.056 +05:30 [INF] Data binded in Content Control.
2023-04-10 14:56:02.234 +05:30 [DBG] Saving the document under directory D:\PRB.Services\PRB.Services\wwwroot\Report\ACN.docx...
2023-04-10 14:56:02.381 +05:30 [VRB] Exporting the document as PDF format...
2023-04-10 14:56:05.688 +05:30 [INF] Binding the data in Word template...
2023-04-10 14:56:05.746 +05:30 [INF] Data binded in Content Control.
2023-04-10 14:56:06.837 +05:30 [DBG] Saving the document under directory D:\PRB.Services\PRB.Services\wwwroot\Report\ADANITRANS.docx...
2023-04-10 14:56:06.926 +05:30 [VRB] Exporting the document as PDF format...
2023-04-10 14:56:09.292 +05:30 [INF] Binding the data in Word template...
2023-04-10 14:56:09.351 +05:30 [INF] Data binded in Content Control.
2023-04-10 14:56:10.380 +05:30 [DBG] Saving the document under directory D:\PRB.Services\PRB.Services\wwwroot\Report\HDFCBANK.docx...
2023-04-10 14:56:10.458 +05:30 [VRB] Exporting the document as PDF format...
2023-04-10 14:56:12.607 +05:30 [INF] Binding the data in Word template...
2023-04-10 14:56:12.659 +05:30 [INF] Data binded in Content Control.
2023-04-10 14:56:13.674 +05:30 [DBG] Saving the document under directory D:\PRB.Services\PRB.Services\wwwroot\Report\TATAMOTORS.docx...
2023-04-10 14:56:13.753 +05:30 [VRB] Exporting the document as PDF format...
2023-04-10 14:56:16.197 +05:30 [INF] Binding the data in Word template...
2023-04-10 14:56:16.258 +05:30 [INF] Data binded in Content Control.
2023-04-10 14:56:17.259 +05:30 [DBG] Saving the document under directory D:\PRB.Services\PRB.Services\wwwroot\Report\WIPRO.docx...
2023-04-10 14:56:17.339 +05:30 [VRB] Exporting the document as PDF format...
2023-04-10 14:56:18.275 +05:30 [INF] Detailed Report generated.
2023-04-10 14:56:18.276 +05:30 [INF] Closing Word document.

2023-04-10 14:56:18.322 +05:30 [INF] Author : Vishnuraj generating Summary Report...
2023-04-10 14:56:18.456 +05:30 [VRB] Template opened.
2023-04-10 14:56:18.543 +05:30 [VRB] Fetching data for binding contents...
2023-04-10 14:56:20.319 +05:30 [INF] Binding data in Word template...
2023-04-10 14:56:20.434 +05:30 [INF] Data binded in Content Control.
2023-04-10 14:56:21.803 +05:30 [DBG] Saving the document under directory D:\PRB.Services\PRB.Services\wwwroot\Report\Summary.docx...
2023-04-10 14:56:21.902 +05:30 [VRB] Exporting the document as PDF format...
2023-04-10 14:56:22.792 +05:30 [INF] Summary Report generated.
2023-04-10 14:56:22.792 +05:30 [INF] Closing Word document.

2023-04-10 14:56:22.808 +05:30 [INF] Author : Vishnuraj generating Disclaimer Report...
2023-04-10 14:56:22.886 +05:30 [VRB] Template opened.
2023-04-10 14:56:22.906 +05:30 [VRB] Fetching commentary from database...
2023-04-10 14:56:23.140 +05:30 [INF] Binding data in Word template...
2023-04-10 14:56:23.145 +05:30 [INF] Data binded in Content Control
2023-04-10 14:56:23.145 +05:30 [DBG] Saving the document under directory D:\PRB.Services\PRB.Services\wwwroot\Report\Disclaimer.docx...
2023-04-10 14:56:23.206 +05:30 [VRB] Exporting the document as PDF format...
2023-04-10 14:56:23.302 +05:30 [INF] Disclaimer Report generated.
2023-04-10 14:56:23.302 +05:30 [INF] Closing Word document.

2023-04-10 14:56:23.317 +05:30 [INF] Author : Vishnuraj Merging all docx...
2023-04-10 14:56:23.318 +05:30 [VRB] Fetching all DOCX file paths...
2023-04-10 14:56:23.487 +05:30 [INF] Merging all DOCX file ...
2023-04-10 14:56:23.580 +05:30 [DBG] Summary.docx is merged into Document.
2023-04-10 14:56:23.626 +05:30 [DBG] ABBOTINDIA.docx is merged into Document.
2023-04-10 14:56:23.704 +05:30 [DBG] ACN.docx is merged into Document.
2023-04-10 14:56:23.786 +05:30 [DBG] ADANITRANS.docx is merged into Document.
2023-04-10 14:56:23.879 +05:30 [DBG] HDFCBANK.docx is merged into Document.
2023-04-10 14:56:23.998 +05:30 [DBG] TATAMOTORS.docx is merged into Document.
2023-04-10 14:56:24.127 +05:30 [DBG] WIPRO.docx is merged into Document.
2023-04-10 14:56:24.127 +05:30 [INF] Merged document is Protected with password
2023-04-10 14:56:24.127 +05:30 [DBG] Saving the document under directory D:\PRB.Services\PRB.Services\wwwroot\Report\.docx...
2023-04-10 14:56:24.438 +05:30 [DBG] Exporting the document as PDF format...
2023-04-10 14:56:25.441 +05:30 [INF] Closing the Word Appliction
2023-04-10 14:56:25.450 +05:30 [INF] ---Automation Terminated---

2023-04-10 14:56:53.163 +05:30 [INF] Application Running...
2023-04-10 14:57:01.607 +05:30 [INF] ---Automation Started---
Initiating Word Application
2023-04-10 14:57:01.981 +05:30 [INF] Initiating Rule Engine Executor...
2023-04-10 14:57:02.076 +05:30 [VRB] Initiating Rule Engine...
2023-04-10 14:57:02.227 +05:30 [INF] RuleExecutor returned the values.

2023-04-10 14:57:02.275 +05:30 [INF] Author : Vishnuraj generating Detailed Report...
2023-04-10 14:57:02.520 +05:30 [VRB] Template opened.
2023-04-10 14:57:02.872 +05:30 [VRB] Fetching all TICKERS from Database for Mar 2023.
2023-04-10 14:57:03.155 +05:30 [INF] Fetched all TICKERS from Database for Mar 2023.

2023-04-10 14:57:04.846 +05:30 [INF] Binding the data in Word template...
2023-04-10 14:57:05.065 +05:30 [INF] Data binded in Content Control.
2023-04-10 14:57:05.991 +05:30 [DBG] Saving the document under directory D:\PRB.Services\PRB.Services\wwwroot\Report\ABBOTINDIA.docx...
2023-04-10 14:57:06.212 +05:30 [VRB] Exporting the document as PDF format...
2023-04-10 14:57:08.812 +05:30 [INF] Binding the data in Word template...
2023-04-10 14:57:08.886 +05:30 [INF] Data binded in Content Control.
2023-04-10 14:57:09.863 +05:30 [DBG] Saving the document under directory D:\PRB.Services\PRB.Services\wwwroot\Report\ACN.docx...
2023-04-10 14:57:09.946 +05:30 [VRB] Exporting the document as PDF format...
2023-04-10 14:57:12.090 +05:30 [INF] Binding the data in Word template...
2023-04-10 14:57:12.150 +05:30 [INF] Data binded in Content Control.
2023-04-10 14:57:13.209 +05:30 [DBG] Saving the document under directory D:\PRB.Services\PRB.Services\wwwroot\Report\ADANITRANS.docx...
2023-04-10 14:57:13.290 +05:30 [VRB] Exporting the document as PDF format...
2023-04-10 14:57:15.471 +05:30 [INF] Binding the data in Word template...
2023-04-10 14:57:15.523 +05:30 [INF] Data binded in Content Control.
2023-04-10 14:57:16.599 +05:30 [DBG] Saving the document under directory D:\PRB.Services\PRB.Services\wwwroot\Report\HDFCBANK.docx...
2023-04-10 14:57:16.677 +05:30 [VRB] Exporting the document as PDF format...
2023-04-10 14:57:18.847 +05:30 [INF] Binding the data in Word template...
2023-04-10 14:57:18.902 +05:30 [INF] Data binded in Content Control.
2023-04-10 14:57:20.020 +05:30 [DBG] Saving the document under directory D:\PRB.Services\PRB.Services\wwwroot\Report\TATAMOTORS.docx...
2023-04-10 14:57:20.095 +05:30 [VRB] Exporting the document as PDF format...
2023-04-10 14:57:22.230 +05:30 [INF] Binding the data in Word template...
2023-04-10 14:57:22.293 +05:30 [INF] Data binded in Content Control.
2023-04-10 14:57:23.329 +05:30 [DBG] Saving the document under directory D:\PRB.Services\PRB.Services\wwwroot\Report\WIPRO.docx...
2023-04-10 14:57:23.412 +05:30 [VRB] Exporting the document as PDF format...
2023-04-10 14:57:24.331 +05:30 [INF] Detailed Report generated.
2023-04-10 14:57:24.331 +05:30 [INF] Closing Word document.

2023-04-10 14:57:24.363 +05:30 [INF] Author : Vishnuraj generating Summary Report...
2023-04-10 14:57:24.507 +05:30 [VRB] Template opened.
2023-04-10 14:57:24.602 +05:30 [VRB] Fetching data for binding contents...
2023-04-10 14:57:26.687 +05:30 [INF] Binding data in Word template...
2023-04-10 14:57:26.698 +05:30 [INF] Data binded in Content Control.
2023-04-10 14:57:28.123 +05:30 [DBG] Saving the document under directory D:\PRB.Services\PRB.Services\wwwroot\Report\Summary.docx...
2023-04-10 14:57:28.237 +05:30 [VRB] Exporting the document as PDF format...
2023-04-10 14:57:29.224 +05:30 [INF] Summary Report generated.
2023-04-10 14:57:29.224 +05:30 [INF] Closing Word document.

2023-04-10 14:57:29.238 +05:30 [INF] Author : Vishnuraj Merging all docx...
2023-04-10 14:57:29.239 +05:30 [VRB] Fetching all DOCX file paths...
2023-04-10 14:57:29.396 +05:30 [INF] Merging all DOCX file ...
2023-04-10 14:57:29.498 +05:30 [DBG] Summary.docx is merged into Document.
2023-04-10 14:57:29.550 +05:30 [DBG] ABBOTINDIA.docx is merged into Document.
2023-04-10 14:57:29.619 +05:30 [DBG] ACN.docx is merged into Document.
2023-04-10 14:57:29.703 +05:30 [DBG] ADANITRANS.docx is merged into Document.
2023-04-10 14:57:29.794 +05:30 [DBG] HDFCBANK.docx is merged into Document.
2023-04-10 14:57:29.914 +05:30 [DBG] TATAMOTORS.docx is merged into Document.
2023-04-10 14:57:30.064 +05:30 [DBG] WIPRO.docx is merged into Document.
2023-04-10 14:57:30.064 +05:30 [INF] Merged document is Protected with password
2023-04-10 14:57:30.064 +05:30 [DBG] Saving the document under directory D:\PRB.Services\PRB.Services\wwwroot\Report\.docx...
2023-04-10 14:57:30.804 +05:30 [DBG] Exporting the document as PDF format...
2023-04-10 14:57:31.437 +05:30 [INF] Closing the Word Appliction
2023-04-10 14:57:31.439 +05:30 [INF] ---Automation Terminated---

2023-04-10 14:58:02.111 +05:30 [INF] Application Running...
2023-04-10 14:58:11.536 +05:30 [INF] ---Automation Started---
Initiating Word Application
2023-04-10 14:58:11.851 +05:30 [INF] Initiating Rule Engine Executor...
2023-04-10 14:58:11.930 +05:30 [VRB] Initiating Rule Engine...
2023-04-10 14:58:12.068 +05:30 [INF] RuleExecutor returned the values.

2023-04-10 14:58:12.104 +05:30 [INF] Author : Vishnuraj generating Summary Report...
2023-04-10 14:58:12.314 +05:30 [VRB] Template opened.
2023-04-10 14:58:12.561 +05:30 [VRB] Fetching data for binding contents...
2023-04-10 14:58:14.720 +05:30 [INF] Binding data in Word template...
2023-04-10 14:58:14.852 +05:30 [INF] Data binded in Content Control.
2023-04-10 14:58:16.485 +05:30 [DBG] Saving the document under directory D:\PRB.Services\PRB.Services\wwwroot\Report\Summary.docx...
2023-04-10 14:58:16.664 +05:30 [VRB] Exporting the document as PDF format...
2023-04-10 14:58:18.028 +05:30 [INF] Summary Report generated.
2023-04-10 14:58:18.028 +05:30 [INF] Closing Word document.

2023-04-10 14:58:18.055 +05:30 [INF] Author : Vishnuraj Merging all docx...
2023-04-10 14:58:18.056 +05:30 [VRB] Fetching all DOCX file paths...
2023-04-10 14:58:18.311 +05:30 [INF] Merging all DOCX file ...
2023-04-10 14:58:18.400 +05:30 [DBG] Summary.docx is merged into Document.
2023-04-10 14:58:18.445 +05:30 [DBG] ABBOTINDIA.docx is merged into Document.
2023-04-10 14:58:18.537 +05:30 [DBG] ACN.docx is merged into Document.
2023-04-10 14:58:18.630 +05:30 [DBG] ADANITRANS.docx is merged into Document.
2023-04-10 14:58:18.737 +05:30 [DBG] HDFCBANK.docx is merged into Document.
2023-04-10 14:58:18.848 +05:30 [DBG] TATAMOTORS.docx is merged into Document.
2023-04-10 14:58:18.893 +05:30 [DBG] WIPRO.docx is merged into Document.
2023-04-10 14:58:18.893 +05:30 [INF] Merged document is Protected with password
2023-04-10 14:58:18.893 +05:30 [DBG] Saving the document under directory D:\PRB.Services\PRB.Services\wwwroot\Report\.docx...
2023-04-10 14:58:19.211 +05:30 [DBG] Exporting the document as PDF format...
2023-04-10 14:58:19.884 +05:30 [INF] Closing the Word Appliction
2023-04-10 14:58:19.885 +05:30 [INF] ---Automation Terminated---

2023-04-10 14:58:36.975 +05:30 [INF] Application Running...
2023-04-10 14:58:43.877 +05:30 [INF] ---Automation Started---
Initiating Word Application
2023-04-10 14:58:44.205 +05:30 [INF] Initiating Rule Engine Executor...
2023-04-10 14:58:44.296 +05:30 [VRB] Initiating Rule Engine...
2023-04-10 14:58:44.429 +05:30 [INF] RuleExecutor returned the values.

2023-04-10 14:58:44.463 +05:30 [INF] Author : Vishnuraj generating Disclaimer Report...
2023-04-10 14:58:44.597 +05:30 [VRB] Template opened.
2023-04-10 14:58:44.746 +05:30 [VRB] Fetching commentary from database...
2023-04-10 14:58:44.992 +05:30 [INF] Binding data in Word template...
2023-04-10 14:58:44.997 +05:30 [INF] Data binded in Content Control
2023-04-10 14:58:44.997 +05:30 [DBG] Saving the document under directory D:\PRB.Services\PRB.Services\wwwroot\Report\Disclaimer.docx...
2023-04-10 14:58:45.103 +05:30 [VRB] Exporting the document as PDF format...
2023-04-10 14:58:45.344 +05:30 [INF] Disclaimer Report generated.
2023-04-10 14:58:45.344 +05:30 [INF] Closing Word document.

2023-04-10 14:58:45.367 +05:30 [INF] Author : Vishnuraj Merging all docx...
2023-04-10 14:58:45.369 +05:30 [VRB] Fetching all DOCX file paths...
2023-04-10 14:58:45.497 +05:30 [INF] Merging all DOCX file ...
2023-04-10 14:58:45.590 +05:30 [DBG] Summary.docx is merged into Document.
2023-04-10 14:58:45.628 +05:30 [DBG] ABBOTINDIA.docx is merged into Document.
2023-04-10 14:58:45.703 +05:30 [DBG] ACN.docx is merged into Document.
2023-04-10 14:58:45.780 +05:30 [DBG] ADANITRANS.docx is merged into Document.
2023-04-10 14:58:45.875 +05:30 [DBG] HDFCBANK.docx is merged into Document.
2023-04-10 14:58:45.981 +05:30 [DBG] TATAMOTORS.docx is merged into Document.
2023-04-10 14:58:46.090 +05:30 [DBG] WIPRO.docx is merged into Document.
2023-04-10 14:58:46.090 +05:30 [INF] Merged document is Protected with password
2023-04-10 14:58:46.090 +05:30 [DBG] Saving the document under directory D:\PRB.Services\PRB.Services\wwwroot\Report\.docx...
2023-04-10 14:58:46.412 +05:30 [DBG] Exporting the document as PDF format...
2023-04-10 14:58:47.116 +05:30 [INF] Closing the Word Appliction
2023-04-10 14:58:47.117 +05:30 [INF] ---Automation Terminated---

2023-04-10 15:26:54.525 +05:30 [INF] Application Running...
2023-04-10 15:27:03.191 +05:30 [INF] ---Automation Started---
Initiating Word Application
2023-04-10 15:27:11.768 +05:30 [INF] Initiating Rule Engine Executor...
2023-04-10 15:27:11.867 +05:30 [VRB] Initiating Rule Engine...
2023-04-10 15:27:12.019 +05:30 [INF] RuleExecutor returned the values.

2023-04-10 15:27:21.410 +05:30 [INF] Author : Vishnuraj generating Disclaimer Report...
2023-04-10 15:27:27.892 +05:30 [VRB] Template opened.
2023-04-10 15:27:28.103 +05:30 [VRB] Fetching commentary from database...
2023-04-10 15:27:28.354 +05:30 [INF] Binding data in Word template...
2023-04-10 15:27:28.392 +05:30 [INF] Data binded in Content Control
2023-04-10 15:27:28.392 +05:30 [DBG] Saving the document under directory D:\PRB.Services\PRB.Services\wwwroot\Report\Disclaimer.docx...
2023-04-10 15:27:28.620 +05:30 [VRB] Exporting the document as PDF format...
2023-04-10 15:27:28.895 +05:30 [INF] Disclaimer Report generated.
2023-04-10 15:27:28.895 +05:30 [INF] Closing Word document.

2023-04-10 15:27:30.911 +05:30 [INF] Author : Vishnuraj Merging all docx...
2023-04-10 15:27:30.913 +05:30 [VRB] Fetching all DOCX file paths...
2023-04-10 15:27:31.139 +05:30 [INF] Merging all DOCX file ...
2023-04-10 15:27:31.343 +05:30 [DBG] Summary.docx is merged into Document.
2023-04-10 15:27:31.385 +05:30 [DBG] ABBOTINDIA.docx is merged into Document.
2023-04-10 15:27:31.457 +05:30 [DBG] ACN.docx is merged into Document.
2023-04-10 15:27:31.541 +05:30 [DBG] ADANITRANS.docx is merged into Document.
2023-04-10 15:27:31.637 +05:30 [DBG] HDFCBANK.docx is merged into Document.
2023-04-10 15:27:31.736 +05:30 [DBG] TATAMOTORS.docx is merged into Document.
2023-04-10 15:27:31.849 +05:30 [DBG] WIPRO.docx is merged into Document.
2023-04-10 15:27:31.849 +05:30 [INF] Merged document is Protected with password
2023-04-10 15:27:31.849 +05:30 [DBG] Saving the document under directory D:\PRB.Services\PRB.Services\wwwroot\Report\.docx...
2023-04-10 15:27:32.149 +05:30 [DBG] Exporting the document as PDF format...
2023-04-10 15:27:33.010 +05:30 [INF] Closing the Word Appliction
2023-04-10 15:27:33.012 +05:30 [INF] ---Automation Terminated---

2023-04-10 15:28:18.163 +05:30 [INF] Application Running...
2023-04-10 15:28:25.633 +05:30 [INF] ---Automation Started---
Initiating Word Application
2023-04-10 15:36:53.421 +05:30 [INF] Initiating Rule Engine Executor...
2023-04-10 15:36:53.552 +05:30 [VRB] Initiating Rule Engine...
2023-04-10 15:36:53.704 +05:30 [INF] RuleExecutor returned the values.

2023-04-10 15:37:45.714 +05:30 [INF] Application Running...
2023-04-10 15:37:53.125 +05:30 [INF] ---Automation Started---
Initiating Word Application
2023-04-10 15:37:55.338 +05:30 [INF] Initiating Rule Engine Executor...
2023-04-10 15:37:55.417 +05:30 [VRB] Initiating Rule Engine...
2023-04-10 15:37:55.552 +05:30 [INF] RuleExecutor returned the values.

2023-04-10 15:38:35.841 +05:30 [INF] Application Running...
2023-04-10 15:38:49.676 +05:30 [INF] ---Automation Started---
Initiating Word Application
2023-04-10 15:38:51.759 +05:30 [INF] Initiating Rule Engine Executor...
2023-04-10 15:38:51.835 +05:30 [VRB] Initiating Rule Engine...
2023-04-10 15:38:51.974 +05:30 [INF] RuleExecutor returned the values.

2023-04-10 15:38:56.518 +05:30 [INF] Author : Vishnuraj generating Detailed Report...
2023-04-10 15:38:56.725 +05:30 [VRB] Template opened.
2023-04-10 15:38:57.090 +05:30 [VRB] Fetching all TICKERS from Database for Mar 2023.
2023-04-10 15:38:57.389 +05:30 [INF] Fetched all TICKERS from Database for Mar 2023.

2023-04-10 15:38:59.286 +05:30 [INF] Binding the data in Word template...
2023-04-10 15:38:59.538 +05:30 [INF] Data binded in Content Control.
2023-04-10 15:39:00.473 +05:30 [DBG] Saving the document under directory D:\PRB.Services\PRB.Services\wwwroot\Report\ABBOTINDIA.docx...
2023-04-10 15:39:00.667 +05:30 [VRB] Exporting the document as PDF format...
2023-04-10 15:39:03.457 +05:30 [INF] Binding the data in Word template...
2023-04-10 15:39:03.525 +05:30 [INF] Data binded in Content Control.
2023-04-10 15:39:04.558 +05:30 [DBG] Saving the document under directory D:\PRB.Services\PRB.Services\wwwroot\Report\ACN.docx...
2023-04-10 15:39:04.672 +05:30 [VRB] Exporting the document as PDF format...
2023-04-10 15:39:06.831 +05:30 [INF] Binding the data in Word template...
2023-04-10 15:39:06.895 +05:30 [INF] Data binded in Content Control.
2023-04-10 15:39:07.966 +05:30 [DBG] Saving the document under directory D:\PRB.Services\PRB.Services\wwwroot\Report\ADANITRANS.docx...
2023-04-10 15:39:08.058 +05:30 [VRB] Exporting the document as PDF format...
2023-04-10 15:39:10.143 +05:30 [INF] Binding the data in Word template...
2023-04-10 15:39:10.730 +05:30 [INF] Data binded in Content Control.
2023-04-10 15:39:11.806 +05:30 [DBG] Saving the document under directory D:\PRB.Services\PRB.Services\wwwroot\Report\HDFCBANK.docx...
2023-04-10 15:39:11.923 +05:30 [VRB] Exporting the document as PDF format...
2023-04-10 15:39:14.038 +05:30 [INF] Binding the data in Word template...
2023-04-10 15:39:14.093 +05:30 [INF] Data binded in Content Control.
2023-04-10 15:39:15.201 +05:30 [DBG] Saving the document under directory D:\PRB.Services\PRB.Services\wwwroot\Report\TATAMOTORS.docx...
2023-04-10 15:39:15.287 +05:30 [VRB] Exporting the document as PDF format...
2023-04-10 15:39:17.379 +05:30 [INF] Binding the data in Word template...
2023-04-10 15:39:17.432 +05:30 [INF] Data binded in Content Control.
2023-04-10 15:39:18.525 +05:30 [DBG] Saving the document under directory D:\PRB.Services\PRB.Services\wwwroot\Report\WIPRO.docx...
2023-04-10 15:39:18.615 +05:30 [VRB] Exporting the document as PDF format...
2023-04-10 15:39:19.512 +05:30 [INF] Detailed Report generated.
2023-04-10 15:39:19.512 +05:30 [INF] Closing Word document.

2023-04-10 15:39:19.548 +05:30 [INF] Author : Vishnuraj generating Summary Report...
2023-04-10 15:39:19.684 +05:30 [VRB] Template opened.
2023-04-10 15:39:19.781 +05:30 [VRB] Fetching data for binding contents...
2023-04-10 15:39:21.647 +05:30 [INF] Binding data in Word template...
2023-04-10 15:39:21.658 +05:30 [INF] Data binded in Content Control.
2023-04-10 15:39:23.030 +05:30 [DBG] Saving the document under directory D:\PRB.Services\PRB.Services\wwwroot\Report\Summary.docx...
2023-04-10 15:39:23.123 +05:30 [VRB] Exporting the document as PDF format...
2023-04-10 15:39:23.995 +05:30 [INF] Summary Report generated.
2023-04-10 15:39:23.996 +05:30 [INF] Closing Word document.

2023-04-10 15:39:24.010 +05:30 [INF] Author : Vishnuraj Merging all docx...
2023-04-10 15:39:24.012 +05:30 [VRB] Fetching all DOCX file paths...
2023-04-10 15:39:24.203 +05:30 [INF] Merging all DOCX file ...
2023-04-10 15:39:24.297 +05:30 [DBG] Summary.docx is merged into Document.
2023-04-10 15:39:24.358 +05:30 [DBG] ABBOTINDIA.docx is merged into Document.
2023-04-10 15:39:24.429 +05:30 [DBG] ACN.docx is merged into Document.
2023-04-10 15:39:24.517 +05:30 [DBG] ADANITRANS.docx is merged into Document.
2023-04-10 15:39:24.614 +05:30 [DBG] HDFCBANK.docx is merged into Document.
2023-04-10 15:39:24.712 +05:30 [DBG] TATAMOTORS.docx is merged into Document.
2023-04-10 15:39:24.829 +05:30 [DBG] WIPRO.docx is merged into Document.
2023-04-10 15:39:24.829 +05:30 [INF] Merged document is Protected with password
2023-04-10 15:39:24.829 +05:30 [DBG] Saving the document under directory D:\PRB.Services\PRB.Services\wwwroot\Report\.docx...
2023-04-10 15:39:25.124 +05:30 [DBG] Exporting the document as PDF format...
2023-04-10 15:39:25.792 +05:30 [INF] Closing the Word Appliction
2023-04-10 15:39:25.797 +05:30 [INF] ---Automation Terminated---

2023-04-10 15:41:24.657 +05:30 [INF] Application Running...
2023-04-10 15:41:32.822 +05:30 [INF] ---Automation Started---
Initiating Word Application
2023-04-10 15:41:33.255 +05:30 [INF] Initiating Rule Engine Executor...
2023-04-10 15:41:33.334 +05:30 [VRB] Initiating Rule Engine...
2023-04-10 15:41:33.476 +05:30 [INF] RuleExecutor returned the values.

2023-04-10 15:51:45.579 +05:30 [INF] Application Running...
2023-04-10 15:52:18.116 +05:30 [INF] ---Automation Started---
Initiating Word Application
2023-04-10 15:52:18.580 +05:30 [INF] Initiating Rule Engine Executor...
2023-04-10 15:52:18.704 +05:30 [VRB] Initiating Rule Engine...
2023-04-10 15:52:18.867 +05:30 [INF] RuleExecutor returned the values.

2023-04-10 15:52:18.916 +05:30 [INF] Author : Vishnuraj generating Detailed Report...
2023-04-10 15:52:19.675 +05:30 [VRB] Template opened.
2023-04-10 15:54:39.692 +05:30 [INF] Application Running...
2023-04-10 15:54:48.860 +05:30 [INF] ---Automation Started---
Initiating Word Application
2023-04-10 15:54:49.325 +05:30 [INF] Initiating Rule Engine Executor...
2023-04-10 15:54:49.420 +05:30 [VRB] Initiating Rule Engine...
2023-04-10 15:54:49.581 +05:30 [INF] RuleExecutor returned the values.

2023-04-10 15:54:49.658 +05:30 [INF] Author : Vishnuraj generating Detailed Report...
2023-04-10 15:54:50.262 +05:30 [VRB] Template opened.
2023-04-10 15:55:01.189 +05:30 [VRB] Fetching all TICKERS from Database for Mar 2023.
2023-04-10 15:55:01.560 +05:30 [INF] Fetched all TICKERS from Database for Mar 2023.

2023-04-10 15:55:09.761 +05:30 [INF] Binding the data in Word template...
2023-04-10 15:55:10.038 +05:30 [INF] Data binded in Content Control.
2023-04-10 15:55:11.021 +05:30 [DBG] Saving the document under directory D:\PRB.Services\PRB.Services\wwwroot\Report\ABBOTINDIA.docx...
2023-04-10 15:55:11.287 +05:30 [VRB] Exporting the document as PDF format...
2023-04-10 15:55:14.983 +05:30 [INF] Binding the data in Word template...
2023-04-10 15:55:15.092 +05:30 [INF] Data binded in Content Control.
2023-04-10 15:55:16.080 +05:30 [DBG] Saving the document under directory D:\PRB.Services\PRB.Services\wwwroot\Report\ACN.docx...
2023-04-10 15:55:16.177 +05:30 [VRB] Exporting the document as PDF format...
2023-04-10 15:55:18.329 +05:30 [INF] Binding the data in Word template...
2023-04-10 15:55:18.383 +05:30 [INF] Data binded in Content Control.
2023-04-10 15:55:19.386 +05:30 [DBG] Saving the document under directory D:\PRB.Services\PRB.Services\wwwroot\Report\ADANITRANS.docx...
2023-04-10 15:55:19.467 +05:30 [VRB] Exporting the document as PDF format...
2023-04-10 15:55:21.633 +05:30 [INF] Binding the data in Word template...
2023-04-10 15:55:21.682 +05:30 [INF] Data binded in Content Control.
2023-04-10 15:55:22.697 +05:30 [DBG] Saving the document under directory D:\PRB.Services\PRB.Services\wwwroot\Report\HDFCBANK.docx...
2023-04-10 15:55:22.777 +05:30 [VRB] Exporting the document as PDF format...
2023-04-10 15:55:24.952 +05:30 [INF] Binding the data in Word template...
2023-04-10 15:55:25.001 +05:30 [INF] Data binded in Content Control.
2023-04-10 15:55:26.019 +05:30 [DBG] Saving the document under directory D:\PRB.Services\PRB.Services\wwwroot\Report\TATAMOTORS.docx...
2023-04-10 15:55:26.295 +05:30 [VRB] Exporting the document as PDF format...
2023-04-10 15:55:28.472 +05:30 [INF] Binding the data in Word template...
2023-04-10 15:55:28.523 +05:30 [INF] Data binded in Content Control.
2023-04-10 15:55:29.530 +05:30 [DBG] Saving the document under directory D:\PRB.Services\PRB.Services\wwwroot\Report\WIPRO.docx...
2023-04-10 15:55:29.617 +05:30 [VRB] Exporting the document as PDF format...
2023-04-10 15:55:30.681 +05:30 [INF] Detailed Report generated.
2023-04-10 15:55:30.681 +05:30 [INF] Closing Word document.

2023-04-10 15:55:30.715 +05:30 [INF] Author : Vishnuraj generating Summary Report...
2023-04-10 15:55:30.841 +05:30 [VRB] Template opened.
2023-04-10 15:55:30.927 +05:30 [VRB] Fetching data for binding contents...
2023-04-10 15:55:32.707 +05:30 [INF] Binding data in Word template...
2023-04-10 15:55:32.717 +05:30 [INF] Data binded in Content Control.
2023-04-10 15:55:34.071 +05:30 [DBG] Saving the document under directory D:\PRB.Services\PRB.Services\wwwroot\Report\Summary.docx...
2023-04-10 15:55:34.166 +05:30 [VRB] Exporting the document as PDF format...
2023-04-10 15:55:35.129 +05:30 [INF] Summary Report generated.
2023-04-10 15:55:35.129 +05:30 [INF] Closing Word document.

2023-04-10 15:55:35.153 +05:30 [INF] Author : Vishnuraj Merging all docx...
2023-04-10 15:55:35.155 +05:30 [VRB] Fetching all DOCX file paths...
2023-04-10 15:55:35.325 +05:30 [INF] Merging all DOCX file ...
2023-04-10 15:55:35.435 +05:30 [DBG] Summary.docx is merged into Document.
2023-04-10 15:55:35.480 +05:30 [DBG] ABBOTINDIA.docx is merged into Document.
2023-04-10 15:55:35.557 +05:30 [DBG] ACN.docx is merged into Document.
2023-04-10 15:55:35.640 +05:30 [DBG] ADANITRANS.docx is merged into Document.
2023-04-10 15:55:35.734 +05:30 [DBG] HDFCBANK.docx is merged into Document.
2023-04-10 15:55:35.853 +05:30 [DBG] TATAMOTORS.docx is merged into Document.
2023-04-10 15:55:35.973 +05:30 [DBG] WIPRO.docx is merged into Document.
2023-04-10 15:55:35.973 +05:30 [INF] Merged document is Protected with password
2023-04-10 15:55:35.973 +05:30 [DBG] Saving the document under directory D:\PRB.Services\PRB.Services\wwwroot\Report\.docx...
2023-04-10 15:55:36.286 +05:30 [DBG] Exporting the document as PDF format...
2023-04-10 15:55:36.953 +05:30 [INF] Closing the Word Appliction
2023-04-10 15:55:36.958 +05:30 [INF] ---Automation Terminated---

2023-04-10 15:55:49.140 +05:30 [INF] Application Running...
2023-04-10 15:55:56.507 +05:30 [INF] ---Automation Started---
Initiating Word Application
2023-04-10 15:55:57.023 +05:30 [INF] Initiating Rule Engine Executor...
2023-04-10 15:55:57.128 +05:30 [VRB] Initiating Rule Engine...
2023-04-10 15:55:57.327 +05:30 [INF] RuleExecutor returned the values.

2023-04-10 15:55:57.378 +05:30 [INF] Author : Vishnuraj generating Detailed Report...
2023-04-10 15:55:57.582 +05:30 [VRB] Template opened.
2023-04-10 15:56:10.013 +05:30 [INF] Binding the data in Word template...
2023-04-10 15:56:10.233 +05:30 [INF] Data binded in Content Control.
2023-04-10 15:56:11.431 +05:30 [DBG] Saving the document under directory D:\PRB.Services\PRB.Services\wwwroot\Report\ACN.docx...
2023-04-10 15:56:11.695 +05:30 [VRB] Exporting the document as PDF format...
2023-04-10 15:56:13.415 +05:30 [INF] Detailed Report generated.
2023-04-10 15:56:13.415 +05:30 [INF] Closing Word document.

2023-04-10 15:56:13.447 +05:30 [INF] Author : Vishnuraj generating Summary Report...
2023-04-10 15:56:13.582 +05:30 [VRB] Template opened.
2023-04-10 15:56:13.682 +05:30 [VRB] Fetching data for binding contents...
2023-04-10 15:56:15.626 +05:30 [INF] Binding data in Word template...
2023-04-10 15:56:15.640 +05:30 [INF] Data binded in Content Control.
2023-04-10 15:56:17.020 +05:30 [DBG] Saving the document under directory D:\PRB.Services\PRB.Services\wwwroot\Report\Summary.docx...
2023-04-10 15:56:17.105 +05:30 [VRB] Exporting the document as PDF format...
2023-04-10 15:56:18.171 +05:30 [INF] Summary Report generated.
2023-04-10 15:56:18.171 +05:30 [INF] Closing Word document.

2023-04-10 15:56:18.190 +05:30 [INF] Author : Vishnuraj Merging all docx...
2023-04-10 15:56:18.193 +05:30 [VRB] Fetching all DOCX file paths...
2023-04-10 15:56:18.371 +05:30 [INF] Merging all DOCX file ...
2023-04-10 15:56:18.470 +05:30 [DBG] Summary.docx is merged into Document.
2023-04-10 15:56:18.516 +05:30 [DBG] ABBOTINDIA.docx is merged into Document.
2023-04-10 15:56:18.590 +05:30 [DBG] ACN.docx is merged into Document.
2023-04-10 15:56:18.683 +05:30 [DBG] ADANITRANS.docx is merged into Document.
2023-04-10 15:56:18.776 +05:30 [DBG] HDFCBANK.docx is merged into Document.
2023-04-10 15:56:18.882 +05:30 [DBG] TATAMOTORS.docx is merged into Document.
2023-04-10 15:56:19.018 +05:30 [DBG] WIPRO.docx is merged into Document.
2023-04-10 15:56:19.018 +05:30 [INF] Merged document is Protected with password
2023-04-10 15:56:19.018 +05:30 [DBG] Saving the document under directory D:\PRB.Services\PRB.Services\wwwroot\Report\.docx...
2023-04-10 15:56:19.326 +05:30 [DBG] Exporting the document as PDF format...
2023-04-10 15:56:19.995 +05:30 [INF] Closing the Word Appliction
2023-04-10 15:56:19.997 +05:30 [INF] ---Automation Terminated---

2023-04-10 16:10:36.750 +05:30 [INF] Application Running...
2023-04-10 16:29:56.058 +05:30 [INF] Application Running...
