2023-04-11 17:46:36.594 +05:30 [INF] Application Running...
2023-04-11 17:46:52.406 +05:30 [VRB] Fetching Username and Role Code... 
2023-04-11 17:46:55.909 +05:30 [INF] raj@gmail.com logging in.

2023-04-11 17:46:55.921 +05:30 [VRB] Fetching Username and Role Code... 
2023-04-11 17:46:55.933 +05:30 [VRB] Fetching all Reports from Database.
2023-04-11 17:46:55.934 +05:30 [INF] Initiating Rule Engine Executor...
2023-04-11 17:46:56.032 +05:30 [VRB] Initiating Rule Engine...
2023-04-11 17:46:56.157 +05:30 [INF] raj@gmail.com logging in.

2023-04-11 17:46:56.161 +05:30 [VRB] Fetching Username and Role Code... 
2023-04-11 17:46:56.201 +05:30 [INF] RuleExecutor returned the values.

2023-04-11 17:46:56.394 +05:30 [INF] raj@gmail.com logging in.

2023-04-11 17:46:56.397 +05:30 [VRB] Fetching Username and Role Code... 
2023-04-11 17:46:56.624 +05:30 [INF] raj@gmail.com logging in.

2023-04-11 17:46:57.214 +05:30 [INF] Reports Fetched.

2023-04-11 17:47:05.640 +05:30 [VRB] Fetching report status.
2023-04-11 17:47:05.640 +05:30 [VRB] Fetching all TICKERS from Database for Jan 2023.
2023-04-11 17:47:05.874 +05:30 [INF] Report statusC .

2023-04-11 17:47:05.886 +05:30 [INF] Fetched all TICKERS from Database for Jan 2023.

2023-04-11 17:47:05.890 +05:30 [VRB] Fetching all PDF file name and Paths...
2023-04-11 17:47:09.251 +05:30 [VRB] Fetching report status.
2023-04-11 17:47:09.251 +05:30 [VRB] Fetching all TICKERS from Database for Mar 2023.
2023-04-11 17:47:09.497 +05:30 [WRN]  value is null here.
2023-04-11 17:47:09.497 +05:30 [INF] Fetched all TICKERS from Database for Mar 2023.

2023-04-11 17:47:09.506 +05:30 [VRB] Fetching all PDF file name and Paths...
2023-04-11 17:47:56.950 +05:30 [VRB] Fetching all TICKERS from Database for Feb 2023.
2023-04-11 17:47:56.954 +05:30 [VRB] Fetching report status.
2023-04-11 17:47:57.187 +05:30 [INF] Fetched all TICKERS from Database for Feb 2023.

2023-04-11 17:47:57.190 +05:30 [INF] Report statusC .

2023-04-11 17:47:57.205 +05:30 [VRB] Fetching all PDF file name and Paths...
2023-04-11 17:47:59.467 +05:30 [VRB] Fetching all TICKERS from Database for Jan 2023.
2023-04-11 17:47:59.467 +05:30 [VRB] Fetching report status.
2023-04-11 17:47:59.697 +05:30 [INF] Report statusC .

2023-04-11 17:47:59.698 +05:30 [INF] Fetched all TICKERS from Database for Jan 2023.

2023-04-11 17:47:59.702 +05:30 [VRB] Fetching all PDF file name and Paths...
2023-04-11 17:48:02.803 +05:30 [VRB] Fetching report status.
2023-04-11 17:48:02.803 +05:30 [VRB] Fetching all TICKERS from Database for Mar 2023.
2023-04-11 17:48:03.037 +05:30 [WRN]  value is null here.
2023-04-11 17:48:03.037 +05:30 [INF] Fetched all TICKERS from Database for Mar 2023.

2023-04-11 17:48:03.042 +05:30 [VRB] Fetching all PDF file name and Paths...
2023-04-11 17:50:22.666 +05:30 [INF] Application Running...
2023-04-11 17:50:32.072 +05:30 [VRB] Fetching all Reports from Database.
2023-04-11 17:50:32.072 +05:30 [VRB] Fetching all Reports from Database.
2023-04-11 17:50:32.089 +05:30 [INF] Initiating Rule Engine Executor...
2023-04-11 17:50:32.089 +05:30 [INF] Initiating Rule Engine Executor...
2023-04-11 17:50:32.180 +05:30 [VRB] Initiating Rule Engine...
2023-04-11 17:50:32.180 +05:30 [VRB] Initiating Rule Engine...
2023-04-11 17:50:32.352 +05:30 [INF] RuleExecutor returned the values.

2023-04-11 17:50:32.352 +05:30 [INF] RuleExecutor returned the values.

2023-04-11 17:50:34.935 +05:30 [INF] Reports Fetched.

2023-04-11 17:50:35.763 +05:30 [INF] Reports Fetched.

2023-04-11 17:50:37.161 +05:30 [VRB] Fetching report status.
2023-04-11 17:50:37.161 +05:30 [VRB] Fetching all TICKERS from Database for Jan 2023.
2023-04-11 17:50:37.495 +05:30 [INF] Report statusC .

2023-04-11 17:50:37.495 +05:30 [INF] Fetched all TICKERS from Database for Jan 2023.

2023-04-11 17:50:37.509 +05:30 [VRB] Fetching all PDF file name and Paths...
2023-04-11 17:50:39.236 +05:30 [VRB] Fetching report status.
2023-04-11 17:50:39.236 +05:30 [VRB] Fetching all TICKERS from Database for Mar 2023.
2023-04-11 17:50:39.469 +05:30 [INF] Fetched all TICKERS from Database for Mar 2023.

2023-04-11 17:50:39.469 +05:30 [WRN]  value is null here.
2023-04-11 17:50:39.483 +05:30 [VRB] Fetching all PDF file name and Paths...
2023-04-11 17:50:50.573 +05:30 [VRB] Fetching report status.
2023-04-11 17:50:50.573 +05:30 [VRB] Fetching all TICKERS from Database for Feb 2023.
2023-04-11 17:50:50.807 +05:30 [INF] Report statusC .

2023-04-11 17:50:50.808 +05:30 [INF] Fetched all TICKERS from Database for Feb 2023.

2023-04-11 17:50:50.812 +05:30 [VRB] Fetching all PDF file name and Paths...
2023-04-11 17:50:53.363 +05:30 [VRB] Fetching report status.
2023-04-11 17:50:53.363 +05:30 [VRB] Fetching all TICKERS from Database for Mar 2023.
2023-04-11 17:50:53.594 +05:30 [INF] Fetched all TICKERS from Database for Mar 2023.

2023-04-11 17:50:53.595 +05:30 [WRN]  value is null here.
2023-04-11 17:50:53.599 +05:30 [VRB] Fetching all PDF file name and Paths...
2023-04-11 17:54:11.728 +05:30 [VRB] Fetching report status.
2023-04-11 17:54:11.958 +05:30 [WRN]  value is null here.
2023-04-11 17:57:31.984 +05:30 [VRB] Fetching all Reports from Database.
2023-04-11 17:57:31.987 +05:30 [INF] Initiating Rule Engine Executor...
2023-04-11 17:57:31.987 +05:30 [VRB] Initiating Rule Engine...
2023-04-11 17:57:31.988 +05:30 [INF] RuleExecutor returned the values.

2023-04-11 17:57:32.229 +05:30 [INF] Reports Fetched.

2023-04-11 17:57:35.470 +05:30 [VRB] Fetching report status.
2023-04-11 17:57:35.470 +05:30 [VRB] Fetching all TICKERS from Database for Mar 2023.
2023-04-11 17:57:35.700 +05:30 [INF] Fetched all TICKERS from Database for Mar 2023.

2023-04-11 17:57:36.591 +05:30 [WRN]  value is null here.
2023-04-11 18:00:57.078 +05:30 [VRB] Fetching all Reports from Database.
2023-04-11 18:00:57.082 +05:30 [INF] Initiating Rule Engine Executor...
2023-04-11 18:00:57.082 +05:30 [VRB] Initiating Rule Engine...
2023-04-11 18:00:57.082 +05:30 [INF] RuleExecutor returned the values.

2023-04-11 18:00:57.306 +05:30 [INF] Reports Fetched.

2023-04-11 18:00:59.309 +05:30 [VRB] Fetching all TICKERS from Database for Mar 2023.
2023-04-11 18:00:59.309 +05:30 [VRB] Fetching report status.
2023-04-11 18:00:59.538 +05:30 [WRN]  value is null here.
2023-04-11 18:00:59.539 +05:30 [INF] Fetched all TICKERS from Database for Mar 2023.

2023-04-11 18:02:55.956 +05:30 [VRB] Fetching all PDF file name and Paths...
2023-04-11 18:03:01.773 +05:30 [VRB] Fetching all PDF file name and Paths...
2023-04-11 18:03:04.193 +05:30 [VRB] Fetching all PDF file name and Paths...
2023-04-11 18:04:25.407 +05:30 [VRB] Fetching all PDF file name and Paths...
2023-04-11 18:04:26.899 +05:30 [VRB] Fetching all Reports from Database.
2023-04-11 18:04:26.900 +05:30 [INF] Initiating Rule Engine Executor...
2023-04-11 18:04:26.901 +05:30 [VRB] Initiating Rule Engine...
2023-04-11 18:04:26.902 +05:30 [INF] RuleExecutor returned the values.

2023-04-11 18:04:27.128 +05:30 [INF] Reports Fetched.

2023-04-11 18:04:28.038 +05:30 [VRB] Fetching all TICKERS from Database for Mar 2023.
2023-04-11 18:04:28.039 +05:30 [VRB] Fetching report status.
2023-04-11 18:04:28.267 +05:30 [WRN]  value is null here.
2023-04-11 18:04:28.268 +05:30 [INF] Fetched all TICKERS from Database for Mar 2023.

2023-04-11 18:04:29.813 +05:30 [VRB] Fetching all PDF file name and Paths...
2023-04-11 18:04:34.826 +05:30 [INF] Getting holding Details.

2023-04-11 18:11:52.835 +05:30 [VRB] Fetching all Reports from Database.
2023-04-11 18:11:52.835 +05:30 [INF] Initiating Rule Engine Executor...
2023-04-11 18:11:52.835 +05:30 [VRB] Initiating Rule Engine...
2023-04-11 18:11:52.839 +05:30 [INF] RuleExecutor returned the values.

2023-04-11 18:11:53.969 +05:30 [INF] Reports Fetched.

2023-04-11 18:12:13.412 +05:30 [VRB] Fetching all Reports from Database.
2023-04-11 18:12:13.412 +05:30 [INF] Initiating Rule Engine Executor...
2023-04-11 18:12:13.412 +05:30 [VRB] Initiating Rule Engine...
2023-04-11 18:12:13.415 +05:30 [INF] RuleExecutor returned the values.

2023-04-11 18:12:13.641 +05:30 [INF] Reports Fetched.

2023-04-11 18:12:16.567 +05:30 [VRB] Fetching all TICKERS from Database for Mar 2023.
2023-04-11 18:12:16.567 +05:30 [VRB] Fetching report status.
2023-04-11 18:12:16.798 +05:30 [WRN]  value is null here.
2023-04-11 18:12:17.712 +05:30 [INF] Fetched all TICKERS from Database for Mar 2023.

2023-04-11 18:12:17.888 +05:30 [INF] Getting holding Details.

2023-04-11 18:12:19.894 +05:30 [VRB] Fetching all PDF file name and Paths...
2023-04-11 18:12:21.206 +05:30 [INF] Getting holding Details.

2023-04-11 18:12:33.157 +05:30 [VRB] Fetching all Reports from Database.
2023-04-11 18:12:33.157 +05:30 [INF] Initiating Rule Engine Executor...
2023-04-11 18:12:33.158 +05:30 [VRB] Initiating Rule Engine...
2023-04-11 18:12:33.160 +05:30 [INF] RuleExecutor returned the values.

2023-04-11 18:12:33.387 +05:30 [INF] Reports Fetched.

2023-04-11 18:12:36.367 +05:30 [VRB] Fetching all TICKERS from Database for Mar 2023.
2023-04-11 18:12:36.368 +05:30 [VRB] Fetching report status.
2023-04-11 18:12:36.596 +05:30 [INF] Fetched all TICKERS from Database for Mar 2023.

2023-04-11 18:12:36.597 +05:30 [WRN]  value is null here.
2023-04-11 18:12:37.554 +05:30 [INF] Getting holding Details.

2023-04-11 18:12:38.974 +05:30 [VRB] Fetching all PDF file name and Paths...
2023-04-11 18:12:39.869 +05:30 [INF] Getting holding Details.

2023-04-11 18:14:03.843 +05:30 [VRB] Fetching all Reports from Database.
2023-04-11 18:14:03.848 +05:30 [INF] Initiating Rule Engine Executor...
2023-04-11 18:14:03.848 +05:30 [VRB] Initiating Rule Engine...
2023-04-11 18:14:03.849 +05:30 [INF] RuleExecutor returned the values.

2023-04-11 18:14:04.076 +05:30 [INF] Reports Fetched.

2023-04-11 18:14:17.627 +05:30 [VRB] Fetching all Reports from Database.
2023-04-11 18:14:17.627 +05:30 [INF] Initiating Rule Engine Executor...
2023-04-11 18:14:17.628 +05:30 [VRB] Initiating Rule Engine...
2023-04-11 18:14:17.629 +05:30 [INF] RuleExecutor returned the values.

2023-04-11 18:14:17.852 +05:30 [INF] Reports Fetched.

2023-04-11 18:14:18.730 +05:30 [VRB] Fetching report status.
2023-04-11 18:14:18.730 +05:30 [VRB] Fetching all TICKERS from Database for Mar 2023.
2023-04-11 18:14:18.959 +05:30 [INF] Fetched all TICKERS from Database for Mar 2023.

2023-04-11 18:14:18.976 +05:30 [WRN]  value is null here.
2023-04-11 18:14:20.474 +05:30 [VRB] Fetching all PDF file name and Paths...
2023-04-11 18:14:21.300 +05:30 [INF] Getting holding Details.

2023-04-11 18:15:21.136 +05:30 [VRB] Fetching all PDF file name and Paths...
2023-04-11 18:21:15.102 +05:30 [VRB] Fetching all Reports from Database.
2023-04-11 18:21:15.105 +05:30 [INF] Initiating Rule Engine Executor...
2023-04-11 18:21:15.106 +05:30 [VRB] Initiating Rule Engine...
2023-04-11 18:21:15.107 +05:30 [INF] RuleExecutor returned the values.

2023-04-11 18:21:16.223 +05:30 [INF] Reports Fetched.

2023-04-11 18:21:22.772 +05:30 [VRB] Fetching all TICKERS from Database for Mar 2023.
2023-04-11 18:21:22.774 +05:30 [VRB] Fetching report status.
2023-04-11 18:21:23.005 +05:30 [INF] Fetched all TICKERS from Database for Mar 2023.

2023-04-11 18:21:23.907 +05:30 [WRN]  value is null here.
2023-04-11 18:21:27.539 +05:30 [VRB] Fetching all PDF file name and Paths...
2023-04-11 18:21:28.924 +05:30 [INF] Getting holding Details.

2023-04-11 18:22:01.372 +05:30 [VRB] Fetching all PDF file name and Paths...
2023-04-11 18:22:01.404 +05:30 [VRB] Updating Detailed report values...
2023-04-11 18:22:02.535 +05:30 [INF] Report updated into Database.

2023-04-11 18:23:27.482 +05:30 [VRB] Fetching all PDF file name and Paths...
2023-04-11 18:23:30.505 +05:30 [INF] Getting holding Details.

2023-04-11 18:23:57.568 +05:30 [VRB] Fetching all PDF file name and Paths...
2023-04-11 18:26:03.059 +05:30 [VRB] Fetching all Reports from Database.
2023-04-11 18:26:03.090 +05:30 [INF] Initiating Rule Engine Executor...
2023-04-11 18:26:03.090 +05:30 [VRB] Initiating Rule Engine...
2023-04-11 18:26:03.091 +05:30 [INF] RuleExecutor returned the values.

2023-04-11 18:26:03.323 +05:30 [INF] Reports Fetched.

2023-04-11 18:26:06.165 +05:30 [VRB] Fetching all TICKERS from Database for Mar 2023.
2023-04-11 18:26:06.168 +05:30 [VRB] Fetching report status.
2023-04-11 18:26:06.403 +05:30 [INF] Fetched all TICKERS from Database for Mar 2023.

2023-04-11 18:26:06.406 +05:30 [WRN]  value is null here.
2023-04-11 18:26:07.843 +05:30 [VRB] Fetching all PDF file name and Paths...
2023-04-11 18:26:13.983 +05:30 [INF] Getting holding Details.

2023-04-11 18:26:19.600 +05:30 [VRB] Fetching all PDF file name and Paths...
2023-04-11 18:26:19.601 +05:30 [VRB] Updating Detailed report values...
2023-04-11 18:26:20.523 +05:30 [INF] Report updated into Database.

2023-04-11 18:26:56.850 +05:30 [VRB] Fetching all PDF file name and Paths...
2023-04-11 18:27:01.213 +05:30 [INF] Getting holding Details.

2023-04-11 18:27:51.079 +05:30 [VRB] Fetching all PDF file name and Paths...
2023-04-11 18:27:51.080 +05:30 [VRB] Updating Detailed report values...
2023-04-11 18:27:52.006 +05:30 [INF] Report updated into Database.

2023-04-11 18:30:25.979 +05:30 [INF] Getting holding Details.

2023-04-11 18:31:02.521 +05:30 [VRB] Fetching all PDF file name and Paths...
2023-04-11 18:31:02.527 +05:30 [VRB] Updating Detailed report values...
2023-04-11 18:31:03.456 +05:30 [INF] Report updated into Database.

2023-04-11 18:31:35.102 +05:30 [INF] Application Running...
2023-04-11 18:31:46.523 +05:30 [VRB] Fetching all Reports from Database.
2023-04-11 18:31:46.539 +05:30 [INF] Initiating Rule Engine Executor...
2023-04-11 18:31:46.628 +05:30 [VRB] Initiating Rule Engine...
2023-04-11 18:31:46.807 +05:30 [INF] RuleExecutor returned the values.

2023-04-11 18:31:48.789 +05:30 [VRB] Fetching all Reports from Database.
2023-04-11 18:31:48.790 +05:30 [INF] Initiating Rule Engine Executor...
2023-04-11 18:31:48.793 +05:30 [VRB] Initiating Rule Engine...
2023-04-11 18:31:48.793 +05:30 [INF] RuleExecutor returned the values.

2023-04-11 18:31:49.061 +05:30 [VRB] Fetching all Reports from Database.
2023-04-11 18:31:49.061 +05:30 [INF] Initiating Rule Engine Executor...
2023-04-11 18:31:49.061 +05:30 [VRB] Initiating Rule Engine...
2023-04-11 18:31:49.062 +05:30 [INF] RuleExecutor returned the values.

2023-04-11 18:31:49.450 +05:30 [INF] Reports Fetched.

2023-04-11 18:31:49.679 +05:30 [INF] Reports Fetched.

2023-04-11 18:31:50.277 +05:30 [INF] Reports Fetched.

2023-04-11 18:31:50.531 +05:30 [VRB] Fetching report status.
2023-04-11 18:31:50.531 +05:30 [VRB] Fetching all TICKERS from Database for Mar 2023.
2023-04-11 18:31:50.828 +05:30 [WRN]  value is null here.
2023-04-11 18:31:50.831 +05:30 [INF] Fetched all TICKERS from Database for Mar 2023.

2023-04-11 18:31:52.099 +05:30 [INF] Getting holding Details.

2023-04-11 18:31:55.140 +05:30 [VRB] Fetching all PDF file name and Paths...
2023-04-11 18:32:26.728 +05:30 [INF] Getting holding Details.

2023-04-11 18:33:00.254 +05:30 [VRB] Fetching all PDF file name and Paths...
2023-04-11 18:33:00.280 +05:30 [VRB] Updating Detailed report values...
2023-04-11 18:33:01.504 +05:30 [INF] Report updated into Database.

2023-04-11 18:33:01.504 +05:30 [VRB] Updating Detailed report values...
2023-04-11 18:33:02.421 +05:30 [INF] Report updated into Database.

2023-04-11 18:33:02.421 +05:30 [VRB] Updating Detailed report values...
2023-04-11 18:33:02.651 +05:30 [INF] Report updated into Database.

2023-04-11 18:33:02.651 +05:30 [VRB] Updating Detailed report values...
2023-04-11 18:33:02.879 +05:30 [INF] Report updated into Database.

2023-04-11 18:33:02.879 +05:30 [VRB] Updating Detailed report values...
2023-04-11 18:33:03.110 +05:30 [INF] Report updated into Database.

2023-04-11 18:33:03.110 +05:30 [VRB] Updating Detailed report values...
2023-04-11 18:33:03.349 +05:30 [INF] Report updated into Database.

2023-04-11 18:33:03.350 +05:30 [VRB] Updating Detailed report values...
2023-04-11 18:33:03.579 +05:30 [INF] Report updated into Database.

2023-04-11 18:33:51.654 +05:30 [VRB] Fetching all PDF file name and Paths...
2023-04-11 18:34:34.618 +05:30 [VRB] Fetching all PDF file name and Paths...
2023-04-11 18:34:35.328 +05:30 [INF] Getting holding Details.

2023-04-11 18:34:40.096 +05:30 [VRB] Fetching all PDF file name and Paths...
2023-04-11 18:36:16.076 +05:30 [VRB] Fetching all Reports from Database.
2023-04-11 18:36:16.076 +05:30 [INF] Initiating Rule Engine Executor...
2023-04-11 18:36:16.077 +05:30 [VRB] Initiating Rule Engine...
2023-04-11 18:36:16.078 +05:30 [INF] RuleExecutor returned the values.

2023-04-11 18:36:16.306 +05:30 [INF] Reports Fetched.

2023-04-11 18:36:19.402 +05:30 [INF] Initiating Rule Engine Executor...
2023-04-11 18:36:19.402 +05:30 [VRB] Fetching all Reports from Database.
2023-04-11 18:36:19.403 +05:30 [VRB] Initiating Rule Engine...
2023-04-11 18:36:19.405 +05:30 [INF] RuleExecutor returned the values.

2023-04-11 18:36:19.638 +05:30 [INF] Reports Fetched.

2023-04-11 18:36:20.428 +05:30 [VRB] Fetching report status.
2023-04-11 18:36:20.428 +05:30 [VRB] Fetching all TICKERS from Database for Mar 2023.
2023-04-11 18:36:20.666 +05:30 [INF] Fetched all TICKERS from Database for Mar 2023.

2023-04-11 18:36:20.669 +05:30 [WRN]  value is null here.
2023-04-11 18:36:22.212 +05:30 [VRB] Fetching all PDF file name and Paths...
2023-04-11 18:36:28.276 +05:30 [VRB] Fetching all PDF file name and Paths...
2023-04-11 18:39:23.293 +05:30 [VRB] Fetching all Reports from Database.
2023-04-11 18:39:23.293 +05:30 [INF] Initiating Rule Engine Executor...
2023-04-11 18:39:23.294 +05:30 [VRB] Initiating Rule Engine...
2023-04-11 18:39:23.296 +05:30 [INF] RuleExecutor returned the values.

2023-04-11 18:39:23.525 +05:30 [INF] Reports Fetched.

2023-04-11 18:39:58.215 +05:30 [VRB] Fetching all Reports from Database.
2023-04-11 18:39:58.218 +05:30 [INF] Initiating Rule Engine Executor...
2023-04-11 18:39:58.218 +05:30 [VRB] Initiating Rule Engine...
2023-04-11 18:39:58.218 +05:30 [INF] RuleExecutor returned the values.

2023-04-11 18:39:58.447 +05:30 [INF] Reports Fetched.

2023-04-11 18:39:59.718 +05:30 [VRB] Fetching all TICKERS from Database for Mar 2023.
2023-04-11 18:39:59.718 +05:30 [VRB] Fetching report status.
2023-04-11 18:39:59.955 +05:30 [WRN]  value is null here.
2023-04-11 18:39:59.956 +05:30 [INF] Fetched all TICKERS from Database for Mar 2023.

2023-04-11 18:40:01.086 +05:30 [VRB] Fetching all PDF file name and Paths...
2023-04-11 18:40:13.582 +05:30 [VRB] Fetching all PDF file name and Paths...
2023-04-11 18:42:11.740 +05:30 [VRB] Fetching all Reports from Database.
2023-04-11 18:42:11.740 +05:30 [INF] Initiating Rule Engine Executor...
2023-04-11 18:42:11.740 +05:30 [VRB] Initiating Rule Engine...
2023-04-11 18:42:11.743 +05:30 [INF] RuleExecutor returned the values.

2023-04-11 18:42:11.971 +05:30 [INF] Reports Fetched.

2023-04-11 18:42:20.204 +05:30 [VRB] Fetching report status.
2023-04-11 18:42:20.205 +05:30 [VRB] Fetching all TICKERS from Database for Mar 2023.
2023-04-11 18:42:20.454 +05:30 [WRN]  value is null here.
2023-04-11 18:42:20.459 +05:30 [INF] Fetched all TICKERS from Database for Mar 2023.

2023-04-11 18:42:21.913 +05:30 [VRB] Fetching all PDF file name and Paths...
2023-04-11 18:42:45.777 +05:30 [VRB] Fetching all Reports from Database.
2023-04-11 18:42:45.778 +05:30 [INF] Initiating Rule Engine Executor...
2023-04-11 18:42:45.779 +05:30 [VRB] Initiating Rule Engine...
2023-04-11 18:42:45.783 +05:30 [INF] RuleExecutor returned the values.

2023-04-11 18:42:46.012 +05:30 [INF] Reports Fetched.

2023-04-11 18:42:47.032 +05:30 [VRB] Fetching report status.
2023-04-11 18:42:47.032 +05:30 [VRB] Fetching all TICKERS from Database for Mar 2023.
2023-04-11 18:42:47.265 +05:30 [WRN]  value is null here.
2023-04-11 18:42:47.265 +05:30 [INF] Fetched all TICKERS from Database for Mar 2023.

2023-04-11 18:42:48.655 +05:30 [VRB] Fetching all PDF file name and Paths...
2023-04-11 18:43:01.873 +05:30 [VRB] Fetching all PDF file name and Paths...
2023-04-11 18:43:10.312 +05:30 [INF] Commentary  stored in Database.
2023-04-11 18:43:28.064 +05:30 [VRB] Fetching all PDF file name and Paths...
2023-04-11 18:43:29.255 +05:30 [INF] Commentary updated into Database.

2023-04-11 18:44:32.533 +05:30 [VRB] Fetching all PDF file name and Paths...
2023-04-11 18:45:09.514 +05:30 [VRB] Fetching all PDF file name and Paths...
2023-04-11 18:45:11.932 +05:30 [VRB] Fetching all PDF file name and Paths...
2023-04-11 18:45:15.176 +05:30 [VRB] Fetching all PDF file name and Paths...
2023-04-11 18:45:18.737 +05:30 [VRB] Fetching all Reports from Database.
2023-04-11 18:45:18.737 +05:30 [INF] Initiating Rule Engine Executor...
2023-04-11 18:45:18.738 +05:30 [VRB] Initiating Rule Engine...
2023-04-11 18:45:18.739 +05:30 [INF] RuleExecutor returned the values.

2023-04-11 18:45:18.970 +05:30 [INF] Reports Fetched.

2023-04-11 18:45:20.505 +05:30 [VRB] Fetching report status.
2023-04-11 18:45:20.505 +05:30 [VRB] Fetching all TICKERS from Database for Mar 2023.
2023-04-11 18:45:20.749 +05:30 [INF] Fetched all TICKERS from Database for Mar 2023.

2023-04-11 18:45:20.752 +05:30 [WRN]  value is null here.
2023-04-11 18:45:23.080 +05:30 [VRB] Fetching all PDF file name and Paths...
2023-04-11 18:48:02.944 +05:30 [VRB] Fetching all Reports from Database.
2023-04-11 18:48:02.944 +05:30 [INF] Initiating Rule Engine Executor...
2023-04-11 18:48:02.946 +05:30 [VRB] Initiating Rule Engine...
2023-04-11 18:48:02.950 +05:30 [INF] RuleExecutor returned the values.

2023-04-11 18:48:03.178 +05:30 [INF] Reports Fetched.

2023-04-11 18:51:01.376 +05:30 [INF] Initiating Rule Engine Executor...
2023-04-11 18:51:01.376 +05:30 [VRB] Fetching all Reports from Database.
2023-04-11 18:51:01.377 +05:30 [VRB] Initiating Rule Engine...
2023-04-11 18:51:01.379 +05:30 [INF] RuleExecutor returned the values.

2023-04-11 18:51:01.812 +05:30 [INF] Reports Fetched.

2023-04-11 18:55:49.176 +05:30 [INF] Application Running...
2023-04-11 19:04:53.258 +05:30 [VRB] Fetching Username and Role Code... 
2023-04-11 19:04:56.188 +05:30 [INF] raj@gmail.com logging in.

2023-04-11 19:04:56.208 +05:30 [VRB] Fetching all Reports from Database.
2023-04-11 19:04:56.238 +05:30 [INF] Initiating Rule Engine Executor...
2023-04-11 19:04:56.323 +05:30 [VRB] Initiating Rule Engine...
2023-04-11 19:04:56.482 +05:30 [INF] RuleExecutor returned the values.

2023-04-11 19:04:56.542 +05:30 [INF] Reports Fetched.

2023-04-11 19:04:59.139 +05:30 [VRB] Fetching report status.
2023-04-11 19:04:59.139 +05:30 [VRB] Fetching all TICKERS from Database for Mar 2023.
2023-04-11 19:04:59.417 +05:30 [WRN]  value is null here.
2023-04-11 19:05:00.350 +05:30 [INF] Fetched all TICKERS from Database for Mar 2023.

2023-04-11 19:05:02.627 +05:30 [VRB] Fetching all PDF file name and Paths...
2023-04-11 19:05:31.715 +05:30 [VRB] Fetching all PDF file name and Paths...
2023-04-11 19:05:32.006 +05:30 [INF] ---Automation Started---
Initiating Word Application
2023-04-11 19:05:33.135 +05:30 [INF] Commentary updated into Database.

2023-04-11 19:05:33.428 +05:30 [INF] Initiating Rule Engine Executor...
2023-04-11 19:05:33.429 +05:30 [VRB] Initiating Rule Engine...
2023-04-11 19:05:33.436 +05:30 [INF] RuleExecutor returned the values.

2023-04-11 19:06:12.763 +05:30 [ERR] Something went wrong while decryption. !
2023-04-11 19:15:00.093 +05:30 [VRB] Fetching all Reports from Database.
2023-04-11 19:15:00.093 +05:30 [INF] Initiating Rule Engine Executor...
2023-04-11 19:15:00.094 +05:30 [VRB] Initiating Rule Engine...
2023-04-11 19:15:00.100 +05:30 [INF] RuleExecutor returned the values.

2023-04-11 19:15:01.429 +05:30 [INF] Reports Fetched.

2023-04-11 19:15:44.399 +05:30 [VRB] Fetching all Reports from Database.
2023-04-11 19:15:44.399 +05:30 [INF] Initiating Rule Engine Executor...
2023-04-11 19:15:44.403 +05:30 [VRB] Initiating Rule Engine...
2023-04-11 19:15:44.403 +05:30 [INF] RuleExecutor returned the values.

2023-04-11 19:15:44.632 +05:30 [INF] Reports Fetched.

2023-04-11 19:15:53.411 +05:30 [VRB] Fetching all Reports from Database.
2023-04-11 19:15:53.411 +05:30 [INF] Initiating Rule Engine Executor...
2023-04-11 19:15:53.411 +05:30 [VRB] Initiating Rule Engine...
2023-04-11 19:15:53.416 +05:30 [INF] RuleExecutor returned the values.

2023-04-11 19:15:53.644 +05:30 [INF] Reports Fetched.

2023-04-11 19:15:55.229 +05:30 [VRB] Fetching report status.
2023-04-11 19:15:55.229 +05:30 [VRB] Fetching report status.
2023-04-11 19:15:55.229 +05:30 [VRB] Fetching all TICKERS from Database for Mar 2023.
2023-04-11 19:15:55.460 +05:30 [WRN]  value is null here.
2023-04-11 19:15:55.693 +05:30 [INF] Fetched all TICKERS from Database for Mar 2023.

2023-04-11 19:15:56.376 +05:30 [WRN]  value is null here.
2023-04-11 19:16:28.668 +05:30 [VRB] Fetching all Reports from Database.
2023-04-11 19:16:28.670 +05:30 [INF] Initiating Rule Engine Executor...
2023-04-11 19:16:28.673 +05:30 [VRB] Initiating Rule Engine...
2023-04-11 19:16:28.673 +05:30 [INF] RuleExecutor returned the values.

2023-04-11 19:16:28.905 +05:30 [INF] Reports Fetched.

2023-04-11 19:16:49.685 +05:30 [VRB] Fetching all Reports from Database.
2023-04-11 19:16:49.685 +05:30 [INF] Initiating Rule Engine Executor...
2023-04-11 19:16:49.685 +05:30 [VRB] Initiating Rule Engine...
2023-04-11 19:16:49.688 +05:30 [INF] RuleExecutor returned the values.

2023-04-11 19:16:49.924 +05:30 [INF] Reports Fetched.

2023-04-11 19:16:51.676 +05:30 [VRB] Fetching all TICKERS from Database for Mar 2023.
2023-04-11 19:17:00.010 +05:30 [INF] Fetched all TICKERS from Database for Mar 2023.

2023-04-11 19:17:00.309 +05:30 [VRB] Fetching report status.
2023-04-11 19:17:02.642 +05:30 [VRB] Fetching report status.
2023-04-11 19:17:09.066 +05:30 [WRN]  value is null here.
2023-04-11 19:17:12.039 +05:30 [WRN]  value is null here.
2023-04-11 19:18:48.299 +05:30 [VRB] Fetching all Reports from Database.
2023-04-11 19:18:48.300 +05:30 [INF] Initiating Rule Engine Executor...
2023-04-11 19:18:48.302 +05:30 [VRB] Initiating Rule Engine...
2023-04-11 19:18:48.302 +05:30 [INF] RuleExecutor returned the values.

2023-04-11 19:18:48.532 +05:30 [INF] Reports Fetched.

2023-04-11 19:19:09.205 +05:30 [VRB] Fetching all TICKERS from Database for Mar 2023.
2023-04-11 19:19:14.140 +05:30 [VRB] Fetching report status.
2023-04-11 19:19:20.660 +05:30 [VRB] Fetching report status.
2023-04-11 19:19:20.664 +05:30 [WRN]  value is null here.
2023-04-11 19:19:20.665 +05:30 [INF] Fetched all TICKERS from Database for Mar 2023.

2023-04-11 19:19:25.790 +05:30 [WRN]  value is null here.
2023-04-11 19:19:26.025 +05:30 [INF] ---Automation Started---
Initiating Word Application
2023-04-11 19:19:26.391 +05:30 [INF] Initiating Rule Engine Executor...
2023-04-11 19:19:26.392 +05:30 [VRB] Initiating Rule Engine...
2023-04-11 19:19:26.392 +05:30 [INF] RuleExecutor returned the values.

2023-04-11 19:20:31.926 +05:30 [INF] Initiating Rule Engine Executor...
2023-04-11 19:20:31.926 +05:30 [VRB] Fetching all Reports from Database.
2023-04-11 19:20:31.927 +05:30 [VRB] Initiating Rule Engine...
2023-04-11 19:20:31.929 +05:30 [INF] RuleExecutor returned the values.

2023-04-11 19:20:32.162 +05:30 [INF] Reports Fetched.

2023-04-11 19:20:34.805 +05:30 [VRB] Fetching all TICKERS from Database for Mar 2023.
2023-04-11 19:20:34.805 +05:30 [VRB] Fetching report status.
2023-04-11 19:20:34.805 +05:30 [VRB] Fetching report status.
2023-04-11 19:20:35.039 +05:30 [WRN]  value is null here.
2023-04-11 19:20:35.044 +05:30 [WRN]  value is null here.
2023-04-11 19:20:42.793 +05:30 [INF] ---Automation Started---
Initiating Word Application
2023-04-11 19:20:45.187 +05:30 [INF] Fetched all TICKERS from Database for Mar 2023.

2023-04-11 19:20:51.761 +05:30 [INF] Initiating Rule Engine Executor...
2023-04-11 19:20:51.763 +05:30 [VRB] Initiating Rule Engine...
2023-04-11 19:20:51.764 +05:30 [INF] RuleExecutor returned the values.

2023-04-11 19:24:48.580 +05:30 [VRB] Fetching all Reports from Database.
2023-04-11 19:24:48.580 +05:30 [INF] Initiating Rule Engine Executor...
2023-04-11 19:24:48.581 +05:30 [VRB] Initiating Rule Engine...
2023-04-11 19:24:48.613 +05:30 [INF] RuleExecutor returned the values.

2023-04-11 19:24:48.841 +05:30 [INF] Reports Fetched.

2023-04-11 19:24:51.718 +05:30 [VRB] Fetching report status.
2023-04-11 19:24:51.718 +05:30 [VRB] Fetching report status.
2023-04-11 19:24:51.718 +05:30 [VRB] Fetching all TICKERS from Database for Mar 2023.
2023-04-11 19:24:51.950 +05:30 [WRN]  value is null here.
2023-04-11 19:24:51.952 +05:30 [WRN]  value is null here.
2023-04-11 19:24:51.953 +05:30 [INF] Fetched all TICKERS from Database for Mar 2023.

2023-04-11 19:25:00.050 +05:30 [INF] ---Automation Started---
Initiating Word Application
2023-04-11 19:25:02.482 +05:30 [INF] Initiating Rule Engine Executor...
2023-04-11 19:25:02.482 +05:30 [VRB] Initiating Rule Engine...
2023-04-11 19:25:02.483 +05:30 [INF] RuleExecutor returned the values.

2023-04-11 19:25:04.810 +05:30 [INF] Author : Vishnuraj generating Detailed Report...
2023-04-11 19:25:11.123 +05:30 [VRB] Template opened.
2023-04-11 19:25:16.218 +05:30 [VRB] Fetching all TICKERS from Database for Mar 2023.
2023-04-11 19:25:18.863 +05:30 [INF] Fetched all TICKERS from Database for Mar 2023.

2023-04-11 19:25:20.789 +05:30 [INF] Binding the data in Word template...
2023-04-11 19:25:21.045 +05:30 [INF] Data binded in Content Control.
2023-04-11 19:25:22.027 +05:30 [DBG] Saving the document under directory C:\Users\dpriscilla\Documents\unzip\PRB.Service\PRB.Service\PRB.Services\wwwroot\Report\ABBOTINDIA.docx...
2023-04-11 19:25:22.191 +05:30 [VRB] Exporting the document as PDF format...
2023-04-11 19:25:24.797 +05:30 [INF] Binding the data in Word template...
2023-04-11 19:25:24.855 +05:30 [INF] Data binded in Content Control.
2023-04-11 19:25:25.853 +05:30 [DBG] Saving the document under directory C:\Users\dpriscilla\Documents\unzip\PRB.Service\PRB.Service\PRB.Services\wwwroot\Report\ACN.docx...
2023-04-11 19:25:25.983 +05:30 [VRB] Exporting the document as PDF format...
2023-04-11 19:25:28.247 +05:30 [INF] Binding the data in Word template...
2023-04-11 19:25:28.296 +05:30 [INF] Data binded in Content Control.
2023-04-11 19:25:29.342 +05:30 [DBG] Saving the document under directory C:\Users\dpriscilla\Documents\unzip\PRB.Service\PRB.Service\PRB.Services\wwwroot\Report\ADANITRANS.docx...
2023-04-11 19:25:29.478 +05:30 [VRB] Exporting the document as PDF format...
2023-04-11 19:25:31.866 +05:30 [INF] Binding the data in Word template...
2023-04-11 19:25:31.915 +05:30 [INF] Data binded in Content Control.
2023-04-11 19:25:32.974 +05:30 [DBG] Saving the document under directory C:\Users\dpriscilla\Documents\unzip\PRB.Service\PRB.Service\PRB.Services\wwwroot\Report\HDFCBANK.docx...
2023-04-11 19:25:33.096 +05:30 [VRB] Exporting the document as PDF format...
2023-04-11 19:25:35.304 +05:30 [INF] Binding the data in Word template...
2023-04-11 19:25:35.355 +05:30 [INF] Data binded in Content Control.
2023-04-11 19:25:36.406 +05:30 [DBG] Saving the document under directory C:\Users\dpriscilla\Documents\unzip\PRB.Service\PRB.Service\PRB.Services\wwwroot\Report\TATAMOTORS.docx...
2023-04-11 19:25:36.524 +05:30 [VRB] Exporting the document as PDF format...
2023-04-11 19:25:38.690 +05:30 [INF] Binding the data in Word template...
2023-04-11 19:25:38.742 +05:30 [INF] Data binded in Content Control.
2023-04-11 19:25:39.780 +05:30 [DBG] Saving the document under directory C:\Users\dpriscilla\Documents\unzip\PRB.Service\PRB.Service\PRB.Services\wwwroot\Report\WIPRO.docx...
2023-04-11 19:25:39.903 +05:30 [VRB] Exporting the document as PDF format...
2023-04-11 19:25:40.850 +05:30 [INF] Detailed Report generated.
2023-04-11 19:25:40.850 +05:30 [INF] Closing Word document.

2023-04-11 19:25:40.872 +05:30 [INF] Author : Vishnuraj generating Summary Report...
2023-04-11 19:25:40.967 +05:30 [VRB] Template opened.
2023-04-11 19:25:41.372 +05:30 [ERR] Something went wrong !
2023-04-11 19:25:41.372 +05:30 [VRB] Closing Word document.
2023-04-11 19:26:29.005 +05:30 [INF] Closing Word document.

2023-04-11 19:26:35.219 +05:30 [VRB] Fetching all Reports from Database.
2023-04-11 19:26:35.219 +05:30 [INF] Initiating Rule Engine Executor...
2023-04-11 19:26:35.220 +05:30 [VRB] Initiating Rule Engine...
2023-04-11 19:26:35.223 +05:30 [INF] RuleExecutor returned the values.

2023-04-11 19:26:35.452 +05:30 [INF] Reports Fetched.

2023-04-11 19:26:36.728 +05:30 [VRB] Fetching report status.
2023-04-11 19:26:36.728 +05:30 [VRB] Fetching report status.
2023-04-11 19:26:36.728 +05:30 [VRB] Fetching all TICKERS from Database for Mar 2023.
2023-04-11 19:26:36.964 +05:30 [WRN]  value is null here.
2023-04-11 19:26:36.967 +05:30 [INF] Fetched all TICKERS from Database for Mar 2023.

2023-04-11 19:26:36.973 +05:30 [WRN]  value is null here.
2023-04-11 19:26:40.113 +05:30 [INF] ---Automation Started---
Initiating Word Application
2023-04-11 19:26:48.851 +05:30 [INF] Initiating Rule Engine Executor...
2023-04-11 19:26:48.851 +05:30 [VRB] Initiating Rule Engine...
2023-04-11 19:26:48.851 +05:30 [INF] RuleExecutor returned the values.

2023-04-11 19:26:48.851 +05:30 [INF] Author : Vishnuraj generating Detailed Report...
2023-04-11 19:26:49.051 +05:30 [VRB] Template opened.
2023-04-11 19:26:49.399 +05:30 [VRB] Fetching all TICKERS from Database for Mar 2023.
2023-04-11 19:26:49.628 +05:30 [INF] Fetched all TICKERS from Database for Mar 2023.

2023-04-11 19:26:51.005 +05:30 [INF] Binding the data in Word template...
2023-04-11 19:26:51.063 +05:30 [INF] Data binded in Content Control.
2023-04-11 19:26:51.830 +05:30 [DBG] Saving the document under directory C:\Users\dpriscilla\Documents\unzip\PRB.Service\PRB.Service\PRB.Services\wwwroot\Report\ABBOTINDIA.docx...
2023-04-11 19:26:51.982 +05:30 [VRB] Exporting the document as PDF format...
2023-04-11 19:26:54.147 +05:30 [INF] Binding the data in Word template...
2023-04-11 19:26:54.194 +05:30 [INF] Data binded in Content Control.
2023-04-11 19:26:55.196 +05:30 [DBG] Saving the document under directory C:\Users\dpriscilla\Documents\unzip\PRB.Service\PRB.Service\PRB.Services\wwwroot\Report\ACN.docx...
2023-04-11 19:26:55.309 +05:30 [VRB] Exporting the document as PDF format...
2023-04-11 19:26:57.675 +05:30 [INF] Binding the data in Word template...
2023-04-11 19:26:57.731 +05:30 [INF] Data binded in Content Control.
2023-04-11 19:26:58.722 +05:30 [DBG] Saving the document under directory C:\Users\dpriscilla\Documents\unzip\PRB.Service\PRB.Service\PRB.Services\wwwroot\Report\ADANITRANS.docx...
2023-04-11 19:26:58.823 +05:30 [VRB] Exporting the document as PDF format...
2023-04-11 19:27:01.138 +05:30 [INF] Binding the data in Word template...
2023-04-11 19:27:01.187 +05:30 [INF] Data binded in Content Control.
2023-04-11 19:27:02.226 +05:30 [DBG] Saving the document under directory C:\Users\dpriscilla\Documents\unzip\PRB.Service\PRB.Service\PRB.Services\wwwroot\Report\HDFCBANK.docx...
2023-04-11 19:27:02.327 +05:30 [VRB] Exporting the document as PDF format...
2023-04-11 19:27:04.523 +05:30 [INF] Binding the data in Word template...
2023-04-11 19:27:04.571 +05:30 [INF] Data binded in Content Control.
2023-04-11 19:27:05.643 +05:30 [DBG] Saving the document under directory C:\Users\dpriscilla\Documents\unzip\PRB.Service\PRB.Service\PRB.Services\wwwroot\Report\TATAMOTORS.docx...
2023-04-11 19:27:05.784 +05:30 [VRB] Exporting the document as PDF format...
2023-04-11 19:27:08.076 +05:30 [INF] Binding the data in Word template...
2023-04-11 19:27:08.132 +05:30 [INF] Data binded in Content Control.
2023-04-11 19:27:09.177 +05:30 [DBG] Saving the document under directory C:\Users\dpriscilla\Documents\unzip\PRB.Service\PRB.Service\PRB.Services\wwwroot\Report\WIPRO.docx...
2023-04-11 19:27:09.274 +05:30 [VRB] Exporting the document as PDF format...
2023-04-11 19:27:10.265 +05:30 [INF] Detailed Report generated.
2023-04-11 19:27:10.265 +05:30 [INF] Closing Word document.

2023-04-11 19:27:10.285 +05:30 [INF] Author : Vishnuraj generating Summary Report...
2023-04-11 19:27:10.406 +05:30 [VRB] Template opened.
2023-04-11 19:27:10.789 +05:30 [ERR] Something went wrong !
2023-04-11 19:27:10.789 +05:30 [VRB] Closing Word document.
2023-04-11 19:27:34.836 +05:30 [INF] Application Running...
2023-04-11 19:28:29.306 +05:30 [INF] ---Automation Started---
Initiating Word Application
2023-04-11 19:28:53.808 +05:30 [INF] Initiating Rule Engine Executor...
2023-04-11 19:28:53.893 +05:30 [VRB] Initiating Rule Engine...
2023-04-11 19:28:54.078 +05:30 [INF] RuleExecutor returned the values.

2023-04-11 19:28:54.118 +05:30 [INF] Author : Vishnuraj generating Detailed Report...
2023-04-11 19:29:02.371 +05:30 [VRB] Template opened.
2023-04-11 19:29:21.880 +05:30 [VRB] Fetching all TICKERS from Database for Mar 2023.
2023-04-11 19:29:22.165 +05:30 [INF] Fetched all TICKERS from Database for Mar 2023.

2023-04-11 19:29:23.749 +05:30 [INF] Binding the data in Word template...
2023-04-11 19:29:23.815 +05:30 [INF] Data binded in Content Control.
2023-04-11 19:29:48.436 +05:30 [DBG] Saving the document under directory C:\Users\dpriscilla\Documents\unzip\PRB.Service\PRB.Service\PRB.Services\wwwroot\Report\ABBOTINDIA.docx...
2023-04-11 19:29:48.565 +05:30 [VRB] Exporting the document as PDF format...
2023-04-11 19:29:50.066 +05:30 [INF] Binding the data in Word template...
2023-04-11 19:29:50.119 +05:30 [INF] Data binded in Content Control.
2023-04-11 19:29:57.633 +05:30 [DBG] Saving the document under directory C:\Users\dpriscilla\Documents\unzip\PRB.Service\PRB.Service\PRB.Services\wwwroot\Report\ACN.docx...
2023-04-11 19:29:57.725 +05:30 [VRB] Exporting the document as PDF format...
2023-04-11 19:29:59.263 +05:30 [INF] Binding the data in Word template...
2023-04-11 19:29:59.316 +05:30 [INF] Data binded in Content Control.
2023-04-11 19:30:01.040 +05:30 [DBG] Saving the document under directory C:\Users\dpriscilla\Documents\unzip\PRB.Service\PRB.Service\PRB.Services\wwwroot\Report\ADANITRANS.docx...
2023-04-11 19:30:01.155 +05:30 [VRB] Exporting the document as PDF format...
2023-04-11 19:30:02.681 +05:30 [INF] Binding the data in Word template...
2023-04-11 19:30:02.734 +05:30 [INF] Data binded in Content Control.
2023-04-11 19:30:05.136 +05:30 [DBG] Saving the document under directory C:\Users\dpriscilla\Documents\unzip\PRB.Service\PRB.Service\PRB.Services\wwwroot\Report\HDFCBANK.docx...
2023-04-11 19:30:05.224 +05:30 [VRB] Exporting the document as PDF format...
2023-04-11 19:30:07.917 +05:30 [INF] Binding the data in Word template...
2023-04-11 19:30:07.972 +05:30 [INF] Data binded in Content Control.
2023-04-11 19:30:09.751 +05:30 [DBG] Saving the document under directory C:\Users\dpriscilla\Documents\unzip\PRB.Service\PRB.Service\PRB.Services\wwwroot\Report\TATAMOTORS.docx...
2023-04-11 19:30:09.845 +05:30 [VRB] Exporting the document as PDF format...
2023-04-11 19:30:11.401 +05:30 [INF] Binding the data in Word template...
2023-04-11 19:30:11.458 +05:30 [INF] Data binded in Content Control.
2023-04-11 19:30:25.028 +05:30 [DBG] Saving the document under directory C:\Users\dpriscilla\Documents\unzip\PRB.Service\PRB.Service\PRB.Services\wwwroot\Report\WIPRO.docx...
2023-04-11 19:30:25.111 +05:30 [VRB] Exporting the document as PDF format...
2023-04-11 19:30:35.223 +05:30 [INF] Detailed Report generated.
2023-04-11 19:30:38.056 +05:30 [INF] Closing Word document.

2023-04-11 19:30:47.705 +05:30 [INF] Author : Vishnuraj generating Summary Report...
2023-04-11 19:30:52.174 +05:30 [VRB] Template opened.
2023-04-11 19:31:23.815 +05:30 [ERR] Something went wrong !
2023-04-11 19:31:23.815 +05:30 [VRB] Closing Word document.
2023-04-11 19:31:41.129 +05:30 [INF] Closing Word document.

2023-04-11 19:31:58.416 +05:30 [INF] Application Running...
2023-04-11 19:32:38.800 +05:30 [INF] ---Automation Started---
Initiating Word Application
2023-04-11 19:32:39.126 +05:30 [INF] Initiating Rule Engine Executor...
2023-04-11 19:32:39.210 +05:30 [VRB] Initiating Rule Engine...
2023-04-11 19:32:39.363 +05:30 [INF] RuleExecutor returned the values.

2023-04-11 19:32:39.399 +05:30 [INF] Author : Vishnuraj generating Detailed Report...
2023-04-11 19:32:44.642 +05:30 [VRB] Template opened.
2023-04-11 19:32:45.001 +05:30 [VRB] Fetching all TICKERS from Database for Mar 2023.
2023-04-11 19:32:45.299 +05:30 [INF] Fetched all TICKERS from Database for Mar 2023.

2023-04-11 19:32:46.877 +05:30 [INF] Binding the data in Word template...
2023-04-11 19:32:46.940 +05:30 [INF] Data binded in Content Control.
2023-04-11 19:32:47.826 +05:30 [DBG] Saving the document under directory C:\Users\dpriscilla\Documents\unzip\PRB.Service\PRB.Service\PRB.Services\wwwroot\Report\ABBOTINDIA.docx...
2023-04-11 19:32:47.970 +05:30 [VRB] Exporting the document as PDF format...
2023-04-11 19:32:50.245 +05:30 [INF] Binding the data in Word template...
2023-04-11 19:32:50.294 +05:30 [INF] Data binded in Content Control.
2023-04-11 19:32:51.340 +05:30 [DBG] Saving the document under directory C:\Users\dpriscilla\Documents\unzip\PRB.Service\PRB.Service\PRB.Services\wwwroot\Report\ACN.docx...
2023-04-11 19:32:51.457 +05:30 [VRB] Exporting the document as PDF format...
2023-04-11 19:32:53.654 +05:30 [INF] Binding the data in Word template...
2023-04-11 19:32:53.703 +05:30 [INF] Data binded in Content Control.
2023-04-11 19:32:54.744 +05:30 [DBG] Saving the document under directory C:\Users\dpriscilla\Documents\unzip\PRB.Service\PRB.Service\PRB.Services\wwwroot\Report\ADANITRANS.docx...
2023-04-11 19:32:54.844 +05:30 [VRB] Exporting the document as PDF format...
2023-04-11 19:32:57.189 +05:30 [INF] Binding the data in Word template...
2023-04-11 19:32:57.240 +05:30 [INF] Data binded in Content Control.
2023-04-11 19:32:58.313 +05:30 [DBG] Saving the document under directory C:\Users\dpriscilla\Documents\unzip\PRB.Service\PRB.Service\PRB.Services\wwwroot\Report\HDFCBANK.docx...
2023-04-11 19:32:58.420 +05:30 [VRB] Exporting the document as PDF format...
2023-04-11 19:33:00.649 +05:30 [INF] Binding the data in Word template...
2023-04-11 19:33:00.704 +05:30 [INF] Data binded in Content Control.
2023-04-11 19:33:01.783 +05:30 [DBG] Saving the document under directory C:\Users\dpriscilla\Documents\unzip\PRB.Service\PRB.Service\PRB.Services\wwwroot\Report\TATAMOTORS.docx...
2023-04-11 19:33:01.894 +05:30 [VRB] Exporting the document as PDF format...
2023-04-11 19:33:04.333 +05:30 [INF] Binding the data in Word template...
2023-04-11 19:33:04.392 +05:30 [INF] Data binded in Content Control.
2023-04-11 19:33:05.452 +05:30 [DBG] Saving the document under directory C:\Users\dpriscilla\Documents\unzip\PRB.Service\PRB.Service\PRB.Services\wwwroot\Report\WIPRO.docx...
2023-04-11 19:33:05.563 +05:30 [VRB] Exporting the document as PDF format...
2023-04-11 19:33:06.545 +05:30 [INF] Detailed Report generated.
2023-04-11 19:33:06.545 +05:30 [INF] Closing Word document.

2023-04-11 19:33:06.565 +05:30 [INF] Author : Vishnuraj generating Summary Report...
2023-04-11 19:33:06.670 +05:30 [VRB] Template opened.
2023-04-11 19:34:08.843 +05:30 [ERR] Something went wrong !
2023-04-11 19:34:09.301 +05:30 [VRB] Closing Word document.
2023-04-11 19:51:44.808 +05:30 [INF] Application Running...
2023-04-11 19:52:11.836 +05:30 [INF] ---Automation Started---
Initiating Word Application
2023-04-11 19:52:12.179 +05:30 [INF] Initiating Rule Engine Executor...
2023-04-11 19:52:12.267 +05:30 [VRB] Initiating Rule Engine...
2023-04-11 19:52:12.422 +05:30 [INF] RuleExecutor returned the values.

2023-04-11 19:52:12.461 +05:30 [INF] Author : Vishnuraj generating Detailed Report...
2023-04-11 19:52:12.681 +05:30 [VRB] Template opened.
2023-04-11 19:52:13.041 +05:30 [VRB] Fetching all TICKERS from Database for Mar 2023.
2023-04-11 19:52:13.326 +05:30 [INF] Fetched all TICKERS from Database for Mar 2023.

2023-04-11 19:52:14.954 +05:30 [INF] Binding the data in Word template...
2023-04-11 19:52:15.015 +05:30 [INF] Data binded in Content Control.
2023-04-11 19:52:15.829 +05:30 [DBG] Saving the document under directory C:\Users\dpriscilla\Documents\unzip\PRB.Service\PRB.Service\PRB.Services\wwwroot\Report\ABBOTINDIA.docx...
2023-04-11 19:52:15.972 +05:30 [VRB] Exporting the document as PDF format...
2023-04-11 19:52:18.229 +05:30 [INF] Binding the data in Word template...
2023-04-11 19:52:18.275 +05:30 [INF] Data binded in Content Control.
2023-04-11 19:52:19.319 +05:30 [DBG] Saving the document under directory C:\Users\dpriscilla\Documents\unzip\PRB.Service\PRB.Service\PRB.Services\wwwroot\Report\ACN.docx...
2023-04-11 19:52:19.411 +05:30 [VRB] Exporting the document as PDF format...
2023-04-11 19:52:21.680 +05:30 [INF] Binding the data in Word template...
2023-04-11 19:52:21.729 +05:30 [INF] Data binded in Content Control.
2023-04-11 19:52:22.807 +05:30 [DBG] Saving the document under directory C:\Users\dpriscilla\Documents\unzip\PRB.Service\PRB.Service\PRB.Services\wwwroot\Report\ADANITRANS.docx...
2023-04-11 19:52:22.905 +05:30 [VRB] Exporting the document as PDF format...
2023-04-11 19:52:25.239 +05:30 [INF] Binding the data in Word template...
2023-04-11 19:52:25.305 +05:30 [INF] Data binded in Content Control.
2023-04-11 19:52:26.355 +05:30 [DBG] Saving the document under directory C:\Users\dpriscilla\Documents\unzip\PRB.Service\PRB.Service\PRB.Services\wwwroot\Report\HDFCBANK.docx...
2023-04-11 19:52:26.445 +05:30 [VRB] Exporting the document as PDF format...
2023-04-11 19:52:28.689 +05:30 [INF] Binding the data in Word template...
2023-04-11 19:52:28.741 +05:30 [INF] Data binded in Content Control.
2023-04-11 19:52:29.792 +05:30 [DBG] Saving the document under directory C:\Users\dpriscilla\Documents\unzip\PRB.Service\PRB.Service\PRB.Services\wwwroot\Report\TATAMOTORS.docx...
2023-04-11 19:52:29.894 +05:30 [VRB] Exporting the document as PDF format...
2023-04-11 19:52:32.207 +05:30 [INF] Binding the data in Word template...
2023-04-11 19:52:32.263 +05:30 [INF] Data binded in Content Control.
2023-04-11 19:52:33.355 +05:30 [DBG] Saving the document under directory C:\Users\dpriscilla\Documents\unzip\PRB.Service\PRB.Service\PRB.Services\wwwroot\Report\WIPRO.docx...
2023-04-11 19:52:33.454 +05:30 [VRB] Exporting the document as PDF format...
2023-04-11 19:52:34.442 +05:30 [INF] Detailed Report generated.
2023-04-11 19:52:34.442 +05:30 [INF] Closing Word document.

2023-04-11 19:52:34.467 +05:30 [INF] Author : Vishnuraj generating Summary Report...
2023-04-11 19:52:34.578 +05:30 [VRB] Template opened.
2023-04-11 19:52:34.984 +05:30 [ERR] Something went wrong !
2023-04-11 19:52:34.984 +05:30 [VRB] Closing Word document.
2023-04-11 19:53:01.398 +05:30 [INF] Application Running...
2023-04-11 19:53:37.566 +05:30 [INF] ---Automation Started---
Initiating Word Application
2023-04-11 19:53:37.891 +05:30 [INF] Initiating Rule Engine Executor...
2023-04-11 19:53:37.977 +05:30 [VRB] Initiating Rule Engine...
2023-04-11 19:53:38.129 +05:30 [INF] RuleExecutor returned the values.

2023-04-11 19:53:38.167 +05:30 [INF] Author : Vishnuraj generating Detailed Report...
2023-04-11 19:53:38.385 +05:30 [VRB] Template opened.
2023-04-11 19:53:38.743 +05:30 [VRB] Fetching all TICKERS from Database for Mar 2023.
2023-04-11 19:53:39.032 +05:30 [INF] Fetched all TICKERS from Database for Mar 2023.

2023-04-11 19:53:40.518 +05:30 [INF] Binding the data in Word template...
2023-04-11 19:53:40.584 +05:30 [INF] Data binded in Content Control.
2023-04-11 19:53:41.446 +05:30 [DBG] Saving the document under directory C:\Users\dpriscilla\Documents\unzip\PRB.Service\PRB.Service\PRB.Services\wwwroot\Report\ABBOTINDIA.docx...
2023-04-11 19:53:41.608 +05:30 [VRB] Exporting the document as PDF format...
2023-04-11 19:53:43.787 +05:30 [INF] Binding the data in Word template...
2023-04-11 19:53:43.839 +05:30 [INF] Data binded in Content Control.
2023-04-11 19:53:44.837 +05:30 [DBG] Saving the document under directory C:\Users\dpriscilla\Documents\unzip\PRB.Service\PRB.Service\PRB.Services\wwwroot\Report\ACN.docx...
2023-04-11 19:53:44.934 +05:30 [VRB] Exporting the document as PDF format...
2023-04-11 19:53:47.197 +05:30 [INF] Binding the data in Word template...
2023-04-11 19:53:47.247 +05:30 [INF] Data binded in Content Control.
2023-04-11 19:53:48.295 +05:30 [DBG] Saving the document under directory C:\Users\dpriscilla\Documents\unzip\PRB.Service\PRB.Service\PRB.Services\wwwroot\Report\ADANITRANS.docx...
2023-04-11 19:53:48.398 +05:30 [VRB] Exporting the document as PDF format...
2023-04-11 19:53:50.675 +05:30 [INF] Binding the data in Word template...
2023-04-11 19:53:50.726 +05:30 [INF] Data binded in Content Control.
2023-04-11 19:53:51.780 +05:30 [DBG] Saving the document under directory C:\Users\dpriscilla\Documents\unzip\PRB.Service\PRB.Service\PRB.Services\wwwroot\Report\HDFCBANK.docx...
2023-04-11 19:53:51.879 +05:30 [VRB] Exporting the document as PDF format...
2023-04-11 19:53:54.054 +05:30 [INF] Binding the data in Word template...
2023-04-11 19:53:54.109 +05:30 [INF] Data binded in Content Control.
2023-04-11 19:53:55.175 +05:30 [DBG] Saving the document under directory C:\Users\dpriscilla\Documents\unzip\PRB.Service\PRB.Service\PRB.Services\wwwroot\Report\TATAMOTORS.docx...
2023-04-11 19:53:55.271 +05:30 [VRB] Exporting the document as PDF format...
2023-04-11 19:53:58.502 +05:30 [INF] Binding the data in Word template...
2023-04-11 19:53:58.556 +05:30 [INF] Data binded in Content Control.
2023-04-11 19:53:59.675 +05:30 [DBG] Saving the document under directory C:\Users\dpriscilla\Documents\unzip\PRB.Service\PRB.Service\PRB.Services\wwwroot\Report\WIPRO.docx...
2023-04-11 19:53:59.779 +05:30 [VRB] Exporting the document as PDF format...
2023-04-11 19:54:00.807 +05:30 [INF] Detailed Report generated.
2023-04-11 19:54:00.808 +05:30 [INF] Closing Word document.

2023-04-11 19:54:00.825 +05:30 [INF] Author : Vishnuraj generating Summary Report...
2023-04-11 19:54:00.917 +05:30 [VRB] Template opened.
2023-04-11 20:02:55.955 +05:30 [INF] Application Running...
2023-04-11 20:03:26.995 +05:30 [INF] ---Automation Started---
Initiating Word Application
2023-04-11 20:03:27.337 +05:30 [INF] Initiating Rule Engine Executor...
2023-04-11 20:03:27.425 +05:30 [VRB] Initiating Rule Engine...
2023-04-11 20:03:27.580 +05:30 [INF] RuleExecutor returned the values.

2023-04-11 20:03:27.617 +05:30 [INF] Author : Vishnuraj generating Detailed Report...
2023-04-11 20:03:27.837 +05:30 [VRB] Template opened.
2023-04-11 20:03:28.214 +05:30 [VRB] Fetching all TICKERS from Database for Mar 2023.
2023-04-11 20:03:28.499 +05:30 [INF] Fetched all TICKERS from Database for Mar 2023.

2023-04-11 20:03:29.968 +05:30 [INF] Binding the data in Word template...
2023-04-11 20:03:30.026 +05:30 [INF] Data binded in Content Control.
2023-04-11 20:03:30.864 +05:30 [DBG] Saving the document under directory C:\Users\dpriscilla\Documents\unzip\PRB.Service\PRB.Service\PRB.Services\wwwroot\Report\ABBOTINDIA.docx...
2023-04-11 20:03:31.012 +05:30 [VRB] Exporting the document as PDF format...
2023-04-11 20:03:33.281 +05:30 [INF] Binding the data in Word template...
2023-04-11 20:03:33.326 +05:30 [INF] Data binded in Content Control.
2023-04-11 20:03:34.364 +05:30 [DBG] Saving the document under directory C:\Users\dpriscilla\Documents\unzip\PRB.Service\PRB.Service\PRB.Services\wwwroot\Report\ACN.docx...
2023-04-11 20:03:34.476 +05:30 [VRB] Exporting the document as PDF format...
2023-04-11 20:03:36.668 +05:30 [INF] Binding the data in Word template...
2023-04-11 20:03:36.711 +05:30 [INF] Data binded in Content Control.
2023-04-11 20:03:37.714 +05:30 [DBG] Saving the document under directory C:\Users\dpriscilla\Documents\unzip\PRB.Service\PRB.Service\PRB.Services\wwwroot\Report\ADANITRANS.docx...
2023-04-11 20:03:37.814 +05:30 [VRB] Exporting the document as PDF format...
2023-04-11 20:03:40.026 +05:30 [INF] Binding the data in Word template...
2023-04-11 20:03:40.072 +05:30 [INF] Data binded in Content Control.
2023-04-11 20:03:41.109 +05:30 [DBG] Saving the document under directory C:\Users\dpriscilla\Documents\unzip\PRB.Service\PRB.Service\PRB.Services\wwwroot\Report\HDFCBANK.docx...
2023-04-11 20:03:41.194 +05:30 [VRB] Exporting the document as PDF format...
2023-04-11 20:03:43.387 +05:30 [INF] Binding the data in Word template...
2023-04-11 20:03:43.436 +05:30 [INF] Data binded in Content Control.
2023-04-11 20:03:44.498 +05:30 [DBG] Saving the document under directory C:\Users\dpriscilla\Documents\unzip\PRB.Service\PRB.Service\PRB.Services\wwwroot\Report\TATAMOTORS.docx...
2023-04-11 20:03:44.589 +05:30 [VRB] Exporting the document as PDF format...
2023-04-11 20:03:46.932 +05:30 [INF] Binding the data in Word template...
2023-04-11 20:03:46.985 +05:30 [INF] Data binded in Content Control.
2023-04-11 20:03:48.052 +05:30 [DBG] Saving the document under directory C:\Users\dpriscilla\Documents\unzip\PRB.Service\PRB.Service\PRB.Services\wwwroot\Report\WIPRO.docx...
2023-04-11 20:03:48.142 +05:30 [VRB] Exporting the document as PDF format...
2023-04-11 20:03:49.109 +05:30 [INF] Detailed Report generated.
2023-04-11 20:03:49.109 +05:30 [INF] Closing Word document.

2023-04-11 20:03:49.127 +05:30 [INF] Author : Vishnuraj generating Summary Report...
2023-04-11 20:03:49.220 +05:30 [VRB] Template opened.
2023-04-11 20:05:03.859 +05:30 [INF] Application Running...
2023-04-11 20:05:47.606 +05:30 [VRB] Fetching Username and Role Code... 
2023-04-11 20:05:50.515 +05:30 [INF] raj@gmail.com logging in.

2023-04-11 20:05:50.529 +05:30 [VRB] Fetching Username and Role Code... 
2023-04-11 20:05:50.540 +05:30 [INF] Initiating Rule Engine Executor...
2023-04-11 20:05:50.540 +05:30 [VRB] Fetching all Reports from Database.
2023-04-11 20:05:50.631 +05:30 [VRB] Initiating Rule Engine...
2023-04-11 20:05:50.771 +05:30 [INF] raj@gmail.com logging in.

2023-04-11 20:05:50.794 +05:30 [INF] RuleExecutor returned the values.

2023-04-11 20:05:51.840 +05:30 [INF] Reports Fetched.

2023-04-11 20:05:53.343 +05:30 [VRB] Fetching report status.
2023-04-11 20:05:53.343 +05:30 [VRB] Fetching report status.
2023-04-11 20:05:53.343 +05:30 [VRB] Fetching all TICKERS from Database for Mar 2023.
2023-04-11 20:05:53.587 +05:30 [WRN]  value is null here.
2023-04-11 20:05:53.587 +05:30 [WRN]  value is null here.
2023-04-11 20:05:53.830 +05:30 [INF] ---Automation Started---
Initiating Word Application
2023-04-11 20:05:54.190 +05:30 [INF] Initiating Rule Engine Executor...
2023-04-11 20:05:54.191 +05:30 [VRB] Initiating Rule Engine...
2023-04-11 20:05:54.200 +05:30 [INF] RuleExecutor returned the values.

2023-04-11 20:05:54.201 +05:30 [INF] Author : Vishnuraj generating Detailed Report...
2023-04-11 20:05:54.438 +05:30 [VRB] Template opened.
2023-04-11 20:05:54.496 +05:30 [INF] Fetched all TICKERS from Database for Mar 2023.

2023-04-11 20:05:54.803 +05:30 [VRB] Fetching all TICKERS from Database for Mar 2023.
2023-04-11 20:05:55.034 +05:30 [INF] Fetched all TICKERS from Database for Mar 2023.

2023-04-11 20:05:56.609 +05:30 [INF] Binding the data in Word template...
2023-04-11 20:05:56.673 +05:30 [INF] Data binded in Content Control.
2023-04-11 20:05:57.494 +05:30 [DBG] Saving the document under directory C:\Users\dpriscilla\Documents\unzip\PRB.Service\PRB.Service\PRB.Services\wwwroot\Report\ABBOTINDIA.docx...
2023-04-11 20:05:57.622 +05:30 [VRB] Exporting the document as PDF format...
2023-04-11 20:05:59.965 +05:30 [INF] Binding the data in Word template...
2023-04-11 20:06:00.012 +05:30 [INF] Data binded in Content Control.
2023-04-11 20:06:01.046 +05:30 [DBG] Saving the document under directory C:\Users\dpriscilla\Documents\unzip\PRB.Service\PRB.Service\PRB.Services\wwwroot\Report\ACN.docx...
2023-04-11 20:06:01.148 +05:30 [VRB] Exporting the document as PDF format...
2023-04-11 20:06:03.503 +05:30 [INF] Binding the data in Word template...
2023-04-11 20:06:03.552 +05:30 [INF] Data binded in Content Control.
2023-04-11 20:06:04.580 +05:30 [DBG] Saving the document under directory C:\Users\dpriscilla\Documents\unzip\PRB.Service\PRB.Service\PRB.Services\wwwroot\Report\ADANITRANS.docx...
2023-04-11 20:06:04.669 +05:30 [VRB] Exporting the document as PDF format...
2023-04-11 20:06:06.914 +05:30 [INF] Binding the data in Word template...
2023-04-11 20:06:06.969 +05:30 [INF] Data binded in Content Control.
2023-04-11 20:06:08.004 +05:30 [DBG] Saving the document under directory C:\Users\dpriscilla\Documents\unzip\PRB.Service\PRB.Service\PRB.Services\wwwroot\Report\HDFCBANK.docx...
2023-04-11 20:06:08.103 +05:30 [VRB] Exporting the document as PDF format...
2023-04-11 20:06:10.352 +05:30 [INF] Binding the data in Word template...
2023-04-11 20:06:10.403 +05:30 [INF] Data binded in Content Control.
2023-04-11 20:06:11.445 +05:30 [DBG] Saving the document under directory C:\Users\dpriscilla\Documents\unzip\PRB.Service\PRB.Service\PRB.Services\wwwroot\Report\TATAMOTORS.docx...
2023-04-11 20:06:11.543 +05:30 [VRB] Exporting the document as PDF format...
2023-04-11 20:06:13.746 +05:30 [INF] Binding the data in Word template...
2023-04-11 20:06:13.798 +05:30 [INF] Data binded in Content Control.
2023-04-11 20:06:14.829 +05:30 [DBG] Saving the document under directory C:\Users\dpriscilla\Documents\unzip\PRB.Service\PRB.Service\PRB.Services\wwwroot\Report\WIPRO.docx...
2023-04-11 20:06:14.917 +05:30 [VRB] Exporting the document as PDF format...
2023-04-11 20:06:15.962 +05:30 [INF] Detailed Report generated.
2023-04-11 20:06:15.962 +05:30 [INF] Closing Word document.

2023-04-11 20:06:15.979 +05:30 [INF] Author : Vishnuraj generating Summary Report...
2023-04-11 20:06:16.127 +05:30 [VRB] Template opened.
2023-04-11 20:06:38.856 +05:30 [VRB] Fetching data for binding contents...
2023-04-11 20:06:40.769 +05:30 [INF] Binding data in Word template...
2023-04-11 20:06:40.776 +05:30 [INF] Data binded in Content Control.
2023-04-11 20:06:45.398 +05:30 [DBG] Saving the document under directory C:\Users\dpriscilla\Documents\unzip\PRB.Service\PRB.Service\PRB.Services\wwwroot\Report\Summary.docx...
2023-04-11 20:06:46.619 +05:30 [VRB] Exporting the document as PDF format...
2023-04-11 20:06:54.058 +05:30 [INF] Summary Report generated.
2023-04-11 20:06:55.469 +05:30 [INF] Closing Word document.

2023-04-11 20:07:00.215 +05:30 [INF] Author : Vishnuraj generating Disclaimer Report...
2023-04-11 20:07:00.308 +05:30 [VRB] Template opened.
2023-04-11 20:07:00.668 +05:30 [VRB] Fetching commentary from database...
2023-04-11 20:07:00.905 +05:30 [INF] Binding data in Word template...
2023-04-11 20:07:47.687 +05:30 [INF] Application Running...
2023-04-11 20:08:29.651 +05:30 [INF] ---Automation Started---
Initiating Word Application
2023-04-11 20:08:29.986 +05:30 [INF] Initiating Rule Engine Executor...
2023-04-11 20:08:30.073 +05:30 [VRB] Initiating Rule Engine...
2023-04-11 20:08:30.224 +05:30 [INF] RuleExecutor returned the values.

2023-04-11 20:08:30.262 +05:30 [INF] Author : Vishnuraj generating Detailed Report...
2023-04-11 20:08:30.486 +05:30 [VRB] Template opened.
2023-04-11 20:08:30.850 +05:30 [VRB] Fetching all TICKERS from Database for Mar 2023.
2023-04-11 20:08:31.142 +05:30 [INF] Fetched all TICKERS from Database for Mar 2023.

2023-04-11 20:08:32.692 +05:30 [INF] Binding the data in Word template...
2023-04-11 20:08:32.752 +05:30 [INF] Data binded in Content Control.
2023-04-11 20:08:33.628 +05:30 [DBG] Saving the document under directory C:\Users\dpriscilla\Documents\unzip\PRB.Service\PRB.Service\PRB.Services\wwwroot\Report\ABBOTINDIA.docx...
2023-04-11 20:08:33.743 +05:30 [VRB] Exporting the document as PDF format...
2023-04-11 20:08:36.091 +05:30 [INF] Binding the data in Word template...
2023-04-11 20:08:36.144 +05:30 [INF] Data binded in Content Control.
2023-04-11 20:08:37.159 +05:30 [DBG] Saving the document under directory C:\Users\dpriscilla\Documents\unzip\PRB.Service\PRB.Service\PRB.Services\wwwroot\Report\ACN.docx...
2023-04-11 20:08:37.261 +05:30 [VRB] Exporting the document as PDF format...
2023-04-11 20:08:39.577 +05:30 [INF] Binding the data in Word template...
2023-04-11 20:08:39.622 +05:30 [INF] Data binded in Content Control.
2023-04-11 20:08:40.670 +05:30 [DBG] Saving the document under directory C:\Users\dpriscilla\Documents\unzip\PRB.Service\PRB.Service\PRB.Services\wwwroot\Report\ADANITRANS.docx...
2023-04-11 20:08:40.759 +05:30 [VRB] Exporting the document as PDF format...
2023-04-11 20:08:43.037 +05:30 [INF] Binding the data in Word template...
2023-04-11 20:08:43.083 +05:30 [INF] Data binded in Content Control.
2023-04-11 20:08:44.151 +05:30 [DBG] Saving the document under directory C:\Users\dpriscilla\Documents\unzip\PRB.Service\PRB.Service\PRB.Services\wwwroot\Report\HDFCBANK.docx...
2023-04-11 20:08:44.246 +05:30 [VRB] Exporting the document as PDF format...
2023-04-11 20:08:47.483 +05:30 [INF] Binding the data in Word template...
2023-04-11 20:08:47.533 +05:30 [INF] Data binded in Content Control.
2023-04-11 20:08:48.559 +05:30 [DBG] Saving the document under directory C:\Users\dpriscilla\Documents\unzip\PRB.Service\PRB.Service\PRB.Services\wwwroot\Report\TATAMOTORS.docx...
2023-04-11 20:08:48.646 +05:30 [VRB] Exporting the document as PDF format...
2023-04-11 20:08:50.986 +05:30 [INF] Binding the data in Word template...
2023-04-11 20:08:51.045 +05:30 [INF] Data binded in Content Control.
2023-04-11 20:08:52.176 +05:30 [DBG] Saving the document under directory C:\Users\dpriscilla\Documents\unzip\PRB.Service\PRB.Service\PRB.Services\wwwroot\Report\WIPRO.docx...
2023-04-11 20:08:52.282 +05:30 [VRB] Exporting the document as PDF format...
2023-04-11 20:08:53.474 +05:30 [INF] Detailed Report generated.
2023-04-11 20:08:53.474 +05:30 [INF] Closing Word document.

2023-04-11 20:08:53.493 +05:30 [INF] Author : Vishnuraj generating Summary Report...
2023-04-11 20:08:53.662 +05:30 [VRB] Template opened.
2023-04-11 20:09:01.775 +05:30 [VRB] Fetching data for binding contents...
2023-04-11 20:09:03.638 +05:30 [INF] Binding data in Word template...
2023-04-11 20:09:03.645 +05:30 [INF] Data binded in Content Control.
2023-04-11 20:09:06.974 +05:30 [DBG] Saving the document under directory C:\Users\dpriscilla\Documents\unzip\PRB.Service\PRB.Service\PRB.Services\wwwroot\Report\Summary.docx...
2023-04-11 20:09:07.096 +05:30 [VRB] Exporting the document as PDF format...
2023-04-11 20:09:07.712 +05:30 [INF] Summary Report generated.
2023-04-11 20:09:07.713 +05:30 [INF] Closing Word document.

2023-04-11 20:09:07.727 +05:30 [INF] Author : Vishnuraj generating Disclaimer Report...
2023-04-11 20:09:07.822 +05:30 [VRB] Template opened.
2023-04-11 20:09:08.210 +05:30 [VRB] Fetching commentary from database...
2023-04-11 20:09:08.436 +05:30 [INF] Binding data in Word template...
2023-04-11 20:09:08.440 +05:30 [INF] Data binded in Content Control
2023-04-11 20:09:08.440 +05:30 [DBG] Saving the document under directory C:\Users\dpriscilla\Documents\unzip\PRB.Service\PRB.Service\PRB.Services\wwwroot\Report\Disclaimer.docx...
2023-04-11 20:09:08.543 +05:30 [VRB] Exporting the document as PDF format...
2023-04-11 20:09:08.664 +05:30 [INF] Disclaimer Report generated.
2023-04-11 20:09:08.664 +05:30 [INF] Closing Word document.

2023-04-11 20:09:09.613 +05:30 [ERR] Something went wrong while encryption. !
2023-04-11 20:10:25.271 +05:30 [INF] ---Automation Started---
Initiating Word Application
2023-04-11 20:10:25.622 +05:30 [INF] Initiating Rule Engine Executor...
2023-04-11 20:10:25.622 +05:30 [VRB] Initiating Rule Engine...
2023-04-11 20:10:25.622 +05:30 [INF] RuleExecutor returned the values.

2023-04-11 20:10:25.622 +05:30 [INF] Author : Vishnuraj generating Detailed Report...
2023-04-11 20:10:25.861 +05:30 [VRB] Template opened.
2023-04-11 20:10:26.219 +05:30 [VRB] Fetching all TICKERS from Database for Mar 2023.
2023-04-11 20:10:26.449 +05:30 [INF] Fetched all TICKERS from Database for Mar 2023.

2023-04-11 20:10:27.956 +05:30 [INF] Binding the data in Word template...
2023-04-11 20:10:28.022 +05:30 [INF] Data binded in Content Control.
2023-04-11 20:10:28.825 +05:30 [DBG] Saving the document under directory C:\Users\dpriscilla\Documents\unzip\PRB.Service\PRB.Service\PRB.Services\wwwroot\Report\ABBOTINDIA.docx...
2023-04-11 20:10:28.964 +05:30 [VRB] Exporting the document as PDF format...
2023-04-11 20:10:31.134 +05:30 [INF] Binding the data in Word template...
2023-04-11 20:10:31.180 +05:30 [INF] Data binded in Content Control.
2023-04-11 20:10:32.196 +05:30 [DBG] Saving the document under directory C:\Users\dpriscilla\Documents\unzip\PRB.Service\PRB.Service\PRB.Services\wwwroot\Report\ACN.docx...
2023-04-11 20:10:32.285 +05:30 [VRB] Exporting the document as PDF format...
2023-04-11 20:10:34.514 +05:30 [INF] Binding the data in Word template...
2023-04-11 20:10:34.560 +05:30 [INF] Data binded in Content Control.
2023-04-11 20:10:35.581 +05:30 [DBG] Saving the document under directory C:\Users\dpriscilla\Documents\unzip\PRB.Service\PRB.Service\PRB.Services\wwwroot\Report\ADANITRANS.docx...
2023-04-11 20:10:35.680 +05:30 [VRB] Exporting the document as PDF format...
2023-04-11 20:10:37.920 +05:30 [INF] Binding the data in Word template...
2023-04-11 20:10:37.970 +05:30 [INF] Data binded in Content Control.
2023-04-11 20:10:39.000 +05:30 [DBG] Saving the document under directory C:\Users\dpriscilla\Documents\unzip\PRB.Service\PRB.Service\PRB.Services\wwwroot\Report\HDFCBANK.docx...
2023-04-11 20:10:39.103 +05:30 [VRB] Exporting the document as PDF format...
2023-04-11 20:10:41.333 +05:30 [INF] Binding the data in Word template...
2023-04-11 20:10:41.385 +05:30 [INF] Data binded in Content Control.
2023-04-11 20:10:42.439 +05:30 [DBG] Saving the document under directory C:\Users\dpriscilla\Documents\unzip\PRB.Service\PRB.Service\PRB.Services\wwwroot\Report\TATAMOTORS.docx...
2023-04-11 20:10:42.530 +05:30 [VRB] Exporting the document as PDF format...
2023-04-11 20:10:44.739 +05:30 [INF] Binding the data in Word template...
2023-04-11 20:10:44.790 +05:30 [INF] Data binded in Content Control.
2023-04-11 20:10:45.891 +05:30 [DBG] Saving the document under directory C:\Users\dpriscilla\Documents\unzip\PRB.Service\PRB.Service\PRB.Services\wwwroot\Report\WIPRO.docx...
2023-04-11 20:10:46.050 +05:30 [VRB] Exporting the document as PDF format...
2023-04-11 20:10:47.093 +05:30 [INF] Detailed Report generated.
2023-04-11 20:10:47.093 +05:30 [INF] Closing Word document.

2023-04-11 20:10:47.111 +05:30 [INF] Author : Vishnuraj generating Summary Report...
2023-04-11 20:10:47.227 +05:30 [VRB] Template opened.
2023-04-11 20:11:17.323 +05:30 [VRB] Fetching data for binding contents...
2023-04-11 20:11:19.037 +05:30 [INF] Binding data in Word template...
2023-04-11 20:11:19.045 +05:30 [INF] Data binded in Content Control.
2023-04-11 20:11:24.328 +05:30 [DBG] Saving the document under directory C:\Users\dpriscilla\Documents\unzip\PRB.Service\PRB.Service\PRB.Services\wwwroot\Report\Summary.docx...
2023-04-11 20:11:24.433 +05:30 [VRB] Exporting the document as PDF format...
2023-04-11 20:11:24.787 +05:30 [INF] Summary Report generated.
2023-04-11 20:11:24.787 +05:30 [INF] Closing Word document.

2023-04-11 20:11:24.808 +05:30 [INF] Author : Vishnuraj generating Disclaimer Report...
2023-04-11 20:11:24.903 +05:30 [VRB] Template opened.
2023-04-11 20:11:25.268 +05:30 [VRB] Fetching commentary from database...
2023-04-11 20:11:25.498 +05:30 [INF] Binding data in Word template...
2023-04-11 20:11:25.502 +05:30 [INF] Data binded in Content Control
2023-04-11 20:11:25.502 +05:30 [DBG] Saving the document under directory C:\Users\dpriscilla\Documents\unzip\PRB.Service\PRB.Service\PRB.Services\wwwroot\Report\Disclaimer.docx...
2023-04-11 20:11:25.578 +05:30 [VRB] Exporting the document as PDF format...
2023-04-11 20:11:25.686 +05:30 [INF] Disclaimer Report generated.
2023-04-11 20:11:25.686 +05:30 [INF] Closing Word document.

2023-04-11 20:11:26.395 +05:30 [INF] Author : Vishnuraj Merging all docx...
2023-04-11 20:11:32.981 +05:30 [VRB] Fetching all DOCX file paths...
2023-04-11 20:11:47.509 +05:30 [INF] Merging all DOCX file ...
2023-04-11 20:11:49.281 +05:30 [DBG] Summary.docx is merged into Document.
2023-04-11 20:11:51.099 +05:30 [DBG] ABBOTINDIA.docx is merged into Document.
2023-04-11 20:12:03.084 +05:30 [DBG] ACN.docx is merged into Document.
2023-04-11 20:12:03.208 +05:30 [DBG] ADANITRANS.docx is merged into Document.
2023-04-11 20:12:03.333 +05:30 [DBG] HDFCBANK.docx is merged into Document.
2023-04-11 20:12:03.374 +05:30 [DBG] TATAMOTORS.docx is merged into Document.
2023-04-11 20:12:03.533 +05:30 [DBG] WIPRO.docx is merged into Document.
2023-04-11 20:12:09.751 +05:30 [INF] Merged document is Protected with password
2023-04-11 20:12:11.169 +05:30 [DBG] Saving the document under directory C:\Users\dpriscilla\Documents\unzip\PRB.Service\PRB.Service\PRB.Services\wwwroot\Report\.docx...
2023-04-11 20:12:15.709 +05:30 [DBG] Exporting the document as PDF format...
2023-04-11 20:12:22.606 +05:30 [INF] Closing the Word Appliction
2023-04-11 20:12:22.607 +05:30 [INF] ---Automation Terminated---

2023-04-11 20:12:53.737 +05:30 [VRB] Fetching Username and Role Code... 
2023-04-11 20:12:54.009 +05:30 [INF] raj@gmail.com logging in.

2023-04-11 20:12:54.049 +05:30 [VRB] Fetching all Reports from Database.
2023-04-11 20:12:54.055 +05:30 [INF] Initiating Rule Engine Executor...
2023-04-11 20:12:54.055 +05:30 [VRB] Initiating Rule Engine...
2023-04-11 20:12:54.071 +05:30 [INF] RuleExecutor returned the values.

2023-04-11 20:12:54.289 +05:30 [INF] Reports Fetched.

2023-04-11 20:12:56.322 +05:30 [VRB] Fetching report status.
2023-04-11 20:12:56.322 +05:30 [VRB] Fetching all TICKERS from Database for Mar 2023.
2023-04-11 20:12:56.322 +05:30 [VRB] Fetching report status.
2023-04-11 20:12:56.554 +05:30 [INF] Fetched all TICKERS from Database for Mar 2023.

2023-04-11 20:12:56.780 +05:30 [WRN]  value is null here.
2023-04-11 20:12:57.496 +05:30 [WRN]  value is null here.
2023-04-11 20:12:57.732 +05:30 [INF] ---Automation Started---
Initiating Word Application
2023-04-11 20:12:58.066 +05:30 [INF] Initiating Rule Engine Executor...
2023-04-11 20:12:58.066 +05:30 [VRB] Initiating Rule Engine...
2023-04-11 20:12:58.066 +05:30 [INF] RuleExecutor returned the values.

2023-04-11 20:12:58.066 +05:30 [INF] Author : Vishnuraj generating Detailed Report...
2023-04-11 20:12:58.279 +05:30 [VRB] Template opened.
2023-04-11 20:12:58.635 +05:30 [VRB] Fetching all TICKERS from Database for Mar 2023.
2023-04-11 20:12:58.866 +05:30 [INF] Fetched all TICKERS from Database for Mar 2023.

2023-04-11 20:13:00.465 +05:30 [INF] Binding the data in Word template...
2023-04-11 20:13:00.527 +05:30 [INF] Data binded in Content Control.
2023-04-11 20:13:01.354 +05:30 [DBG] Saving the document under directory C:\Users\dpriscilla\Documents\unzip\PRB.Service\PRB.Service\PRB.Services\wwwroot\Report\ABBOTINDIA.docx...
2023-04-11 20:13:01.508 +05:30 [VRB] Exporting the document as PDF format...
2023-04-11 20:13:03.744 +05:30 [INF] Binding the data in Word template...
2023-04-11 20:13:03.799 +05:30 [INF] Data binded in Content Control.
2023-04-11 20:13:04.876 +05:30 [DBG] Saving the document under directory C:\Users\dpriscilla\Documents\unzip\PRB.Service\PRB.Service\PRB.Services\wwwroot\Report\ACN.docx...
2023-04-11 20:13:04.971 +05:30 [VRB] Exporting the document as PDF format...
2023-04-11 20:13:07.269 +05:30 [INF] Binding the data in Word template...
2023-04-11 20:13:07.319 +05:30 [INF] Data binded in Content Control.
2023-04-11 20:13:08.406 +05:30 [DBG] Saving the document under directory C:\Users\dpriscilla\Documents\unzip\PRB.Service\PRB.Service\PRB.Services\wwwroot\Report\ADANITRANS.docx...
2023-04-11 20:13:08.508 +05:30 [VRB] Exporting the document as PDF format...
2023-04-11 20:13:10.762 +05:30 [INF] Binding the data in Word template...
2023-04-11 20:13:10.815 +05:30 [INF] Data binded in Content Control.
2023-04-11 20:13:11.866 +05:30 [DBG] Saving the document under directory C:\Users\dpriscilla\Documents\unzip\PRB.Service\PRB.Service\PRB.Services\wwwroot\Report\HDFCBANK.docx...
2023-04-11 20:13:11.972 +05:30 [VRB] Exporting the document as PDF format...
2023-04-11 20:13:14.149 +05:30 [INF] Binding the data in Word template...
2023-04-11 20:13:14.204 +05:30 [INF] Data binded in Content Control.
2023-04-11 20:13:15.270 +05:30 [DBG] Saving the document under directory C:\Users\dpriscilla\Documents\unzip\PRB.Service\PRB.Service\PRB.Services\wwwroot\Report\TATAMOTORS.docx...
2023-04-11 20:13:15.365 +05:30 [VRB] Exporting the document as PDF format...
2023-04-11 20:13:17.578 +05:30 [INF] Binding the data in Word template...
2023-04-11 20:13:17.638 +05:30 [INF] Data binded in Content Control.
2023-04-11 20:13:18.716 +05:30 [DBG] Saving the document under directory C:\Users\dpriscilla\Documents\unzip\PRB.Service\PRB.Service\PRB.Services\wwwroot\Report\WIPRO.docx...
2023-04-11 20:13:18.819 +05:30 [VRB] Exporting the document as PDF format...
2023-04-11 20:13:19.806 +05:30 [INF] Detailed Report generated.
2023-04-11 20:13:19.806 +05:30 [INF] Closing Word document.

2023-04-11 20:13:19.825 +05:30 [INF] Author : Vishnuraj generating Summary Report...
2023-04-11 20:13:19.956 +05:30 [VRB] Template opened.
2023-04-11 20:13:26.900 +05:30 [VRB] Fetching data for binding contents...
2023-04-11 20:13:28.672 +05:30 [INF] Binding data in Word template...
2023-04-11 20:13:28.679 +05:30 [INF] Data binded in Content Control.
2023-04-11 20:13:36.378 +05:30 [DBG] Saving the document under directory C:\Users\dpriscilla\Documents\unzip\PRB.Service\PRB.Service\PRB.Services\wwwroot\Report\Summary.docx...
2023-04-11 20:13:36.480 +05:30 [VRB] Exporting the document as PDF format...
2023-04-11 20:13:36.829 +05:30 [INF] Summary Report generated.
2023-04-11 20:13:36.829 +05:30 [INF] Closing Word document.

2023-04-11 20:13:36.851 +05:30 [INF] Author : Vishnuraj generating Disclaimer Report...
2023-04-11 20:13:36.929 +05:30 [VRB] Template opened.
2023-04-11 20:13:37.323 +05:30 [VRB] Fetching commentary from database...
2023-04-11 20:13:37.552 +05:30 [INF] Binding data in Word template...
2023-04-11 20:13:37.556 +05:30 [INF] Data binded in Content Control
2023-04-11 20:13:37.556 +05:30 [DBG] Saving the document under directory C:\Users\dpriscilla\Documents\unzip\PRB.Service\PRB.Service\PRB.Services\wwwroot\Report\Disclaimer.docx...
2023-04-11 20:13:37.647 +05:30 [VRB] Exporting the document as PDF format...
2023-04-11 20:13:37.758 +05:30 [INF] Disclaimer Report generated.
2023-04-11 20:13:37.758 +05:30 [INF] Closing Word document.

2023-04-11 20:13:38.452 +05:30 [INF] Author : Vishnuraj Merging all docx...
2023-04-11 20:13:42.638 +05:30 [VRB] Fetching all DOCX file paths...
2023-04-11 20:13:42.742 +05:30 [INF] Merging all DOCX file ...
2023-04-11 20:13:42.785 +05:30 [DBG] Summary.docx is merged into Document.
2023-04-11 20:13:42.845 +05:30 [DBG] ABBOTINDIA.docx is merged into Document.
2023-04-11 20:13:42.933 +05:30 [DBG] ACN.docx is merged into Document.
2023-04-11 20:13:42.973 +05:30 [DBG] ADANITRANS.docx is merged into Document.
2023-04-11 20:13:43.007 +05:30 [DBG] HDFCBANK.docx is merged into Document.
2023-04-11 20:13:43.050 +05:30 [DBG] TATAMOTORS.docx is merged into Document.
2023-04-11 20:13:43.177 +05:30 [DBG] WIPRO.docx is merged into Document.
2023-04-11 20:13:43.284 +05:30 [INF] Merged document is Protected with password
2023-04-11 20:13:43.285 +05:30 [DBG] Saving the document under directory C:\Users\dpriscilla\Documents\unzip\PRB.Service\PRB.Service\PRB.Services\wwwroot\Report\.docx...
2023-04-11 20:13:43.916 +05:30 [DBG] Exporting the document as PDF format...
2023-04-11 20:13:44.664 +05:30 [INF] Closing the Word Appliction
2023-04-11 20:13:44.665 +05:30 [INF] ---Automation Terminated---

2023-04-11 20:13:57.626 +05:30 [VRB] Fetching all PDF file name and Paths...
2023-04-11 20:14:41.695 +05:30 [VRB] Fetching all PDF file name and Paths...
2023-04-11 20:15:22.658 +05:30 [VRB] Fetching all PDF file name and Paths...
2023-04-11 20:15:22.911 +05:30 [INF] ---Automation Started---
Initiating Word Application
2023-04-11 20:15:23.256 +05:30 [INF] Initiating Rule Engine Executor...
2023-04-11 20:15:23.256 +05:30 [VRB] Initiating Rule Engine...
2023-04-11 20:15:23.257 +05:30 [INF] RuleExecutor returned the values.

2023-04-11 20:15:23.488 +05:30 [INF] Author : Vishnuraj generating Summary Report...
2023-04-11 20:15:23.722 +05:30 [VRB] Template opened.
2023-04-11 20:15:23.877 +05:30 [INF] Commentary updated into Database.

2023-04-11 20:15:24.290 +05:30 [VRB] Fetching data for binding contents...
2023-04-11 20:15:25.981 +05:30 [INF] Binding data in Word template...
2023-04-11 20:15:25.989 +05:30 [INF] Data binded in Content Control.
2023-04-11 20:15:27.437 +05:30 [DBG] Saving the document under directory C:\Users\dpriscilla\Documents\unzip\PRB.Service\PRB.Service\PRB.Services\wwwroot\Report\Summary.docx...
2023-04-11 20:15:27.578 +05:30 [VRB] Exporting the document as PDF format...
2023-04-11 20:15:28.578 +05:30 [INF] Summary Report generated.
2023-04-11 20:15:28.578 +05:30 [INF] Closing Word document.

2023-04-11 20:15:28.594 +05:30 [INF] Author : Vishnuraj Merging all docx...
2023-04-11 20:15:28.594 +05:30 [VRB] Fetching all DOCX file paths...
2023-04-11 20:15:28.735 +05:30 [INF] Merging all DOCX file ...
2023-04-11 20:15:28.839 +05:30 [DBG] Summary.docx is merged into Document.
2023-04-11 20:15:28.940 +05:30 [DBG] ABBOTINDIA.docx is merged into Document.
2023-04-11 20:15:29.003 +05:30 [DBG] ACN.docx is merged into Document.
2023-04-11 20:15:29.090 +05:30 [DBG] ADANITRANS.docx is merged into Document.
2023-04-11 20:15:29.199 +05:30 [DBG] HDFCBANK.docx is merged into Document.
2023-04-11 20:15:29.325 +05:30 [DBG] TATAMOTORS.docx is merged into Document.
2023-04-11 20:15:29.467 +05:30 [DBG] WIPRO.docx is merged into Document.
2023-04-11 20:15:29.604 +05:30 [INF] Merged document is Protected with password
2023-04-11 20:15:29.604 +05:30 [DBG] Saving the document under directory C:\Users\dpriscilla\Documents\unzip\PRB.Service\PRB.Service\PRB.Services\wwwroot\Report\.docx...
2023-04-11 20:15:30.236 +05:30 [DBG] Exporting the document as PDF format...
2023-04-11 20:15:31.043 +05:30 [INF] Closing the Word Appliction
2023-04-11 20:15:31.047 +05:30 [INF] ---Automation Terminated---

2023-04-11 20:15:50.277 +05:30 [VRB] Fetching all PDF file name and Paths...
2023-04-11 20:15:58.078 +05:30 [VRB] Fetching all PDF file name and Paths...
2023-04-11 20:16:18.201 +05:30 [VRB] Fetching all PDF file name and Paths...
2023-04-11 20:16:18.431 +05:30 [INF] ---Automation Started---
Initiating Word Application
2023-04-11 20:16:18.771 +05:30 [INF] Initiating Rule Engine Executor...
2023-04-11 20:16:18.771 +05:30 [VRB] Initiating Rule Engine...
2023-04-11 20:16:18.771 +05:30 [INF] RuleExecutor returned the values.

2023-04-11 20:16:19.001 +05:30 [INF] Author : Vishnuraj generating Disclaimer Report...
2023-04-11 20:16:19.128 +05:30 [INF] Commentary  stored in Database.
2023-04-11 20:16:19.167 +05:30 [VRB] Template opened.
2023-04-11 20:16:19.633 +05:30 [VRB] Fetching commentary from database...
2023-04-11 20:16:19.860 +05:30 [INF] Binding data in Word template...
2023-04-11 20:16:19.864 +05:30 [INF] Data binded in Content Control
2023-04-11 20:16:19.864 +05:30 [DBG] Saving the document under directory C:\Users\dpriscilla\Documents\unzip\PRB.Service\PRB.Service\PRB.Services\wwwroot\Report\Disclaimer.docx...
2023-04-11 20:16:19.961 +05:30 [VRB] Exporting the document as PDF format...
2023-04-11 20:16:20.118 +05:30 [INF] Disclaimer Report generated.
2023-04-11 20:16:20.119 +05:30 [INF] Closing Word document.

2023-04-11 20:16:20.134 +05:30 [INF] Author : Vishnuraj Merging all docx...
2023-04-11 20:16:20.134 +05:30 [VRB] Fetching all DOCX file paths...
2023-04-11 20:16:20.259 +05:30 [INF] Merging all DOCX file ...
2023-04-11 20:16:20.309 +05:30 [DBG] Summary.docx is merged into Document.
2023-04-11 20:16:20.379 +05:30 [DBG] ABBOTINDIA.docx is merged into Document.
2023-04-11 20:16:20.470 +05:30 [DBG] ACN.docx is merged into Document.
2023-04-11 20:16:20.553 +05:30 [DBG] ADANITRANS.docx is merged into Document.
2023-04-11 20:16:20.645 +05:30 [DBG] HDFCBANK.docx is merged into Document.
2023-04-11 20:16:20.750 +05:30 [DBG] TATAMOTORS.docx is merged into Document.
2023-04-11 20:16:20.873 +05:30 [DBG] WIPRO.docx is merged into Document.
2023-04-11 20:16:21.011 +05:30 [INF] Merged document is Protected with password
2023-04-11 20:16:21.011 +05:30 [DBG] Saving the document under directory C:\Users\dpriscilla\Documents\unzip\PRB.Service\PRB.Service\PRB.Services\wwwroot\Report\.docx...
2023-04-11 20:16:21.616 +05:30 [DBG] Exporting the document as PDF format...
2023-04-11 20:16:22.443 +05:30 [INF] Closing the Word Appliction
2023-04-11 20:16:22.447 +05:30 [INF] ---Automation Terminated---

2023-04-11 20:16:34.398 +05:30 [VRB] Fetching all PDF file name and Paths...
2023-04-11 20:16:36.029 +05:30 [VRB] Fetching all PDF file name and Paths...
2023-04-11 20:16:40.189 +05:30 [VRB] Fetching all PDF file name and Paths...
2023-04-11 20:16:57.446 +05:30 [INF] Initiating Rule Engine Executor...
2023-04-11 20:16:57.447 +05:30 [VRB] Initiating Rule Engine...
2023-04-11 20:16:57.447 +05:30 [INF] RuleExecutor returned the values.

2023-04-11 20:16:57.458 +05:30 [INF] Updating Report status...
2023-04-11 20:16:58.440 +05:30 [ERR] Something went wrong !
2023-04-11 20:19:37.164 +05:30 [VRB] Fetching all Reports from Database.
2023-04-11 20:19:37.166 +05:30 [VRB] Fetching all Reports from Database.
2023-04-11 20:19:37.174 +05:30 [INF] Initiating Rule Engine Executor...
2023-04-11 20:19:37.176 +05:30 [VRB] Initiating Rule Engine...
2023-04-11 20:19:37.176 +05:30 [INF] RuleExecutor returned the values.

2023-04-11 20:19:37.176 +05:30 [INF] Initiating Rule Engine Executor...
2023-04-11 20:19:37.177 +05:30 [VRB] Initiating Rule Engine...
2023-04-11 20:19:37.177 +05:30 [INF] RuleExecutor returned the values.

2023-04-11 20:19:37.178 +05:30 [VRB] Fetching all Reports from Database.
2023-04-11 20:19:37.183 +05:30 [INF] Initiating Rule Engine Executor...
2023-04-11 20:19:37.183 +05:30 [VRB] Initiating Rule Engine...
2023-04-11 20:19:37.183 +05:30 [INF] RuleExecutor returned the values.

2023-04-11 20:19:37.405 +05:30 [INF] Reports Fetched.

2023-04-11 20:19:37.406 +05:30 [INF] Reports Fetched.

2023-04-11 20:19:38.306 +05:30 [INF] Reports Fetched.

2023-04-11 20:19:47.292 +05:30 [VRB] Fetching report status.
2023-04-11 20:19:47.292 +05:30 [VRB] Fetching report status.
2023-04-11 20:19:47.292 +05:30 [VRB] Fetching all TICKERS from Database for Mar 2023.
2023-04-11 20:19:47.527 +05:30 [INF] Fetched all TICKERS from Database for Mar 2023.

2023-04-11 20:19:47.529 +05:30 [WRN]  value is null here.
2023-04-11 20:19:47.531 +05:30 [WRN]  value is null here.
2023-04-11 20:19:47.769 +05:30 [INF] ---Automation Started---
Initiating Word Application
2023-04-11 20:19:48.098 +05:30 [INF] Initiating Rule Engine Executor...
2023-04-11 20:19:48.099 +05:30 [VRB] Initiating Rule Engine...
2023-04-11 20:19:48.099 +05:30 [INF] RuleExecutor returned the values.

2023-04-11 20:20:51.427 +05:30 [VRB] Fetching all Reports from Database.
2023-04-11 20:20:51.427 +05:30 [INF] Initiating Rule Engine Executor...
2023-04-11 20:20:51.428 +05:30 [VRB] Initiating Rule Engine...
2023-04-11 20:20:51.428 +05:30 [INF] RuleExecutor returned the values.

2023-04-11 20:20:51.662 +05:30 [INF] Reports Fetched.

2023-04-11 20:20:52.535 +05:30 [VRB] Fetching report status.
2023-04-11 20:20:52.535 +05:30 [VRB] Fetching all TICKERS from Database for Mar 2023.
2023-04-11 20:20:52.537 +05:30 [VRB] Fetching report status.
2023-04-11 20:20:52.770 +05:30 [INF] Fetched all TICKERS from Database for Mar 2023.

2023-04-11 20:20:52.772 +05:30 [WRN]  value is null here.
2023-04-11 20:20:52.773 +05:30 [WRN]  value is null here.
2023-04-11 20:20:53.007 +05:30 [INF] ---Automation Started---
Initiating Word Application
2023-04-11 20:20:53.328 +05:30 [INF] Initiating Rule Engine Executor...
2023-04-11 20:20:53.329 +05:30 [VRB] Initiating Rule Engine...
2023-04-11 20:20:53.329 +05:30 [INF] RuleExecutor returned the values.

2023-04-11 20:21:33.845 +05:30 [VRB] Fetching Username and Role Code... 
2023-04-11 20:21:34.080 +05:30 [INF] raj@gmail.com logging in.

2023-04-11 20:21:34.088 +05:30 [VRB] Fetching Username and Role Code... 
2023-04-11 20:21:34.112 +05:30 [VRB] Fetching all Reports from Database.
2023-04-11 20:21:34.112 +05:30 [INF] Initiating Rule Engine Executor...
2023-04-11 20:21:34.113 +05:30 [VRB] Initiating Rule Engine...
2023-04-11 20:21:34.114 +05:30 [INF] RuleExecutor returned the values.

2023-04-11 20:21:34.325 +05:30 [INF] raj@gmail.com logging in.

2023-04-11 20:21:34.358 +05:30 [INF] Reports Fetched.

2023-04-11 20:21:40.248 +05:30 [VRB] Fetching report status.
2023-04-11 20:21:40.248 +05:30 [VRB] Fetching report status.
2023-04-11 20:21:40.253 +05:30 [VRB] Fetching all TICKERS from Database for Mar 2023.
2023-04-11 20:21:40.484 +05:30 [WRN]  value is null here.
2023-04-11 20:21:40.487 +05:30 [INF] Fetched all TICKERS from Database for Mar 2023.

2023-04-11 20:21:40.488 +05:30 [WRN]  value is null here.
2023-04-11 20:21:40.733 +05:30 [INF] ---Automation Started---
Initiating Word Application
2023-04-11 20:21:41.045 +05:30 [INF] Initiating Rule Engine Executor...
2023-04-11 20:21:41.045 +05:30 [VRB] Initiating Rule Engine...
2023-04-11 20:21:41.045 +05:30 [INF] RuleExecutor returned the values.

2023-04-11 20:21:41.045 +05:30 [INF] Author : Vishnuraj generating Detailed Report...
2023-04-11 20:21:41.263 +05:30 [VRB] Template opened.
2023-04-11 20:21:41.618 +05:30 [VRB] Fetching all TICKERS from Database for Mar 2023.
2023-04-11 20:21:41.850 +05:30 [INF] Fetched all TICKERS from Database for Mar 2023.

2023-04-11 20:21:42.045 +05:30 [VRB] Fetching all PDF file name and Paths...
2023-04-11 20:21:43.447 +05:30 [INF] Binding the data in Word template...
2023-04-11 20:21:43.510 +05:30 [INF] Data binded in Content Control.
2023-04-11 20:21:43.877 +05:30 [VRB] Fetching all PDF file name and Paths...
2023-04-11 20:21:44.291 +05:30 [DBG] Saving the document under directory C:\Users\dpriscilla\Documents\unzip\PRB.Service\PRB.Service\PRB.Services\wwwroot\Report\ABBOTINDIA.docx...
2023-04-11 20:21:44.420 +05:30 [VRB] Exporting the document as PDF format...
2023-04-11 20:21:45.328 +05:30 [VRB] Fetching all PDF file name and Paths...
2023-04-11 20:21:46.892 +05:30 [INF] Binding the data in Word template...
2023-04-11 20:21:46.937 +05:30 [INF] Data binded in Content Control.
2023-04-11 20:21:47.969 +05:30 [DBG] Saving the document under directory C:\Users\dpriscilla\Documents\unzip\PRB.Service\PRB.Service\PRB.Services\wwwroot\Report\ACN.docx...
2023-04-11 20:21:48.058 +05:30 [VRB] Exporting the document as PDF format...
2023-04-11 20:21:50.347 +05:30 [INF] Binding the data in Word template...
2023-04-11 20:21:50.392 +05:30 [INF] Data binded in Content Control.
2023-04-11 20:21:51.559 +05:30 [DBG] Saving the document under directory C:\Users\dpriscilla\Documents\unzip\PRB.Service\PRB.Service\PRB.Services\wwwroot\Report\ADANITRANS.docx...
2023-04-11 20:21:51.644 +05:30 [VRB] Exporting the document as PDF format...
2023-04-11 20:21:53.919 +05:30 [INF] Binding the data in Word template...
2023-04-11 20:21:53.968 +05:30 [INF] Data binded in Content Control.
2023-04-11 20:21:54.822 +05:30 [INF] Initiating Rule Engine Executor...
2023-04-11 20:21:54.822 +05:30 [VRB] Initiating Rule Engine...
2023-04-11 20:21:54.823 +05:30 [INF] RuleExecutor returned the values.

2023-04-11 20:21:54.847 +05:30 [INF] Updating Report status...
2023-04-11 20:21:55.098 +05:30 [DBG] Saving the document under directory C:\Users\dpriscilla\Documents\unzip\PRB.Service\PRB.Service\PRB.Services\wwwroot\Report\HDFCBANK.docx...
2023-04-11 20:21:55.182 +05:30 [VRB] Exporting the document as PDF format...
2023-04-11 20:21:56.237 +05:30 [INF] Report updated into Database.

2023-04-11 20:21:57.477 +05:30 [INF] Binding the data in Word template...
2023-04-11 20:21:57.526 +05:30 [INF] Data binded in Content Control.
2023-04-11 20:21:58.666 +05:30 [DBG] Saving the document under directory C:\Users\dpriscilla\Documents\unzip\PRB.Service\PRB.Service\PRB.Services\wwwroot\Report\TATAMOTORS.docx...
2023-04-11 20:21:58.752 +05:30 [VRB] Exporting the document as PDF format...
2023-04-11 20:22:01.156 +05:30 [INF] Binding the data in Word template...
2023-04-11 20:22:01.210 +05:30 [INF] Data binded in Content Control.
2023-04-11 20:22:02.297 +05:30 [DBG] Saving the document under directory C:\Users\dpriscilla\Documents\unzip\PRB.Service\PRB.Service\PRB.Services\wwwroot\Report\WIPRO.docx...
2023-04-11 20:22:02.392 +05:30 [VRB] Exporting the document as PDF format...
2023-04-11 20:22:03.409 +05:30 [INF] Detailed Report generated.
2023-04-11 20:22:03.409 +05:30 [INF] Closing Word document.

2023-04-11 20:22:03.424 +05:30 [INF] Author : Vishnuraj generating Summary Report...
2023-04-11 20:22:03.547 +05:30 [VRB] Template opened.
2023-04-11 20:22:03.995 +05:30 [VRB] Fetching data for binding contents...
2023-04-11 20:22:05.697 +05:30 [INF] Binding data in Word template...
2023-04-11 20:22:05.707 +05:30 [INF] Data binded in Content Control.
2023-04-11 20:22:07.120 +05:30 [DBG] Saving the document under directory C:\Users\dpriscilla\Documents\unzip\PRB.Service\PRB.Service\PRB.Services\wwwroot\Report\Summary.docx...
2023-04-11 20:22:07.228 +05:30 [VRB] Exporting the document as PDF format...
2023-04-11 20:22:08.243 +05:30 [INF] Summary Report generated.
2023-04-11 20:22:08.243 +05:30 [INF] Closing Word document.

2023-04-11 20:22:08.257 +05:30 [INF] Author : Vishnuraj generating Disclaimer Report...
2023-04-11 20:22:08.347 +05:30 [VRB] Template opened.
2023-04-11 20:22:08.727 +05:30 [VRB] Fetching commentary from database...
2023-04-11 20:22:08.956 +05:30 [INF] Binding data in Word template...
2023-04-11 20:22:08.961 +05:30 [INF] Data binded in Content Control
2023-04-11 20:22:08.961 +05:30 [DBG] Saving the document under directory C:\Users\dpriscilla\Documents\unzip\PRB.Service\PRB.Service\PRB.Services\wwwroot\Report\Disclaimer.docx...
2023-04-11 20:22:09.029 +05:30 [VRB] Exporting the document as PDF format...
2023-04-11 20:22:09.145 +05:30 [INF] Disclaimer Report generated.
2023-04-11 20:22:09.145 +05:30 [INF] Closing Word document.

2023-04-11 20:22:09.873 +05:30 [ERR] Something went wrong while encryption. !
