2023-04-01 16:36:43.300 +05:30 [INF] Application Running...
2023-04-01 16:36:57.388 +05:30 [INF] ---Automation Started---
Initiating Word Application
2023-04-01 16:37:09.825 +05:30 [INF] Author : Vishnuraj generating Detailed Report...
2023-04-01 16:37:12.373 +05:30 [VRB] Template opened.
2023-04-01 16:37:18.816 +05:30 [VRB] Fetching all TICKERS from Database.
2023-04-01 16:37:20.908 +05:30 [INF] Binding the data in Word template...
2023-04-01 16:37:21.138 +05:30 [INF] Data binded in Content Control.
2023-04-01 16:37:22.238 +05:30 [DBG] Saving the document under directory D:\PRB.Services\PRB.Services\wwwroot\Report\ABBOTINDIA.docx...
2023-04-01 16:37:22.523 +05:30 [VRB] Exporting the document as PDF format...
2023-04-01 16:37:26.186 +05:30 [INF] Binding the data in Word template...
2023-04-01 16:37:26.296 +05:30 [INF] Data binded in Content Control.
2023-04-01 16:37:27.351 +05:30 [DBG] Saving the document under directory D:\PRB.Services\PRB.Services\wwwroot\Report\ACN.docx...
2023-04-01 16:37:27.437 +05:30 [VRB] Exporting the document as PDF format...
2023-04-01 16:37:31.025 +05:30 [INF] Binding the data in Word template...
2023-04-01 16:37:31.114 +05:30 [INF] Data binded in Content Control.
2023-04-01 16:37:32.487 +05:30 [DBG] Saving the document under directory D:\PRB.Services\PRB.Services\wwwroot\Report\ADANITRANS.docx...
2023-04-01 16:37:32.570 +05:30 [VRB] Exporting the document as PDF format...
2023-04-01 16:37:36.664 +05:30 [INF] Binding the data in Word template...
2023-04-01 16:37:36.728 +05:30 [INF] Data binded in Content Control.
2023-04-01 16:37:37.808 +05:30 [DBG] Saving the document under directory D:\PRB.Services\PRB.Services\wwwroot\Report\HDFCBANK.docx...
2023-04-01 16:37:37.896 +05:30 [VRB] Exporting the document as PDF format...
2023-04-01 16:37:42.429 +05:30 [INF] Binding the data in Word template...
2023-04-01 16:37:42.498 +05:30 [INF] Data binded in Content Control.
2023-04-01 16:37:43.619 +05:30 [DBG] Saving the document under directory D:\PRB.Services\PRB.Services\wwwroot\Report\TATAMOTORS.docx...
2023-04-01 16:37:43.702 +05:30 [VRB] Exporting the document as PDF format...
2023-04-01 16:37:46.980 +05:30 [INF] Binding the data in Word template...
2023-04-01 16:37:47.038 +05:30 [INF] Data binded in Content Control.
2023-04-01 16:37:48.093 +05:30 [DBG] Saving the document under directory D:\PRB.Services\PRB.Services\wwwroot\Report\WIPRO.docx...
2023-04-01 16:37:48.194 +05:30 [VRB] Exporting the document as PDF format...
2023-04-01 16:37:49.178 +05:30 [INF] Detailed Report generated.
2023-04-01 16:37:49.178 +05:30 [INF] Closing Word document.
2023-04-01 16:37:49.214 +05:30 [INF] Author : Vishnuraj generating Summary Report...
2023-04-01 16:37:49.373 +05:30 [VRB] Template opened.
2023-04-01 16:37:49.454 +05:30 [VRB] Fetching data for binding contents...
2023-04-01 16:37:51.342 +05:30 [INF] Binding data in Word template...
2023-04-01 16:37:51.352 +05:30 [INF] Data binded in Content Control
2023-04-01 16:37:52.812 +05:30 [DBG] Saving the document under directory D:\PRB.Services\PRB.Services\wwwroot\Report\Summary.docx...
2023-04-01 16:37:52.910 +05:30 [VRB] Exporting the document as PDF format...
2023-04-01 16:37:53.909 +05:30 [INF] Summary Report generated.
2023-04-01 16:37:53.909 +05:30 [INF] Closing Word document.
2023-04-01 16:37:53.932 +05:30 [INF] Author : Vishnuraj generating Disclaimer Report...
2023-04-01 16:37:54.036 +05:30 [VRB] Template opened.
2023-04-01 16:37:54.053 +05:30 [VRB] Fetching commentary from database...
2023-04-01 16:37:54.285 +05:30 [INF] Binding data in Word template...
2023-04-01 16:37:54.289 +05:30 [INF] Data binded in Content Control
2023-04-01 16:37:54.289 +05:30 [DBG] Saving the document under directory D:\PRB.Services\PRB.Services\wwwroot\Report\Disclaimer.docx...
2023-04-01 16:37:54.348 +05:30 [VRB] Exporting the document as PDF format...
2023-04-01 16:37:54.438 +05:30 [INF] Disclaimer Report generated.
2023-04-01 16:37:54.438 +05:30 [INF] Closing Word document.
2023-04-01 16:37:54.478 +05:30 [INF] Author : Vishnuraj Merging all docx...
2023-04-01 16:37:54.479 +05:30 [VRB] Fetching all DOCX file paths...
2023-04-01 16:37:54.686 +05:30 [INF] Merging all DOCX file ...
2023-04-01 16:37:54.769 +05:30 [DBG] Summary.docx is merged into Document.
2023-04-01 16:37:54.821 +05:30 [DBG] ABBOTINDIA.docx is merged into Document.
2023-04-01 16:37:54.946 +05:30 [DBG] ACN.docx is merged into Document.
2023-04-01 16:37:55.096 +05:30 [DBG] ADANITRANS.docx is merged into Document.
2023-04-01 16:37:55.238 +05:30 [DBG] HDFCBANK.docx is merged into Document.
2023-04-01 16:37:55.367 +05:30 [DBG] TATAMOTORS.docx is merged into Document.
2023-04-01 16:37:55.474 +05:30 [DBG] WIPRO.docx is merged into Document.
2023-04-01 16:37:55.626 +05:30 [INF] Merged document is Protected with password
2023-04-01 16:37:55.627 +05:30 [DBG] Saving the document under directory D:\PRB.Services\PRB.Services\wwwroot\Report\Merged.docx...
2023-04-01 16:37:56.212 +05:30 [DBG] Exporting the document as PDF format...
2023-04-01 16:37:56.949 +05:30 [INF] Closing the Word Appliction
2023-04-01 16:37:56.951 +05:30 [INF] ---Automation Terminated---

